2025-03-27 20:08:03,178 - [CHECKPOINT-Main] 🚀 Start simulation | Seed=42
2025-03-27 20:08:03,178 - [CHECKPOINT-Traffic] 🚦 Start traffic simulation
2025-03-27 20:08:03,179 - [CHECKPOINT-Traffic] 📅 Period=morning | λ_base=100 | Hours=8
2025-03-27 20:08:03,180 - [CHECKPOINT-Traffic] 🧮 Period=morning completed | Final active users=64
2025-03-27 20:08:03,180 - [CHECKPOINT-Traffic] 📅 Period=noon | λ_base=150 | Hours=4
2025-03-27 20:08:03,180 - [CHECKPOINT-Traffic] 🧮 Period=noon completed | Final active users=64
2025-03-27 20:08:03,180 - [CHECKPOINT-Traffic] 📅 Period=evening | λ_base=120 | Hours=12
2025-03-27 20:08:03,180 - [CHECKPOINT-Traffic] 🧮 Period=evening completed | Final active users=64
2025-03-27 20:08:03,180 - [CHECKPOINT-Traffic] ✅ Simulation done | Simulated TotalTime=24.00 hrs
2025-03-27 20:08:03,180 - [CHECKPOINT-Main] 📊 Traffic simulation completed | total_time=24.00 hrs
2025-03-27 20:08:03,180 - [CHECKPOINT-Main] 🕒 Period=morning Start
2025-03-27 20:08:03,180 - [CHECKPOINT-Main] 👥 Users in morning: 64
2025-03-27 20:08:03,182 - [CHECKPOINT-1] Task=Static | Doppler=62.07 Hz | MeanSpeed=2.39 km/h
2025-03-27 20:08:03,799 - [CHECKPOINT-2] Task=Static | Raw |h| mean=0.01238 | shape=(16, 64, 64)
2025-03-27 20:08:03,801 - [CHECKPOINT-3] Task=Static | Normalized |h| mean=0.99992
2025-03-27 20:08:03,804 - [CHECKPOINT-1] Task=Pedestrian | Doppler=203.92 Hz | MeanSpeed=7.87 km/h
2025-03-27 20:08:03,808 - [CHECKPOINT-2] Task=Pedestrian | Raw |h| mean=0.88800 | shape=(16, 64, 64)
2025-03-27 20:08:03,809 - [CHECKPOINT-3] Task=Pedestrian | Normalized |h| mean=1.00000
2025-03-27 20:08:03,811 - [CHECKPOINT-1] Task=Vehicular | Doppler=2279.01 Hz | MeanSpeed=87.90 km/h
2025-03-27 20:08:04,375 - [CHECKPOINT-2] Task=Vehicular | Raw |h| mean=0.01144 | shape=(16, 64, 64)
2025-03-27 20:08:04,376 - [CHECKPOINT-3] Task=Vehicular | Normalized |h| mean=0.99991
2025-03-27 20:08:04,378 - [CHECKPOINT-1] Task=Aerial | Doppler=908.69 Hz | MeanSpeed=35.05 km/h
2025-03-27 20:08:04,940 - [CHECKPOINT-2] Task=Aerial | Raw |h| mean=0.01258 | shape=(16, 64, 64)
2025-03-27 20:08:04,940 - [CHECKPOINT-3] Task=Aerial | Normalized |h| mean=0.99992
2025-03-27 20:08:04,941 - [CHECKPOINT-Main] ✅ Channel generation done for all tasks in morning
2025-03-27 20:08:04,941 - [CHECKPOINT-Main] 🔁 Epoch=1 start for morning
2025-03-27 20:08:08,230 - [CHECKPOINT-Main] [Epoch 1 | Task=Static] mean|w|: 3.16376
2025-03-27 20:08:08,231 - [CHECKPOINT-Main] [Epoch 1 | Task=Static] mean|h|: 1.52812
2025-03-27 20:08:08,231 - [CHECKPOINT-Main] [Epoch 1 | Task=Static] loss: 21146.06055, snr: 0.01587, sinr_db: -17.99
2025-03-27 20:08:08,231 - [CHECKPOINT-Main] 🔚 End of Epoch=1 | Task=Static | Loss=21146.06 | SINR=-17.99dB
2025-03-27 20:08:09,060 - [CHECKPOINT-Main] [Epoch 1 | Task=Pedestrian] mean|w|: 3.09484
2025-03-27 20:08:09,060 - [CHECKPOINT-Main] [Epoch 1 | Task=Pedestrian] mean|h|: 1.91367
2025-03-27 20:08:09,060 - [CHECKPOINT-Main] [Epoch 1 | Task=Pedestrian] loss: 37616.01172, snr: 0.01587, sinr_db: -17.99
2025-03-27 20:08:09,060 - [CHECKPOINT-Main] 🔚 End of Epoch=1 | Task=Pedestrian | Loss=37616.01 | SINR=-17.99dB
2025-03-27 20:08:09,235 - [CHECKPOINT-Main] [Epoch 1 | Task=Vehicular] mean|w|: 3.13547
2025-03-27 20:08:09,235 - [CHECKPOINT-Main] [Epoch 1 | Task=Vehicular] mean|h|: 1.79454
2025-03-27 20:08:09,235 - [CHECKPOINT-Main] [Epoch 1 | Task=Vehicular] loss: 33207.58984, snr: 0.01592, sinr_db: -17.98
2025-03-27 20:08:09,235 - [CHECKPOINT-Main] 🔚 End of Epoch=1 | Task=Vehicular | Loss=33207.59 | SINR=-17.98dB
2025-03-27 20:08:09,402 - [CHECKPOINT-Main] [Epoch 1 | Task=Aerial] mean|w|: 3.31943
2025-03-27 20:08:09,403 - [CHECKPOINT-Main] [Epoch 1 | Task=Aerial] mean|h|: 1.76718
2025-03-27 20:08:09,403 - [CHECKPOINT-Main] [Epoch 1 | Task=Aerial] loss: 34932.08594, snr: 0.01585, sinr_db: -18.00
2025-03-27 20:08:09,403 - [CHECKPOINT-Main] 🔚 End of Epoch=1 | Task=Aerial | Loss=34932.09 | SINR=-18.00dB
2025-03-27 20:08:09,403 - [CHECKPOINT-Main] 🔁 Epoch=2 start for morning
2025-03-27 20:08:09,571 - [CHECKPOINT-Main] [Epoch 2 | Task=Static] mean|w|: 3.33046
2025-03-27 20:08:09,572 - [CHECKPOINT-Main] [Epoch 2 | Task=Static] mean|h|: 1.52812
2025-03-27 20:08:09,572 - [CHECKPOINT-Main] [Epoch 2 | Task=Static] loss: 592740.06250, snr: 0.01589, sinr_db: -17.99
2025-03-27 20:08:09,572 - [CHECKPOINT-Main] 🔚 End of Epoch=2 | Task=Static | Loss=592740.06 | SINR=-17.99dB
2025-03-27 20:08:09,740 - [CHECKPOINT-Main] [Epoch 2 | Task=Pedestrian] mean|w|: 3.19113
2025-03-27 20:08:09,740 - [CHECKPOINT-Main] [Epoch 2 | Task=Pedestrian] mean|h|: 1.91367
2025-03-27 20:08:09,740 - [CHECKPOINT-Main] [Epoch 2 | Task=Pedestrian] loss: 35608.08594, snr: 0.01584, sinr_db: -18.00
2025-03-27 20:08:09,740 - [CHECKPOINT-Main] 🔚 End of Epoch=2 | Task=Pedestrian | Loss=35608.09 | SINR=-18.00dB
2025-03-27 20:08:09,907 - [CHECKPOINT-Main] [Epoch 2 | Task=Vehicular] mean|w|: 3.22072
2025-03-27 20:08:09,907 - [CHECKPOINT-Main] [Epoch 2 | Task=Vehicular] mean|h|: 1.79454
2025-03-27 20:08:09,907 - [CHECKPOINT-Main] [Epoch 2 | Task=Vehicular] loss: 31684.63281, snr: 0.01596, sinr_db: -17.97
2025-03-27 20:08:09,907 - [CHECKPOINT-Main] 🔚 End of Epoch=2 | Task=Vehicular | Loss=31684.63 | SINR=-17.97dB
2025-03-27 20:08:10,074 - [CHECKPOINT-Main] [Epoch 2 | Task=Aerial] mean|w|: 3.31731
2025-03-27 20:08:10,074 - [CHECKPOINT-Main] [Epoch 2 | Task=Aerial] mean|h|: 1.76718
2025-03-27 20:08:10,075 - [CHECKPOINT-Main] [Epoch 2 | Task=Aerial] loss: 35540.63672, snr: 0.01583, sinr_db: -18.01
2025-03-27 20:08:10,075 - [CHECKPOINT-Main] 🔚 End of Epoch=2 | Task=Aerial | Loss=35540.64 | SINR=-18.01dB
2025-03-27 20:08:10,075 - [CHECKPOINT-Main] 🔁 Epoch=3 start for morning
2025-03-27 20:08:10,238 - [CHECKPOINT-Main] [Epoch 3 | Task=Static] mean|w|: 3.01220
2025-03-27 20:08:10,238 - [CHECKPOINT-Main] [Epoch 3 | Task=Static] mean|h|: 1.52812
2025-03-27 20:08:10,238 - [CHECKPOINT-Main] [Epoch 3 | Task=Static] loss: 3865104128.00000, snr: 0.01590, sinr_db: -17.99
2025-03-27 20:08:10,238 - [CHECKPOINT-Main] 🔚 End of Epoch=3 | Task=Static | Loss=3865104128.00 | SINR=-17.99dB
2025-03-27 20:08:10,405 - [CHECKPOINT-Main] [Epoch 3 | Task=Pedestrian] mean|w|: 3.09027
2025-03-27 20:08:10,405 - [CHECKPOINT-Main] [Epoch 3 | Task=Pedestrian] mean|h|: 1.91367
2025-03-27 20:08:10,406 - [CHECKPOINT-Main] [Epoch 3 | Task=Pedestrian] loss: 34544.82812, snr: 0.01589, sinr_db: -17.99
2025-03-27 20:08:10,406 - [CHECKPOINT-Main] 🔚 End of Epoch=3 | Task=Pedestrian | Loss=34544.83 | SINR=-17.99dB
2025-03-27 20:08:10,577 - [CHECKPOINT-Main] [Epoch 3 | Task=Vehicular] mean|w|: 3.25841
2025-03-27 20:08:10,577 - [CHECKPOINT-Main] [Epoch 3 | Task=Vehicular] mean|h|: 1.79454
2025-03-27 20:08:10,578 - [CHECKPOINT-Main] [Epoch 3 | Task=Vehicular] loss: 30899.25391, snr: 0.01594, sinr_db: -17.98
2025-03-27 20:08:10,578 - [CHECKPOINT-Main] 🔚 End of Epoch=3 | Task=Vehicular | Loss=30899.25 | SINR=-17.98dB
2025-03-27 20:08:10,745 - [CHECKPOINT-Main] [Epoch 3 | Task=Aerial] mean|w|: 3.25186
2025-03-27 20:08:10,745 - [CHECKPOINT-Main] [Epoch 3 | Task=Aerial] mean|h|: 1.76718
2025-03-27 20:08:10,745 - [CHECKPOINT-Main] [Epoch 3 | Task=Aerial] loss: 32645.02734, snr: 0.01590, sinr_db: -17.99
2025-03-27 20:08:10,745 - [CHECKPOINT-Main] 🔚 End of Epoch=3 | Task=Aerial | Loss=32645.03 | SINR=-17.99dB
2025-03-27 20:08:10,745 - [CHECKPOINT-Main] 🔁 Epoch=4 start for morning
2025-03-27 20:08:10,908 - [CHECKPOINT-Main] [Epoch 4 | Task=Static] mean|w|: 3.18350
2025-03-27 20:08:10,909 - [CHECKPOINT-Main] [Epoch 4 | Task=Static] mean|h|: 1.52812
2025-03-27 20:08:10,909 - [CHECKPOINT-Main] [Epoch 4 | Task=Static] loss: 18969093460763607040.00000, snr: 0.01586, sinr_db: -18.00
2025-03-27 20:08:10,909 - [CHECKPOINT-Main] 🔚 End of Epoch=4 | Task=Static | Loss=18969093460763607040.00 | SINR=-18.00dB
2025-03-27 20:08:11,043 - [CHECKPOINT-Main] [Epoch 4 | Task=Pedestrian] mean|w|: 3.09940
2025-03-27 20:08:11,043 - [CHECKPOINT-Main] [Epoch 4 | Task=Pedestrian] mean|h|: 1.91367
2025-03-27 20:08:11,043 - [CHECKPOINT-Main] [Epoch 4 | Task=Pedestrian] loss: nan, snr: 0.01587, sinr_db: -17.99
2025-03-27 20:08:11,043 - [CHECKPOINT-Main] 🔚 End of Epoch=4 | Task=Pedestrian | Loss=nan | SINR=-17.99dB
2025-03-27 20:08:11,175 - [CHECKPOINT-Main] [Epoch 4 | Task=Vehicular] mean|w|: nan
2025-03-27 20:08:11,175 - [CHECKPOINT-Main] [Epoch 4 | Task=Vehicular] mean|h|: 1.79454
2025-03-27 20:08:11,175 - [CHECKPOINT-Main] [Epoch 4 | Task=Vehicular] loss: nan, snr: nan, sinr_db: nan
2025-03-27 20:08:11,175 - [CHECKPOINT-Main] 🔚 End of Epoch=4 | Task=Vehicular | Loss=nan | SINR=nandB
2025-03-27 20:08:11,311 - [CHECKPOINT-Main] [Epoch 4 | Task=Aerial] mean|w|: nan
2025-03-27 20:08:11,312 - [CHECKPOINT-Main] [Epoch 4 | Task=Aerial] mean|h|: 1.76718
2025-03-27 20:08:11,312 - [CHECKPOINT-Main] [Epoch 4 | Task=Aerial] loss: nan, snr: nan, sinr_db: nan
2025-03-27 20:08:11,312 - [CHECKPOINT-Main] 🔚 End of Epoch=4 | Task=Aerial | Loss=nan | SINR=nandB
2025-03-27 20:08:11,312 - [CHECKPOINT-Main] 🔁 Epoch=5 start for morning
2025-03-27 20:08:11,440 - [CHECKPOINT-Main] [Epoch 5 | Task=Static] mean|w|: nan
2025-03-27 20:08:11,440 - [CHECKPOINT-Main] [Epoch 5 | Task=Static] mean|h|: 1.52812
2025-03-27 20:08:11,440 - [CHECKPOINT-Main] [Epoch 5 | Task=Static] loss: nan, snr: nan, sinr_db: nan
2025-03-27 20:08:11,440 - [CHECKPOINT-Main] 🔚 End of Epoch=5 | Task=Static | Loss=nan | SINR=nandB
2025-03-27 20:08:11,572 - [CHECKPOINT-Main] [Epoch 5 | Task=Pedestrian] mean|w|: nan
2025-03-27 20:08:11,572 - [CHECKPOINT-Main] [Epoch 5 | Task=Pedestrian] mean|h|: 1.91367
2025-03-27 20:08:11,572 - [CHECKPOINT-Main] [Epoch 5 | Task=Pedestrian] loss: nan, snr: nan, sinr_db: nan
2025-03-27 20:08:11,572 - [CHECKPOINT-Main] 🔚 End of Epoch=5 | Task=Pedestrian | Loss=nan | SINR=nandB
2025-03-27 20:08:11,704 - [CHECKPOINT-Main] [Epoch 5 | Task=Vehicular] mean|w|: nan
2025-03-27 20:08:11,705 - [CHECKPOINT-Main] [Epoch 5 | Task=Vehicular] mean|h|: 1.79454
2025-03-27 20:08:11,705 - [CHECKPOINT-Main] [Epoch 5 | Task=Vehicular] loss: nan, snr: nan, sinr_db: nan
2025-03-27 20:08:11,705 - [CHECKPOINT-Main] 🔚 End of Epoch=5 | Task=Vehicular | Loss=nan | SINR=nandB
2025-03-27 20:08:11,836 - [CHECKPOINT-Main] [Epoch 5 | Task=Aerial] mean|w|: nan
2025-03-27 20:08:11,836 - [CHECKPOINT-Main] [Epoch 5 | Task=Aerial] mean|h|: 1.76718
2025-03-27 20:08:11,837 - [CHECKPOINT-Main] [Epoch 5 | Task=Aerial] loss: nan, snr: nan, sinr_db: nan
2025-03-27 20:08:11,837 - [CHECKPOINT-Main] 🔚 End of Epoch=5 | Task=Aerial | Loss=nan | SINR=nandB
2025-03-27 20:08:11,837 - [CHECKPOINT-Main] 🔁 Epoch=6 start for morning
2025-03-27 20:08:11,965 - [CHECKPOINT-Main] [Epoch 6 | Task=Static] mean|w|: nan
2025-03-27 20:08:11,965 - [CHECKPOINT-Main] [Epoch 6 | Task=Static] mean|h|: 1.52812
2025-03-27 20:08:11,965 - [CHECKPOINT-Main] [Epoch 6 | Task=Static] loss: nan, snr: nan, sinr_db: nan
2025-03-27 20:08:11,965 - [CHECKPOINT-Main] 🔚 End of Epoch=6 | Task=Static | Loss=nan | SINR=nandB
2025-03-27 20:08:12,097 - [CHECKPOINT-Main] [Epoch 6 | Task=Pedestrian] mean|w|: nan
2025-03-27 20:08:12,097 - [CHECKPOINT-Main] [Epoch 6 | Task=Pedestrian] mean|h|: 1.91367
2025-03-27 20:08:12,097 - [CHECKPOINT-Main] [Epoch 6 | Task=Pedestrian] loss: nan, snr: nan, sinr_db: nan
2025-03-27 20:08:12,097 - [CHECKPOINT-Main] 🔚 End of Epoch=6 | Task=Pedestrian | Loss=nan | SINR=nandB
2025-03-27 20:08:12,233 - [CHECKPOINT-Main] [Epoch 6 | Task=Vehicular] mean|w|: nan
2025-03-27 20:08:12,234 - [CHECKPOINT-Main] [Epoch 6 | Task=Vehicular] mean|h|: 1.79454
2025-03-27 20:08:12,234 - [CHECKPOINT-Main] [Epoch 6 | Task=Vehicular] loss: nan, snr: nan, sinr_db: nan
2025-03-27 20:08:12,234 - [CHECKPOINT-Main] 🔚 End of Epoch=6 | Task=Vehicular | Loss=nan | SINR=nandB
2025-03-27 20:08:12,365 - [CHECKPOINT-Main] [Epoch 6 | Task=Aerial] mean|w|: nan
2025-03-27 20:08:12,366 - [CHECKPOINT-Main] [Epoch 6 | Task=Aerial] mean|h|: 1.76718
2025-03-27 20:08:12,366 - [CHECKPOINT-Main] [Epoch 6 | Task=Aerial] loss: nan, snr: nan, sinr_db: nan
2025-03-27 20:08:12,366 - [CHECKPOINT-Main] 🔚 End of Epoch=6 | Task=Aerial | Loss=nan | SINR=nandB
2025-03-27 20:08:12,366 - [CHECKPOINT-Main] 🔁 Epoch=7 start for morning
2025-03-27 20:08:12,642 - [CHECKPOINT-Main] [Epoch 7 | Task=Static] mean|w|: nan
2025-03-27 20:08:12,643 - [CHECKPOINT-Main] [Epoch 7 | Task=Static] mean|h|: 1.52812
2025-03-27 20:08:12,643 - [CHECKPOINT-Main] [Epoch 7 | Task=Static] loss: nan, snr: nan, sinr_db: nan
2025-03-27 20:08:12,643 - [CHECKPOINT-Main] 🔚 End of Epoch=7 | Task=Static | Loss=nan | SINR=nandB
2025-03-27 20:08:12,774 - [CHECKPOINT-Main] [Epoch 7 | Task=Pedestrian] mean|w|: nan
2025-03-27 20:08:12,774 - [CHECKPOINT-Main] [Epoch 7 | Task=Pedestrian] mean|h|: 1.91367
2025-03-27 20:08:12,774 - [CHECKPOINT-Main] [Epoch 7 | Task=Pedestrian] loss: nan, snr: nan, sinr_db: nan
2025-03-27 20:08:12,774 - [CHECKPOINT-Main] 🔚 End of Epoch=7 | Task=Pedestrian | Loss=nan | SINR=nandB
2025-03-27 20:08:12,905 - [CHECKPOINT-Main] [Epoch 7 | Task=Vehicular] mean|w|: nan
2025-03-27 20:08:12,905 - [CHECKPOINT-Main] [Epoch 7 | Task=Vehicular] mean|h|: 1.79454
2025-03-27 20:08:12,905 - [CHECKPOINT-Main] [Epoch 7 | Task=Vehicular] loss: nan, snr: nan, sinr_db: nan
2025-03-27 20:08:12,905 - [CHECKPOINT-Main] 🔚 End of Epoch=7 | Task=Vehicular | Loss=nan | SINR=nandB
2025-03-27 20:08:13,037 - [CHECKPOINT-Main] [Epoch 7 | Task=Aerial] mean|w|: nan
2025-03-27 20:08:13,037 - [CHECKPOINT-Main] [Epoch 7 | Task=Aerial] mean|h|: 1.76718
2025-03-27 20:08:13,037 - [CHECKPOINT-Main] [Epoch 7 | Task=Aerial] loss: nan, snr: nan, sinr_db: nan
2025-03-27 20:08:13,037 - [CHECKPOINT-Main] 🔚 End of Epoch=7 | Task=Aerial | Loss=nan | SINR=nandB
2025-03-27 20:08:13,037 - [CHECKPOINT-Main] 🔁 Epoch=8 start for morning
2025-03-27 20:08:13,169 - [CHECKPOINT-Main] [Epoch 8 | Task=Static] mean|w|: nan
2025-03-27 20:08:13,169 - [CHECKPOINT-Main] [Epoch 8 | Task=Static] mean|h|: 1.52812
2025-03-27 20:08:13,169 - [CHECKPOINT-Main] [Epoch 8 | Task=Static] loss: nan, snr: nan, sinr_db: nan
2025-03-27 20:08:13,169 - [CHECKPOINT-Main] 🔚 End of Epoch=8 | Task=Static | Loss=nan | SINR=nandB
2025-03-27 20:08:13,301 - [CHECKPOINT-Main] [Epoch 8 | Task=Pedestrian] mean|w|: nan
2025-03-27 20:08:13,301 - [CHECKPOINT-Main] [Epoch 8 | Task=Pedestrian] mean|h|: 1.91367
2025-03-27 20:08:13,301 - [CHECKPOINT-Main] [Epoch 8 | Task=Pedestrian] loss: nan, snr: nan, sinr_db: nan
2025-03-27 20:08:13,301 - [CHECKPOINT-Main] 🔚 End of Epoch=8 | Task=Pedestrian | Loss=nan | SINR=nandB
2025-03-27 20:08:13,432 - [CHECKPOINT-Main] [Epoch 8 | Task=Vehicular] mean|w|: nan
2025-03-27 20:08:13,432 - [CHECKPOINT-Main] [Epoch 8 | Task=Vehicular] mean|h|: 1.79454
2025-03-27 20:08:13,432 - [CHECKPOINT-Main] [Epoch 8 | Task=Vehicular] loss: nan, snr: nan, sinr_db: nan
2025-03-27 20:08:13,432 - [CHECKPOINT-Main] 🔚 End of Epoch=8 | Task=Vehicular | Loss=nan | SINR=nandB
2025-03-27 20:08:13,564 - [CHECKPOINT-Main] [Epoch 8 | Task=Aerial] mean|w|: nan
2025-03-27 20:08:13,564 - [CHECKPOINT-Main] [Epoch 8 | Task=Aerial] mean|h|: 1.76718
2025-03-27 20:08:13,564 - [CHECKPOINT-Main] [Epoch 8 | Task=Aerial] loss: nan, snr: nan, sinr_db: nan
2025-03-27 20:08:13,564 - [CHECKPOINT-Main] 🔚 End of Epoch=8 | Task=Aerial | Loss=nan | SINR=nandB
2025-03-27 20:08:13,564 - [CHECKPOINT-Main] 🔁 Epoch=9 start for morning
2025-03-27 20:08:13,692 - [CHECKPOINT-Main] [Epoch 9 | Task=Static] mean|w|: nan
2025-03-27 20:08:13,692 - [CHECKPOINT-Main] [Epoch 9 | Task=Static] mean|h|: 1.52812
2025-03-27 20:08:13,692 - [CHECKPOINT-Main] [Epoch 9 | Task=Static] loss: nan, snr: nan, sinr_db: nan
2025-03-27 20:08:13,692 - [CHECKPOINT-Main] 🔚 End of Epoch=9 | Task=Static | Loss=nan | SINR=nandB
2025-03-27 20:08:13,824 - [CHECKPOINT-Main] [Epoch 9 | Task=Pedestrian] mean|w|: nan
2025-03-27 20:08:13,824 - [CHECKPOINT-Main] [Epoch 9 | Task=Pedestrian] mean|h|: 1.91367
2025-03-27 20:08:13,824 - [CHECKPOINT-Main] [Epoch 9 | Task=Pedestrian] loss: nan, snr: nan, sinr_db: nan
2025-03-27 20:08:13,824 - [CHECKPOINT-Main] 🔚 End of Epoch=9 | Task=Pedestrian | Loss=nan | SINR=nandB
2025-03-27 20:08:13,960 - [CHECKPOINT-Main] [Epoch 9 | Task=Vehicular] mean|w|: nan
2025-03-27 20:08:13,960 - [CHECKPOINT-Main] [Epoch 9 | Task=Vehicular] mean|h|: 1.79454
2025-03-27 20:08:13,960 - [CHECKPOINT-Main] [Epoch 9 | Task=Vehicular] loss: nan, snr: nan, sinr_db: nan
2025-03-27 20:08:13,960 - [CHECKPOINT-Main] 🔚 End of Epoch=9 | Task=Vehicular | Loss=nan | SINR=nandB
2025-03-27 20:08:14,091 - [CHECKPOINT-Main] [Epoch 9 | Task=Aerial] mean|w|: nan
2025-03-27 20:08:14,091 - [CHECKPOINT-Main] [Epoch 9 | Task=Aerial] mean|h|: 1.76718
2025-03-27 20:08:14,092 - [CHECKPOINT-Main] [Epoch 9 | Task=Aerial] loss: nan, snr: nan, sinr_db: nan
2025-03-27 20:08:14,092 - [CHECKPOINT-Main] 🔚 End of Epoch=9 | Task=Aerial | Loss=nan | SINR=nandB
2025-03-27 20:08:14,092 - [CHECKPOINT-Main] 🔁 Epoch=10 start for morning
2025-03-27 20:08:14,219 - [CHECKPOINT-Main] [Epoch 10 | Task=Static] mean|w|: nan
2025-03-27 20:08:14,220 - [CHECKPOINT-Main] [Epoch 10 | Task=Static] mean|h|: 1.52812
2025-03-27 20:08:14,220 - [CHECKPOINT-Main] [Epoch 10 | Task=Static] loss: nan, snr: nan, sinr_db: nan
2025-03-27 20:08:14,220 - [CHECKPOINT-Main] 🔚 End of Epoch=10 | Task=Static | Loss=nan | SINR=nandB
2025-03-27 20:08:14,351 - [CHECKPOINT-Main] [Epoch 10 | Task=Pedestrian] mean|w|: nan
2025-03-27 20:08:14,351 - [CHECKPOINT-Main] [Epoch 10 | Task=Pedestrian] mean|h|: 1.91367
2025-03-27 20:08:14,352 - [CHECKPOINT-Main] [Epoch 10 | Task=Pedestrian] loss: nan, snr: nan, sinr_db: nan
2025-03-27 20:08:14,352 - [CHECKPOINT-Main] 🔚 End of Epoch=10 | Task=Pedestrian | Loss=nan | SINR=nandB
2025-03-27 20:08:14,483 - [CHECKPOINT-Main] [Epoch 10 | Task=Vehicular] mean|w|: nan
2025-03-27 20:08:14,483 - [CHECKPOINT-Main] [Epoch 10 | Task=Vehicular] mean|h|: 1.79454
2025-03-27 20:08:14,483 - [CHECKPOINT-Main] [Epoch 10 | Task=Vehicular] loss: nan, snr: nan, sinr_db: nan
2025-03-27 20:08:14,484 - [CHECKPOINT-Main] 🔚 End of Epoch=10 | Task=Vehicular | Loss=nan | SINR=nandB
2025-03-27 20:08:14,615 - [CHECKPOINT-Main] [Epoch 10 | Task=Aerial] mean|w|: nan
2025-03-27 20:08:14,615 - [CHECKPOINT-Main] [Epoch 10 | Task=Aerial] mean|h|: 1.76718
2025-03-27 20:08:14,615 - [CHECKPOINT-Main] [Epoch 10 | Task=Aerial] loss: nan, snr: nan, sinr_db: nan
2025-03-27 20:08:14,615 - [CHECKPOINT-Main] 🔚 End of Epoch=10 | Task=Aerial | Loss=nan | SINR=nandB
2025-03-27 20:08:14,616 - [CHECKPOINT-Main] 🕒 Period=noon Start
2025-03-27 20:08:14,616 - [CHECKPOINT-Main] 👥 Users in noon: 64
2025-03-27 20:08:14,617 - [CHECKPOINT-1] Task=Static | Doppler=64.13 Hz | MeanSpeed=2.47 km/h
2025-03-27 20:08:15,187 - [CHECKPOINT-2] Task=Static | Raw |h| mean=0.01256 | shape=(16, 64, 64)
2025-03-27 20:08:15,188 - [CHECKPOINT-3] Task=Static | Normalized |h| mean=0.99992
2025-03-27 20:08:15,190 - [CHECKPOINT-1] Task=Pedestrian | Doppler=203.52 Hz | MeanSpeed=7.85 km/h
2025-03-27 20:08:15,192 - [CHECKPOINT-2] Task=Pedestrian | Raw |h| mean=0.88642 | shape=(16, 64, 64)
2025-03-27 20:08:15,193 - [CHECKPOINT-3] Task=Pedestrian | Normalized |h| mean=1.00000
2025-03-27 20:08:15,194 - [CHECKPOINT-1] Task=Vehicular | Doppler=2346.51 Hz | MeanSpeed=90.51 km/h
2025-03-27 20:08:15,759 - [CHECKPOINT-2] Task=Vehicular | Raw |h| mean=0.01147 | shape=(16, 64, 64)
2025-03-27 20:08:15,759 - [CHECKPOINT-3] Task=Vehicular | Normalized |h| mean=0.99991
2025-03-27 20:08:15,761 - [CHECKPOINT-1] Task=Aerial | Doppler=843.19 Hz | MeanSpeed=32.52 km/h
2025-03-27 20:08:16,330 - [CHECKPOINT-2] Task=Aerial | Raw |h| mean=0.01185 | shape=(16, 64, 64)
2025-03-27 20:08:16,330 - [CHECKPOINT-3] Task=Aerial | Normalized |h| mean=0.99992
2025-03-27 20:08:16,331 - [CHECKPOINT-Main] ✅ Channel generation done for all tasks in noon
2025-03-27 20:08:16,331 - [CHECKPOINT-Main] 🔁 Epoch=1 start for noon
2025-03-27 20:08:16,459 - [CHECKPOINT-Main] [Epoch 1 | Task=Static] mean|w|: nan
2025-03-27 20:08:16,460 - [CHECKPOINT-Main] [Epoch 1 | Task=Static] mean|h|: 1.55119
2025-03-27 20:08:16,460 - [CHECKPOINT-Main] [Epoch 1 | Task=Static] loss: nan, snr: nan, sinr_db: nan
2025-03-27 20:08:16,460 - [CHECKPOINT-Main] 🔚 End of Epoch=1 | Task=Static | Loss=nan | SINR=nandB
2025-03-27 20:08:16,591 - [CHECKPOINT-Main] [Epoch 1 | Task=Pedestrian] mean|w|: nan
2025-03-27 20:08:16,591 - [CHECKPOINT-Main] [Epoch 1 | Task=Pedestrian] mean|h|: 1.91167
2025-03-27 20:08:16,592 - [CHECKPOINT-Main] [Epoch 1 | Task=Pedestrian] loss: nan, snr: nan, sinr_db: nan
2025-03-27 20:08:16,592 - [CHECKPOINT-Main] 🔚 End of Epoch=1 | Task=Pedestrian | Loss=nan | SINR=nandB
2025-03-27 20:08:16,723 - [CHECKPOINT-Main] [Epoch 1 | Task=Vehicular] mean|w|: nan
2025-03-27 20:08:16,723 - [CHECKPOINT-Main] [Epoch 1 | Task=Vehicular] mean|h|: 1.79096
2025-03-27 20:08:16,723 - [CHECKPOINT-Main] [Epoch 1 | Task=Vehicular] loss: nan, snr: nan, sinr_db: nan
2025-03-27 20:08:16,723 - [CHECKPOINT-Main] 🔚 End of Epoch=1 | Task=Vehicular | Loss=nan | SINR=nandB
2025-03-27 20:08:16,859 - [CHECKPOINT-Main] [Epoch 1 | Task=Aerial] mean|w|: nan
2025-03-27 20:08:16,859 - [CHECKPOINT-Main] [Epoch 1 | Task=Aerial] mean|h|: 1.81628
2025-03-27 20:08:16,859 - [CHECKPOINT-Main] [Epoch 1 | Task=Aerial] loss: nan, snr: nan, sinr_db: nan
2025-03-27 20:08:16,859 - [CHECKPOINT-Main] 🔚 End of Epoch=1 | Task=Aerial | Loss=nan | SINR=nandB
2025-03-27 20:08:16,859 - [CHECKPOINT-Main] 🔁 Epoch=2 start for noon
2025-03-27 20:08:16,987 - [CHECKPOINT-Main] [Epoch 2 | Task=Static] mean|w|: nan
2025-03-27 20:08:16,987 - [CHECKPOINT-Main] [Epoch 2 | Task=Static] mean|h|: 1.55119
2025-03-27 20:08:16,988 - [CHECKPOINT-Main] [Epoch 2 | Task=Static] loss: nan, snr: nan, sinr_db: nan
2025-03-27 20:08:16,988 - [CHECKPOINT-Main] 🔚 End of Epoch=2 | Task=Static | Loss=nan | SINR=nandB
2025-03-27 20:08:17,119 - [CHECKPOINT-Main] [Epoch 2 | Task=Pedestrian] mean|w|: nan
2025-03-27 20:08:17,119 - [CHECKPOINT-Main] [Epoch 2 | Task=Pedestrian] mean|h|: 1.91167
2025-03-27 20:08:17,119 - [CHECKPOINT-Main] [Epoch 2 | Task=Pedestrian] loss: nan, snr: nan, sinr_db: nan
2025-03-27 20:08:17,119 - [CHECKPOINT-Main] 🔚 End of Epoch=2 | Task=Pedestrian | Loss=nan | SINR=nandB
2025-03-27 20:08:17,251 - [CHECKPOINT-Main] [Epoch 2 | Task=Vehicular] mean|w|: nan
2025-03-27 20:08:17,251 - [CHECKPOINT-Main] [Epoch 2 | Task=Vehicular] mean|h|: 1.79096
2025-03-27 20:08:17,252 - [CHECKPOINT-Main] [Epoch 2 | Task=Vehicular] loss: nan, snr: nan, sinr_db: nan
2025-03-27 20:08:17,252 - [CHECKPOINT-Main] 🔚 End of Epoch=2 | Task=Vehicular | Loss=nan | SINR=nandB
2025-03-27 20:08:17,383 - [CHECKPOINT-Main] [Epoch 2 | Task=Aerial] mean|w|: nan
2025-03-27 20:08:17,383 - [CHECKPOINT-Main] [Epoch 2 | Task=Aerial] mean|h|: 1.81628
2025-03-27 20:08:17,383 - [CHECKPOINT-Main] [Epoch 2 | Task=Aerial] loss: nan, snr: nan, sinr_db: nan
2025-03-27 20:08:17,383 - [CHECKPOINT-Main] 🔚 End of Epoch=2 | Task=Aerial | Loss=nan | SINR=nandB
2025-03-27 20:08:17,383 - [CHECKPOINT-Main] 🔁 Epoch=3 start for noon
2025-03-27 20:08:17,511 - [CHECKPOINT-Main] [Epoch 3 | Task=Static] mean|w|: nan
2025-03-27 20:08:17,512 - [CHECKPOINT-Main] [Epoch 3 | Task=Static] mean|h|: 1.55119
2025-03-27 20:08:17,512 - [CHECKPOINT-Main] [Epoch 3 | Task=Static] loss: nan, snr: nan, sinr_db: nan
2025-03-27 20:08:17,512 - [CHECKPOINT-Main] 🔚 End of Epoch=3 | Task=Static | Loss=nan | SINR=nandB
2025-03-27 20:08:17,647 - [CHECKPOINT-Main] [Epoch 3 | Task=Pedestrian] mean|w|: nan
2025-03-27 20:08:17,647 - [CHECKPOINT-Main] [Epoch 3 | Task=Pedestrian] mean|h|: 1.91167
2025-03-27 20:08:17,648 - [CHECKPOINT-Main] [Epoch 3 | Task=Pedestrian] loss: nan, snr: nan, sinr_db: nan
2025-03-27 20:08:17,648 - [CHECKPOINT-Main] 🔚 End of Epoch=3 | Task=Pedestrian | Loss=nan | SINR=nandB
2025-03-27 20:08:17,779 - [CHECKPOINT-Main] [Epoch 3 | Task=Vehicular] mean|w|: nan
2025-03-27 20:08:17,780 - [CHECKPOINT-Main] [Epoch 3 | Task=Vehicular] mean|h|: 1.79096
2025-03-27 20:08:17,780 - [CHECKPOINT-Main] [Epoch 3 | Task=Vehicular] loss: nan, snr: nan, sinr_db: nan
2025-03-27 20:08:17,780 - [CHECKPOINT-Main] 🔚 End of Epoch=3 | Task=Vehicular | Loss=nan | SINR=nandB
2025-03-27 20:08:17,911 - [CHECKPOINT-Main] [Epoch 3 | Task=Aerial] mean|w|: nan
2025-03-27 20:08:17,911 - [CHECKPOINT-Main] [Epoch 3 | Task=Aerial] mean|h|: 1.81628
2025-03-27 20:08:17,912 - [CHECKPOINT-Main] [Epoch 3 | Task=Aerial] loss: nan, snr: nan, sinr_db: nan
2025-03-27 20:08:17,912 - [CHECKPOINT-Main] 🔚 End of Epoch=3 | Task=Aerial | Loss=nan | SINR=nandB
2025-03-27 20:08:17,912 - [CHECKPOINT-Main] 🔁 Epoch=4 start for noon
2025-03-27 20:08:18,039 - [CHECKPOINT-Main] [Epoch 4 | Task=Static] mean|w|: nan
2025-03-27 20:08:18,039 - [CHECKPOINT-Main] [Epoch 4 | Task=Static] mean|h|: 1.55119
2025-03-27 20:08:18,040 - [CHECKPOINT-Main] [Epoch 4 | Task=Static] loss: nan, snr: nan, sinr_db: nan
2025-03-27 20:08:18,040 - [CHECKPOINT-Main] 🔚 End of Epoch=4 | Task=Static | Loss=nan | SINR=nandB
2025-03-27 20:08:18,172 - [CHECKPOINT-Main] [Epoch 4 | Task=Pedestrian] mean|w|: nan
2025-03-27 20:08:18,172 - [CHECKPOINT-Main] [Epoch 4 | Task=Pedestrian] mean|h|: 1.91167
2025-03-27 20:08:18,172 - [CHECKPOINT-Main] [Epoch 4 | Task=Pedestrian] loss: nan, snr: nan, sinr_db: nan
2025-03-27 20:08:18,172 - [CHECKPOINT-Main] 🔚 End of Epoch=4 | Task=Pedestrian | Loss=nan | SINR=nandB
2025-03-27 20:08:18,303 - [CHECKPOINT-Main] [Epoch 4 | Task=Vehicular] mean|w|: nan
2025-03-27 20:08:18,303 - [CHECKPOINT-Main] [Epoch 4 | Task=Vehicular] mean|h|: 1.79096
2025-03-27 20:08:18,303 - [CHECKPOINT-Main] [Epoch 4 | Task=Vehicular] loss: nan, snr: nan, sinr_db: nan
2025-03-27 20:08:18,303 - [CHECKPOINT-Main] 🔚 End of Epoch=4 | Task=Vehicular | Loss=nan | SINR=nandB
2025-03-27 20:08:18,435 - [CHECKPOINT-Main] [Epoch 4 | Task=Aerial] mean|w|: nan
2025-03-27 20:08:18,435 - [CHECKPOINT-Main] [Epoch 4 | Task=Aerial] mean|h|: 1.81628
2025-03-27 20:08:18,435 - [CHECKPOINT-Main] [Epoch 4 | Task=Aerial] loss: nan, snr: nan, sinr_db: nan
2025-03-27 20:08:18,435 - [CHECKPOINT-Main] 🔚 End of Epoch=4 | Task=Aerial | Loss=nan | SINR=nandB
2025-03-27 20:08:18,435 - [CHECKPOINT-Main] 🔁 Epoch=5 start for noon
2025-03-27 20:08:18,564 - [CHECKPOINT-Main] [Epoch 5 | Task=Static] mean|w|: nan
2025-03-27 20:08:18,564 - [CHECKPOINT-Main] [Epoch 5 | Task=Static] mean|h|: 1.55119
2025-03-27 20:08:18,564 - [CHECKPOINT-Main] [Epoch 5 | Task=Static] loss: nan, snr: nan, sinr_db: nan
2025-03-27 20:08:18,564 - [CHECKPOINT-Main] 🔚 End of Epoch=5 | Task=Static | Loss=nan | SINR=nandB
2025-03-27 20:08:18,696 - [CHECKPOINT-Main] [Epoch 5 | Task=Pedestrian] mean|w|: nan
2025-03-27 20:08:18,696 - [CHECKPOINT-Main] [Epoch 5 | Task=Pedestrian] mean|h|: 1.91167
2025-03-27 20:08:18,696 - [CHECKPOINT-Main] [Epoch 5 | Task=Pedestrian] loss: nan, snr: nan, sinr_db: nan
2025-03-27 20:08:18,696 - [CHECKPOINT-Main] 🔚 End of Epoch=5 | Task=Pedestrian | Loss=nan | SINR=nandB
2025-03-27 20:08:18,828 - [CHECKPOINT-Main] [Epoch 5 | Task=Vehicular] mean|w|: nan
2025-03-27 20:08:18,828 - [CHECKPOINT-Main] [Epoch 5 | Task=Vehicular] mean|h|: 1.79096
2025-03-27 20:08:18,828 - [CHECKPOINT-Main] [Epoch 5 | Task=Vehicular] loss: nan, snr: nan, sinr_db: nan
2025-03-27 20:08:18,828 - [CHECKPOINT-Main] 🔚 End of Epoch=5 | Task=Vehicular | Loss=nan | SINR=nandB
2025-03-27 20:08:18,960 - [CHECKPOINT-Main] [Epoch 5 | Task=Aerial] mean|w|: nan
2025-03-27 20:08:18,960 - [CHECKPOINT-Main] [Epoch 5 | Task=Aerial] mean|h|: 1.81628
2025-03-27 20:08:18,960 - [CHECKPOINT-Main] [Epoch 5 | Task=Aerial] loss: nan, snr: nan, sinr_db: nan
2025-03-27 20:08:18,960 - [CHECKPOINT-Main] 🔚 End of Epoch=5 | Task=Aerial | Loss=nan | SINR=nandB
2025-03-27 20:08:18,960 - [CHECKPOINT-Main] 🔁 Epoch=6 start for noon
2025-03-27 20:08:19,088 - [CHECKPOINT-Main] [Epoch 6 | Task=Static] mean|w|: nan
2025-03-27 20:08:19,088 - [CHECKPOINT-Main] [Epoch 6 | Task=Static] mean|h|: 1.55119
2025-03-27 20:08:19,088 - [CHECKPOINT-Main] [Epoch 6 | Task=Static] loss: nan, snr: nan, sinr_db: nan
2025-03-27 20:08:19,088 - [CHECKPOINT-Main] 🔚 End of Epoch=6 | Task=Static | Loss=nan | SINR=nandB
2025-03-27 20:08:19,220 - [CHECKPOINT-Main] [Epoch 6 | Task=Pedestrian] mean|w|: nan
2025-03-27 20:08:19,220 - [CHECKPOINT-Main] [Epoch 6 | Task=Pedestrian] mean|h|: 1.91167
2025-03-27 20:08:19,220 - [CHECKPOINT-Main] [Epoch 6 | Task=Pedestrian] loss: nan, snr: nan, sinr_db: nan
2025-03-27 20:08:19,220 - [CHECKPOINT-Main] 🔚 End of Epoch=6 | Task=Pedestrian | Loss=nan | SINR=nandB
2025-03-27 20:08:19,352 - [CHECKPOINT-Main] [Epoch 6 | Task=Vehicular] mean|w|: nan
2025-03-27 20:08:19,352 - [CHECKPOINT-Main] [Epoch 6 | Task=Vehicular] mean|h|: 1.79096
2025-03-27 20:08:19,352 - [CHECKPOINT-Main] [Epoch 6 | Task=Vehicular] loss: nan, snr: nan, sinr_db: nan
2025-03-27 20:08:19,352 - [CHECKPOINT-Main] 🔚 End of Epoch=6 | Task=Vehicular | Loss=nan | SINR=nandB
2025-03-27 20:08:19,484 - [CHECKPOINT-Main] [Epoch 6 | Task=Aerial] mean|w|: nan
2025-03-27 20:08:19,484 - [CHECKPOINT-Main] [Epoch 6 | Task=Aerial] mean|h|: 1.81628
2025-03-27 20:08:19,484 - [CHECKPOINT-Main] [Epoch 6 | Task=Aerial] loss: nan, snr: nan, sinr_db: nan
2025-03-27 20:08:19,484 - [CHECKPOINT-Main] 🔚 End of Epoch=6 | Task=Aerial | Loss=nan | SINR=nandB
2025-03-27 20:08:19,484 - [CHECKPOINT-Main] 🔁 Epoch=7 start for noon
2025-03-27 20:08:19,612 - [CHECKPOINT-Main] [Epoch 7 | Task=Static] mean|w|: nan
2025-03-27 20:08:19,612 - [CHECKPOINT-Main] [Epoch 7 | Task=Static] mean|h|: 1.55119
2025-03-27 20:08:19,612 - [CHECKPOINT-Main] [Epoch 7 | Task=Static] loss: nan, snr: nan, sinr_db: nan
2025-03-27 20:08:19,612 - [CHECKPOINT-Main] 🔚 End of Epoch=7 | Task=Static | Loss=nan | SINR=nandB
2025-03-27 20:08:19,744 - [CHECKPOINT-Main] [Epoch 7 | Task=Pedestrian] mean|w|: nan
2025-03-27 20:08:19,744 - [CHECKPOINT-Main] [Epoch 7 | Task=Pedestrian] mean|h|: 1.91167
2025-03-27 20:08:19,744 - [CHECKPOINT-Main] [Epoch 7 | Task=Pedestrian] loss: nan, snr: nan, sinr_db: nan
2025-03-27 20:08:19,744 - [CHECKPOINT-Main] 🔚 End of Epoch=7 | Task=Pedestrian | Loss=nan | SINR=nandB
2025-03-27 20:08:19,876 - [CHECKPOINT-Main] [Epoch 7 | Task=Vehicular] mean|w|: nan
2025-03-27 20:08:19,876 - [CHECKPOINT-Main] [Epoch 7 | Task=Vehicular] mean|h|: 1.79096
2025-03-27 20:08:19,876 - [CHECKPOINT-Main] [Epoch 7 | Task=Vehicular] loss: nan, snr: nan, sinr_db: nan
2025-03-27 20:08:19,876 - [CHECKPOINT-Main] 🔚 End of Epoch=7 | Task=Vehicular | Loss=nan | SINR=nandB
2025-03-27 20:08:20,008 - [CHECKPOINT-Main] [Epoch 7 | Task=Aerial] mean|w|: nan
2025-03-27 20:08:20,008 - [CHECKPOINT-Main] [Epoch 7 | Task=Aerial] mean|h|: 1.81628
2025-03-27 20:08:20,008 - [CHECKPOINT-Main] [Epoch 7 | Task=Aerial] loss: nan, snr: nan, sinr_db: nan
2025-03-27 20:08:20,008 - [CHECKPOINT-Main] 🔚 End of Epoch=7 | Task=Aerial | Loss=nan | SINR=nandB
2025-03-27 20:08:20,008 - [CHECKPOINT-Main] 🔁 Epoch=8 start for noon
2025-03-27 20:08:20,136 - [CHECKPOINT-Main] [Epoch 8 | Task=Static] mean|w|: nan
2025-03-27 20:08:20,136 - [CHECKPOINT-Main] [Epoch 8 | Task=Static] mean|h|: 1.55119
2025-03-27 20:08:20,136 - [CHECKPOINT-Main] [Epoch 8 | Task=Static] loss: nan, snr: nan, sinr_db: nan
2025-03-27 20:08:20,136 - [CHECKPOINT-Main] 🔚 End of Epoch=8 | Task=Static | Loss=nan | SINR=nandB
2025-03-27 20:08:20,268 - [CHECKPOINT-Main] [Epoch 8 | Task=Pedestrian] mean|w|: nan
2025-03-27 20:08:20,268 - [CHECKPOINT-Main] [Epoch 8 | Task=Pedestrian] mean|h|: 1.91167
2025-03-27 20:08:20,269 - [CHECKPOINT-Main] [Epoch 8 | Task=Pedestrian] loss: nan, snr: nan, sinr_db: nan
2025-03-27 20:08:20,269 - [CHECKPOINT-Main] 🔚 End of Epoch=8 | Task=Pedestrian | Loss=nan | SINR=nandB
2025-03-27 20:08:20,400 - [CHECKPOINT-Main] [Epoch 8 | Task=Vehicular] mean|w|: nan
2025-03-27 20:08:20,400 - [CHECKPOINT-Main] [Epoch 8 | Task=Vehicular] mean|h|: 1.79096
2025-03-27 20:08:20,401 - [CHECKPOINT-Main] [Epoch 8 | Task=Vehicular] loss: nan, snr: nan, sinr_db: nan
2025-03-27 20:08:20,401 - [CHECKPOINT-Main] 🔚 End of Epoch=8 | Task=Vehicular | Loss=nan | SINR=nandB
2025-03-27 20:08:20,532 - [CHECKPOINT-Main] [Epoch 8 | Task=Aerial] mean|w|: nan
2025-03-27 20:08:20,533 - [CHECKPOINT-Main] [Epoch 8 | Task=Aerial] mean|h|: 1.81628
2025-03-27 20:08:20,533 - [CHECKPOINT-Main] [Epoch 8 | Task=Aerial] loss: nan, snr: nan, sinr_db: nan
2025-03-27 20:08:20,533 - [CHECKPOINT-Main] 🔚 End of Epoch=8 | Task=Aerial | Loss=nan | SINR=nandB
2025-03-27 20:08:20,533 - [CHECKPOINT-Main] 🔁 Epoch=9 start for noon
2025-03-27 20:08:20,661 - [CHECKPOINT-Main] [Epoch 9 | Task=Static] mean|w|: nan
2025-03-27 20:08:20,661 - [CHECKPOINT-Main] [Epoch 9 | Task=Static] mean|h|: 1.55119
2025-03-27 20:08:20,661 - [CHECKPOINT-Main] [Epoch 9 | Task=Static] loss: nan, snr: nan, sinr_db: nan
2025-03-27 20:08:20,661 - [CHECKPOINT-Main] 🔚 End of Epoch=9 | Task=Static | Loss=nan | SINR=nandB
2025-03-27 20:08:20,793 - [CHECKPOINT-Main] [Epoch 9 | Task=Pedestrian] mean|w|: nan
2025-03-27 20:08:20,793 - [CHECKPOINT-Main] [Epoch 9 | Task=Pedestrian] mean|h|: 1.91167
2025-03-27 20:08:20,794 - [CHECKPOINT-Main] [Epoch 9 | Task=Pedestrian] loss: nan, snr: nan, sinr_db: nan
2025-03-27 20:08:20,794 - [CHECKPOINT-Main] 🔚 End of Epoch=9 | Task=Pedestrian | Loss=nan | SINR=nandB
2025-03-27 20:08:20,925 - [CHECKPOINT-Main] [Epoch 9 | Task=Vehicular] mean|w|: nan
2025-03-27 20:08:20,926 - [CHECKPOINT-Main] [Epoch 9 | Task=Vehicular] mean|h|: 1.79096
2025-03-27 20:08:20,926 - [CHECKPOINT-Main] [Epoch 9 | Task=Vehicular] loss: nan, snr: nan, sinr_db: nan
2025-03-27 20:08:20,926 - [CHECKPOINT-Main] 🔚 End of Epoch=9 | Task=Vehicular | Loss=nan | SINR=nandB
2025-03-27 20:08:21,057 - [CHECKPOINT-Main] [Epoch 9 | Task=Aerial] mean|w|: nan
2025-03-27 20:08:21,058 - [CHECKPOINT-Main] [Epoch 9 | Task=Aerial] mean|h|: 1.81628
2025-03-27 20:08:21,058 - [CHECKPOINT-Main] [Epoch 9 | Task=Aerial] loss: nan, snr: nan, sinr_db: nan
2025-03-27 20:08:21,058 - [CHECKPOINT-Main] 🔚 End of Epoch=9 | Task=Aerial | Loss=nan | SINR=nandB
2025-03-27 20:08:21,058 - [CHECKPOINT-Main] 🔁 Epoch=10 start for noon
2025-03-27 20:08:21,186 - [CHECKPOINT-Main] [Epoch 10 | Task=Static] mean|w|: nan
2025-03-27 20:08:21,186 - [CHECKPOINT-Main] [Epoch 10 | Task=Static] mean|h|: 1.55119
2025-03-27 20:08:21,186 - [CHECKPOINT-Main] [Epoch 10 | Task=Static] loss: nan, snr: nan, sinr_db: nan
2025-03-27 20:08:21,186 - [CHECKPOINT-Main] 🔚 End of Epoch=10 | Task=Static | Loss=nan | SINR=nandB
2025-03-27 20:08:21,317 - [CHECKPOINT-Main] [Epoch 10 | Task=Pedestrian] mean|w|: nan
2025-03-27 20:08:21,318 - [CHECKPOINT-Main] [Epoch 10 | Task=Pedestrian] mean|h|: 1.91167
2025-03-27 20:08:21,318 - [CHECKPOINT-Main] [Epoch 10 | Task=Pedestrian] loss: nan, snr: nan, sinr_db: nan
2025-03-27 20:08:21,318 - [CHECKPOINT-Main] 🔚 End of Epoch=10 | Task=Pedestrian | Loss=nan | SINR=nandB
2025-03-27 20:08:21,451 - [CHECKPOINT-Main] [Epoch 10 | Task=Vehicular] mean|w|: nan
2025-03-27 20:08:21,451 - [CHECKPOINT-Main] [Epoch 10 | Task=Vehicular] mean|h|: 1.79096
2025-03-27 20:08:21,451 - [CHECKPOINT-Main] [Epoch 10 | Task=Vehicular] loss: nan, snr: nan, sinr_db: nan
2025-03-27 20:08:21,451 - [CHECKPOINT-Main] 🔚 End of Epoch=10 | Task=Vehicular | Loss=nan | SINR=nandB
2025-03-27 20:08:21,583 - [CHECKPOINT-Main] [Epoch 10 | Task=Aerial] mean|w|: nan
2025-03-27 20:08:21,583 - [CHECKPOINT-Main] [Epoch 10 | Task=Aerial] mean|h|: 1.81628
2025-03-27 20:08:21,583 - [CHECKPOINT-Main] [Epoch 10 | Task=Aerial] loss: nan, snr: nan, sinr_db: nan
2025-03-27 20:08:21,583 - [CHECKPOINT-Main] 🔚 End of Epoch=10 | Task=Aerial | Loss=nan | SINR=nandB
2025-03-27 20:08:21,583 - [CHECKPOINT-Main] 🕒 Period=evening Start
2025-03-27 20:08:21,583 - [CHECKPOINT-Main] 👥 Users in evening: 64
2025-03-27 20:08:21,584 - [CHECKPOINT-1] Task=Static | Doppler=61.48 Hz | MeanSpeed=2.37 km/h
2025-03-27 20:08:22,150 - [CHECKPOINT-2] Task=Static | Raw |h| mean=0.01251 | shape=(16, 64, 64)
2025-03-27 20:08:22,150 - [CHECKPOINT-3] Task=Static | Normalized |h| mean=0.99992
2025-03-27 20:08:22,152 - [CHECKPOINT-1] Task=Pedestrian | Doppler=196.21 Hz | MeanSpeed=7.57 km/h
2025-03-27 20:08:22,155 - [CHECKPOINT-2] Task=Pedestrian | Raw |h| mean=0.88477 | shape=(16, 64, 64)
2025-03-27 20:08:22,155 - [CHECKPOINT-3] Task=Pedestrian | Normalized |h| mean=1.00000
2025-03-27 20:08:22,157 - [CHECKPOINT-1] Task=Vehicular | Doppler=2366.45 Hz | MeanSpeed=91.28 km/h
2025-03-27 20:08:22,729 - [CHECKPOINT-2] Task=Vehicular | Raw |h| mean=0.01154 | shape=(16, 64, 64)
2025-03-27 20:08:22,730 - [CHECKPOINT-3] Task=Vehicular | Normalized |h| mean=0.99991
2025-03-27 20:08:22,732 - [CHECKPOINT-1] Task=Aerial | Doppler=840.21 Hz | MeanSpeed=32.41 km/h
2025-03-27 20:08:23,296 - [CHECKPOINT-2] Task=Aerial | Raw |h| mean=0.01181 | shape=(16, 64, 64)
2025-03-27 20:08:23,296 - [CHECKPOINT-3] Task=Aerial | Normalized |h| mean=0.99992
2025-03-27 20:08:23,297 - [CHECKPOINT-Main] ✅ Channel generation done for all tasks in evening
2025-03-27 20:08:23,297 - [CHECKPOINT-Main] 🔁 Epoch=1 start for evening
2025-03-27 20:08:23,431 - [CHECKPOINT-Main] [Epoch 1 | Task=Static] mean|w|: nan
2025-03-27 20:08:23,431 - [CHECKPOINT-Main] [Epoch 1 | Task=Static] mean|h|: 1.59447
2025-03-27 20:08:23,431 - [CHECKPOINT-Main] [Epoch 1 | Task=Static] loss: nan, snr: nan, sinr_db: nan
2025-03-27 20:08:23,431 - [CHECKPOINT-Main] 🔚 End of Epoch=1 | Task=Static | Loss=nan | SINR=nandB
2025-03-27 20:08:23,563 - [CHECKPOINT-Main] [Epoch 1 | Task=Pedestrian] mean|w|: nan
2025-03-27 20:08:23,563 - [CHECKPOINT-Main] [Epoch 1 | Task=Pedestrian] mean|h|: 1.92218
2025-03-27 20:08:23,563 - [CHECKPOINT-Main] [Epoch 1 | Task=Pedestrian] loss: nan, snr: nan, sinr_db: nan
2025-03-27 20:08:23,563 - [CHECKPOINT-Main] 🔚 End of Epoch=1 | Task=Pedestrian | Loss=nan | SINR=nandB
2025-03-27 20:08:23,695 - [CHECKPOINT-Main] [Epoch 1 | Task=Vehicular] mean|w|: nan
2025-03-27 20:08:23,695 - [CHECKPOINT-Main] [Epoch 1 | Task=Vehicular] mean|h|: 1.78653
2025-03-27 20:08:23,695 - [CHECKPOINT-Main] [Epoch 1 | Task=Vehicular] loss: nan, snr: nan, sinr_db: nan
2025-03-27 20:08:23,695 - [CHECKPOINT-Main] 🔚 End of Epoch=1 | Task=Vehicular | Loss=nan | SINR=nandB
2025-03-27 20:08:23,827 - [CHECKPOINT-Main] [Epoch 1 | Task=Aerial] mean|w|: nan
2025-03-27 20:08:23,827 - [CHECKPOINT-Main] [Epoch 1 | Task=Aerial] mean|h|: 1.80249
2025-03-27 20:08:23,827 - [CHECKPOINT-Main] [Epoch 1 | Task=Aerial] loss: nan, snr: nan, sinr_db: nan
2025-03-27 20:08:23,827 - [CHECKPOINT-Main] 🔚 End of Epoch=1 | Task=Aerial | Loss=nan | SINR=nandB
2025-03-27 20:08:23,827 - [CHECKPOINT-Main] 🔁 Epoch=2 start for evening
2025-03-27 20:08:23,955 - [CHECKPOINT-Main] [Epoch 2 | Task=Static] mean|w|: nan
2025-03-27 20:08:23,956 - [CHECKPOINT-Main] [Epoch 2 | Task=Static] mean|h|: 1.59447
2025-03-27 20:08:23,956 - [CHECKPOINT-Main] [Epoch 2 | Task=Static] loss: nan, snr: nan, sinr_db: nan
2025-03-27 20:08:23,956 - [CHECKPOINT-Main] 🔚 End of Epoch=2 | Task=Static | Loss=nan | SINR=nandB
2025-03-27 20:08:24,087 - [CHECKPOINT-Main] [Epoch 2 | Task=Pedestrian] mean|w|: nan
2025-03-27 20:08:24,088 - [CHECKPOINT-Main] [Epoch 2 | Task=Pedestrian] mean|h|: 1.92218
2025-03-27 20:08:24,088 - [CHECKPOINT-Main] [Epoch 2 | Task=Pedestrian] loss: nan, snr: nan, sinr_db: nan
2025-03-27 20:08:24,088 - [CHECKPOINT-Main] 🔚 End of Epoch=2 | Task=Pedestrian | Loss=nan | SINR=nandB
2025-03-27 20:08:24,221 - [CHECKPOINT-Main] [Epoch 2 | Task=Vehicular] mean|w|: nan
2025-03-27 20:08:24,221 - [CHECKPOINT-Main] [Epoch 2 | Task=Vehicular] mean|h|: 1.78653
2025-03-27 20:08:24,221 - [CHECKPOINT-Main] [Epoch 2 | Task=Vehicular] loss: nan, snr: nan, sinr_db: nan
2025-03-27 20:08:24,221 - [CHECKPOINT-Main] 🔚 End of Epoch=2 | Task=Vehicular | Loss=nan | SINR=nandB
2025-03-27 20:08:24,354 - [CHECKPOINT-Main] [Epoch 2 | Task=Aerial] mean|w|: nan
2025-03-27 20:08:24,354 - [CHECKPOINT-Main] [Epoch 2 | Task=Aerial] mean|h|: 1.80249
2025-03-27 20:08:24,354 - [CHECKPOINT-Main] [Epoch 2 | Task=Aerial] loss: nan, snr: nan, sinr_db: nan
2025-03-27 20:08:24,354 - [CHECKPOINT-Main] 🔚 End of Epoch=2 | Task=Aerial | Loss=nan | SINR=nandB
2025-03-27 20:08:24,354 - [CHECKPOINT-Main] 🔁 Epoch=3 start for evening
2025-03-27 20:08:24,482 - [CHECKPOINT-Main] [Epoch 3 | Task=Static] mean|w|: nan
2025-03-27 20:08:24,482 - [CHECKPOINT-Main] [Epoch 3 | Task=Static] mean|h|: 1.59447
2025-03-27 20:08:24,482 - [CHECKPOINT-Main] [Epoch 3 | Task=Static] loss: nan, snr: nan, sinr_db: nan
2025-03-27 20:08:24,482 - [CHECKPOINT-Main] 🔚 End of Epoch=3 | Task=Static | Loss=nan | SINR=nandB
2025-03-27 20:08:24,614 - [CHECKPOINT-Main] [Epoch 3 | Task=Pedestrian] mean|w|: nan
2025-03-27 20:08:24,614 - [CHECKPOINT-Main] [Epoch 3 | Task=Pedestrian] mean|h|: 1.92218
2025-03-27 20:08:24,614 - [CHECKPOINT-Main] [Epoch 3 | Task=Pedestrian] loss: nan, snr: nan, sinr_db: nan
2025-03-27 20:08:24,615 - [CHECKPOINT-Main] 🔚 End of Epoch=3 | Task=Pedestrian | Loss=nan | SINR=nandB
2025-03-27 20:08:24,746 - [CHECKPOINT-Main] [Epoch 3 | Task=Vehicular] mean|w|: nan
2025-03-27 20:08:24,747 - [CHECKPOINT-Main] [Epoch 3 | Task=Vehicular] mean|h|: 1.78653
2025-03-27 20:08:24,747 - [CHECKPOINT-Main] [Epoch 3 | Task=Vehicular] loss: nan, snr: nan, sinr_db: nan
2025-03-27 20:08:24,747 - [CHECKPOINT-Main] 🔚 End of Epoch=3 | Task=Vehicular | Loss=nan | SINR=nandB
2025-03-27 20:08:24,879 - [CHECKPOINT-Main] [Epoch 3 | Task=Aerial] mean|w|: nan
2025-03-27 20:08:24,879 - [CHECKPOINT-Main] [Epoch 3 | Task=Aerial] mean|h|: 1.80249
2025-03-27 20:08:24,879 - [CHECKPOINT-Main] [Epoch 3 | Task=Aerial] loss: nan, snr: nan, sinr_db: nan
2025-03-27 20:08:24,879 - [CHECKPOINT-Main] 🔚 End of Epoch=3 | Task=Aerial | Loss=nan | SINR=nandB
2025-03-27 20:08:24,879 - [CHECKPOINT-Main] 🔁 Epoch=4 start for evening
2025-03-27 20:08:25,007 - [CHECKPOINT-Main] [Epoch 4 | Task=Static] mean|w|: nan
2025-03-27 20:08:25,007 - [CHECKPOINT-Main] [Epoch 4 | Task=Static] mean|h|: 1.59447
2025-03-27 20:08:25,007 - [CHECKPOINT-Main] [Epoch 4 | Task=Static] loss: nan, snr: nan, sinr_db: nan
2025-03-27 20:08:25,007 - [CHECKPOINT-Main] 🔚 End of Epoch=4 | Task=Static | Loss=nan | SINR=nandB
2025-03-27 20:08:25,139 - [CHECKPOINT-Main] [Epoch 4 | Task=Pedestrian] mean|w|: nan
2025-03-27 20:08:25,139 - [CHECKPOINT-Main] [Epoch 4 | Task=Pedestrian] mean|h|: 1.92218
2025-03-27 20:08:25,140 - [CHECKPOINT-Main] [Epoch 4 | Task=Pedestrian] loss: nan, snr: nan, sinr_db: nan
2025-03-27 20:08:25,140 - [CHECKPOINT-Main] 🔚 End of Epoch=4 | Task=Pedestrian | Loss=nan | SINR=nandB
2025-03-27 20:08:25,271 - [CHECKPOINT-Main] [Epoch 4 | Task=Vehicular] mean|w|: nan
2025-03-27 20:08:25,271 - [CHECKPOINT-Main] [Epoch 4 | Task=Vehicular] mean|h|: 1.78653
2025-03-27 20:08:25,271 - [CHECKPOINT-Main] [Epoch 4 | Task=Vehicular] loss: nan, snr: nan, sinr_db: nan
2025-03-27 20:08:25,271 - [CHECKPOINT-Main] 🔚 End of Epoch=4 | Task=Vehicular | Loss=nan | SINR=nandB
2025-03-27 20:08:25,403 - [CHECKPOINT-Main] [Epoch 4 | Task=Aerial] mean|w|: nan
2025-03-27 20:08:25,403 - [CHECKPOINT-Main] [Epoch 4 | Task=Aerial] mean|h|: 1.80249
2025-03-27 20:08:25,403 - [CHECKPOINT-Main] [Epoch 4 | Task=Aerial] loss: nan, snr: nan, sinr_db: nan
2025-03-27 20:08:25,403 - [CHECKPOINT-Main] 🔚 End of Epoch=4 | Task=Aerial | Loss=nan | SINR=nandB
2025-03-27 20:08:25,403 - [CHECKPOINT-Main] 🔁 Epoch=5 start for evening
2025-03-27 20:08:25,531 - [CHECKPOINT-Main] [Epoch 5 | Task=Static] mean|w|: nan
2025-03-27 20:08:25,531 - [CHECKPOINT-Main] [Epoch 5 | Task=Static] mean|h|: 1.59447
2025-03-27 20:08:25,531 - [CHECKPOINT-Main] [Epoch 5 | Task=Static] loss: nan, snr: nan, sinr_db: nan
2025-03-27 20:08:25,531 - [CHECKPOINT-Main] 🔚 End of Epoch=5 | Task=Static | Loss=nan | SINR=nandB
2025-03-27 20:08:25,663 - [CHECKPOINT-Main] [Epoch 5 | Task=Pedestrian] mean|w|: nan
2025-03-27 20:08:25,663 - [CHECKPOINT-Main] [Epoch 5 | Task=Pedestrian] mean|h|: 1.92218
2025-03-27 20:08:25,663 - [CHECKPOINT-Main] [Epoch 5 | Task=Pedestrian] loss: nan, snr: nan, sinr_db: nan
2025-03-27 20:08:25,663 - [CHECKPOINT-Main] 🔚 End of Epoch=5 | Task=Pedestrian | Loss=nan | SINR=nandB
2025-03-27 20:08:25,794 - [CHECKPOINT-Main] [Epoch 5 | Task=Vehicular] mean|w|: nan
2025-03-27 20:08:25,795 - [CHECKPOINT-Main] [Epoch 5 | Task=Vehicular] mean|h|: 1.78653
2025-03-27 20:08:25,795 - [CHECKPOINT-Main] [Epoch 5 | Task=Vehicular] loss: nan, snr: nan, sinr_db: nan
2025-03-27 20:08:25,795 - [CHECKPOINT-Main] 🔚 End of Epoch=5 | Task=Vehicular | Loss=nan | SINR=nandB
2025-03-27 20:08:25,928 - [CHECKPOINT-Main] [Epoch 5 | Task=Aerial] mean|w|: nan
2025-03-27 20:08:25,928 - [CHECKPOINT-Main] [Epoch 5 | Task=Aerial] mean|h|: 1.80249
2025-03-27 20:08:25,928 - [CHECKPOINT-Main] [Epoch 5 | Task=Aerial] loss: nan, snr: nan, sinr_db: nan
2025-03-27 20:08:25,928 - [CHECKPOINT-Main] 🔚 End of Epoch=5 | Task=Aerial | Loss=nan | SINR=nandB
2025-03-27 20:08:25,928 - [CHECKPOINT-Main] 🔁 Epoch=6 start for evening
2025-03-27 20:08:26,059 - [CHECKPOINT-Main] [Epoch 6 | Task=Static] mean|w|: nan
2025-03-27 20:08:26,059 - [CHECKPOINT-Main] [Epoch 6 | Task=Static] mean|h|: 1.59447
2025-03-27 20:08:26,059 - [CHECKPOINT-Main] [Epoch 6 | Task=Static] loss: nan, snr: nan, sinr_db: nan
2025-03-27 20:08:26,059 - [CHECKPOINT-Main] 🔚 End of Epoch=6 | Task=Static | Loss=nan | SINR=nandB
2025-03-27 20:08:26,190 - [CHECKPOINT-Main] [Epoch 6 | Task=Pedestrian] mean|w|: nan
2025-03-27 20:08:26,190 - [CHECKPOINT-Main] [Epoch 6 | Task=Pedestrian] mean|h|: 1.92218
2025-03-27 20:08:26,190 - [CHECKPOINT-Main] [Epoch 6 | Task=Pedestrian] loss: nan, snr: nan, sinr_db: nan
2025-03-27 20:08:26,190 - [CHECKPOINT-Main] 🔚 End of Epoch=6 | Task=Pedestrian | Loss=nan | SINR=nandB
2025-03-27 20:08:26,322 - [CHECKPOINT-Main] [Epoch 6 | Task=Vehicular] mean|w|: nan
2025-03-27 20:08:26,322 - [CHECKPOINT-Main] [Epoch 6 | Task=Vehicular] mean|h|: 1.78653
2025-03-27 20:08:26,322 - [CHECKPOINT-Main] [Epoch 6 | Task=Vehicular] loss: nan, snr: nan, sinr_db: nan
2025-03-27 20:08:26,322 - [CHECKPOINT-Main] 🔚 End of Epoch=6 | Task=Vehicular | Loss=nan | SINR=nandB
2025-03-27 20:08:26,453 - [CHECKPOINT-Main] [Epoch 6 | Task=Aerial] mean|w|: nan
2025-03-27 20:08:26,454 - [CHECKPOINT-Main] [Epoch 6 | Task=Aerial] mean|h|: 1.80249
2025-03-27 20:08:26,454 - [CHECKPOINT-Main] [Epoch 6 | Task=Aerial] loss: nan, snr: nan, sinr_db: nan
2025-03-27 20:08:26,454 - [CHECKPOINT-Main] 🔚 End of Epoch=6 | Task=Aerial | Loss=nan | SINR=nandB
2025-03-27 20:08:26,454 - [CHECKPOINT-Main] 🔁 Epoch=7 start for evening
2025-03-27 20:08:26,582 - [CHECKPOINT-Main] [Epoch 7 | Task=Static] mean|w|: nan
2025-03-27 20:08:26,582 - [CHECKPOINT-Main] [Epoch 7 | Task=Static] mean|h|: 1.59447
2025-03-27 20:08:26,582 - [CHECKPOINT-Main] [Epoch 7 | Task=Static] loss: nan, snr: nan, sinr_db: nan
2025-03-27 20:08:26,582 - [CHECKPOINT-Main] 🔚 End of Epoch=7 | Task=Static | Loss=nan | SINR=nandB
2025-03-27 20:08:26,714 - [CHECKPOINT-Main] [Epoch 7 | Task=Pedestrian] mean|w|: nan
2025-03-27 20:08:26,714 - [CHECKPOINT-Main] [Epoch 7 | Task=Pedestrian] mean|h|: 1.92218
2025-03-27 20:08:26,714 - [CHECKPOINT-Main] [Epoch 7 | Task=Pedestrian] loss: nan, snr: nan, sinr_db: nan
2025-03-27 20:08:26,714 - [CHECKPOINT-Main] 🔚 End of Epoch=7 | Task=Pedestrian | Loss=nan | SINR=nandB
2025-03-27 20:08:26,846 - [CHECKPOINT-Main] [Epoch 7 | Task=Vehicular] mean|w|: nan
2025-03-27 20:08:26,847 - [CHECKPOINT-Main] [Epoch 7 | Task=Vehicular] mean|h|: 1.78653
2025-03-27 20:08:26,847 - [CHECKPOINT-Main] [Epoch 7 | Task=Vehicular] loss: nan, snr: nan, sinr_db: nan
2025-03-27 20:08:26,847 - [CHECKPOINT-Main] 🔚 End of Epoch=7 | Task=Vehicular | Loss=nan | SINR=nandB
2025-03-27 20:08:26,981 - [CHECKPOINT-Main] [Epoch 7 | Task=Aerial] mean|w|: nan
2025-03-27 20:08:26,981 - [CHECKPOINT-Main] [Epoch 7 | Task=Aerial] mean|h|: 1.80249
2025-03-27 20:08:26,981 - [CHECKPOINT-Main] [Epoch 7 | Task=Aerial] loss: nan, snr: nan, sinr_db: nan
2025-03-27 20:08:26,981 - [CHECKPOINT-Main] 🔚 End of Epoch=7 | Task=Aerial | Loss=nan | SINR=nandB
2025-03-27 20:08:26,981 - [CHECKPOINT-Main] 🔁 Epoch=8 start for evening
2025-03-27 20:08:27,109 - [CHECKPOINT-Main] [Epoch 8 | Task=Static] mean|w|: nan
2025-03-27 20:08:27,109 - [CHECKPOINT-Main] [Epoch 8 | Task=Static] mean|h|: 1.59447
2025-03-27 20:08:27,109 - [CHECKPOINT-Main] [Epoch 8 | Task=Static] loss: nan, snr: nan, sinr_db: nan
2025-03-27 20:08:27,109 - [CHECKPOINT-Main] 🔚 End of Epoch=8 | Task=Static | Loss=nan | SINR=nandB
2025-03-27 20:08:27,240 - [CHECKPOINT-Main] [Epoch 8 | Task=Pedestrian] mean|w|: nan
2025-03-27 20:08:27,241 - [CHECKPOINT-Main] [Epoch 8 | Task=Pedestrian] mean|h|: 1.92218
2025-03-27 20:08:27,241 - [CHECKPOINT-Main] [Epoch 8 | Task=Pedestrian] loss: nan, snr: nan, sinr_db: nan
2025-03-27 20:08:27,241 - [CHECKPOINT-Main] 🔚 End of Epoch=8 | Task=Pedestrian | Loss=nan | SINR=nandB
2025-03-27 20:08:27,372 - [CHECKPOINT-Main] [Epoch 8 | Task=Vehicular] mean|w|: nan
2025-03-27 20:08:27,372 - [CHECKPOINT-Main] [Epoch 8 | Task=Vehicular] mean|h|: 1.78653
2025-03-27 20:08:27,372 - [CHECKPOINT-Main] [Epoch 8 | Task=Vehicular] loss: nan, snr: nan, sinr_db: nan
2025-03-27 20:08:27,372 - [CHECKPOINT-Main] 🔚 End of Epoch=8 | Task=Vehicular | Loss=nan | SINR=nandB
2025-03-27 20:08:27,504 - [CHECKPOINT-Main] [Epoch 8 | Task=Aerial] mean|w|: nan
2025-03-27 20:08:27,504 - [CHECKPOINT-Main] [Epoch 8 | Task=Aerial] mean|h|: 1.80249
2025-03-27 20:08:27,504 - [CHECKPOINT-Main] [Epoch 8 | Task=Aerial] loss: nan, snr: nan, sinr_db: nan
2025-03-27 20:08:27,504 - [CHECKPOINT-Main] 🔚 End of Epoch=8 | Task=Aerial | Loss=nan | SINR=nandB
2025-03-27 20:08:27,504 - [CHECKPOINT-Main] 🔁 Epoch=9 start for evening
2025-03-27 20:08:27,632 - [CHECKPOINT-Main] [Epoch 9 | Task=Static] mean|w|: nan
2025-03-27 20:08:27,632 - [CHECKPOINT-Main] [Epoch 9 | Task=Static] mean|h|: 1.59447
2025-03-27 20:08:27,632 - [CHECKPOINT-Main] [Epoch 9 | Task=Static] loss: nan, snr: nan, sinr_db: nan
2025-03-27 20:08:27,632 - [CHECKPOINT-Main] 🔚 End of Epoch=9 | Task=Static | Loss=nan | SINR=nandB
2025-03-27 20:08:27,764 - [CHECKPOINT-Main] [Epoch 9 | Task=Pedestrian] mean|w|: nan
2025-03-27 20:08:27,764 - [CHECKPOINT-Main] [Epoch 9 | Task=Pedestrian] mean|h|: 1.92218
2025-03-27 20:08:27,764 - [CHECKPOINT-Main] [Epoch 9 | Task=Pedestrian] loss: nan, snr: nan, sinr_db: nan
2025-03-27 20:08:27,764 - [CHECKPOINT-Main] 🔚 End of Epoch=9 | Task=Pedestrian | Loss=nan | SINR=nandB
2025-03-27 20:08:27,895 - [CHECKPOINT-Main] [Epoch 9 | Task=Vehicular] mean|w|: nan
2025-03-27 20:08:27,896 - [CHECKPOINT-Main] [Epoch 9 | Task=Vehicular] mean|h|: 1.78653
2025-03-27 20:08:27,896 - [CHECKPOINT-Main] [Epoch 9 | Task=Vehicular] loss: nan, snr: nan, sinr_db: nan
2025-03-27 20:08:27,896 - [CHECKPOINT-Main] 🔚 End of Epoch=9 | Task=Vehicular | Loss=nan | SINR=nandB
2025-03-27 20:08:28,027 - [CHECKPOINT-Main] [Epoch 9 | Task=Aerial] mean|w|: nan
2025-03-27 20:08:28,027 - [CHECKPOINT-Main] [Epoch 9 | Task=Aerial] mean|h|: 1.80249
2025-03-27 20:08:28,027 - [CHECKPOINT-Main] [Epoch 9 | Task=Aerial] loss: nan, snr: nan, sinr_db: nan
2025-03-27 20:08:28,027 - [CHECKPOINT-Main] 🔚 End of Epoch=9 | Task=Aerial | Loss=nan | SINR=nandB
2025-03-27 20:08:28,027 - [CHECKPOINT-Main] 🔁 Epoch=10 start for evening
2025-03-27 20:08:28,155 - [CHECKPOINT-Main] [Epoch 10 | Task=Static] mean|w|: nan
2025-03-27 20:08:28,155 - [CHECKPOINT-Main] [Epoch 10 | Task=Static] mean|h|: 1.59447
2025-03-27 20:08:28,155 - [CHECKPOINT-Main] [Epoch 10 | Task=Static] loss: nan, snr: nan, sinr_db: nan
2025-03-27 20:08:28,155 - [CHECKPOINT-Main] 🔚 End of Epoch=10 | Task=Static | Loss=nan | SINR=nandB
2025-03-27 20:08:28,286 - [CHECKPOINT-Main] [Epoch 10 | Task=Pedestrian] mean|w|: nan
2025-03-27 20:08:28,286 - [CHECKPOINT-Main] [Epoch 10 | Task=Pedestrian] mean|h|: 1.92218
2025-03-27 20:08:28,286 - [CHECKPOINT-Main] [Epoch 10 | Task=Pedestrian] loss: nan, snr: nan, sinr_db: nan
2025-03-27 20:08:28,287 - [CHECKPOINT-Main] 🔚 End of Epoch=10 | Task=Pedestrian | Loss=nan | SINR=nandB
2025-03-27 20:08:28,418 - [CHECKPOINT-Main] [Epoch 10 | Task=Vehicular] mean|w|: nan
2025-03-27 20:08:28,418 - [CHECKPOINT-Main] [Epoch 10 | Task=Vehicular] mean|h|: 1.78653
2025-03-27 20:08:28,419 - [CHECKPOINT-Main] [Epoch 10 | Task=Vehicular] loss: nan, snr: nan, sinr_db: nan
2025-03-27 20:08:28,419 - [CHECKPOINT-Main] 🔚 End of Epoch=10 | Task=Vehicular | Loss=nan | SINR=nandB
2025-03-27 20:08:28,550 - [CHECKPOINT-Main] [Epoch 10 | Task=Aerial] mean|w|: nan
2025-03-27 20:08:28,550 - [CHECKPOINT-Main] [Epoch 10 | Task=Aerial] mean|h|: 1.80249
2025-03-27 20:08:28,550 - [CHECKPOINT-Main] [Epoch 10 | Task=Aerial] loss: nan, snr: nan, sinr_db: nan
2025-03-27 20:08:28,550 - [CHECKPOINT-Main] 🔚 End of Epoch=10 | Task=Aerial | Loss=nan | SINR=nandB
2025-03-27 20:08:28,572 - [CHECKPOINT-Main] 💾 Weights saved to weights_seed_42.h5
2025-03-27 20:08:28,572 - [CHECKPOINT-Main] ✅ Training completed. Proceeding to inference...
2025-03-27 20:08:28,573 - [CHECKPOINT-1] Task=Mixed | Doppler=1461.44 Hz | MeanSpeed=56.37 km/h
2025-03-27 20:08:29,293 - [CHECKPOINT-2] Task=Mixed | Raw |h| mean=0.01237 | shape=(16, 64, 64)
2025-03-27 20:08:29,294 - [CHECKPOINT-3] Task=Mixed | Normalized |h| mean=0.99992
2025-03-27 20:08:29,300 - [CHECKPOINT-1] Task=Mixed | Inference Iter=1 | Doppler=353.24 Hz | MeanSpeed=13.63 km/h
