[Task 0 - Static][Epoch 10] Avg Loss=0.007324 (T=0.007324, R=0.000000) | Avg SINR=9.97 dB | Avg Thrpt=3.3191 | Avg |dot|=0.7987
[Task 0 - Static][Epoch 20] Avg Loss=0.002842 (T=0.002842, R=0.000000) | Avg SINR=11.44 dB | Avg Thrpt=3.7648 | Avg |dot|=0.9472
[Task 0 - Static][Epoch 30] Avg Loss=0.001979 (T=0.001979, R=0.000000) | Avg SINR=11.69 dB | Avg Thrpt=3.8374 | Avg |dot|=0.9763
[Task 0 - Static][Epoch 40] Avg Loss=0.001636 (T=0.001636, R=0.000000) | Avg SINR=11.82 dB | Avg Thrpt=3.8780 | Avg |dot|=0.9870
[Task 0 - Static][Epoch 50] Avg Loss=0.001486 (T=0.001486, R=0.000000) | Avg SINR=11.82 dB | Avg Thrpt=3.8817 | Avg |dot|=0.9923
[Task 1 - Pedestrian][Epoch 10] Avg Loss=0.003461 (T=0.002354, R=0.002213) | Avg SINR=11.61 dB | Avg Thrpt=3.8129 | Avg |dot|=0.9634
[Task 1 - Pedestrian][Epoch 20] Avg Loss=0.002181 (T=0.001486, R=0.001390) | Avg SINR=11.84 dB | Avg Thrpt=3.8854 | Avg |dot|=0.9926
[Task 1 - Pedestrian][Epoch 30] Avg Loss=0.002050 (T=0.001392, R=0.001315) | Avg SINR=11.91 dB | Avg Thrpt=3.9024 | Avg |dot|=0.9951
[Task 1 - Pedestrian][Epoch 40] Avg Loss=0.001995 (T=0.001358, R=0.001274) | Avg SINR=11.88 dB | Avg Thrpt=3.9012 | Avg |dot|=0.9964
[Task 1 - Pedestrian][Epoch 50] Avg Loss=0.001973 (T=0.001336, R=0.001275) | Avg SINR=11.90 dB | Avg Thrpt=3.9015 | Avg |dot|=0.9971
[Task 2 - Vehicular][Epoch 10] Avg Loss=0.008735 (T=0.005866, R=0.005739) | Avg SINR=10.50 dB | Avg Thrpt=3.4812 | Avg |dot|=0.8467
[Task 2 - Vehicular][Epoch 20] Avg Loss=0.002963 (T=0.001985, R=0.001957) | Avg SINR=11.74 dB | Avg Thrpt=3.8540 | Avg |dot|=0.9753
[Task 2 - Vehicular][Epoch 30] Avg Loss=0.002109 (T=0.001411, R=0.001396) | Avg SINR=11.90 dB | Avg Thrpt=3.9011 | Avg |dot|=0.9946
[Task 2 - Vehicular][Epoch 40] Avg Loss=0.001971 (T=0.001327, R=0.001288) | Avg SINR=11.92 dB | Avg Thrpt=3.9077 | Avg |dot|=0.9972
[Task 2 - Vehicular][Epoch 50] Avg Loss=0.001986 (T=0.001333, R=0.001307) | Avg SINR=11.85 dB | Avg Thrpt=3.8911 | Avg |dot|=0.9978
[Task 3 - Aerial][Epoch 10] Avg Loss=0.014218 (T=0.009509, R=0.009417) | Avg SINR=9.16 dB | Avg Thrpt=3.0778 | Avg |dot|=0.7267
[Task 3 - Aerial][Epoch 20] Avg Loss=0.005469 (T=0.003659, R=0.003621) | Avg SINR=11.19 dB | Avg Thrpt=3.6869 | Avg |dot|=0.9200
[Task 3 - Aerial][Epoch 30] Avg Loss=0.002847 (T=0.001901, R=0.001893) | Avg SINR=11.73 dB | Avg Thrpt=3.8505 | Avg |dot|=0.9784
[Task 3 - Aerial][Epoch 40] Avg Loss=0.002125 (T=0.001424, R=0.001401) | Avg SINR=11.91 dB | Avg Thrpt=3.9004 | Avg |dot|=0.9940
[Task 3 - Aerial][Epoch 50] Avg Loss=0.001979 (T=0.001319, R=0.001319) | Avg SINR=11.91 dB | Avg Thrpt=3.9054 | Avg |dot|=0.9976

--- CL Metrics Summary ---
  Average Final |dot| (Acc): 0.9963
  Average Final SINR: 11.89 dB
  Average Final Throughput: 3.9039 bps/Hz
  Average Computational Latency: 0.0509 ms/sample
  Backward Transfer |dot| (BWT): -0.3813
  Backward Transfer SINR (BWT): -4.18 dB
  Backward Transfer Thrpt (BWT): -1.2444 bps/Hz
  Total Training Time: 758.01 s
  Estimated Training Energy: 303205.00 J (0.0842 kWh)
--- Task Performance Matrix (|dot|) ---
Task Learned | Eval T0 | Eval T1 | Eval T2 | Eval T3
-----------------------------------------------------
     Task 0    | 0.9925 |   nan  |   nan  |   nan 
     Task 1    | 0.8226 | 0.9971 |   nan  |   nan 
     Task 2    | 0.6722 | 0.7375 | 0.9978 |   nan 
     Task 3    | 0.5405 | 0.5842 | 0.7189 | 0.9976
--- Task Performance Matrix (SINR dB) ---
Task Learned | Eval T0 | Eval T1 | Eval T2 | Eval T3
-----------------------------------------------------
     Task 0    | 11.82 |  nan  |  nan  |  nan 
     Task 1    | 10.27 | 11.92 |  nan  |  nan 
     Task 2    | 8.57 | 9.31 | 11.87 |  nan 
     Task 3    | 6.72 | 7.26 | 9.08 | 11.96
