2025-03-23 15:07:33,026 - INFO - Starting run with seed 0
2025-03-23 15:07:35,317 - INFO - Task Static (1/4)
2025-03-23 15:07:35,318 - INFO - Task Static: Doppler Freq = 73.51 Hz
2025-03-23 15:07:36,932 - INFO - Task Static: Final channel shape = (200, 5, 32)
2025-03-23 15:07:38,098 - WARNING - You are casting an input of type complex64 to an incompatible dtype float32.  This will discard the imaginary part and may not be what you intended.
2025-03-23 15:07:38,409 - WARNING - You are casting an input of type complex64 to an incompatible dtype float32.  This will discard the imaginary part and may not be what you intended.
2025-03-23 15:07:39,003 - WARNING - You are casting an input of type complex64 to an incompatible dtype float32.  This will discard the imaginary part and may not be what you intended.
2025-03-23 15:07:44,323 - INFO - Epoch 1/4 - Batch 0 - Loss: 0.1155, Gen Loss: 0.0000
2025-03-23 15:07:44,618 - INFO - Epoch 1/4 - Batch 1 - Loss: 0.2434, Gen Loss: -0.5432
2025-03-23 15:07:44,663 - INFO - Epoch 1/4 - Batch 2 - Loss: -0.4390, Gen Loss: -0.9697
2025-03-23 15:07:44,710 - INFO - Epoch 1/4 - Batch 3 - Loss: -1.1552, Gen Loss: -1.2378
2025-03-23 15:07:44,756 - INFO - Epoch 1/4 - Batch 4 - Loss: -1.4281, Gen Loss: -1.5001
2025-03-23 15:07:44,802 - INFO - Epoch 1/4 - Batch 5 - Loss: -2.3355, Gen Loss: -1.9218
2025-03-23 15:07:48,041 - INFO - Epoch 1/4 - Batch 6 - Loss: -2.7036, Gen Loss: -2.5148
2025-03-23 15:07:48,091 - INFO - Epoch 2/4 - Batch 0 - Loss: -2.5807, Gen Loss: -2.4143
2025-03-23 15:07:48,135 - INFO - Epoch 2/4 - Batch 1 - Loss: -2.8377, Gen Loss: -2.5118
2025-03-23 15:07:48,182 - INFO - Epoch 2/4 - Batch 2 - Loss: -3.1489, Gen Loss: -2.8818
2025-03-23 15:07:48,228 - INFO - Epoch 2/4 - Batch 3 - Loss: -3.1736, Gen Loss: -2.7054
2025-03-23 15:07:48,275 - INFO - Epoch 2/4 - Batch 4 - Loss: -3.1570, Gen Loss: -3.0535
2025-03-23 15:07:48,322 - INFO - Epoch 2/4 - Batch 5 - Loss: -3.3904, Gen Loss: -3.1448
2025-03-23 15:07:48,369 - INFO - Epoch 2/4 - Batch 6 - Loss: -2.6544, Gen Loss: -2.8401
2025-03-23 15:07:48,422 - INFO - Epoch 3/4 - Batch 0 - Loss: -3.2410, Gen Loss: -3.2321
2025-03-23 15:07:48,469 - INFO - Epoch 3/4 - Batch 1 - Loss: -3.2879, Gen Loss: -3.1256
2025-03-23 15:07:48,516 - INFO - Epoch 3/4 - Batch 2 - Loss: -3.4449, Gen Loss: -3.3890
2025-03-23 15:07:48,563 - INFO - Epoch 3/4 - Batch 3 - Loss: -3.5035, Gen Loss: -3.4247
2025-03-23 15:07:48,609 - INFO - Epoch 3/4 - Batch 4 - Loss: -3.4476, Gen Loss: -3.3258
2025-03-23 15:07:48,654 - INFO - Epoch 3/4 - Batch 5 - Loss: -3.4364, Gen Loss: -3.2759
2025-03-23 15:07:48,703 - INFO - Epoch 3/4 - Batch 6 - Loss: -3.7312, Gen Loss: -3.1935
2025-03-23 15:07:48,759 - INFO - Epoch 4/4 - Batch 0 - Loss: -3.2778, Gen Loss: -3.3136
2025-03-23 15:07:48,805 - INFO - Epoch 4/4 - Batch 1 - Loss: -3.4423, Gen Loss: -3.2661
2025-03-23 15:07:48,851 - INFO - Epoch 4/4 - Batch 2 - Loss: -3.3578, Gen Loss: -3.3425
2025-03-23 15:07:48,898 - INFO - Epoch 4/4 - Batch 3 - Loss: -3.5983, Gen Loss: -3.2516
2025-03-23 15:07:48,946 - INFO - Epoch 4/4 - Batch 4 - Loss: -3.4998, Gen Loss: -3.3477
2025-03-23 15:07:48,993 - INFO - Epoch 4/4 - Batch 5 - Loss: -3.5482, Gen Loss: -3.5151
2025-03-23 15:07:49,039 - INFO - Epoch 4/4 - Batch 6 - Loss: -3.2400, Gen Loss: -3.2806
2025-03-23 15:07:49,168 - INFO - Checkpoint saved at checkpoints/seed_0/task_Static
2025-03-23 15:07:49,391 - INFO - Task Pedestrian (2/4)
2025-03-23 15:07:49,391 - INFO - Task Pedestrian: Doppler Freq = 215.76 Hz
2025-03-23 15:07:49,792 - INFO - Task Pedestrian: Final channel shape = (200, 5, 32)
2025-03-23 15:07:49,844 - INFO - Epoch 1/4 - Batch 0 - Loss: -3.5456, Gen Loss: -3.3944
2025-03-23 15:07:49,888 - INFO - Epoch 1/4 - Batch 1 - Loss: -3.3707, Gen Loss: -3.4201
2025-03-23 15:07:49,934 - INFO - Epoch 1/4 - Batch 2 - Loss: -3.5302, Gen Loss: -3.6269
2025-03-23 15:07:49,980 - INFO - Epoch 1/4 - Batch 3 - Loss: -3.5361, Gen Loss: -3.6146
2025-03-23 15:07:50,027 - INFO - Epoch 1/4 - Batch 4 - Loss: -3.4913, Gen Loss: -3.5904
2025-03-23 15:07:50,072 - INFO - Epoch 1/4 - Batch 5 - Loss: -3.5449, Gen Loss: -3.5841
2025-03-23 15:07:50,120 - INFO - Epoch 1/4 - Batch 6 - Loss: -3.7196, Gen Loss: -3.7211
2025-03-23 15:07:50,174 - INFO - Epoch 2/4 - Batch 0 - Loss: -3.6088, Gen Loss: -3.5241
2025-03-23 15:07:50,219 - INFO - Epoch 2/4 - Batch 1 - Loss: -3.5650, Gen Loss: -3.5938
2025-03-23 15:07:50,265 - INFO - Epoch 2/4 - Batch 2 - Loss: -3.5846, Gen Loss: -3.6723
2025-03-23 15:07:50,310 - INFO - Epoch 2/4 - Batch 3 - Loss: -3.5551, Gen Loss: -3.6511
2025-03-23 15:07:50,355 - INFO - Epoch 2/4 - Batch 4 - Loss: -3.6003, Gen Loss: -3.6383
2025-03-23 15:07:50,401 - INFO - Epoch 2/4 - Batch 5 - Loss: -3.5835, Gen Loss: -3.6669
2025-03-23 15:07:50,449 - INFO - Epoch 2/4 - Batch 6 - Loss: -3.4488, Gen Loss: -3.5066
2025-03-23 15:07:50,503 - INFO - Epoch 3/4 - Batch 0 - Loss: -3.6617, Gen Loss: -3.5857
2025-03-23 15:07:50,548 - INFO - Epoch 3/4 - Batch 1 - Loss: -3.5744, Gen Loss: -3.5771
2025-03-23 15:07:50,595 - INFO - Epoch 3/4 - Batch 2 - Loss: -3.6207, Gen Loss: -3.7103
2025-03-23 15:07:50,642 - INFO - Epoch 3/4 - Batch 3 - Loss: -3.5343, Gen Loss: -3.6329
2025-03-23 15:07:50,686 - INFO - Epoch 3/4 - Batch 4 - Loss: -3.5821, Gen Loss: -3.6298
2025-03-23 15:07:50,734 - INFO - Epoch 3/4 - Batch 5 - Loss: -3.6270, Gen Loss: -3.6750
2025-03-23 15:07:50,780 - INFO - Epoch 3/4 - Batch 6 - Loss: -3.7948, Gen Loss: -3.6837
2025-03-23 15:07:50,834 - INFO - Epoch 4/4 - Batch 0 - Loss: -3.7064, Gen Loss: -3.6119
2025-03-23 15:07:50,880 - INFO - Epoch 4/4 - Batch 1 - Loss: -3.7335, Gen Loss: -3.6584
2025-03-23 15:07:50,926 - INFO - Epoch 4/4 - Batch 2 - Loss: -3.6031, Gen Loss: -3.5903
2025-03-23 15:07:50,972 - INFO - Epoch 4/4 - Batch 3 - Loss: -3.6791, Gen Loss: -3.7495
2025-03-23 15:07:51,016 - INFO - Epoch 4/4 - Batch 4 - Loss: -3.6589, Gen Loss: -3.6666
2025-03-23 15:07:51,061 - INFO - Epoch 4/4 - Batch 5 - Loss: -3.6846, Gen Loss: -3.6802
2025-03-23 15:07:51,108 - INFO - Epoch 4/4 - Batch 6 - Loss: -3.9167, Gen Loss: -3.1452
2025-03-23 15:07:51,188 - INFO - Checkpoint saved at checkpoints/seed_0/task_Pedestrian
2025-03-23 15:07:51,426 - INFO - Task Vehicular (3/4)
2025-03-23 15:07:51,426 - INFO - Task Vehicular: Doppler Freq = 2453.20 Hz
2025-03-23 15:07:53,036 - INFO - Task Vehicular: Final channel shape = (200, 5, 32)
2025-03-23 15:07:53,093 - INFO - Epoch 1/4 - Batch 0 - Loss: -3.6525, Gen Loss: -3.5419
2025-03-23 15:07:53,135 - INFO - Epoch 1/4 - Batch 1 - Loss: -3.6542, Gen Loss: -3.5090
2025-03-23 15:07:53,181 - INFO - Epoch 1/4 - Batch 2 - Loss: -3.6885, Gen Loss: -3.2859
2025-03-23 15:07:53,238 - INFO - Epoch 1/4 - Batch 3 - Loss: -3.6395, Gen Loss: -3.2891
2025-03-23 15:07:53,284 - INFO - Epoch 1/4 - Batch 4 - Loss: -3.6706, Gen Loss: -3.2754
2025-03-23 15:07:53,331 - INFO - Epoch 1/4 - Batch 5 - Loss: -3.6196, Gen Loss: -3.5975
2025-03-23 15:07:53,379 - INFO - Epoch 1/4 - Batch 6 - Loss: -3.7738, Gen Loss: -3.8419
2025-03-23 15:07:53,428 - INFO - Epoch 2/4 - Batch 0 - Loss: -3.6758, Gen Loss: -3.7170
2025-03-23 15:07:53,474 - INFO - Epoch 2/4 - Batch 1 - Loss: -3.6556, Gen Loss: -3.4448
2025-03-23 15:07:53,522 - INFO - Epoch 2/4 - Batch 2 - Loss: -3.7501, Gen Loss: -3.0398
2025-03-23 15:07:53,568 - INFO - Epoch 2/4 - Batch 3 - Loss: -3.6400, Gen Loss: -3.2157
2025-03-23 15:07:53,611 - INFO - Epoch 2/4 - Batch 4 - Loss: -3.6588, Gen Loss: -3.0863
2025-03-23 15:07:53,656 - INFO - Epoch 2/4 - Batch 5 - Loss: -3.6021, Gen Loss: -3.2896
2025-03-23 15:07:53,703 - INFO - Epoch 2/4 - Batch 6 - Loss: -3.5527, Gen Loss: -3.6506
2025-03-23 15:07:53,756 - INFO - Epoch 3/4 - Batch 0 - Loss: -3.6861, Gen Loss: -3.6657
2025-03-23 15:07:53,801 - INFO - Epoch 3/4 - Batch 1 - Loss: -3.5965, Gen Loss: -3.5693
2025-03-23 15:07:53,846 - INFO - Epoch 3/4 - Batch 2 - Loss: -3.6989, Gen Loss: -3.1380
2025-03-23 15:07:53,893 - INFO - Epoch 3/4 - Batch 3 - Loss: -3.7079, Gen Loss: -3.3745
2025-03-23 15:07:53,938 - INFO - Epoch 3/4 - Batch 4 - Loss: -3.7387, Gen Loss: -3.3459
2025-03-23 15:07:53,987 - INFO - Epoch 3/4 - Batch 5 - Loss: -3.6008, Gen Loss: -3.7024
2025-03-23 15:07:54,034 - INFO - Epoch 3/4 - Batch 6 - Loss: -3.7467, Gen Loss: -3.7402
2025-03-23 15:07:54,089 - INFO - Epoch 4/4 - Batch 0 - Loss: -3.7558, Gen Loss: -3.7080
2025-03-23 15:07:54,136 - INFO - Epoch 4/4 - Batch 1 - Loss: -3.6953, Gen Loss: -3.6344
2025-03-23 15:07:54,183 - INFO - Epoch 4/4 - Batch 2 - Loss: -3.7607, Gen Loss: -3.4205
2025-03-23 15:07:54,231 - INFO - Epoch 4/4 - Batch 3 - Loss: -3.7253, Gen Loss: -3.4191
2025-03-23 15:07:54,278 - INFO - Epoch 4/4 - Batch 4 - Loss: -3.6643, Gen Loss: -3.4541
2025-03-23 15:07:54,325 - INFO - Epoch 4/4 - Batch 5 - Loss: -3.7338, Gen Loss: -3.7218
2025-03-23 15:07:54,373 - INFO - Epoch 4/4 - Batch 6 - Loss: -3.4168, Gen Loss: -3.5354
2025-03-23 15:07:54,446 - INFO - Checkpoint saved at checkpoints/seed_0/task_Vehicular
2025-03-23 15:07:54,689 - INFO - Task Aerial (4/4)
2025-03-23 15:07:54,689 - INFO - Task Aerial: Doppler Freq = 921.12 Hz
2025-03-23 15:07:56,309 - INFO - Task Aerial: Final channel shape = (200, 5, 32)
2025-03-23 15:07:56,362 - INFO - Epoch 1/4 - Batch 0 - Loss: -3.7116, Gen Loss: -3.6238
2025-03-23 15:07:56,406 - INFO - Epoch 1/4 - Batch 1 - Loss: -3.6279, Gen Loss: -3.6957
2025-03-23 15:07:56,452 - INFO - Epoch 1/4 - Batch 2 - Loss: -3.7083, Gen Loss: -3.5464
2025-03-23 15:07:56,497 - INFO - Epoch 1/4 - Batch 3 - Loss: -3.7092, Gen Loss: -3.6132
2025-03-23 15:07:56,544 - INFO - Epoch 1/4 - Batch 4 - Loss: -3.6868, Gen Loss: -3.7252
2025-03-23 15:07:56,593 - INFO - Epoch 1/4 - Batch 5 - Loss: -3.6642, Gen Loss: -3.6886
2025-03-23 15:07:56,639 - INFO - Epoch 1/4 - Batch 6 - Loss: -3.6734, Gen Loss: -3.6999
2025-03-23 15:07:56,693 - INFO - Epoch 2/4 - Batch 0 - Loss: -3.7655, Gen Loss: -3.7237
2025-03-23 15:07:56,748 - INFO - Epoch 2/4 - Batch 1 - Loss: -3.6271, Gen Loss: -3.6776
2025-03-23 15:07:56,793 - INFO - Epoch 2/4 - Batch 2 - Loss: -3.7540, Gen Loss: -3.6077
2025-03-23 15:07:56,839 - INFO - Epoch 2/4 - Batch 3 - Loss: -3.6614, Gen Loss: -3.6750
2025-03-23 15:07:56,886 - INFO - Epoch 2/4 - Batch 4 - Loss: -3.6804, Gen Loss: -3.7158
2025-03-23 15:07:56,932 - INFO - Epoch 2/4 - Batch 5 - Loss: -3.6996, Gen Loss: -3.7702
2025-03-23 15:07:56,991 - INFO - Epoch 2/4 - Batch 6 - Loss: -3.8482, Gen Loss: -3.8040
2025-03-23 15:07:57,059 - INFO - Epoch 3/4 - Batch 0 - Loss: -3.8110, Gen Loss: -3.7919
2025-03-23 15:07:57,109 - INFO - Epoch 3/4 - Batch 1 - Loss: -3.6912, Gen Loss: -3.7225
2025-03-23 15:07:57,159 - INFO - Epoch 3/4 - Batch 2 - Loss: -3.7747, Gen Loss: -3.4969
2025-03-23 15:07:57,206 - INFO - Epoch 3/4 - Batch 3 - Loss: -3.8031, Gen Loss: -3.8362
2025-03-23 15:07:57,253 - INFO - Epoch 3/4 - Batch 4 - Loss: -3.7800, Gen Loss: -3.7281
2025-03-23 15:07:57,298 - INFO - Epoch 3/4 - Batch 5 - Loss: -3.7497, Gen Loss: -3.8057
2025-03-23 15:07:57,351 - INFO - Epoch 3/4 - Batch 6 - Loss: -3.8347, Gen Loss: -3.7878
2025-03-23 15:07:57,404 - INFO - Epoch 4/4 - Batch 0 - Loss: -3.8861, Gen Loss: -3.8847
2025-03-23 15:07:57,450 - INFO - Epoch 4/4 - Batch 1 - Loss: -3.7223, Gen Loss: -3.7419
2025-03-23 15:07:57,497 - INFO - Epoch 4/4 - Batch 2 - Loss: -3.8210, Gen Loss: -3.6886
2025-03-23 15:07:57,545 - INFO - Epoch 4/4 - Batch 3 - Loss: -3.7447, Gen Loss: -3.7601
2025-03-23 15:07:57,595 - INFO - Epoch 4/4 - Batch 4 - Loss: -3.7202, Gen Loss: -3.7329
2025-03-23 15:07:57,642 - INFO - Epoch 4/4 - Batch 5 - Loss: -3.7487, Gen Loss: -3.7161
2025-03-23 15:07:57,689 - INFO - Epoch 4/4 - Batch 6 - Loss: -3.9798, Gen Loss: -3.8250
2025-03-23 15:07:57,761 - INFO - Checkpoint saved at checkpoints/seed_0/task_Aerial
2025-03-23 15:07:58,048 - INFO - Run completed in 22.73s
2025-03-23 15:07:58,059 - INFO - Run 2/3
2025-03-23 15:07:58,059 - INFO - Starting run with seed 1
2025-03-23 15:07:58,648 - INFO - Task Static (1/4)
2025-03-23 15:07:58,648 - INFO - Task Static: Doppler Freq = 41.13 Hz
2025-03-23 15:08:00,271 - INFO - Task Static: Final channel shape = (200, 5, 32)
2025-03-23 15:08:00,716 - WARNING - You are casting an input of type complex64 to an incompatible dtype float32.  This will discard the imaginary part and may not be what you intended.
2025-03-23 15:08:01,031 - WARNING - You are casting an input of type complex64 to an incompatible dtype float32.  This will discard the imaginary part and may not be what you intended.
2025-03-23 15:08:01,483 - WARNING - You are casting an input of type complex64 to an incompatible dtype float32.  This will discard the imaginary part and may not be what you intended.
2025-03-23 15:08:05,684 - INFO - Epoch 1/4 - Batch 0 - Loss: 0.1353, Gen Loss: 0.0000
2025-03-23 15:08:05,951 - INFO - Epoch 1/4 - Batch 1 - Loss: 0.2397, Gen Loss: -0.3598
2025-03-23 15:08:06,000 - INFO - Epoch 1/4 - Batch 2 - Loss: -0.3302, Gen Loss: -0.6552
2025-03-23 15:08:06,049 - INFO - Epoch 1/4 - Batch 3 - Loss: -0.5572, Gen Loss: -1.0127
2025-03-23 15:08:06,097 - INFO - Epoch 1/4 - Batch 4 - Loss: -1.3923, Gen Loss: -1.5485
2025-03-23 15:08:06,144 - INFO - Epoch 1/4 - Batch 5 - Loss: -1.3982, Gen Loss: -1.6681
2025-03-23 15:08:09,628 - INFO - Epoch 1/4 - Batch 6 - Loss: -2.4430, Gen Loss: -2.5398
2025-03-23 15:08:09,682 - INFO - Epoch 2/4 - Batch 0 - Loss: -2.6232, Gen Loss: -2.2870
2025-03-23 15:08:09,730 - INFO - Epoch 2/4 - Batch 1 - Loss: -2.2706, Gen Loss: -2.1375
2025-03-23 15:08:09,777 - INFO - Epoch 2/4 - Batch 2 - Loss: -2.5575, Gen Loss: -2.1908
2025-03-23 15:08:09,826 - INFO - Epoch 2/4 - Batch 3 - Loss: -2.4569, Gen Loss: -2.5354
2025-03-23 15:08:09,875 - INFO - Epoch 2/4 - Batch 4 - Loss: -2.9018, Gen Loss: -2.5727
2025-03-23 15:08:09,924 - INFO - Epoch 2/4 - Batch 5 - Loss: -3.1018, Gen Loss: -2.9704
2025-03-23 15:08:09,973 - INFO - Epoch 2/4 - Batch 6 - Loss: -3.2373, Gen Loss: -3.0944
2025-03-23 15:08:10,029 - INFO - Epoch 3/4 - Batch 0 - Loss: -3.2418, Gen Loss: -3.1130
2025-03-23 15:08:10,078 - INFO - Epoch 3/4 - Batch 1 - Loss: -3.3640, Gen Loss: -3.0266
2025-03-23 15:08:10,124 - INFO - Epoch 3/4 - Batch 2 - Loss: -3.3636, Gen Loss: -3.0340
2025-03-23 15:08:10,173 - INFO - Epoch 3/4 - Batch 3 - Loss: -3.3854, Gen Loss: -3.1683
2025-03-23 15:08:10,222 - INFO - Epoch 3/4 - Batch 4 - Loss: -3.4413, Gen Loss: -3.3217
2025-03-23 15:08:10,271 - INFO - Epoch 3/4 - Batch 5 - Loss: -3.4639, Gen Loss: -3.3271
2025-03-23 15:08:10,319 - INFO - Epoch 3/4 - Batch 6 - Loss: -3.5726, Gen Loss: -3.4521
2025-03-23 15:08:10,373 - INFO - Epoch 4/4 - Batch 0 - Loss: -3.4310, Gen Loss: -3.4210
2025-03-23 15:08:10,421 - INFO - Epoch 4/4 - Batch 1 - Loss: -3.5196, Gen Loss: -3.3345
2025-03-23 15:08:10,469 - INFO - Epoch 4/4 - Batch 2 - Loss: -3.4866, Gen Loss: -3.3031
2025-03-23 15:08:10,517 - INFO - Epoch 4/4 - Batch 3 - Loss: -3.5551, Gen Loss: -3.4888
2025-03-23 15:08:10,565 - INFO - Epoch 4/4 - Batch 4 - Loss: -3.6710, Gen Loss: -3.4490
2025-03-23 15:08:10,613 - INFO - Epoch 4/4 - Batch 5 - Loss: -3.6100, Gen Loss: -3.4068
2025-03-23 15:08:10,662 - INFO - Epoch 4/4 - Batch 6 - Loss: -3.6452, Gen Loss: -3.5421
2025-03-23 15:08:10,792 - INFO - Checkpoint saved at checkpoints/seed_1/task_Static
2025-03-23 15:08:11,075 - INFO - Task Pedestrian (2/4)
2025-03-23 15:08:11,075 - INFO - Task Pedestrian: Doppler Freq = 170.07 Hz
2025-03-23 15:08:11,476 - INFO - Task Pedestrian: Final channel shape = (200, 5, 32)
2025-03-23 15:08:11,529 - INFO - Epoch 1/4 - Batch 0 - Loss: -3.5242, Gen Loss: -3.6136
2025-03-23 15:08:11,573 - INFO - Epoch 1/4 - Batch 1 - Loss: -3.5755, Gen Loss: -3.6327
2025-03-23 15:08:11,620 - INFO - Epoch 1/4 - Batch 2 - Loss: -3.5753, Gen Loss: -3.5837
2025-03-23 15:08:11,667 - INFO - Epoch 1/4 - Batch 3 - Loss: -3.5805, Gen Loss: -3.6924
2025-03-23 15:08:11,715 - INFO - Epoch 1/4 - Batch 4 - Loss: -3.6543, Gen Loss: -3.6683
2025-03-23 15:08:11,761 - INFO - Epoch 1/4 - Batch 5 - Loss: -3.5952, Gen Loss: -3.6597
2025-03-23 15:08:11,810 - INFO - Epoch 1/4 - Batch 6 - Loss: -3.7253, Gen Loss: -3.7296
2025-03-23 15:08:11,862 - INFO - Epoch 2/4 - Batch 0 - Loss: -3.6295, Gen Loss: -3.7073
2025-03-23 15:08:11,909 - INFO - Epoch 2/4 - Batch 1 - Loss: -3.5922, Gen Loss: -3.6806
2025-03-23 15:08:11,959 - INFO - Epoch 2/4 - Batch 2 - Loss: -3.6388, Gen Loss: -3.6945
2025-03-23 15:08:12,006 - INFO - Epoch 2/4 - Batch 3 - Loss: -3.5990, Gen Loss: -3.7072
2025-03-23 15:08:12,054 - INFO - Epoch 2/4 - Batch 4 - Loss: -3.6419, Gen Loss: -3.6472
2025-03-23 15:08:12,101 - INFO - Epoch 2/4 - Batch 5 - Loss: -3.6515, Gen Loss: -3.6979
2025-03-23 15:08:12,149 - INFO - Epoch 2/4 - Batch 6 - Loss: -3.7017, Gen Loss: -3.6320
2025-03-23 15:08:12,202 - INFO - Epoch 3/4 - Batch 0 - Loss: -3.6036, Gen Loss: -3.6992
2025-03-23 15:08:12,248 - INFO - Epoch 3/4 - Batch 1 - Loss: -3.6538, Gen Loss: -3.7221
2025-03-23 15:08:12,296 - INFO - Epoch 3/4 - Batch 2 - Loss: -3.6759, Gen Loss: -3.7158
2025-03-23 15:08:12,343 - INFO - Epoch 3/4 - Batch 3 - Loss: -3.6250, Gen Loss: -3.7450
2025-03-23 15:08:12,392 - INFO - Epoch 3/4 - Batch 4 - Loss: -3.6649, Gen Loss: -3.7332
2025-03-23 15:08:12,441 - INFO - Epoch 3/4 - Batch 5 - Loss: -3.6887, Gen Loss: -3.7343
2025-03-23 15:08:12,489 - INFO - Epoch 3/4 - Batch 6 - Loss: -3.7304, Gen Loss: -3.2591
2025-03-23 15:08:12,544 - INFO - Epoch 4/4 - Batch 0 - Loss: -3.6418, Gen Loss: -3.7403
2025-03-23 15:08:12,590 - INFO - Epoch 4/4 - Batch 1 - Loss: -3.6509, Gen Loss: -3.7272
2025-03-23 15:08:12,639 - INFO - Epoch 4/4 - Batch 2 - Loss: -3.7658, Gen Loss: -3.7944
2025-03-23 15:08:12,687 - INFO - Epoch 4/4 - Batch 3 - Loss: -3.7248, Gen Loss: -3.7951
2025-03-23 15:08:12,747 - INFO - Epoch 4/4 - Batch 4 - Loss: -3.7299, Gen Loss: -3.7585
2025-03-23 15:08:12,795 - INFO - Epoch 4/4 - Batch 5 - Loss: -3.6787, Gen Loss: -3.6935
2025-03-23 15:08:12,843 - INFO - Epoch 4/4 - Batch 6 - Loss: -3.9671, Gen Loss: -3.3177
2025-03-23 15:08:12,919 - INFO - Checkpoint saved at checkpoints/seed_1/task_Pedestrian
2025-03-23 15:08:13,229 - INFO - Task Vehicular (3/4)
2025-03-23 15:08:13,230 - INFO - Task Vehicular: Doppler Freq = 2244.47 Hz
2025-03-23 15:08:14,813 - INFO - Task Vehicular: Final channel shape = (200, 5, 32)
2025-03-23 15:08:14,861 - INFO - Epoch 1/4 - Batch 0 - Loss: -3.7109, Gen Loss: -3.4820
2025-03-23 15:08:14,916 - INFO - Epoch 1/4 - Batch 1 - Loss: -3.6997, Gen Loss: -3.6933
2025-03-23 15:08:14,965 - INFO - Epoch 1/4 - Batch 2 - Loss: -3.7093, Gen Loss: -3.6996
2025-03-23 15:08:15,013 - INFO - Epoch 1/4 - Batch 3 - Loss: -3.6719, Gen Loss: -3.5524
2025-03-23 15:08:15,060 - INFO - Epoch 1/4 - Batch 4 - Loss: -3.6929, Gen Loss: -3.7395
2025-03-23 15:08:15,109 - INFO - Epoch 1/4 - Batch 5 - Loss: -3.6709, Gen Loss: -3.5275
2025-03-23 15:08:15,154 - INFO - Epoch 1/4 - Batch 6 - Loss: -3.6867, Gen Loss: -3.6154
2025-03-23 15:08:15,204 - INFO - Epoch 2/4 - Batch 0 - Loss: -3.7568, Gen Loss: -3.1849
2025-03-23 15:08:15,249 - INFO - Epoch 2/4 - Batch 1 - Loss: -3.7290, Gen Loss: -3.6097
2025-03-23 15:08:15,293 - INFO - Epoch 2/4 - Batch 2 - Loss: -3.8337, Gen Loss: -3.8403
2025-03-23 15:08:15,340 - INFO - Epoch 2/4 - Batch 3 - Loss: -3.6620, Gen Loss: -3.3940
2025-03-23 15:08:15,386 - INFO - Epoch 2/4 - Batch 4 - Loss: -3.7032, Gen Loss: -3.6220
2025-03-23 15:08:15,434 - INFO - Epoch 2/4 - Batch 5 - Loss: -3.6914, Gen Loss: -3.3776
2025-03-23 15:08:15,481 - INFO - Epoch 2/4 - Batch 6 - Loss: -3.7363, Gen Loss: -3.1660
2025-03-23 15:08:15,536 - INFO - Epoch 3/4 - Batch 0 - Loss: -3.6976, Gen Loss: -3.3324
2025-03-23 15:08:15,585 - INFO - Epoch 3/4 - Batch 1 - Loss: -3.6522, Gen Loss: -3.6205
2025-03-23 15:08:15,634 - INFO - Epoch 3/4 - Batch 2 - Loss: -3.6713, Gen Loss: -3.6781
2025-03-23 15:08:15,681 - INFO - Epoch 3/4 - Batch 3 - Loss: -3.6825, Gen Loss: -3.5021
2025-03-23 15:08:15,749 - INFO - Epoch 3/4 - Batch 4 - Loss: -3.7088, Gen Loss: -3.3896
2025-03-23 15:08:15,799 - INFO - Epoch 3/4 - Batch 5 - Loss: -3.6846, Gen Loss: -3.6038
2025-03-23 15:08:15,850 - INFO - Epoch 3/4 - Batch 6 - Loss: -4.0274, Gen Loss: -3.4392
2025-03-23 15:08:15,898 - INFO - Epoch 4/4 - Batch 0 - Loss: -3.6822, Gen Loss: -3.4548
2025-03-23 15:08:15,945 - INFO - Epoch 4/4 - Batch 1 - Loss: -3.6729, Gen Loss: -3.6069
2025-03-23 15:08:15,993 - INFO - Epoch 4/4 - Batch 2 - Loss: -3.7670, Gen Loss: -3.7621
2025-03-23 15:08:16,041 - INFO - Epoch 4/4 - Batch 3 - Loss: -3.7506, Gen Loss: -3.6830
2025-03-23 15:08:16,097 - INFO - Epoch 4/4 - Batch 4 - Loss: -3.7559, Gen Loss: -3.6182
2025-03-23 15:08:16,146 - INFO - Epoch 4/4 - Batch 5 - Loss: -3.7370, Gen Loss: -3.7210
2025-03-23 15:08:16,210 - INFO - Epoch 4/4 - Batch 6 - Loss: -3.7643, Gen Loss: -3.6400
2025-03-23 15:08:16,316 - INFO - Checkpoint saved at checkpoints/seed_1/task_Vehicular
2025-03-23 15:08:16,622 - INFO - Task Aerial (4/4)
2025-03-23 15:08:16,622 - INFO - Task Aerial: Doppler Freq = 827.29 Hz
2025-03-23 15:08:18,271 - INFO - Task Aerial: Final channel shape = (200, 5, 32)
2025-03-23 15:08:18,326 - INFO - Epoch 1/4 - Batch 0 - Loss: -3.6455, Gen Loss: -3.4772
2025-03-23 15:08:18,370 - INFO - Epoch 1/4 - Batch 1 - Loss: -3.6697, Gen Loss: -3.5264
2025-03-23 15:08:18,418 - INFO - Epoch 1/4 - Batch 2 - Loss: -3.6258, Gen Loss: -3.4750
2025-03-23 15:08:18,467 - INFO - Epoch 1/4 - Batch 3 - Loss: -3.6297, Gen Loss: -3.6604
2025-03-23 15:08:18,516 - INFO - Epoch 1/4 - Batch 4 - Loss: -3.7237, Gen Loss: -3.3818
2025-03-23 15:08:18,565 - INFO - Epoch 1/4 - Batch 5 - Loss: -3.7133, Gen Loss: -3.7634
2025-03-23 15:08:18,614 - INFO - Epoch 1/4 - Batch 6 - Loss: -3.7582, Gen Loss: -3.8237
2025-03-23 15:08:18,669 - INFO - Epoch 2/4 - Batch 0 - Loss: -3.6923, Gen Loss: -3.7619
2025-03-23 15:08:18,718 - INFO - Epoch 2/4 - Batch 1 - Loss: -3.7035, Gen Loss: -3.6935
2025-03-23 15:08:18,768 - INFO - Epoch 2/4 - Batch 2 - Loss: -3.6986, Gen Loss: -3.7211
2025-03-23 15:08:18,817 - INFO - Epoch 2/4 - Batch 3 - Loss: -3.7375, Gen Loss: -3.7651
2025-03-23 15:08:18,865 - INFO - Epoch 2/4 - Batch 4 - Loss: -3.7243, Gen Loss: -3.3193
2025-03-23 15:08:18,913 - INFO - Epoch 2/4 - Batch 5 - Loss: -3.6887, Gen Loss: -3.7489
2025-03-23 15:08:18,962 - INFO - Epoch 2/4 - Batch 6 - Loss: -3.7842, Gen Loss: -3.8557
2025-03-23 15:08:19,018 - INFO - Epoch 3/4 - Batch 0 - Loss: -3.8039, Gen Loss: -3.6512
2025-03-23 15:08:19,069 - INFO - Epoch 3/4 - Batch 1 - Loss: -3.7540, Gen Loss: -3.8128
2025-03-23 15:08:19,115 - INFO - Epoch 3/4 - Batch 2 - Loss: -3.6840, Gen Loss: -3.7441
2025-03-23 15:08:19,162 - INFO - Epoch 3/4 - Batch 3 - Loss: -3.7694, Gen Loss: -3.7580
2025-03-23 15:08:19,210 - INFO - Epoch 3/4 - Batch 4 - Loss: -3.8084, Gen Loss: -3.5267
2025-03-23 15:08:19,258 - INFO - Epoch 3/4 - Batch 5 - Loss: -3.7182, Gen Loss: -3.7916
2025-03-23 15:08:19,305 - INFO - Epoch 3/4 - Batch 6 - Loss: -3.7766, Gen Loss: -3.8249
2025-03-23 15:08:19,361 - INFO - Epoch 4/4 - Batch 0 - Loss: -3.7490, Gen Loss: -3.7423
2025-03-23 15:08:19,410 - INFO - Epoch 4/4 - Batch 1 - Loss: -3.7942, Gen Loss: -3.7022
2025-03-23 15:08:19,457 - INFO - Epoch 4/4 - Batch 2 - Loss: -3.6667, Gen Loss: -3.6080
2025-03-23 15:08:19,505 - INFO - Epoch 4/4 - Batch 3 - Loss: -3.7875, Gen Loss: -3.5480
2025-03-23 15:08:19,554 - INFO - Epoch 4/4 - Batch 4 - Loss: -3.7548, Gen Loss: -3.3990
2025-03-23 15:08:19,603 - INFO - Epoch 4/4 - Batch 5 - Loss: -3.7684, Gen Loss: -3.8341
2025-03-23 15:08:19,652 - INFO - Epoch 4/4 - Batch 6 - Loss: -3.8443, Gen Loss: -3.8832
2025-03-23 15:08:19,726 - INFO - Checkpoint saved at checkpoints/seed_1/task_Aerial
2025-03-23 15:08:20,041 - INFO - Run completed in 21.39s
2025-03-23 15:08:20,043 - INFO - Run 3/3
2025-03-23 15:08:20,043 - INFO - Starting run with seed 2
2025-03-23 15:08:20,720 - INFO - Task Static (1/4)
2025-03-23 15:08:20,721 - INFO - Task Static: Doppler Freq = 48.41 Hz
2025-03-23 15:08:22,351 - INFO - Task Static: Final channel shape = (200, 5, 32)
2025-03-23 15:08:22,806 - WARNING - You are casting an input of type complex64 to an incompatible dtype float32.  This will discard the imaginary part and may not be what you intended.
2025-03-23 15:08:23,129 - WARNING - You are casting an input of type complex64 to an incompatible dtype float32.  This will discard the imaginary part and may not be what you intended.
2025-03-23 15:08:23,580 - WARNING - You are casting an input of type complex64 to an incompatible dtype float32.  This will discard the imaginary part and may not be what you intended.
2025-03-23 15:08:27,742 - INFO - Epoch 1/4 - Batch 0 - Loss: 0.1089, Gen Loss: 0.0000
2025-03-23 15:08:28,021 - INFO - Epoch 1/4 - Batch 1 - Loss: 0.3763, Gen Loss: -0.2472
2025-03-23 15:08:28,070 - INFO - Epoch 1/4 - Batch 2 - Loss: 0.0119, Gen Loss: -0.4652
2025-03-23 15:08:28,118 - INFO - Epoch 1/4 - Batch 3 - Loss: -0.2486, Gen Loss: -0.6155
2025-03-23 15:08:28,165 - INFO - Epoch 1/4 - Batch 4 - Loss: -0.9204, Gen Loss: -1.0927
2025-03-23 15:08:28,212 - INFO - Epoch 1/4 - Batch 5 - Loss: -1.3843, Gen Loss: -1.5376
2025-03-23 15:08:31,421 - INFO - Epoch 1/4 - Batch 6 - Loss: -2.1099, Gen Loss: -1.9050
2025-03-23 15:08:31,474 - INFO - Epoch 2/4 - Batch 0 - Loss: -2.0244, Gen Loss: -2.0642
2025-03-23 15:08:31,520 - INFO - Epoch 2/4 - Batch 1 - Loss: -2.1113, Gen Loss: -2.2471
2025-03-23 15:08:31,566 - INFO - Epoch 2/4 - Batch 2 - Loss: -2.4225, Gen Loss: -2.4104
2025-03-23 15:08:31,613 - INFO - Epoch 2/4 - Batch 3 - Loss: -3.0330, Gen Loss: -2.5797
2025-03-23 15:08:31,660 - INFO - Epoch 2/4 - Batch 4 - Loss: -3.0620, Gen Loss: -2.7601
2025-03-23 15:08:31,708 - INFO - Epoch 2/4 - Batch 5 - Loss: -2.9175, Gen Loss: -2.8896
2025-03-23 15:08:31,757 - INFO - Epoch 2/4 - Batch 6 - Loss: -2.3026, Gen Loss: -2.6264
2025-03-23 15:08:31,811 - INFO - Epoch 3/4 - Batch 0 - Loss: -3.0363, Gen Loss: -3.0089
2025-03-23 15:08:31,857 - INFO - Epoch 3/4 - Batch 1 - Loss: -3.3342, Gen Loss: -3.0172
2025-03-23 15:08:31,904 - INFO - Epoch 3/4 - Batch 2 - Loss: -3.3456, Gen Loss: -2.7852
2025-03-23 15:08:31,951 - INFO - Epoch 3/4 - Batch 3 - Loss: -3.3532, Gen Loss: -3.3278
2025-03-23 15:08:31,999 - INFO - Epoch 3/4 - Batch 4 - Loss: -3.3766, Gen Loss: -3.2909
2025-03-23 15:08:32,046 - INFO - Epoch 3/4 - Batch 5 - Loss: -3.5024, Gen Loss: -3.2880
2025-03-23 15:08:32,094 - INFO - Epoch 3/4 - Batch 6 - Loss: -3.3705, Gen Loss: -3.2751
2025-03-23 15:08:32,148 - INFO - Epoch 4/4 - Batch 0 - Loss: -3.5369, Gen Loss: -3.4051
2025-03-23 15:08:32,193 - INFO - Epoch 4/4 - Batch 1 - Loss: -3.3799, Gen Loss: -3.3385
2025-03-23 15:08:32,241 - INFO - Epoch 4/4 - Batch 2 - Loss: -3.4963, Gen Loss: -3.3662
2025-03-23 15:08:32,289 - INFO - Epoch 4/4 - Batch 3 - Loss: -3.5754, Gen Loss: -3.5994
2025-03-23 15:08:32,335 - INFO - Epoch 4/4 - Batch 4 - Loss: -3.6018, Gen Loss: -3.5063
2025-03-23 15:08:32,384 - INFO - Epoch 4/4 - Batch 5 - Loss: -3.5911, Gen Loss: -3.6107
2025-03-23 15:08:32,432 - INFO - Epoch 4/4 - Batch 6 - Loss: -3.6763, Gen Loss: -3.6334
2025-03-23 15:08:32,563 - INFO - Checkpoint saved at checkpoints/seed_2/task_Static
2025-03-23 15:08:32,915 - INFO - Task Pedestrian (2/4)
2025-03-23 15:08:32,918 - INFO - Task Pedestrian: Doppler Freq = 174.24 Hz
2025-03-23 15:08:33,326 - INFO - Task Pedestrian: Final channel shape = (200, 5, 32)
2025-03-23 15:08:33,378 - INFO - Epoch 1/4 - Batch 0 - Loss: -3.4937, Gen Loss: -3.5726
2025-03-23 15:08:33,419 - INFO - Epoch 1/4 - Batch 1 - Loss: -3.4933, Gen Loss: -3.6006
2025-03-23 15:08:33,466 - INFO - Epoch 1/4 - Batch 2 - Loss: -3.5865, Gen Loss: -3.6546
2025-03-23 15:08:33,514 - INFO - Epoch 1/4 - Batch 3 - Loss: -3.5561, Gen Loss: -3.6568
2025-03-23 15:08:33,560 - INFO - Epoch 1/4 - Batch 4 - Loss: -3.6375, Gen Loss: -3.6765
2025-03-23 15:08:33,608 - INFO - Epoch 1/4 - Batch 5 - Loss: -3.6263, Gen Loss: -3.7040
2025-03-23 15:08:33,657 - INFO - Epoch 1/4 - Batch 6 - Loss: -3.6975, Gen Loss: -3.7189
2025-03-23 15:08:33,709 - INFO - Epoch 2/4 - Batch 0 - Loss: -3.6287, Gen Loss: -3.6469
2025-03-23 15:08:33,752 - INFO - Epoch 2/4 - Batch 1 - Loss: -3.5699, Gen Loss: -3.6908
2025-03-23 15:08:33,799 - INFO - Epoch 2/4 - Batch 2 - Loss: -3.6096, Gen Loss: -3.7236
2025-03-23 15:08:33,846 - INFO - Epoch 2/4 - Batch 3 - Loss: -3.5334, Gen Loss: -3.6354
2025-03-23 15:08:33,892 - INFO - Epoch 2/4 - Batch 4 - Loss: -3.6816, Gen Loss: -3.7594
2025-03-23 15:08:33,941 - INFO - Epoch 2/4 - Batch 5 - Loss: -3.5797, Gen Loss: -3.6338
2025-03-23 15:08:33,990 - INFO - Epoch 2/4 - Batch 6 - Loss: -3.5741, Gen Loss: -3.6505
2025-03-23 15:08:34,047 - INFO - Epoch 3/4 - Batch 0 - Loss: -3.6759, Gen Loss: -3.7079
2025-03-23 15:08:34,095 - INFO - Epoch 3/4 - Batch 1 - Loss: -3.5860, Gen Loss: -3.6430
2025-03-23 15:08:34,143 - INFO - Epoch 3/4 - Batch 2 - Loss: -3.5995, Gen Loss: -3.6962
2025-03-23 15:08:34,192 - INFO - Epoch 3/4 - Batch 3 - Loss: -3.6460, Gen Loss: -3.7304
2025-03-23 15:08:34,239 - INFO - Epoch 3/4 - Batch 4 - Loss: -3.7087, Gen Loss: -3.7885
2025-03-23 15:08:34,287 - INFO - Epoch 3/4 - Batch 5 - Loss: -3.6854, Gen Loss: -3.7781
2025-03-23 15:08:34,336 - INFO - Epoch 3/4 - Batch 6 - Loss: -3.7521, Gen Loss: -3.7581
2025-03-23 15:08:34,390 - INFO - Epoch 4/4 - Batch 0 - Loss: -3.7179, Gen Loss: -3.7331
2025-03-23 15:08:34,437 - INFO - Epoch 4/4 - Batch 1 - Loss: -3.6556, Gen Loss: -3.7246
2025-03-23 15:08:34,486 - INFO - Epoch 4/4 - Batch 2 - Loss: -3.6364, Gen Loss: -3.6943
2025-03-23 15:08:34,534 - INFO - Epoch 4/4 - Batch 3 - Loss: -3.7178, Gen Loss: -3.7862
2025-03-23 15:08:34,581 - INFO - Epoch 4/4 - Batch 4 - Loss: -3.6439, Gen Loss: -3.7282
2025-03-23 15:08:34,629 - INFO - Epoch 4/4 - Batch 5 - Loss: -3.7227, Gen Loss: -3.8108
2025-03-23 15:08:34,677 - INFO - Epoch 4/4 - Batch 6 - Loss: -3.7758, Gen Loss: -3.7652
2025-03-23 15:08:34,778 - INFO - Checkpoint saved at checkpoints/seed_2/task_Pedestrian
2025-03-23 15:08:35,131 - INFO - Task Vehicular (3/4)
2025-03-23 15:08:35,131 - INFO - Task Vehicular: Doppler Freq = 2172.45 Hz
2025-03-23 15:08:36,742 - INFO - Task Vehicular: Final channel shape = (200, 5, 32)
2025-03-23 15:08:36,793 - INFO - Epoch 1/4 - Batch 0 - Loss: -3.7424, Gen Loss: -3.7341
2025-03-23 15:08:36,836 - INFO - Epoch 1/4 - Batch 1 - Loss: -3.6873, Gen Loss: -3.7445
2025-03-23 15:08:36,884 - INFO - Epoch 1/4 - Batch 2 - Loss: -3.6635, Gen Loss: -3.7181
2025-03-23 15:08:36,933 - INFO - Epoch 1/4 - Batch 3 - Loss: -3.5878, Gen Loss: -3.7073
2025-03-23 15:08:36,979 - INFO - Epoch 1/4 - Batch 4 - Loss: -3.6879, Gen Loss: -3.7425
2025-03-23 15:08:37,027 - INFO - Epoch 1/4 - Batch 5 - Loss: -3.6260, Gen Loss: -3.6729
2025-03-23 15:08:37,074 - INFO - Epoch 1/4 - Batch 6 - Loss: -3.5656, Gen Loss: -3.6217
2025-03-23 15:08:37,129 - INFO - Epoch 2/4 - Batch 0 - Loss: -3.7602, Gen Loss: -3.8442
2025-03-23 15:08:37,174 - INFO - Epoch 2/4 - Batch 1 - Loss: -3.7798, Gen Loss: -3.8378
2025-03-23 15:08:37,221 - INFO - Epoch 2/4 - Batch 2 - Loss: -3.7132, Gen Loss: -3.6861
2025-03-23 15:08:37,269 - INFO - Epoch 2/4 - Batch 3 - Loss: -3.6730, Gen Loss: -3.7468
2025-03-23 15:08:37,316 - INFO - Epoch 2/4 - Batch 4 - Loss: -3.7621, Gen Loss: -3.8441
2025-03-23 15:08:37,364 - INFO - Epoch 2/4 - Batch 5 - Loss: -3.6151, Gen Loss: -3.6660
2025-03-23 15:08:37,412 - INFO - Epoch 2/4 - Batch 6 - Loss: -3.6380, Gen Loss: -3.6632
2025-03-23 15:08:37,467 - INFO - Epoch 3/4 - Batch 0 - Loss: -3.7342, Gen Loss: -3.8246
2025-03-23 15:08:37,515 - INFO - Epoch 3/4 - Batch 1 - Loss: -3.7508, Gen Loss: -3.8087
2025-03-23 15:08:37,563 - INFO - Epoch 3/4 - Batch 2 - Loss: -3.8738, Gen Loss: -3.8745
2025-03-23 15:08:37,611 - INFO - Epoch 3/4 - Batch 3 - Loss: -3.6866, Gen Loss: -3.7936
2025-03-23 15:08:37,659 - INFO - Epoch 3/4 - Batch 4 - Loss: -3.7505, Gen Loss: -3.8159
2025-03-23 15:08:37,709 - INFO - Epoch 3/4 - Batch 5 - Loss: -3.7126, Gen Loss: -3.7327
2025-03-23 15:08:37,756 - INFO - Epoch 3/4 - Batch 6 - Loss: -3.9077, Gen Loss: -3.8714
2025-03-23 15:08:37,811 - INFO - Epoch 4/4 - Batch 0 - Loss: -3.7538, Gen Loss: -3.8312
2025-03-23 15:08:37,859 - INFO - Epoch 4/4 - Batch 1 - Loss: -3.7957, Gen Loss: -3.7735
2025-03-23 15:08:37,907 - INFO - Epoch 4/4 - Batch 2 - Loss: -3.7863, Gen Loss: -3.8182
2025-03-23 15:08:37,954 - INFO - Epoch 4/4 - Batch 3 - Loss: -3.7415, Gen Loss: -3.6149
2025-03-23 15:08:38,000 - INFO - Epoch 4/4 - Batch 4 - Loss: -3.7991, Gen Loss: -3.8575
2025-03-23 15:08:38,047 - INFO - Epoch 4/4 - Batch 5 - Loss: -3.7341, Gen Loss: -3.7064
2025-03-23 15:08:38,094 - INFO - Epoch 4/4 - Batch 6 - Loss: -3.8353, Gen Loss: -3.7471
2025-03-23 15:08:38,168 - INFO - Checkpoint saved at checkpoints/seed_2/task_Vehicular
2025-03-23 15:08:38,522 - INFO - Task Aerial (4/4)
2025-03-23 15:08:38,523 - INFO - Task Aerial: Doppler Freq = 994.48 Hz
2025-03-23 15:08:40,133 - INFO - Task Aerial: Final channel shape = (200, 5, 32)
2025-03-23 15:08:40,183 - INFO - Epoch 1/4 - Batch 0 - Loss: -3.5933, Gen Loss: -3.7174
2025-03-23 15:08:40,226 - INFO - Epoch 1/4 - Batch 1 - Loss: -3.6671, Gen Loss: -3.6838
2025-03-23 15:08:40,272 - INFO - Epoch 1/4 - Batch 2 - Loss: -3.7220, Gen Loss: -3.7543
2025-03-23 15:08:40,321 - INFO - Epoch 1/4 - Batch 3 - Loss: -3.6456, Gen Loss: -3.6301
2025-03-23 15:08:40,369 - INFO - Epoch 1/4 - Batch 4 - Loss: -3.6848, Gen Loss: -3.6916
2025-03-23 15:08:40,415 - INFO - Epoch 1/4 - Batch 5 - Loss: -3.6873, Gen Loss: -3.7865
2025-03-23 15:08:40,464 - INFO - Epoch 1/4 - Batch 6 - Loss: -3.6261, Gen Loss: -3.7783
2025-03-23 15:08:40,515 - INFO - Epoch 2/4 - Batch 0 - Loss: -3.7102, Gen Loss: -3.8041
2025-03-23 15:08:40,562 - INFO - Epoch 2/4 - Batch 1 - Loss: -3.6982, Gen Loss: -3.7921
2025-03-23 15:08:40,609 - INFO - Epoch 2/4 - Batch 2 - Loss: -3.7072, Gen Loss: -3.6047
2025-03-23 15:08:40,657 - INFO - Epoch 2/4 - Batch 3 - Loss: -3.6548, Gen Loss: -3.7327
2025-03-23 15:08:40,706 - INFO - Epoch 2/4 - Batch 4 - Loss: -3.8151, Gen Loss: -3.8111
2025-03-23 15:08:40,753 - INFO - Epoch 2/4 - Batch 5 - Loss: -3.7808, Gen Loss: -3.8248
2025-03-23 15:08:40,801 - INFO - Epoch 2/4 - Batch 6 - Loss: -3.4801, Gen Loss: -3.6369
2025-03-23 15:08:40,855 - INFO - Epoch 3/4 - Batch 0 - Loss: -3.7849, Gen Loss: -3.8737
2025-03-23 15:08:40,902 - INFO - Epoch 3/4 - Batch 1 - Loss: -3.6885, Gen Loss: -3.7539
2025-03-23 15:08:40,948 - INFO - Epoch 3/4 - Batch 2 - Loss: -3.8014, Gen Loss: -3.7941
2025-03-23 15:08:40,995 - INFO - Epoch 3/4 - Batch 3 - Loss: -3.7844, Gen Loss: -3.7807
2025-03-23 15:08:41,042 - INFO - Epoch 3/4 - Batch 4 - Loss: -3.7023, Gen Loss: -3.6719
2025-03-23 15:08:41,091 - INFO - Epoch 3/4 - Batch 5 - Loss: -3.6900, Gen Loss: -3.6552
2025-03-23 15:08:41,139 - INFO - Epoch 3/4 - Batch 6 - Loss: -3.5905, Gen Loss: -3.7551
2025-03-23 15:08:41,194 - INFO - Epoch 4/4 - Batch 0 - Loss: -3.7355, Gen Loss: -3.7587
2025-03-23 15:08:41,242 - INFO - Epoch 4/4 - Batch 1 - Loss: -3.7365, Gen Loss: -3.7782
2025-03-23 15:08:41,291 - INFO - Epoch 4/4 - Batch 2 - Loss: -3.7854, Gen Loss: -3.7097
2025-03-23 15:08:41,339 - INFO - Epoch 4/4 - Batch 3 - Loss: -3.6948, Gen Loss: -3.7104
2025-03-23 15:08:41,384 - INFO - Epoch 4/4 - Batch 4 - Loss: -3.7929, Gen Loss: -3.7421
2025-03-23 15:08:41,431 - INFO - Epoch 4/4 - Batch 5 - Loss: -3.7192, Gen Loss: -3.7143
2025-03-23 15:08:41,478 - INFO - Epoch 4/4 - Batch 6 - Loss: -3.8300, Gen Loss: -3.8729
2025-03-23 15:08:41,553 - INFO - Checkpoint saved at checkpoints/seed_2/task_Aerial
2025-03-23 15:08:41,920 - INFO - Run completed in 21.20s
