INFO:checkpoint_logger:[CHECKPOINT-Main] 🚀 Start simulation | Seed=42
INFO:checkpoint_logger:[CHECKPOINT-Traffic] 🚦 Start traffic simulation
INFO:checkpoint_logger:[CHECKPOINT-Traffic] 📅 Period=morning | λ_base=100 | Hours=8
INFO:checkpoint_logger:[CHECKPOINT-Traffic] 🧮 Period=morning completed | Final active users=200
INFO:checkpoint_logger:[CHECKPOINT-Traffic] 📅 Period=noon | λ_base=150 | Hours=4
INFO:checkpoint_logger:[CHECKPOINT-Traffic] 🧮 Period=noon completed | Final active users=200
INFO:checkpoint_logger:[CHECKPOINT-Traffic] 📅 Period=evening | λ_base=120 | Hours=12
INFO:checkpoint_logger:[CHECKPOINT-Traffic] 🧮 Period=evening completed | Final active users=200
INFO:checkpoint_logger:[CHECKPOINT-Traffic] ✅ Simulation done | TotalTime=0.40 hrs
INFO:checkpoint_logger:[CHECKPOINT-Main] 📊 Traffic simulation completed | total_time=0.40 hrs
INFO:checkpoint_logger:[CHECKPOINT-Main] 🕒 Period=morning Start
INFO:checkpoint_logger:[CHECKPOINT-Main] 👥 Users in morning: 180
INFO:checkpoint_logger:[CHECKPOINT-1] Task=Static | Doppler=61.70 Hz | MeanSpeed=2.38 km/h
INFO:checkpoint_logger:[CHECKPOINT-2] Task=Static | Raw |h| mean=0.01328 | shape=(16, 180, 64)
INFO:checkpoint_logger:[CHECKPOINT-3] Task=Static | Normalized |h| mean=0.99992
INFO:root:[Static] 📏 Normalized |h| mean: 0.99992
INFO:root:[Static] 📊 Std(|h|): 0.80232
INFO:root:[Static] 📐 Shape: (16, 180, 64)
INFO:checkpoint_logger:[CHECKPOINT-1] Task=Pedestrian | Doppler=195.26 Hz | MeanSpeed=7.53 km/h
INFO:checkpoint_logger:[CHECKPOINT-2] Task=Pedestrian | Raw |h| mean=0.88576 | shape=(16, 180, 64)
INFO:checkpoint_logger:[CHECKPOINT-3] Task=Pedestrian | Normalized |h| mean=1.00000
INFO:root:[Pedestrian] 📏 Normalized |h| mean: 1.00000
INFO:root:[Pedestrian] 📊 Std(|h|): 0.52280
INFO:root:[Pedestrian] 📐 Shape: (16, 180, 64)
INFO:checkpoint_logger:[CHECKPOINT-1] Task=Vehicular | Doppler=2340.48 Hz | MeanSpeed=90.28 km/h
INFO:checkpoint_logger:[CHECKPOINT-2] Task=Vehicular | Raw |h| mean=0.01151 | shape=(16, 180, 64)
INFO:checkpoint_logger:[CHECKPOINT-3] Task=Vehicular | Normalized |h| mean=0.99991
INFO:root:[Vehicular] 📏 Normalized |h| mean: 0.99991
INFO:root:[Vehicular] 📊 Std(|h|): 0.55898
INFO:root:[Vehicular] 📐 Shape: (16, 180, 64)
INFO:checkpoint_logger:[CHECKPOINT-1] Task=Aerial | Doppler=870.01 Hz | MeanSpeed=33.56 km/h
INFO:checkpoint_logger:[CHECKPOINT-2] Task=Aerial | Raw |h| mean=0.01201 | shape=(16, 180, 64)
INFO:checkpoint_logger:[CHECKPOINT-3] Task=Aerial | Normalized |h| mean=0.99992
INFO:root:[Aerial] 📏 Normalized |h| mean: 0.99992
INFO:root:[Aerial] 📊 Std(|h|): 0.56011
INFO:root:[Aerial] 📐 Shape: (16, 180, 64)
INFO:checkpoint_logger:[CHECKPOINT-Main] ✅ Channel generation done for all tasks in morning
INFO:checkpoint_logger:[CHECKPOINT-Main] 🔁 Epoch=1 start for morning
INFO:checkpoint_logger:[CHECKPOINT-Main] [Epoch 1 | Task=Static] mean|w|: 0.02279
INFO:checkpoint_logger:[CHECKPOINT-Main] [Epoch 1 | Task=Static] mean|h|: 0.99992
INFO:checkpoint_logger:[CHECKPOINT-Main] [Epoch 1 | Task=Static] loss: 47162.56641, snr: 0.00571, sinr_db: -23.67
INFO:checkpoint_logger:[CHECKPOINT-Main] [Epoch 1 | Task=Pedestrian] mean|w|: 0.02296
INFO:checkpoint_logger:[CHECKPOINT-Main] [Epoch 1 | Task=Pedestrian] mean|h|: 1.00000
INFO:checkpoint_logger:[CHECKPOINT-Main] [Epoch 1 | Task=Pedestrian] loss: 36092.64062, snr: 0.00470, sinr_db: -23.82
INFO:checkpoint_logger:[CHECKPOINT-Main] [Epoch 1 | Task=Vehicular] mean|w|: 0.02218
INFO:checkpoint_logger:[CHECKPOINT-Main] [Epoch 1 | Task=Vehicular] mean|h|: 0.99991
INFO:checkpoint_logger:[CHECKPOINT-Main] [Epoch 1 | Task=Vehicular] loss: 55209.29688, snr: 0.00585, sinr_db: -22.92
INFO:checkpoint_logger:[CHECKPOINT-Main] [Epoch 1 | Task=Aerial] mean|w|: 0.02150
INFO:checkpoint_logger:[CHECKPOINT-Main] [Epoch 1 | Task=Aerial] mean|h|: 0.99992
INFO:checkpoint_logger:[CHECKPOINT-Main] [Epoch 1 | Task=Aerial] loss: 48219.48438, snr: 0.00516, sinr_db: -23.70
INFO:checkpoint_logger:[CHECKPOINT-Main] 🔁 Epoch=2 start for morning
INFO:checkpoint_logger:[CHECKPOINT-Main] [Epoch 2 | Task=Static] mean|w|: 0.02221
INFO:checkpoint_logger:[CHECKPOINT-Main] [Epoch 2 | Task=Static] mean|h|: 0.99992
INFO:checkpoint_logger:[CHECKPOINT-Main] [Epoch 2 | Task=Static] loss: 41544.35156, snr: 0.00403, sinr_db: -24.58
INFO:checkpoint_logger:[CHECKPOINT-Main] [Epoch 2 | Task=Pedestrian] mean|w|: 0.02243
INFO:checkpoint_logger:[CHECKPOINT-Main] [Epoch 2 | Task=Pedestrian] mean|h|: 1.00000
INFO:checkpoint_logger:[CHECKPOINT-Main] [Epoch 2 | Task=Pedestrian] loss: 33479.39844, snr: 0.00697, sinr_db: -21.80
INFO:checkpoint_logger:[CHECKPOINT-Main] [Epoch 2 | Task=Vehicular] mean|w|: 0.02201
INFO:checkpoint_logger:[CHECKPOINT-Main] [Epoch 2 | Task=Vehicular] mean|h|: 0.99991
INFO:checkpoint_logger:[CHECKPOINT-Main] [Epoch 2 | Task=Vehicular] loss: 51620.69922, snr: 0.00590, sinr_db: -22.93
INFO:checkpoint_logger:[CHECKPOINT-Main] [Epoch 2 | Task=Aerial] mean|w|: 0.02180
INFO:checkpoint_logger:[CHECKPOINT-Main] [Epoch 2 | Task=Aerial] mean|h|: 0.99992
INFO:checkpoint_logger:[CHECKPOINT-Main] [Epoch 2 | Task=Aerial] loss: 44846.48828, snr: 0.00594, sinr_db: -22.84
INFO:checkpoint_logger:[CHECKPOINT-Main] 🔁 Epoch=3 start for morning
INFO:checkpoint_logger:[CHECKPOINT-Main] [Epoch 3 | Task=Static] mean|w|: 0.02206
INFO:checkpoint_logger:[CHECKPOINT-Main] [Epoch 3 | Task=Static] mean|h|: 0.99992
INFO:checkpoint_logger:[CHECKPOINT-Main] [Epoch 3 | Task=Static] loss: 39371.01172, snr: 0.00507, sinr_db: -23.74
INFO:checkpoint_logger:[CHECKPOINT-Main] [Epoch 3 | Task=Pedestrian] mean|w|: 0.02176
INFO:checkpoint_logger:[CHECKPOINT-Main] [Epoch 3 | Task=Pedestrian] mean|h|: 1.00000
INFO:checkpoint_logger:[CHECKPOINT-Main] [Epoch 3 | Task=Pedestrian] loss: 32477.80469, snr: 0.00577, sinr_db: -22.98
INFO:checkpoint_logger:[CHECKPOINT-Main] [Epoch 3 | Task=Vehicular] mean|w|: 0.02120
INFO:checkpoint_logger:[CHECKPOINT-Main] [Epoch 3 | Task=Vehicular] mean|h|: 0.99991
INFO:checkpoint_logger:[CHECKPOINT-Main] [Epoch 3 | Task=Vehicular] loss: 49802.74219, snr: 0.00624, sinr_db: -22.73
INFO:checkpoint_logger:[CHECKPOINT-Main] [Epoch 3 | Task=Aerial] mean|w|: 0.02235
INFO:checkpoint_logger:[CHECKPOINT-Main] [Epoch 3 | Task=Aerial] mean|h|: 0.99992
INFO:checkpoint_logger:[CHECKPOINT-Main] [Epoch 3 | Task=Aerial] loss: 43292.87891, snr: 0.00491, sinr_db: -23.75
INFO:checkpoint_logger:[CHECKPOINT-Main] 🔁 Epoch=4 start for morning
INFO:checkpoint_logger:[CHECKPOINT-Main] [Epoch 4 | Task=Static] mean|w|: 0.02216
INFO:checkpoint_logger:[CHECKPOINT-Main] [Epoch 4 | Task=Static] mean|h|: 0.99992
INFO:checkpoint_logger:[CHECKPOINT-Main] [Epoch 4 | Task=Static] loss: 38322.86719, snr: 0.00508, sinr_db: -23.79
INFO:checkpoint_logger:[CHECKPOINT-Main] [Epoch 4 | Task=Pedestrian] mean|w|: 0.02202
INFO:checkpoint_logger:[CHECKPOINT-Main] [Epoch 4 | Task=Pedestrian] mean|h|: 1.00000
INFO:checkpoint_logger:[CHECKPOINT-Main] [Epoch 4 | Task=Pedestrian] loss: 31666.75586, snr: 0.00631, sinr_db: -22.17
INFO:checkpoint_logger:[CHECKPOINT-Main] [Epoch 4 | Task=Vehicular] mean|w|: 0.02107
INFO:checkpoint_logger:[CHECKPOINT-Main] [Epoch 4 | Task=Vehicular] mean|h|: 0.99991
INFO:checkpoint_logger:[CHECKPOINT-Main] [Epoch 4 | Task=Vehicular] loss: 49249.96484, snr: 0.00569, sinr_db: -22.61
INFO:checkpoint_logger:[CHECKPOINT-Main] [Epoch 4 | Task=Aerial] mean|w|: 0.02169
INFO:checkpoint_logger:[CHECKPOINT-Main] [Epoch 4 | Task=Aerial] mean|h|: 0.99992
INFO:checkpoint_logger:[CHECKPOINT-Main] [Epoch 4 | Task=Aerial] loss: 42250.23828, snr: 0.00510, sinr_db: -23.50
INFO:checkpoint_logger:[CHECKPOINT-Main] 🔁 Epoch=5 start for morning
INFO:checkpoint_logger:[CHECKPOINT-Main] [Epoch 5 | Task=Static] mean|w|: 0.02229
INFO:checkpoint_logger:[CHECKPOINT-Main] [Epoch 5 | Task=Static] mean|h|: 0.99992
INFO:checkpoint_logger:[CHECKPOINT-Main] [Epoch 5 | Task=Static] loss: 37070.19531, snr: 0.00586, sinr_db: -23.39
INFO:checkpoint_logger:[CHECKPOINT-Main] [Epoch 5 | Task=Pedestrian] mean|w|: 0.02277
INFO:checkpoint_logger:[CHECKPOINT-Main] [Epoch 5 | Task=Pedestrian] mean|h|: 1.00000
INFO:checkpoint_logger:[CHECKPOINT-Main] [Epoch 5 | Task=Pedestrian] loss: 31413.08789, snr: 0.00542, sinr_db: -23.20
INFO:checkpoint_logger:[CHECKPOINT-Main] [Epoch 5 | Task=Vehicular] mean|w|: 0.02096
INFO:checkpoint_logger:[CHECKPOINT-Main] [Epoch 5 | Task=Vehicular] mean|h|: 0.99991
INFO:checkpoint_logger:[CHECKPOINT-Main] [Epoch 5 | Task=Vehicular] loss: 48761.29688, snr: 0.00581, sinr_db: -22.82
INFO:checkpoint_logger:[CHECKPOINT-Main] [Epoch 5 | Task=Aerial] mean|w|: 0.02098
INFO:checkpoint_logger:[CHECKPOINT-Main] [Epoch 5 | Task=Aerial] mean|h|: 0.99992
INFO:checkpoint_logger:[CHECKPOINT-Main] [Epoch 5 | Task=Aerial] loss: 41410.69141, snr: 0.00603, sinr_db: -22.68
INFO:checkpoint_logger:[CHECKPOINT-Main] 🕒 Period=noon Start
INFO:checkpoint_logger:[CHECKPOINT-Main] 👥 Users in noon: 200
INFO:checkpoint_logger:[CHECKPOINT-1] Task=Static | Doppler=70.51 Hz | MeanSpeed=2.72 km/h
INFO:checkpoint_logger:[CHECKPOINT-2] Task=Static | Raw |h| mean=0.01315 | shape=(16, 200, 64)
INFO:checkpoint_logger:[CHECKPOINT-3] Task=Static | Normalized |h| mean=0.99992
INFO:root:[Static] 📏 Normalized |h| mean: 0.99992
INFO:root:[Static] 📊 Std(|h|): 0.80581
INFO:root:[Static] 📐 Shape: (16, 200, 64)
INFO:checkpoint_logger:[CHECKPOINT-1] Task=Pedestrian | Doppler=193.11 Hz | MeanSpeed=7.45 km/h
INFO:checkpoint_logger:[CHECKPOINT-2] Task=Pedestrian | Raw |h| mean=0.88585 | shape=(16, 200, 64)
INFO:checkpoint_logger:[CHECKPOINT-3] Task=Pedestrian | Normalized |h| mean=1.00000
INFO:root:[Pedestrian] 📏 Normalized |h| mean: 1.00000
INFO:root:[Pedestrian] 📊 Std(|h|): 0.52281
INFO:root:[Pedestrian] 📐 Shape: (16, 200, 64)
INFO:checkpoint_logger:[CHECKPOINT-1] Task=Vehicular | Doppler=2336.96 Hz | MeanSpeed=90.14 km/h
INFO:checkpoint_logger:[CHECKPOINT-2] Task=Vehicular | Raw |h| mean=0.01148 | shape=(16, 200, 64)
INFO:checkpoint_logger:[CHECKPOINT-3] Task=Vehicular | Normalized |h| mean=0.99991
INFO:root:[Vehicular] 📏 Normalized |h| mean: 0.99991
INFO:root:[Vehicular] 📊 Std(|h|): 0.55875
INFO:root:[Vehicular] 📐 Shape: (16, 200, 64)
INFO:checkpoint_logger:[CHECKPOINT-1] Task=Aerial | Doppler=903.84 Hz | MeanSpeed=34.86 km/h
INFO:checkpoint_logger:[CHECKPOINT-2] Task=Aerial | Raw |h| mean=0.01225 | shape=(16, 200, 64)
INFO:checkpoint_logger:[CHECKPOINT-3] Task=Aerial | Normalized |h| mean=0.99992
INFO:root:[Aerial] 📏 Normalized |h| mean: 0.99992
INFO:root:[Aerial] 📊 Std(|h|): 0.56421
INFO:root:[Aerial] 📐 Shape: (16, 200, 64)
INFO:checkpoint_logger:[CHECKPOINT-Main] ✅ Channel generation done for all tasks in noon
INFO:checkpoint_logger:[CHECKPOINT-Main] 🔁 Epoch=1 start for noon
INFO:checkpoint_logger:[CHECKPOINT-Main] [Epoch 1 | Task=Static] mean|w|: 0.02038
INFO:checkpoint_logger:[CHECKPOINT-Main] [Epoch 1 | Task=Static] mean|h|: 0.99992
INFO:checkpoint_logger:[CHECKPOINT-Main] [Epoch 1 | Task=Static] loss: 50906.99219, snr: 0.00610, sinr_db: -23.07
INFO:checkpoint_logger:[CHECKPOINT-Main] [Epoch 1 | Task=Pedestrian] mean|w|: 0.02039
INFO:checkpoint_logger:[CHECKPOINT-Main] [Epoch 1 | Task=Pedestrian] mean|h|: 1.00000
INFO:checkpoint_logger:[CHECKPOINT-Main] [Epoch 1 | Task=Pedestrian] loss: 39872.35938, snr: 0.00656, sinr_db: -22.48
INFO:checkpoint_logger:[CHECKPOINT-Main] [Epoch 1 | Task=Vehicular] mean|w|: 0.01918
INFO:checkpoint_logger:[CHECKPOINT-Main] [Epoch 1 | Task=Vehicular] mean|h|: 0.99991
INFO:checkpoint_logger:[CHECKPOINT-Main] [Epoch 1 | Task=Vehicular] loss: 62592.69922, snr: 0.00536, sinr_db: -23.25
INFO:checkpoint_logger:[CHECKPOINT-Main] [Epoch 1 | Task=Aerial] mean|w|: 0.01912
INFO:checkpoint_logger:[CHECKPOINT-Main] [Epoch 1 | Task=Aerial] mean|h|: 0.99992
INFO:checkpoint_logger:[CHECKPOINT-Main] [Epoch 1 | Task=Aerial] loss: 51977.59766, snr: 0.00607, sinr_db: -23.03
INFO:checkpoint_logger:[CHECKPOINT-Main] 🔁 Epoch=2 start for noon
INFO:checkpoint_logger:[CHECKPOINT-Main] [Epoch 2 | Task=Static] mean|w|: 0.02064
INFO:checkpoint_logger:[CHECKPOINT-Main] [Epoch 2 | Task=Static] mean|h|: 0.99992
INFO:checkpoint_logger:[CHECKPOINT-Main] [Epoch 2 | Task=Static] loss: 48145.85156, snr: 0.00661, sinr_db: -23.12
INFO:checkpoint_logger:[CHECKPOINT-Main] [Epoch 2 | Task=Pedestrian] mean|w|: 0.02019
INFO:checkpoint_logger:[CHECKPOINT-Main] [Epoch 2 | Task=Pedestrian] mean|h|: 1.00000
INFO:checkpoint_logger:[CHECKPOINT-Main] [Epoch 2 | Task=Pedestrian] loss: 38773.80469, snr: 0.00537, sinr_db: -23.26
INFO:checkpoint_logger:[CHECKPOINT-Main] [Epoch 2 | Task=Vehicular] mean|w|: 0.02040
INFO:checkpoint_logger:[CHECKPOINT-Main] [Epoch 2 | Task=Vehicular] mean|h|: 0.99991
INFO:checkpoint_logger:[CHECKPOINT-Main] [Epoch 2 | Task=Vehicular] loss: 61014.10547, snr: 0.00389, sinr_db: -24.55
INFO:checkpoint_logger:[CHECKPOINT-Main] [Epoch 2 | Task=Aerial] mean|w|: 0.01962
INFO:checkpoint_logger:[CHECKPOINT-Main] [Epoch 2 | Task=Aerial] mean|h|: 0.99992
INFO:checkpoint_logger:[CHECKPOINT-Main] [Epoch 2 | Task=Aerial] loss: 50257.67969, snr: 0.00452, sinr_db: -23.79
INFO:checkpoint_logger:[CHECKPOINT-Main] 🔁 Epoch=3 start for noon
INFO:checkpoint_logger:[CHECKPOINT-Main] [Epoch 3 | Task=Static] mean|w|: 0.02054
INFO:checkpoint_logger:[CHECKPOINT-Main] [Epoch 3 | Task=Static] mean|h|: 0.99992
INFO:checkpoint_logger:[CHECKPOINT-Main] [Epoch 3 | Task=Static] loss: 46523.53906, snr: 0.00591, sinr_db: -24.14
INFO:checkpoint_logger:[CHECKPOINT-Main] [Epoch 3 | Task=Pedestrian] mean|w|: 0.02004
INFO:checkpoint_logger:[CHECKPOINT-Main] [Epoch 3 | Task=Pedestrian] mean|h|: 1.00000
INFO:checkpoint_logger:[CHECKPOINT-Main] [Epoch 3 | Task=Pedestrian] loss: 37655.69922, snr: 0.00524, sinr_db: -23.28
INFO:checkpoint_logger:[CHECKPOINT-Main] [Epoch 3 | Task=Vehicular] mean|w|: 0.02108
INFO:checkpoint_logger:[CHECKPOINT-Main] [Epoch 3 | Task=Vehicular] mean|h|: 0.99991
INFO:checkpoint_logger:[CHECKPOINT-Main] [Epoch 3 | Task=Vehicular] loss: 58696.23047, snr: 0.00489, sinr_db: -23.64
INFO:checkpoint_logger:[CHECKPOINT-Main] [Epoch 3 | Task=Aerial] mean|w|: 0.02005
INFO:checkpoint_logger:[CHECKPOINT-Main] [Epoch 3 | Task=Aerial] mean|h|: 0.99992
INFO:checkpoint_logger:[CHECKPOINT-Main] [Epoch 3 | Task=Aerial] loss: 48370.08984, snr: 0.00592, sinr_db: -23.01
INFO:checkpoint_logger:[CHECKPOINT-Main] 🔁 Epoch=4 start for noon
INFO:checkpoint_logger:[CHECKPOINT-Main] [Epoch 4 | Task=Static] mean|w|: 0.02078
INFO:checkpoint_logger:[CHECKPOINT-Main] [Epoch 4 | Task=Static] mean|h|: 0.99992
INFO:checkpoint_logger:[CHECKPOINT-Main] [Epoch 4 | Task=Static] loss: 45388.78125, snr: 0.00593, sinr_db: -24.13
INFO:checkpoint_logger:[CHECKPOINT-Main] [Epoch 4 | Task=Pedestrian] mean|w|: 0.02024
INFO:checkpoint_logger:[CHECKPOINT-Main] [Epoch 4 | Task=Pedestrian] mean|h|: 1.00000
INFO:checkpoint_logger:[CHECKPOINT-Main] [Epoch 4 | Task=Pedestrian] loss: 37109.45703, snr: 0.00414, sinr_db: -24.55
INFO:checkpoint_logger:[CHECKPOINT-Main] [Epoch 4 | Task=Vehicular] mean|w|: 0.02119
INFO:checkpoint_logger:[CHECKPOINT-Main] [Epoch 4 | Task=Vehicular] mean|h|: 0.99991
INFO:checkpoint_logger:[CHECKPOINT-Main] [Epoch 4 | Task=Vehicular] loss: 57082.15234, snr: 0.00570, sinr_db: -23.41
INFO:checkpoint_logger:[CHECKPOINT-Main] [Epoch 4 | Task=Aerial] mean|w|: 0.02021
INFO:checkpoint_logger:[CHECKPOINT-Main] [Epoch 4 | Task=Aerial] mean|h|: 0.99992
INFO:checkpoint_logger:[CHECKPOINT-Main] [Epoch 4 | Task=Aerial] loss: 47457.93359, snr: 0.00488, sinr_db: -23.65
INFO:checkpoint_logger:[CHECKPOINT-Main] 🔁 Epoch=5 start for noon
INFO:checkpoint_logger:[CHECKPOINT-Main] [Epoch 5 | Task=Static] mean|w|: 0.02057
INFO:checkpoint_logger:[CHECKPOINT-Main] [Epoch 5 | Task=Static] mean|h|: 0.99992
INFO:checkpoint_logger:[CHECKPOINT-Main] [Epoch 5 | Task=Static] loss: 44072.40625, snr: 0.00642, sinr_db: -23.31
INFO:checkpoint_logger:[CHECKPOINT-Main] [Epoch 5 | Task=Pedestrian] mean|w|: 0.02056
INFO:checkpoint_logger:[CHECKPOINT-Main] [Epoch 5 | Task=Pedestrian] mean|h|: 1.00000
INFO:checkpoint_logger:[CHECKPOINT-Main] [Epoch 5 | Task=Pedestrian] loss: 36157.08984, snr: 0.00620, sinr_db: -22.58
INFO:checkpoint_logger:[CHECKPOINT-Main] [Epoch 5 | Task=Vehicular] mean|w|: 0.02084
INFO:checkpoint_logger:[CHECKPOINT-Main] [Epoch 5 | Task=Vehicular] mean|h|: 0.99991
INFO:checkpoint_logger:[CHECKPOINT-Main] [Epoch 5 | Task=Vehicular] loss: 55800.26172, snr: 0.00576, sinr_db: -22.79
INFO:checkpoint_logger:[CHECKPOINT-Main] [Epoch 5 | Task=Aerial] mean|w|: 0.02033
INFO:checkpoint_logger:[CHECKPOINT-Main] [Epoch 5 | Task=Aerial] mean|h|: 0.99992
INFO:checkpoint_logger:[CHECKPOINT-Main] [Epoch 5 | Task=Aerial] loss: 46687.24219, snr: 0.00475, sinr_db: -23.76
INFO:checkpoint_logger:[CHECKPOINT-Main] 🕒 Period=evening Start
INFO:checkpoint_logger:[CHECKPOINT-Main] 👥 Users in evening: 200
INFO:checkpoint_logger:[CHECKPOINT-1] Task=Static | Doppler=65.15 Hz | MeanSpeed=2.51 km/h
INFO:checkpoint_logger:[CHECKPOINT-2] Task=Static | Raw |h| mean=0.01322 | shape=(16, 200, 64)
INFO:checkpoint_logger:[CHECKPOINT-3] Task=Static | Normalized |h| mean=0.99992
INFO:root:[Static] 📏 Normalized |h| mean: 0.99992
INFO:root:[Static] 📊 Std(|h|): 0.80486
INFO:root:[Static] 📐 Shape: (16, 200, 64)
INFO:checkpoint_logger:[CHECKPOINT-1] Task=Pedestrian | Doppler=196.54 Hz | MeanSpeed=7.58 km/h
INFO:checkpoint_logger:[CHECKPOINT-2] Task=Pedestrian | Raw |h| mean=0.88711 | shape=(16, 200, 64)
INFO:checkpoint_logger:[CHECKPOINT-3] Task=Pedestrian | Normalized |h| mean=1.00000
INFO:root:[Pedestrian] 📏 Normalized |h| mean: 1.00000
INFO:root:[Pedestrian] 📊 Std(|h|): 0.52300
INFO:root:[Pedestrian] 📐 Shape: (16, 200, 64)
INFO:checkpoint_logger:[CHECKPOINT-1] Task=Vehicular | Doppler=2303.51 Hz | MeanSpeed=88.85 km/h
INFO:checkpoint_logger:[CHECKPOINT-2] Task=Vehicular | Raw |h| mean=0.01146 | shape=(16, 200, 64)
INFO:checkpoint_logger:[CHECKPOINT-3] Task=Vehicular | Normalized |h| mean=0.99991
INFO:root:[Vehicular] 📏 Normalized |h| mean: 0.99991
INFO:root:[Vehicular] 📊 Std(|h|): 0.55841
INFO:root:[Vehicular] 📐 Shape: (16, 200, 64)
INFO:checkpoint_logger:[CHECKPOINT-1] Task=Aerial | Doppler=914.95 Hz | MeanSpeed=35.29 km/h
INFO:checkpoint_logger:[CHECKPOINT-2] Task=Aerial | Raw |h| mean=0.01243 | shape=(16, 200, 64)
INFO:checkpoint_logger:[CHECKPOINT-3] Task=Aerial | Normalized |h| mean=0.99992
INFO:root:[Aerial] 📏 Normalized |h| mean: 0.99992
INFO:root:[Aerial] 📊 Std(|h|): 0.56661
INFO:root:[Aerial] 📐 Shape: (16, 200, 64)
INFO:checkpoint_logger:[CHECKPOINT-Main] ✅ Channel generation done for all tasks in evening
INFO:checkpoint_logger:[CHECKPOINT-Main] 🔁 Epoch=1 start for evening
INFO:checkpoint_logger:[CHECKPOINT-Main] [Epoch 1 | Task=Static] mean|w|: 0.02056
INFO:checkpoint_logger:[CHECKPOINT-Main] [Epoch 1 | Task=Static] mean|h|: 0.99992
INFO:checkpoint_logger:[CHECKPOINT-Main] [Epoch 1 | Task=Static] loss: 52653.88281, snr: 0.00488, sinr_db: -24.66
INFO:checkpoint_logger:[CHECKPOINT-Main] [Epoch 1 | Task=Pedestrian] mean|w|: 0.02077
INFO:checkpoint_logger:[CHECKPOINT-Main] [Epoch 1 | Task=Pedestrian] mean|h|: 1.00000
INFO:checkpoint_logger:[CHECKPOINT-Main] [Epoch 1 | Task=Pedestrian] loss: 39193.53906, snr: 0.00541, sinr_db: -23.26
INFO:checkpoint_logger:[CHECKPOINT-Main] [Epoch 1 | Task=Vehicular] mean|w|: 0.02072
INFO:checkpoint_logger:[CHECKPOINT-Main] [Epoch 1 | Task=Vehicular] mean|h|: 0.99991
INFO:checkpoint_logger:[CHECKPOINT-Main] [Epoch 1 | Task=Vehicular] loss: 63867.55469, snr: 0.00500, sinr_db: -23.71
INFO:checkpoint_logger:[CHECKPOINT-Main] [Epoch 1 | Task=Aerial] mean|w|: 0.02029
INFO:checkpoint_logger:[CHECKPOINT-Main] [Epoch 1 | Task=Aerial] mean|h|: 0.99992
INFO:checkpoint_logger:[CHECKPOINT-Main] [Epoch 1 | Task=Aerial] loss: 54958.65234, snr: 0.00491, sinr_db: -23.52
INFO:checkpoint_logger:[CHECKPOINT-Main] 🔁 Epoch=2 start for evening
INFO:checkpoint_logger:[CHECKPOINT-Main] [Epoch 2 | Task=Static] mean|w|: 0.02049
INFO:checkpoint_logger:[CHECKPOINT-Main] [Epoch 2 | Task=Static] mean|h|: 0.99992
INFO:checkpoint_logger:[CHECKPOINT-Main] [Epoch 2 | Task=Static] loss: 50204.71875, snr: 0.00523, sinr_db: -24.18
INFO:checkpoint_logger:[CHECKPOINT-Main] [Epoch 2 | Task=Pedestrian] mean|w|: 0.02107
INFO:checkpoint_logger:[CHECKPOINT-Main] [Epoch 2 | Task=Pedestrian] mean|h|: 1.00000
INFO:checkpoint_logger:[CHECKPOINT-Main] [Epoch 2 | Task=Pedestrian] loss: 38223.40234, snr: 0.00445, sinr_db: -24.05
INFO:checkpoint_logger:[CHECKPOINT-Main] [Epoch 2 | Task=Vehicular] mean|w|: 0.02025
INFO:checkpoint_logger:[CHECKPOINT-Main] [Epoch 2 | Task=Vehicular] mean|h|: 0.99991
INFO:checkpoint_logger:[CHECKPOINT-Main] [Epoch 2 | Task=Vehicular] loss: 62692.25000, snr: 0.00433, sinr_db: -23.90
INFO:checkpoint_logger:[CHECKPOINT-Main] [Epoch 2 | Task=Aerial] mean|w|: 0.01977
INFO:checkpoint_logger:[CHECKPOINT-Main] [Epoch 2 | Task=Aerial] mean|h|: 0.99992
INFO:checkpoint_logger:[CHECKPOINT-Main] [Epoch 2 | Task=Aerial] loss: 52954.39844, snr: 0.00478, sinr_db: -23.57
INFO:checkpoint_logger:[CHECKPOINT-Main] 🔁 Epoch=3 start for evening
INFO:checkpoint_logger:[CHECKPOINT-Main] [Epoch 3 | Task=Static] mean|w|: 0.02016
INFO:checkpoint_logger:[CHECKPOINT-Main] [Epoch 3 | Task=Static] mean|h|: 0.99992
INFO:checkpoint_logger:[CHECKPOINT-Main] [Epoch 3 | Task=Static] loss: 48068.73438, snr: 0.00513, sinr_db: -24.60
INFO:checkpoint_logger:[CHECKPOINT-Main] [Epoch 3 | Task=Pedestrian] mean|w|: 0.02112
INFO:checkpoint_logger:[CHECKPOINT-Main] [Epoch 3 | Task=Pedestrian] mean|h|: 1.00000
INFO:checkpoint_logger:[CHECKPOINT-Main] [Epoch 3 | Task=Pedestrian] loss: 36714.14062, snr: 0.00462, sinr_db: -23.59
INFO:checkpoint_logger:[CHECKPOINT-Main] [Epoch 3 | Task=Vehicular] mean|w|: 0.02003
INFO:checkpoint_logger:[CHECKPOINT-Main] [Epoch 3 | Task=Vehicular] mean|h|: 0.99991
INFO:checkpoint_logger:[CHECKPOINT-Main] [Epoch 3 | Task=Vehicular] loss: 60783.78906, snr: 0.00469, sinr_db: -23.64
INFO:checkpoint_logger:[CHECKPOINT-Main] [Epoch 3 | Task=Aerial] mean|w|: 0.01982
INFO:checkpoint_logger:[CHECKPOINT-Main] [Epoch 3 | Task=Aerial] mean|h|: 0.99992
INFO:checkpoint_logger:[CHECKPOINT-Main] [Epoch 3 | Task=Aerial] loss: 49757.14062, snr: 0.00623, sinr_db: -22.50
INFO:checkpoint_logger:[CHECKPOINT-Main] 🔁 Epoch=4 start for evening
INFO:checkpoint_logger:[CHECKPOINT-Main] [Epoch 4 | Task=Static] mean|w|: 0.01977
INFO:checkpoint_logger:[CHECKPOINT-Main] [Epoch 4 | Task=Static] mean|h|: 0.99992
INFO:checkpoint_logger:[CHECKPOINT-Main] [Epoch 4 | Task=Static] loss: 45993.71875, snr: 0.00610, sinr_db: -23.12
INFO:checkpoint_logger:[CHECKPOINT-Main] [Epoch 4 | Task=Pedestrian] mean|w|: 0.02057
INFO:checkpoint_logger:[CHECKPOINT-Main] [Epoch 4 | Task=Pedestrian] mean|h|: 1.00000
INFO:checkpoint_logger:[CHECKPOINT-Main] [Epoch 4 | Task=Pedestrian] loss: 35688.12109, snr: 0.00487, sinr_db: -23.39
INFO:checkpoint_logger:[CHECKPOINT-Main] [Epoch 4 | Task=Vehicular] mean|w|: 0.01989
INFO:checkpoint_logger:[CHECKPOINT-Main] [Epoch 4 | Task=Vehicular] mean|h|: 0.99991
INFO:checkpoint_logger:[CHECKPOINT-Main] [Epoch 4 | Task=Vehicular] loss: 59034.37891, snr: 0.00480, sinr_db: -23.65
INFO:checkpoint_logger:[CHECKPOINT-Main] [Epoch 4 | Task=Aerial] mean|w|: 0.02019
INFO:checkpoint_logger:[CHECKPOINT-Main] [Epoch 4 | Task=Aerial] mean|h|: 0.99992
INFO:checkpoint_logger:[CHECKPOINT-Main] [Epoch 4 | Task=Aerial] loss: 48327.48438, snr: 0.00507, sinr_db: -24.16
INFO:checkpoint_logger:[CHECKPOINT-Main] 🔁 Epoch=5 start for evening
INFO:checkpoint_logger:[CHECKPOINT-Main] [Epoch 5 | Task=Static] mean|w|: 0.01982
INFO:checkpoint_logger:[CHECKPOINT-Main] [Epoch 5 | Task=Static] mean|h|: 0.99992
INFO:checkpoint_logger:[CHECKPOINT-Main] [Epoch 5 | Task=Static] loss: 44547.75000, snr: 0.00687, sinr_db: -22.82
INFO:checkpoint_logger:[CHECKPOINT-Main] [Epoch 5 | Task=Pedestrian] mean|w|: 0.02034
INFO:checkpoint_logger:[CHECKPOINT-Main] [Epoch 5 | Task=Pedestrian] mean|h|: 1.00000
INFO:checkpoint_logger:[CHECKPOINT-Main] [Epoch 5 | Task=Pedestrian] loss: 35180.64062, snr: 0.00460, sinr_db: -23.64
INFO:checkpoint_logger:[CHECKPOINT-Main] [Epoch 5 | Task=Vehicular] mean|w|: 0.01917
INFO:checkpoint_logger:[CHECKPOINT-Main] [Epoch 5 | Task=Vehicular] mean|h|: 0.99991
INFO:checkpoint_logger:[CHECKPOINT-Main] [Epoch 5 | Task=Vehicular] loss: 57752.12109, snr: 0.00407, sinr_db: -24.50
INFO:checkpoint_logger:[CHECKPOINT-Main] [Epoch 5 | Task=Aerial] mean|w|: 0.02025
INFO:checkpoint_logger:[CHECKPOINT-Main] [Epoch 5 | Task=Aerial] mean|h|: 0.99992
INFO:checkpoint_logger:[CHECKPOINT-Main] [Epoch 5 | Task=Aerial] loss: 47691.43750, snr: 0.00464, sinr_db: -23.78
INFO:checkpoint_logger:[CHECKPOINT-Main] ✅ Training completed. Proceeding to inference...
INFO:checkpoint_logger:[CHECKPOINT-1] Task=Mixed | Doppler=1517.10 Hz | MeanSpeed=58.52 km/h
INFO:checkpoint_logger:[CHECKPOINT-2] Task=Mixed | Raw |h| mean=0.88586 | shape=(16, 200, 64)
INFO:checkpoint_logger:[CHECKPOINT-3] Task=Mixed | Normalized |h| mean=1.00000
INFO:root:[Mixed] 📏 Normalized |h| mean: 1.00000
INFO:root:[Mixed] 📊 Std(|h|): 0.52378
INFO:root:[Mixed] 📐 Shape: (16, 200, 64)
INFO:checkpoint_logger:[CHECKPOINT-1] Task=Mixed | Doppler=1609.48 Hz | MeanSpeed=62.08 km/h
INFO:checkpoint_logger:[CHECKPOINT-2] Task=Mixed | Raw |h| mean=0.88624 | shape=(16, 200, 64)
INFO:checkpoint_logger:[CHECKPOINT-3] Task=Mixed | Normalized |h| mean=1.00000
INFO:root:[Mixed] 📏 Normalized |h| mean: 1.00000
INFO:root:[Mixed] 📊 Std(|h|): 0.52234
INFO:root:[Mixed] 📐 Shape: (16, 200, 64)
INFO:checkpoint_logger:[CHECKPOINT-1] Task=Mixed | Doppler=1513.51 Hz | MeanSpeed=58.38 km/h
INFO:checkpoint_logger:[CHECKPOINT-2] Task=Mixed | Raw |h| mean=0.88619 | shape=(16, 200, 64)
INFO:checkpoint_logger:[CHECKPOINT-3] Task=Mixed | Normalized |h| mean=1.00000
INFO:root:[Mixed] 📏 Normalized |h| mean: 1.00000
INFO:root:[Mixed] 📊 Std(|h|): 0.52313
INFO:root:[Mixed] 📐 Shape: (16, 200, 64)
INFO:checkpoint_logger:[CHECKPOINT-1] Task=Mixed | Doppler=1511.59 Hz | MeanSpeed=58.30 km/h
INFO:checkpoint_logger:[CHECKPOINT-2] Task=Mixed | Raw |h| mean=0.01248 | shape=(16, 200, 64)
INFO:checkpoint_logger:[CHECKPOINT-3] Task=Mixed | Normalized |h| mean=0.99992
INFO:root:[Mixed] 📏 Normalized |h| mean: 0.99992
INFO:root:[Mixed] 📊 Std(|h|): 0.64617
INFO:root:[Mixed] 📐 Shape: (16, 200, 64)
INFO:checkpoint_logger:[CHECKPOINT-1] Task=Mixed | Doppler=1594.99 Hz | MeanSpeed=61.52 km/h
INFO:checkpoint_logger:[CHECKPOINT-2] Task=Mixed | Raw |h| mean=0.01203 | shape=(16, 200, 64)
INFO:checkpoint_logger:[CHECKPOINT-3] Task=Mixed | Normalized |h| mean=0.99992
INFO:root:[Mixed] 📏 Normalized |h| mean: 0.99992
INFO:root:[Mixed] 📊 Std(|h|): 0.63553
INFO:root:[Mixed] 📐 Shape: (16, 200, 64)
INFO:checkpoint_logger:[CHECKPOINT-1] Task=Mixed | Doppler=1505.27 Hz | MeanSpeed=58.06 km/h
INFO:checkpoint_logger:[CHECKPOINT-2] Task=Mixed | Raw |h| mean=0.88579 | shape=(16, 200, 64)
INFO:checkpoint_logger:[CHECKPOINT-3] Task=Mixed | Normalized |h| mean=1.00000
INFO:root:[Mixed] 📏 Normalized |h| mean: 1.00000
INFO:root:[Mixed] 📊 Std(|h|): 0.52251
INFO:root:[Mixed] 📐 Shape: (16, 200, 64)
INFO:checkpoint_logger:[CHECKPOINT-1] Task=Mixed | Doppler=1493.80 Hz | MeanSpeed=57.62 km/h
INFO:checkpoint_logger:[CHECKPOINT-2] Task=Mixed | Raw |h| mean=0.01206 | shape=(16, 200, 64)
INFO:checkpoint_logger:[CHECKPOINT-3] Task=Mixed | Normalized |h| mean=0.99992
INFO:root:[Mixed] 📏 Normalized |h| mean: 0.99992
INFO:root:[Mixed] 📊 Std(|h|): 0.65757
INFO:root:[Mixed] 📐 Shape: (16, 200, 64)
INFO:checkpoint_logger:[CHECKPOINT-1] Task=Mixed | Doppler=1536.30 Hz | MeanSpeed=59.26 km/h
INFO:checkpoint_logger:[CHECKPOINT-2] Task=Mixed | Raw |h| mean=0.01195 | shape=(16, 200, 64)
INFO:checkpoint_logger:[CHECKPOINT-3] Task=Mixed | Normalized |h| mean=0.99992
INFO:root:[Mixed] 📏 Normalized |h| mean: 0.99992
INFO:root:[Mixed] 📊 Std(|h|): 0.63685
INFO:root:[Mixed] 📐 Shape: (16, 200, 64)
INFO:checkpoint_logger:[CHECKPOINT-1] Task=Mixed | Doppler=1487.13 Hz | MeanSpeed=57.36 km/h
INFO:checkpoint_logger:[CHECKPOINT-2] Task=Mixed | Raw |h| mean=0.01246 | shape=(16, 200, 64)
INFO:checkpoint_logger:[CHECKPOINT-3] Task=Mixed | Normalized |h| mean=0.99992
INFO:root:[Mixed] 📏 Normalized |h| mean: 0.99992
INFO:root:[Mixed] 📊 Std(|h|): 0.63591
INFO:root:[Mixed] 📐 Shape: (16, 200, 64)
INFO:checkpoint_logger:[CHECKPOINT-1] Task=Mixed | Doppler=1448.17 Hz | MeanSpeed=55.86 km/h
INFO:checkpoint_logger:[CHECKPOINT-2] Task=Mixed | Raw |h| mean=0.88740 | shape=(16, 200, 64)
INFO:checkpoint_logger:[CHECKPOINT-3] Task=Mixed | Normalized |h| mean=1.00000
INFO:root:[Mixed] 📏 Normalized |h| mean: 1.00000
INFO:root:[Mixed] 📊 Std(|h|): 0.52268
INFO:root:[Mixed] 📐 Shape: (16, 200, 64)
INFO:checkpoint_logger:[CHECKPOINT-Main] 📡 Inference (Mixed): throughput=0.0072, latency=10.16ms, sinr=-22.99dB
INFO:checkpoint_logger:[CHECKPOINT-Main] 🏁 Simulation finished for seed 42
INFO:root:Simulation completed for seed 42
