2025-04-01 13:09:59,416 - [Static] 游니 Mean |h|: 0.11109
2025-04-01 13:09:59,417 - [Static] 游늺 Mean ||h||: 1.00000+0.00000j
2025-04-01 13:09:59,417 - [Static] 游댃 Avg inter-user correlation: 0.11063
2025-04-01 13:09:59,764 - [Pedestrian] 游니 Mean |h|: 0.04407
2025-04-01 13:09:59,764 - [Pedestrian] 游늺 Mean ||h||: 1.00000+0.00000j
2025-04-01 13:09:59,764 - [Pedestrian] 游댃 Avg inter-user correlation: 0.04324
2025-04-01 13:10:00,336 - [Vehicular] 游니 Mean |h|: 0.11097
2025-04-01 13:10:00,337 - [Vehicular] 游늺 Mean ||h||: 1.00000+0.00000j
2025-04-01 13:10:00,337 - [Vehicular] 游댃 Avg inter-user correlation: 0.11051
2025-04-01 13:10:00,908 - [Aerial] 游니 Mean |h|: 0.11097
2025-04-01 13:10:00,908 - [Aerial] 游늺 Mean ||h||: 1.00000-0.00000j
2025-04-01 13:10:00,908 - [Aerial] 游댃 Avg inter-user correlation: 0.11095
2025-04-01 13:10:10,317 - [Static] 游니 Mean |h|: 0.11092
2025-04-01 13:10:10,317 - [Static] 游늺 Mean ||h||: 1.00000-0.00000j
2025-04-01 13:10:10,317 - [Static] 游댃 Avg inter-user correlation: 0.11094
2025-04-01 13:10:10,667 - [Pedestrian] 游니 Mean |h|: 0.04339
2025-04-01 13:10:10,667 - [Pedestrian] 游늺 Mean ||h||: 1.00000+0.00000j
2025-04-01 13:10:10,667 - [Pedestrian] 游댃 Avg inter-user correlation: 0.07650
2025-04-01 13:10:11,239 - [Vehicular] 游니 Mean |h|: 0.11096
2025-04-01 13:10:11,239 - [Vehicular] 游늺 Mean ||h||: 1.00000-0.00000j
2025-04-01 13:10:11,239 - [Vehicular] 游댃 Avg inter-user correlation: 0.11120
2025-04-01 13:10:11,808 - [Aerial] 游니 Mean |h|: 0.11085
2025-04-01 13:10:11,809 - [Aerial] 游늺 Mean ||h||: 1.00000+0.00000j
2025-04-01 13:10:11,809 - [Aerial] 游댃 Avg inter-user correlation: 0.11011
2025-04-01 13:10:18,167 - [Static] 游니 Mean |h|: 0.11111
2025-04-01 13:10:18,167 - [Static] 游늺 Mean ||h||: 1.00000+0.00000j
2025-04-01 13:10:18,167 - [Static] 游댃 Avg inter-user correlation: 0.10977
2025-04-01 13:10:18,513 - [Pedestrian] 游니 Mean |h|: 0.04097
2025-04-01 13:10:18,513 - [Pedestrian] 游늺 Mean ||h||: 1.00000-0.00000j
2025-04-01 13:10:18,513 - [Pedestrian] 游댃 Avg inter-user correlation: 0.05361
2025-04-01 13:10:19,083 - [Vehicular] 游니 Mean |h|: 0.11084
2025-04-01 13:10:19,083 - [Vehicular] 游늺 Mean ||h||: 1.00000+0.00000j
2025-04-01 13:10:19,083 - [Vehicular] 游댃 Avg inter-user correlation: 0.11108
2025-04-01 13:10:19,650 - [Aerial] 游니 Mean |h|: 0.11086
2025-04-01 13:10:19,650 - [Aerial] 游늺 Mean ||h||: 1.00000+0.00000j
2025-04-01 13:10:19,650 - [Aerial] 游댃 Avg inter-user correlation: 0.11132
2025-04-01 13:10:26,155 - [Static] 游니 Mean |h|: 0.11097
2025-04-01 13:10:26,155 - [Static] 游늺 Mean ||h||: 1.00000+0.00000j
2025-04-01 13:10:26,155 - [Static] 游댃 Avg inter-user correlation: 0.11155
2025-04-01 13:10:26,481 - [Pedestrian] 游니 Mean |h|: 0.03858
2025-04-01 13:10:26,481 - [Pedestrian] 游늺 Mean ||h||: 1.00000+0.00000j
2025-04-01 13:10:26,481 - [Pedestrian] 游댃 Avg inter-user correlation: 0.03768
2025-04-01 13:10:27,263 - [Static] 游니 Mean |h|: 0.11096
2025-04-01 13:10:27,263 - [Static] 游늺 Mean ||h||: 1.00000+0.00000j
2025-04-01 13:10:27,263 - [Static] 游댃 Avg inter-user correlation: 0.10964
2025-04-01 13:10:27,976 - [Vehicular] 游니 Mean |h|: 0.11112
2025-04-01 13:10:27,976 - [Vehicular] 游늺 Mean ||h||: 1.00000+0.00000j
2025-04-01 13:10:27,976 - [Vehicular] 游댃 Avg inter-user correlation: 0.11127
2025-04-01 13:10:28,689 - [Vehicular] 游니 Mean |h|: 0.11095
2025-04-01 13:10:28,689 - [Vehicular] 游늺 Mean ||h||: 1.00000+0.00000j
2025-04-01 13:10:28,689 - [Vehicular] 游댃 Avg inter-user correlation: 0.11163
2025-04-01 13:10:29,424 - [Aerial] 游니 Mean |h|: 0.11096
2025-04-01 13:10:29,424 - [Aerial] 游늺 Mean ||h||: 1.00000+0.00000j
2025-04-01 13:10:29,424 - [Aerial] 游댃 Avg inter-user correlation: 0.11022
2025-04-01 13:10:29,700 - [Pedestrian] 游니 Mean |h|: 0.04168
2025-04-01 13:10:29,701 - [Pedestrian] 游늺 Mean ||h||: 1.00000+0.00000j
2025-04-01 13:10:29,701 - [Pedestrian] 游댃 Avg inter-user correlation: 0.07562
2025-04-01 13:10:29,971 - [Pedestrian] 游니 Mean |h|: 0.03865
2025-04-01 13:10:29,971 - [Pedestrian] 游늺 Mean ||h||: 1.00000+0.00000j
2025-04-01 13:10:29,971 - [Pedestrian] 游댃 Avg inter-user correlation: 0.06569
2025-04-01 13:10:30,651 - [Aerial] 游니 Mean |h|: 0.11104
2025-04-01 13:10:30,651 - [Aerial] 游늺 Mean ||h||: 1.00000+0.00000j
2025-04-01 13:10:30,651 - [Aerial] 游댃 Avg inter-user correlation: 0.11075
2025-04-01 13:10:30,925 - [Pedestrian] 游니 Mean |h|: 0.04421
2025-04-01 13:10:30,925 - [Pedestrian] 游늺 Mean ||h||: 1.00000+0.00000j
2025-04-01 13:10:30,925 - [Pedestrian] 游댃 Avg inter-user correlation: 0.04270
