2025-04-01 13:09:58,598 - [CHECKPOINT-Main] 🚀 Start simulation | Seed=42
2025-04-01 13:09:58,599 - [CHECKPOINT-Traffic] 🚦 Start traffic simulation
2025-04-01 13:09:58,599 - [CHECKPOINT-Traffic] 📅 Period=morning | λ_base=100 | Hours=8
2025-04-01 13:09:58,599 - [CHECKPOINT-Traffic] 🧮 Period=morning completed | Final active users=32
2025-04-01 13:09:58,599 - [CHECKPOINT-Traffic] 📅 Period=noon | λ_base=150 | Hours=4
2025-04-01 13:09:58,599 - [CHECKPOINT-Traffic] 🧮 Period=noon completed | Final active users=32
2025-04-01 13:09:58,599 - [CHECKPOINT-Traffic] 📅 Period=evening | λ_base=120 | Hours=12
2025-04-01 13:09:58,600 - [CHECKPOINT-Traffic] 🧮 Period=evening completed | Final active users=32
2025-04-01 13:09:58,600 - [CHECKPOINT-Traffic] ✅ Simulation done | Simulated TotalTime=24.00 hrs
2025-04-01 13:09:58,600 - [CHECKPOINT-Main] 📊 Traffic simulation completed | total_time=24.00 hrs
2025-04-01 13:09:58,600 - [CHECKPOINT-Main] 🕒 Period=morning Start
2025-04-01 13:09:58,600 - [CHECKPOINT-Main] 👥 Users in morning: 32
2025-04-01 13:09:59,184 - [CHECKPOINT-2] Task=Static | Raw |h| mean=0.11109 | shape=(16, 32, 64)
2025-04-01 13:09:59,185 - [CHECKPOINT-3] Task=Static | Normalized |h| mean=0.11109
2025-04-01 13:09:59,534 - [CHECKPOINT-2] Task=Pedestrian | Raw |h| mean=0.04407 | shape=(16, 32, 64)
2025-04-01 13:09:59,535 - [CHECKPOINT-3] Task=Pedestrian | Normalized |h| mean=0.04407
2025-04-01 13:10:00,106 - [CHECKPOINT-2] Task=Vehicular | Raw |h| mean=0.11097 | shape=(16, 32, 64)
2025-04-01 13:10:00,107 - [CHECKPOINT-3] Task=Vehicular | Normalized |h| mean=0.11097
2025-04-01 13:10:00,676 - [CHECKPOINT-2] Task=Aerial | Raw |h| mean=0.11097 | shape=(16, 32, 64)
2025-04-01 13:10:00,677 - [CHECKPOINT-3] Task=Aerial | Normalized |h| mean=0.11097
2025-04-01 13:10:00,908 - [CHECKPOINT-Main] ✅ Channel generation done for all tasks in morning
2025-04-01 13:10:00,908 - [CHECKPOINT-Main] 🔁 Epoch=1 start for morning
2025-04-01 13:10:03,630 - [TRAIN-METRIC] Task=Static | SINR=-14.87 dB | Throughput=0.0463 bps/Hz | Latency=9.22 ms
2025-04-01 13:10:03,632 - [CHECKPOINT-Main] [Epoch 1 | Task=Static] mean|w|: 0.11022
2025-04-01 13:10:03,632 - [CHECKPOINT-Main] [Epoch 1 | Task=Static] mean|h|: 1.69163
2025-04-01 13:10:03,632 - [CHECKPOINT-Main] [Epoch 1 | Task=Static] loss: 97.57550, snr: 0.03259, sinr_db: -14.87
2025-04-01 13:10:03,632 - [CHECKPOINT-Main] 🔚 End of Epoch=1 | Task=Static | Loss=97.58 | SINR=-14.87dB
2025-04-01 13:10:04,129 - [TRAIN-METRIC] Task=Pedestrian | SINR=-14.91 dB | Throughput=0.0458 bps/Hz | Latency=9.22 ms
2025-04-01 13:10:04,220 - [CHECKPOINT-Main] [Epoch 1 | Task=Pedestrian] mean|w|: 0.08468
2025-04-01 13:10:04,220 - [CHECKPOINT-Main] [Epoch 1 | Task=Pedestrian] mean|h|: 0.32801
2025-04-01 13:10:04,220 - [CHECKPOINT-Main] [Epoch 1 | Task=Pedestrian] loss: 85.15818, snr: 0.03228, sinr_db: -14.91
2025-04-01 13:10:04,220 - [CHECKPOINT-Main] 🔚 End of Epoch=1 | Task=Pedestrian | Loss=85.16 | SINR=-14.91dB
2025-04-01 13:10:04,338 - [TRAIN-METRIC] Task=Vehicular | SINR=-14.84 dB | Throughput=0.0465 bps/Hz | Latency=7.43 ms
2025-04-01 13:10:04,378 - [CHECKPOINT-Main] [Epoch 1 | Task=Vehicular] mean|w|: 0.11059
2025-04-01 13:10:04,378 - [CHECKPOINT-Main] [Epoch 1 | Task=Vehicular] mean|h|: 1.82093
2025-04-01 13:10:04,378 - [CHECKPOINT-Main] [Epoch 1 | Task=Vehicular] loss: 225.07625, snr: 0.03279, sinr_db: -14.84
2025-04-01 13:10:04,378 - [CHECKPOINT-Main] 🔚 End of Epoch=1 | Task=Vehicular | Loss=225.08 | SINR=-14.84dB
2025-04-01 13:10:04,493 - [TRAIN-METRIC] Task=Aerial | SINR=-14.88 dB | Throughput=0.0461 bps/Hz | Latency=9.76 ms
2025-04-01 13:10:04,529 - [CHECKPOINT-Main] [Epoch 1 | Task=Aerial] mean|w|: 0.10944
2025-04-01 13:10:04,529 - [CHECKPOINT-Main] [Epoch 1 | Task=Aerial] mean|h|: 1.75657
2025-04-01 13:10:04,529 - [CHECKPOINT-Main] [Epoch 1 | Task=Aerial] loss: 206.69914, snr: 0.03251, sinr_db: -14.88
2025-04-01 13:10:04,529 - [CHECKPOINT-Main] 🔚 End of Epoch=1 | Task=Aerial | Loss=206.70 | SINR=-14.88dB
2025-04-01 13:10:04,529 - [CHECKPOINT-Main] 🔁 Epoch=2 start for morning
2025-04-01 13:10:04,634 - [TRAIN-METRIC] Task=Static | SINR=-14.87 dB | Throughput=0.0463 bps/Hz | Latency=8.07 ms
2025-04-01 13:10:04,636 - [CHECKPOINT-Main] [Epoch 2 | Task=Static] mean|w|: 0.11023
2025-04-01 13:10:04,636 - [CHECKPOINT-Main] [Epoch 2 | Task=Static] mean|h|: 1.69163
2025-04-01 13:10:04,636 - [CHECKPOINT-Main] [Epoch 2 | Task=Static] loss: 97.54961, snr: 0.03259, sinr_db: -14.87
2025-04-01 13:10:04,636 - [CHECKPOINT-Main] 🔚 End of Epoch=2 | Task=Static | Loss=97.55 | SINR=-14.87dB
2025-04-01 13:10:04,775 - [TRAIN-METRIC] Task=Pedestrian | SINR=-14.91 dB | Throughput=0.0458 bps/Hz | Latency=9.46 ms
2025-04-01 13:10:04,811 - [CHECKPOINT-Main] [Epoch 2 | Task=Pedestrian] mean|w|: 0.08468
2025-04-01 13:10:04,811 - [CHECKPOINT-Main] [Epoch 2 | Task=Pedestrian] mean|h|: 0.32801
2025-04-01 13:10:04,811 - [CHECKPOINT-Main] [Epoch 2 | Task=Pedestrian] loss: 174.19377, snr: 0.03228, sinr_db: -14.91
2025-04-01 13:10:04,811 - [CHECKPOINT-Main] 🔚 End of Epoch=2 | Task=Pedestrian | Loss=174.19 | SINR=-14.91dB
2025-04-01 13:10:04,924 - [TRAIN-METRIC] Task=Vehicular | SINR=-14.84 dB | Throughput=0.0465 bps/Hz | Latency=9.61 ms
2025-04-01 13:10:04,960 - [CHECKPOINT-Main] [Epoch 2 | Task=Vehicular] mean|w|: 0.11059
2025-04-01 13:10:04,960 - [CHECKPOINT-Main] [Epoch 2 | Task=Vehicular] mean|h|: 1.82093
2025-04-01 13:10:04,960 - [CHECKPOINT-Main] [Epoch 2 | Task=Vehicular] loss: 230.77946, snr: 0.03279, sinr_db: -14.84
2025-04-01 13:10:04,960 - [CHECKPOINT-Main] 🔚 End of Epoch=2 | Task=Vehicular | Loss=230.78 | SINR=-14.84dB
2025-04-01 13:10:05,073 - [TRAIN-METRIC] Task=Aerial | SINR=-14.88 dB | Throughput=0.0461 bps/Hz | Latency=7.49 ms
2025-04-01 13:10:05,109 - [CHECKPOINT-Main] [Epoch 2 | Task=Aerial] mean|w|: 0.10944
2025-04-01 13:10:05,109 - [CHECKPOINT-Main] [Epoch 2 | Task=Aerial] mean|h|: 1.75657
2025-04-01 13:10:05,109 - [CHECKPOINT-Main] [Epoch 2 | Task=Aerial] loss: 211.22255, snr: 0.03251, sinr_db: -14.88
2025-04-01 13:10:05,109 - [CHECKPOINT-Main] 🔚 End of Epoch=2 | Task=Aerial | Loss=211.22 | SINR=-14.88dB
2025-04-01 13:10:05,109 - [CHECKPOINT-Main] 🔁 Epoch=3 start for morning
2025-04-01 13:10:05,213 - [TRAIN-METRIC] Task=Static | SINR=-14.87 dB | Throughput=0.0463 bps/Hz | Latency=7.72 ms
2025-04-01 13:10:05,215 - [CHECKPOINT-Main] [Epoch 3 | Task=Static] mean|w|: 0.11022
2025-04-01 13:10:05,215 - [CHECKPOINT-Main] [Epoch 3 | Task=Static] mean|h|: 1.69163
2025-04-01 13:10:05,215 - [CHECKPOINT-Main] [Epoch 3 | Task=Static] loss: 97.53579, snr: 0.03259, sinr_db: -14.87
2025-04-01 13:10:05,215 - [CHECKPOINT-Main] 🔚 End of Epoch=3 | Task=Static | Loss=97.54 | SINR=-14.87dB
2025-04-01 13:10:05,353 - [TRAIN-METRIC] Task=Pedestrian | SINR=-14.91 dB | Throughput=0.0458 bps/Hz | Latency=7.64 ms
2025-04-01 13:10:05,389 - [CHECKPOINT-Main] [Epoch 3 | Task=Pedestrian] mean|w|: 0.08468
2025-04-01 13:10:05,389 - [CHECKPOINT-Main] [Epoch 3 | Task=Pedestrian] mean|h|: 0.32801
2025-04-01 13:10:05,389 - [CHECKPOINT-Main] [Epoch 3 | Task=Pedestrian] loss: 175.24812, snr: 0.03228, sinr_db: -14.91
2025-04-01 13:10:05,389 - [CHECKPOINT-Main] 🔚 End of Epoch=3 | Task=Pedestrian | Loss=175.25 | SINR=-14.91dB
2025-04-01 13:10:05,502 - [TRAIN-METRIC] Task=Vehicular | SINR=-14.84 dB | Throughput=0.0465 bps/Hz | Latency=9.80 ms
2025-04-01 13:10:05,538 - [CHECKPOINT-Main] [Epoch 3 | Task=Vehicular] mean|w|: 0.11059
2025-04-01 13:10:05,538 - [CHECKPOINT-Main] [Epoch 3 | Task=Vehicular] mean|h|: 1.82093
2025-04-01 13:10:05,538 - [CHECKPOINT-Main] [Epoch 3 | Task=Vehicular] loss: 228.15691, snr: 0.03279, sinr_db: -14.84
2025-04-01 13:10:05,538 - [CHECKPOINT-Main] 🔚 End of Epoch=3 | Task=Vehicular | Loss=228.16 | SINR=-14.84dB
2025-04-01 13:10:05,651 - [TRAIN-METRIC] Task=Aerial | SINR=-14.88 dB | Throughput=0.0461 bps/Hz | Latency=8.80 ms
2025-04-01 13:10:05,687 - [CHECKPOINT-Main] [Epoch 3 | Task=Aerial] mean|w|: 0.10944
2025-04-01 13:10:05,687 - [CHECKPOINT-Main] [Epoch 3 | Task=Aerial] mean|h|: 1.75657
2025-04-01 13:10:05,687 - [CHECKPOINT-Main] [Epoch 3 | Task=Aerial] loss: 211.10667, snr: 0.03251, sinr_db: -14.88
2025-04-01 13:10:05,687 - [CHECKPOINT-Main] 🔚 End of Epoch=3 | Task=Aerial | Loss=211.11 | SINR=-14.88dB
2025-04-01 13:10:05,687 - [CHECKPOINT-Main] 🔁 Epoch=4 start for morning
2025-04-01 13:10:05,794 - [TRAIN-METRIC] Task=Static | SINR=-14.87 dB | Throughput=0.0463 bps/Hz | Latency=7.05 ms
2025-04-01 13:10:05,797 - [CHECKPOINT-Main] [Epoch 4 | Task=Static] mean|w|: 0.11022
2025-04-01 13:10:05,797 - [CHECKPOINT-Main] [Epoch 4 | Task=Static] mean|h|: 1.69163
2025-04-01 13:10:05,797 - [CHECKPOINT-Main] [Epoch 4 | Task=Static] loss: 97.52865, snr: 0.03259, sinr_db: -14.87
2025-04-01 13:10:05,797 - [CHECKPOINT-Main] 🔚 End of Epoch=4 | Task=Static | Loss=97.53 | SINR=-14.87dB
2025-04-01 13:10:05,934 - [TRAIN-METRIC] Task=Pedestrian | SINR=-14.91 dB | Throughput=0.0458 bps/Hz | Latency=7.33 ms
2025-04-01 13:10:05,970 - [CHECKPOINT-Main] [Epoch 4 | Task=Pedestrian] mean|w|: 0.08468
2025-04-01 13:10:05,970 - [CHECKPOINT-Main] [Epoch 4 | Task=Pedestrian] mean|h|: 0.32801
2025-04-01 13:10:05,970 - [CHECKPOINT-Main] [Epoch 4 | Task=Pedestrian] loss: 173.26585, snr: 0.03228, sinr_db: -14.91
2025-04-01 13:10:05,970 - [CHECKPOINT-Main] 🔚 End of Epoch=4 | Task=Pedestrian | Loss=173.27 | SINR=-14.91dB
2025-04-01 13:10:06,083 - [TRAIN-METRIC] Task=Vehicular | SINR=-14.84 dB | Throughput=0.0465 bps/Hz | Latency=7.04 ms
2025-04-01 13:10:06,119 - [CHECKPOINT-Main] [Epoch 4 | Task=Vehicular] mean|w|: 0.11059
2025-04-01 13:10:06,120 - [CHECKPOINT-Main] [Epoch 4 | Task=Vehicular] mean|h|: 1.82093
2025-04-01 13:10:06,120 - [CHECKPOINT-Main] [Epoch 4 | Task=Vehicular] loss: 229.39616, snr: 0.03279, sinr_db: -14.84
2025-04-01 13:10:06,120 - [CHECKPOINT-Main] 🔚 End of Epoch=4 | Task=Vehicular | Loss=229.40 | SINR=-14.84dB
2025-04-01 13:10:06,232 - [TRAIN-METRIC] Task=Aerial | SINR=-14.88 dB | Throughput=0.0461 bps/Hz | Latency=8.41 ms
2025-04-01 13:10:06,269 - [CHECKPOINT-Main] [Epoch 4 | Task=Aerial] mean|w|: 0.10944
2025-04-01 13:10:06,269 - [CHECKPOINT-Main] [Epoch 4 | Task=Aerial] mean|h|: 1.75657
2025-04-01 13:10:06,269 - [CHECKPOINT-Main] [Epoch 4 | Task=Aerial] loss: 210.31999, snr: 0.03251, sinr_db: -14.88
2025-04-01 13:10:06,269 - [CHECKPOINT-Main] 🔚 End of Epoch=4 | Task=Aerial | Loss=210.32 | SINR=-14.88dB
2025-04-01 13:10:06,269 - [CHECKPOINT-Main] 🔁 Epoch=5 start for morning
2025-04-01 13:10:06,372 - [TRAIN-METRIC] Task=Static | SINR=-14.87 dB | Throughput=0.0463 bps/Hz | Latency=8.38 ms
2025-04-01 13:10:06,374 - [CHECKPOINT-Main] [Epoch 5 | Task=Static] mean|w|: 0.11023
2025-04-01 13:10:06,374 - [CHECKPOINT-Main] [Epoch 5 | Task=Static] mean|h|: 1.69163
2025-04-01 13:10:06,374 - [CHECKPOINT-Main] [Epoch 5 | Task=Static] loss: 97.52447, snr: 0.03259, sinr_db: -14.87
2025-04-01 13:10:06,374 - [CHECKPOINT-Main] 🔚 End of Epoch=5 | Task=Static | Loss=97.52 | SINR=-14.87dB
2025-04-01 13:10:06,512 - [TRAIN-METRIC] Task=Pedestrian | SINR=-14.91 dB | Throughput=0.0458 bps/Hz | Latency=9.21 ms
2025-04-01 13:10:06,548 - [CHECKPOINT-Main] [Epoch 5 | Task=Pedestrian] mean|w|: 0.08468
2025-04-01 13:10:06,548 - [CHECKPOINT-Main] [Epoch 5 | Task=Pedestrian] mean|h|: 0.32801
2025-04-01 13:10:06,548 - [CHECKPOINT-Main] [Epoch 5 | Task=Pedestrian] loss: 172.87869, snr: 0.03228, sinr_db: -14.91
2025-04-01 13:10:06,548 - [CHECKPOINT-Main] 🔚 End of Epoch=5 | Task=Pedestrian | Loss=172.88 | SINR=-14.91dB
2025-04-01 13:10:06,662 - [TRAIN-METRIC] Task=Vehicular | SINR=-14.84 dB | Throughput=0.0465 bps/Hz | Latency=9.21 ms
2025-04-01 13:10:06,698 - [CHECKPOINT-Main] [Epoch 5 | Task=Vehicular] mean|w|: 0.11059
2025-04-01 13:10:06,698 - [CHECKPOINT-Main] [Epoch 5 | Task=Vehicular] mean|h|: 1.82093
2025-04-01 13:10:06,699 - [CHECKPOINT-Main] [Epoch 5 | Task=Vehicular] loss: 228.95210, snr: 0.03279, sinr_db: -14.84
2025-04-01 13:10:06,699 - [CHECKPOINT-Main] 🔚 End of Epoch=5 | Task=Vehicular | Loss=228.95 | SINR=-14.84dB
2025-04-01 13:10:06,812 - [TRAIN-METRIC] Task=Aerial | SINR=-14.88 dB | Throughput=0.0461 bps/Hz | Latency=8.84 ms
2025-04-01 13:10:06,848 - [CHECKPOINT-Main] [Epoch 5 | Task=Aerial] mean|w|: 0.10944
2025-04-01 13:10:06,848 - [CHECKPOINT-Main] [Epoch 5 | Task=Aerial] mean|h|: 1.75657
2025-04-01 13:10:06,848 - [CHECKPOINT-Main] [Epoch 5 | Task=Aerial] loss: 210.75755, snr: 0.03251, sinr_db: -14.88
2025-04-01 13:10:06,848 - [CHECKPOINT-Main] 🔚 End of Epoch=5 | Task=Aerial | Loss=210.76 | SINR=-14.88dB
2025-04-01 13:10:06,848 - [CHECKPOINT-Main] 🔁 Epoch=6 start for morning
2025-04-01 13:10:06,951 - [TRAIN-METRIC] Task=Static | SINR=-14.87 dB | Throughput=0.0463 bps/Hz | Latency=9.84 ms
2025-04-01 13:10:06,954 - [CHECKPOINT-Main] [Epoch 6 | Task=Static] mean|w|: 0.11023
2025-04-01 13:10:06,954 - [CHECKPOINT-Main] [Epoch 6 | Task=Static] mean|h|: 1.69163
2025-04-01 13:10:06,954 - [CHECKPOINT-Main] [Epoch 6 | Task=Static] loss: 97.52227, snr: 0.03259, sinr_db: -14.87
2025-04-01 13:10:06,954 - [CHECKPOINT-Main] 🔚 End of Epoch=6 | Task=Static | Loss=97.52 | SINR=-14.87dB
2025-04-01 13:10:07,092 - [TRAIN-METRIC] Task=Pedestrian | SINR=-14.91 dB | Throughput=0.0458 bps/Hz | Latency=9.71 ms
2025-04-01 13:10:07,128 - [CHECKPOINT-Main] [Epoch 6 | Task=Pedestrian] mean|w|: 0.08468
2025-04-01 13:10:07,128 - [CHECKPOINT-Main] [Epoch 6 | Task=Pedestrian] mean|h|: 0.32801
2025-04-01 13:10:07,128 - [CHECKPOINT-Main] [Epoch 6 | Task=Pedestrian] loss: 173.50275, snr: 0.03228, sinr_db: -14.91
2025-04-01 13:10:07,128 - [CHECKPOINT-Main] 🔚 End of Epoch=6 | Task=Pedestrian | Loss=173.50 | SINR=-14.91dB
2025-04-01 13:10:07,241 - [TRAIN-METRIC] Task=Vehicular | SINR=-14.84 dB | Throughput=0.0465 bps/Hz | Latency=7.56 ms
2025-04-01 13:10:07,277 - [CHECKPOINT-Main] [Epoch 6 | Task=Vehicular] mean|w|: 0.11059
2025-04-01 13:10:07,278 - [CHECKPOINT-Main] [Epoch 6 | Task=Vehicular] mean|h|: 1.82093
2025-04-01 13:10:07,278 - [CHECKPOINT-Main] [Epoch 6 | Task=Vehicular] loss: 228.92363, snr: 0.03279, sinr_db: -14.84
2025-04-01 13:10:07,278 - [CHECKPOINT-Main] 🔚 End of Epoch=6 | Task=Vehicular | Loss=228.92 | SINR=-14.84dB
2025-04-01 13:10:07,390 - [TRAIN-METRIC] Task=Aerial | SINR=-14.88 dB | Throughput=0.0461 bps/Hz | Latency=7.24 ms
2025-04-01 13:10:07,427 - [CHECKPOINT-Main] [Epoch 6 | Task=Aerial] mean|w|: 0.10944
2025-04-01 13:10:07,427 - [CHECKPOINT-Main] [Epoch 6 | Task=Aerial] mean|h|: 1.75657
2025-04-01 13:10:07,427 - [CHECKPOINT-Main] [Epoch 6 | Task=Aerial] loss: 210.44196, snr: 0.03251, sinr_db: -14.88
2025-04-01 13:10:07,427 - [CHECKPOINT-Main] 🔚 End of Epoch=6 | Task=Aerial | Loss=210.44 | SINR=-14.88dB
2025-04-01 13:10:07,427 - [CHECKPOINT-Main] 🔁 Epoch=7 start for morning
2025-04-01 13:10:07,530 - [TRAIN-METRIC] Task=Static | SINR=-14.87 dB | Throughput=0.0463 bps/Hz | Latency=7.62 ms
2025-04-01 13:10:07,533 - [CHECKPOINT-Main] [Epoch 7 | Task=Static] mean|w|: 0.11023
2025-04-01 13:10:07,533 - [CHECKPOINT-Main] [Epoch 7 | Task=Static] mean|h|: 1.69163
2025-04-01 13:10:07,533 - [CHECKPOINT-Main] [Epoch 7 | Task=Static] loss: 97.52121, snr: 0.03259, sinr_db: -14.87
2025-04-01 13:10:07,533 - [CHECKPOINT-Main] 🔚 End of Epoch=7 | Task=Static | Loss=97.52 | SINR=-14.87dB
2025-04-01 13:10:07,670 - [TRAIN-METRIC] Task=Pedestrian | SINR=-14.91 dB | Throughput=0.0458 bps/Hz | Latency=7.55 ms
2025-04-01 13:10:07,706 - [CHECKPOINT-Main] [Epoch 7 | Task=Pedestrian] mean|w|: 0.08468
2025-04-01 13:10:07,707 - [CHECKPOINT-Main] [Epoch 7 | Task=Pedestrian] mean|h|: 0.32801
2025-04-01 13:10:07,707 - [CHECKPOINT-Main] [Epoch 7 | Task=Pedestrian] loss: 172.67772, snr: 0.03228, sinr_db: -14.91
2025-04-01 13:10:07,707 - [CHECKPOINT-Main] 🔚 End of Epoch=7 | Task=Pedestrian | Loss=172.68 | SINR=-14.91dB
2025-04-01 13:10:07,820 - [TRAIN-METRIC] Task=Vehicular | SINR=-14.84 dB | Throughput=0.0465 bps/Hz | Latency=8.27 ms
2025-04-01 13:10:07,856 - [CHECKPOINT-Main] [Epoch 7 | Task=Vehicular] mean|w|: 0.11059
2025-04-01 13:10:07,857 - [CHECKPOINT-Main] [Epoch 7 | Task=Vehicular] mean|h|: 1.82093
2025-04-01 13:10:07,857 - [CHECKPOINT-Main] [Epoch 7 | Task=Vehicular] loss: 227.04527, snr: 0.03279, sinr_db: -14.84
2025-04-01 13:10:07,857 - [CHECKPOINT-Main] 🔚 End of Epoch=7 | Task=Vehicular | Loss=227.05 | SINR=-14.84dB
2025-04-01 13:10:07,970 - [TRAIN-METRIC] Task=Aerial | SINR=-14.88 dB | Throughput=0.0461 bps/Hz | Latency=7.03 ms
2025-04-01 13:10:08,007 - [CHECKPOINT-Main] [Epoch 7 | Task=Aerial] mean|w|: 0.10944
2025-04-01 13:10:08,007 - [CHECKPOINT-Main] [Epoch 7 | Task=Aerial] mean|h|: 1.75657
2025-04-01 13:10:08,007 - [CHECKPOINT-Main] [Epoch 7 | Task=Aerial] loss: 210.99123, snr: 0.03251, sinr_db: -14.88
2025-04-01 13:10:08,007 - [CHECKPOINT-Main] 🔚 End of Epoch=7 | Task=Aerial | Loss=210.99 | SINR=-14.88dB
2025-04-01 13:10:08,007 - [CHECKPOINT-Main] 🔁 Epoch=8 start for morning
2025-04-01 13:10:08,114 - [TRAIN-METRIC] Task=Static | SINR=-14.87 dB | Throughput=0.0463 bps/Hz | Latency=7.05 ms
2025-04-01 13:10:08,116 - [CHECKPOINT-Main] [Epoch 8 | Task=Static] mean|w|: 0.11023
2025-04-01 13:10:08,116 - [CHECKPOINT-Main] [Epoch 8 | Task=Static] mean|h|: 1.69163
2025-04-01 13:10:08,116 - [CHECKPOINT-Main] [Epoch 8 | Task=Static] loss: 97.52082, snr: 0.03259, sinr_db: -14.87
2025-04-01 13:10:08,116 - [CHECKPOINT-Main] 🔚 End of Epoch=8 | Task=Static | Loss=97.52 | SINR=-14.87dB
2025-04-01 13:10:08,255 - [TRAIN-METRIC] Task=Pedestrian | SINR=-14.91 dB | Throughput=0.0458 bps/Hz | Latency=7.75 ms
2025-04-01 13:10:08,291 - [CHECKPOINT-Main] [Epoch 8 | Task=Pedestrian] mean|w|: 0.08468
2025-04-01 13:10:08,291 - [CHECKPOINT-Main] [Epoch 8 | Task=Pedestrian] mean|h|: 0.32801
2025-04-01 13:10:08,291 - [CHECKPOINT-Main] [Epoch 8 | Task=Pedestrian] loss: 172.87863, snr: 0.03227, sinr_db: -14.91
2025-04-01 13:10:08,291 - [CHECKPOINT-Main] 🔚 End of Epoch=8 | Task=Pedestrian | Loss=172.88 | SINR=-14.91dB
2025-04-01 13:10:08,404 - [TRAIN-METRIC] Task=Vehicular | SINR=-14.84 dB | Throughput=0.0465 bps/Hz | Latency=7.68 ms
2025-04-01 13:10:08,441 - [CHECKPOINT-Main] [Epoch 8 | Task=Vehicular] mean|w|: 0.11059
2025-04-01 13:10:08,441 - [CHECKPOINT-Main] [Epoch 8 | Task=Vehicular] mean|h|: 1.82093
2025-04-01 13:10:08,441 - [CHECKPOINT-Main] [Epoch 8 | Task=Vehicular] loss: 227.80821, snr: 0.03279, sinr_db: -14.84
2025-04-01 13:10:08,441 - [CHECKPOINT-Main] 🔚 End of Epoch=8 | Task=Vehicular | Loss=227.81 | SINR=-14.84dB
2025-04-01 13:10:08,554 - [TRAIN-METRIC] Task=Aerial | SINR=-14.88 dB | Throughput=0.0461 bps/Hz | Latency=8.04 ms
2025-04-01 13:10:08,591 - [CHECKPOINT-Main] [Epoch 8 | Task=Aerial] mean|w|: 0.10944
2025-04-01 13:10:08,591 - [CHECKPOINT-Main] [Epoch 8 | Task=Aerial] mean|h|: 1.75657
2025-04-01 13:10:08,591 - [CHECKPOINT-Main] [Epoch 8 | Task=Aerial] loss: 210.82053, snr: 0.03251, sinr_db: -14.88
2025-04-01 13:10:08,591 - [CHECKPOINT-Main] 🔚 End of Epoch=8 | Task=Aerial | Loss=210.82 | SINR=-14.88dB
2025-04-01 13:10:08,591 - [CHECKPOINT-Main] 🔁 Epoch=9 start for morning
2025-04-01 13:10:08,693 - [TRAIN-METRIC] Task=Static | SINR=-14.87 dB | Throughput=0.0463 bps/Hz | Latency=8.86 ms
2025-04-01 13:10:08,696 - [CHECKPOINT-Main] [Epoch 9 | Task=Static] mean|w|: 0.11023
2025-04-01 13:10:08,696 - [CHECKPOINT-Main] [Epoch 9 | Task=Static] mean|h|: 1.69163
2025-04-01 13:10:08,696 - [CHECKPOINT-Main] [Epoch 9 | Task=Static] loss: 97.52085, snr: 0.03259, sinr_db: -14.87
2025-04-01 13:10:08,696 - [CHECKPOINT-Main] 🔚 End of Epoch=9 | Task=Static | Loss=97.52 | SINR=-14.87dB
2025-04-01 13:10:08,833 - [TRAIN-METRIC] Task=Pedestrian | SINR=-14.91 dB | Throughput=0.0458 bps/Hz | Latency=9.57 ms
2025-04-01 13:10:08,869 - [CHECKPOINT-Main] [Epoch 9 | Task=Pedestrian] mean|w|: 0.08468
2025-04-01 13:10:08,869 - [CHECKPOINT-Main] [Epoch 9 | Task=Pedestrian] mean|h|: 0.32801
2025-04-01 13:10:08,869 - [CHECKPOINT-Main] [Epoch 9 | Task=Pedestrian] loss: 172.11905, snr: 0.03227, sinr_db: -14.91
2025-04-01 13:10:08,869 - [CHECKPOINT-Main] 🔚 End of Epoch=9 | Task=Pedestrian | Loss=172.12 | SINR=-14.91dB
2025-04-01 13:10:08,983 - [TRAIN-METRIC] Task=Vehicular | SINR=-14.84 dB | Throughput=0.0465 bps/Hz | Latency=9.64 ms
2025-04-01 13:10:09,019 - [CHECKPOINT-Main] [Epoch 9 | Task=Vehicular] mean|w|: 0.11059
2025-04-01 13:10:09,019 - [CHECKPOINT-Main] [Epoch 9 | Task=Vehicular] mean|h|: 1.82093
2025-04-01 13:10:09,019 - [CHECKPOINT-Main] [Epoch 9 | Task=Vehicular] loss: 228.77220, snr: 0.03279, sinr_db: -14.84
2025-04-01 13:10:09,019 - [CHECKPOINT-Main] 🔚 End of Epoch=9 | Task=Vehicular | Loss=228.77 | SINR=-14.84dB
2025-04-01 13:10:09,132 - [TRAIN-METRIC] Task=Aerial | SINR=-14.88 dB | Throughput=0.0461 bps/Hz | Latency=9.79 ms
2025-04-01 13:10:09,168 - [CHECKPOINT-Main] [Epoch 9 | Task=Aerial] mean|w|: 0.10944
2025-04-01 13:10:09,168 - [CHECKPOINT-Main] [Epoch 9 | Task=Aerial] mean|h|: 1.75657
2025-04-01 13:10:09,169 - [CHECKPOINT-Main] [Epoch 9 | Task=Aerial] loss: 209.59813, snr: 0.03251, sinr_db: -14.88
2025-04-01 13:10:09,169 - [CHECKPOINT-Main] 🔚 End of Epoch=9 | Task=Aerial | Loss=209.60 | SINR=-14.88dB
2025-04-01 13:10:09,169 - [CHECKPOINT-Main] 🔁 Epoch=10 start for morning
2025-04-01 13:10:09,271 - [TRAIN-METRIC] Task=Static | SINR=-14.87 dB | Throughput=0.0463 bps/Hz | Latency=8.28 ms
2025-04-01 13:10:09,274 - [CHECKPOINT-Main] [Epoch 10 | Task=Static] mean|w|: 0.11022
2025-04-01 13:10:09,274 - [CHECKPOINT-Main] [Epoch 10 | Task=Static] mean|h|: 1.69163
2025-04-01 13:10:09,274 - [CHECKPOINT-Main] [Epoch 10 | Task=Static] loss: 97.52096, snr: 0.03259, sinr_db: -14.87
2025-04-01 13:10:09,274 - [CHECKPOINT-Main] 🔚 End of Epoch=10 | Task=Static | Loss=97.52 | SINR=-14.87dB
2025-04-01 13:10:09,411 - [TRAIN-METRIC] Task=Pedestrian | SINR=-14.91 dB | Throughput=0.0458 bps/Hz | Latency=8.84 ms
2025-04-01 13:10:09,447 - [CHECKPOINT-Main] [Epoch 10 | Task=Pedestrian] mean|w|: 0.08468
2025-04-01 13:10:09,447 - [CHECKPOINT-Main] [Epoch 10 | Task=Pedestrian] mean|h|: 0.32801
2025-04-01 13:10:09,447 - [CHECKPOINT-Main] [Epoch 10 | Task=Pedestrian] loss: 172.49857, snr: 0.03227, sinr_db: -14.91
2025-04-01 13:10:09,448 - [CHECKPOINT-Main] 🔚 End of Epoch=10 | Task=Pedestrian | Loss=172.50 | SINR=-14.91dB
2025-04-01 13:10:09,559 - [TRAIN-METRIC] Task=Vehicular | SINR=-14.84 dB | Throughput=0.0465 bps/Hz | Latency=7.89 ms
2025-04-01 13:10:09,596 - [CHECKPOINT-Main] [Epoch 10 | Task=Vehicular] mean|w|: 0.11059
2025-04-01 13:10:09,596 - [CHECKPOINT-Main] [Epoch 10 | Task=Vehicular] mean|h|: 1.82093
2025-04-01 13:10:09,596 - [CHECKPOINT-Main] [Epoch 10 | Task=Vehicular] loss: 233.35136, snr: 0.03279, sinr_db: -14.84
2025-04-01 13:10:09,596 - [CHECKPOINT-Main] 🔚 End of Epoch=10 | Task=Vehicular | Loss=233.35 | SINR=-14.84dB
2025-04-01 13:10:09,709 - [TRAIN-METRIC] Task=Aerial | SINR=-14.88 dB | Throughput=0.0461 bps/Hz | Latency=7.99 ms
2025-04-01 13:10:09,745 - [CHECKPOINT-Main] [Epoch 10 | Task=Aerial] mean|w|: 0.10944
2025-04-01 13:10:09,746 - [CHECKPOINT-Main] [Epoch 10 | Task=Aerial] mean|h|: 1.75657
2025-04-01 13:10:09,746 - [CHECKPOINT-Main] [Epoch 10 | Task=Aerial] loss: 211.05130, snr: 0.03251, sinr_db: -14.88
2025-04-01 13:10:09,746 - [CHECKPOINT-Main] 🔚 End of Epoch=10 | Task=Aerial | Loss=211.05 | SINR=-14.88dB
2025-04-01 13:10:09,746 - [CHECKPOINT-Main] 🕒 Period=noon Start
2025-04-01 13:10:09,746 - [CHECKPOINT-Main] 👥 Users in noon: 32
2025-04-01 13:10:10,086 - [CHECKPOINT-2] Task=Static | Raw |h| mean=0.11092 | shape=(16, 32, 64)
2025-04-01 13:10:10,086 - [CHECKPOINT-3] Task=Static | Normalized |h| mean=0.11092
2025-04-01 13:10:10,432 - [CHECKPOINT-2] Task=Pedestrian | Raw |h| mean=0.04339 | shape=(16, 32, 64)
2025-04-01 13:10:10,432 - [CHECKPOINT-3] Task=Pedestrian | Normalized |h| mean=0.04339
2025-04-01 13:10:11,007 - [CHECKPOINT-2] Task=Vehicular | Raw |h| mean=0.11096 | shape=(16, 32, 64)
2025-04-01 13:10:11,008 - [CHECKPOINT-3] Task=Vehicular | Normalized |h| mean=0.11096
2025-04-01 13:10:11,577 - [CHECKPOINT-2] Task=Aerial | Raw |h| mean=0.11085 | shape=(16, 32, 64)
2025-04-01 13:10:11,578 - [CHECKPOINT-3] Task=Aerial | Normalized |h| mean=0.11085
2025-04-01 13:10:11,809 - [CHECKPOINT-Main] ✅ Channel generation done for all tasks in noon
2025-04-01 13:10:11,809 - [CHECKPOINT-Main] 🔁 Epoch=1 start for noon
2025-04-01 13:10:11,915 - [TRAIN-METRIC] Task=Static | SINR=-15.10 dB | Throughput=0.0439 bps/Hz | Latency=9.34 ms
2025-04-01 13:10:11,918 - [CHECKPOINT-Main] [Epoch 1 | Task=Static] mean|w|: 0.10964
2025-04-01 13:10:11,918 - [CHECKPOINT-Main] [Epoch 1 | Task=Static] mean|h|: 1.66626
2025-04-01 13:10:11,918 - [CHECKPOINT-Main] [Epoch 1 | Task=Static] loss: 96.47475, snr: 0.03092, sinr_db: -15.10
2025-04-01 13:10:11,918 - [CHECKPOINT-Main] 🔚 End of Epoch=1 | Task=Static | Loss=96.47 | SINR=-15.10dB
2025-04-01 13:10:12,055 - [TRAIN-METRIC] Task=Pedestrian | SINR=-14.78 dB | Throughput=0.0473 bps/Hz | Latency=9.51 ms
2025-04-01 13:10:12,091 - [CHECKPOINT-Main] [Epoch 1 | Task=Pedestrian] mean|w|: 0.08584
2025-04-01 13:10:12,091 - [CHECKPOINT-Main] [Epoch 1 | Task=Pedestrian] mean|h|: 0.32560
2025-04-01 13:10:12,091 - [CHECKPOINT-Main] [Epoch 1 | Task=Pedestrian] loss: 169.75099, snr: 0.03330, sinr_db: -14.78
2025-04-01 13:10:12,091 - [CHECKPOINT-Main] 🔚 End of Epoch=1 | Task=Pedestrian | Loss=169.75 | SINR=-14.78dB
2025-04-01 13:10:12,207 - [TRAIN-METRIC] Task=Vehicular | SINR=-14.94 dB | Throughput=0.0456 bps/Hz | Latency=8.84 ms
2025-04-01 13:10:12,244 - [CHECKPOINT-Main] [Epoch 1 | Task=Vehicular] mean|w|: 0.11076
2025-04-01 13:10:12,244 - [CHECKPOINT-Main] [Epoch 1 | Task=Vehicular] mean|h|: 1.81993
2025-04-01 13:10:12,244 - [CHECKPOINT-Main] [Epoch 1 | Task=Vehicular] loss: 225.24010, snr: 0.03209, sinr_db: -14.94
2025-04-01 13:10:12,244 - [CHECKPOINT-Main] 🔚 End of Epoch=1 | Task=Vehicular | Loss=225.24 | SINR=-14.94dB
2025-04-01 13:10:12,361 - [TRAIN-METRIC] Task=Aerial | SINR=-14.99 dB | Throughput=0.0450 bps/Hz | Latency=8.53 ms
2025-04-01 13:10:12,397 - [CHECKPOINT-Main] [Epoch 1 | Task=Aerial] mean|w|: 0.11026
2025-04-01 13:10:12,397 - [CHECKPOINT-Main] [Epoch 1 | Task=Aerial] mean|h|: 1.81258
2025-04-01 13:10:12,397 - [CHECKPOINT-Main] [Epoch 1 | Task=Aerial] loss: 208.93477, snr: 0.03166, sinr_db: -14.99
2025-04-01 13:10:12,397 - [CHECKPOINT-Main] 🔚 End of Epoch=1 | Task=Aerial | Loss=208.93 | SINR=-14.99dB
2025-04-01 13:10:12,397 - [CHECKPOINT-Main] 🔁 Epoch=2 start for noon
2025-04-01 13:10:12,499 - [TRAIN-METRIC] Task=Static | SINR=-15.10 dB | Throughput=0.0439 bps/Hz | Latency=9.35 ms
2025-04-01 13:10:12,502 - [CHECKPOINT-Main] [Epoch 2 | Task=Static] mean|w|: 0.10964
2025-04-01 13:10:12,502 - [CHECKPOINT-Main] [Epoch 2 | Task=Static] mean|h|: 1.66626
2025-04-01 13:10:12,502 - [CHECKPOINT-Main] [Epoch 2 | Task=Static] loss: 96.47482, snr: 0.03092, sinr_db: -15.10
2025-04-01 13:10:12,502 - [CHECKPOINT-Main] 🔚 End of Epoch=2 | Task=Static | Loss=96.47 | SINR=-15.10dB
2025-04-01 13:10:12,639 - [TRAIN-METRIC] Task=Pedestrian | SINR=-14.78 dB | Throughput=0.0472 bps/Hz | Latency=7.28 ms
2025-04-01 13:10:12,675 - [CHECKPOINT-Main] [Epoch 2 | Task=Pedestrian] mean|w|: 0.08584
2025-04-01 13:10:12,676 - [CHECKPOINT-Main] [Epoch 2 | Task=Pedestrian] mean|h|: 0.32560
2025-04-01 13:10:12,676 - [CHECKPOINT-Main] [Epoch 2 | Task=Pedestrian] loss: 172.06961, snr: 0.03328, sinr_db: -14.78
2025-04-01 13:10:12,676 - [CHECKPOINT-Main] 🔚 End of Epoch=2 | Task=Pedestrian | Loss=172.07 | SINR=-14.78dB
2025-04-01 13:10:12,788 - [TRAIN-METRIC] Task=Vehicular | SINR=-14.94 dB | Throughput=0.0456 bps/Hz | Latency=7.08 ms
2025-04-01 13:10:12,824 - [CHECKPOINT-Main] [Epoch 2 | Task=Vehicular] mean|w|: 0.11076
2025-04-01 13:10:12,824 - [CHECKPOINT-Main] [Epoch 2 | Task=Vehicular] mean|h|: 1.81993
2025-04-01 13:10:12,825 - [CHECKPOINT-Main] [Epoch 2 | Task=Vehicular] loss: 228.04512, snr: 0.03209, sinr_db: -14.94
2025-04-01 13:10:12,825 - [CHECKPOINT-Main] 🔚 End of Epoch=2 | Task=Vehicular | Loss=228.05 | SINR=-14.94dB
2025-04-01 13:10:12,937 - [TRAIN-METRIC] Task=Aerial | SINR=-14.99 dB | Throughput=0.0450 bps/Hz | Latency=9.33 ms
2025-04-01 13:10:12,973 - [CHECKPOINT-Main] [Epoch 2 | Task=Aerial] mean|w|: 0.11026
2025-04-01 13:10:12,974 - [CHECKPOINT-Main] [Epoch 2 | Task=Aerial] mean|h|: 1.81258
2025-04-01 13:10:12,974 - [CHECKPOINT-Main] [Epoch 2 | Task=Aerial] loss: 211.79457, snr: 0.03166, sinr_db: -14.99
2025-04-01 13:10:12,974 - [CHECKPOINT-Main] 🔚 End of Epoch=2 | Task=Aerial | Loss=211.79 | SINR=-14.99dB
2025-04-01 13:10:12,974 - [CHECKPOINT-Main] 🔁 Epoch=3 start for noon
2025-04-01 13:10:13,076 - [TRAIN-METRIC] Task=Static | SINR=-15.10 dB | Throughput=0.0439 bps/Hz | Latency=9.22 ms
2025-04-01 13:10:13,078 - [CHECKPOINT-Main] [Epoch 3 | Task=Static] mean|w|: 0.10964
2025-04-01 13:10:13,078 - [CHECKPOINT-Main] [Epoch 3 | Task=Static] mean|h|: 1.66626
2025-04-01 13:10:13,078 - [CHECKPOINT-Main] [Epoch 3 | Task=Static] loss: 96.47499, snr: 0.03092, sinr_db: -15.10
2025-04-01 13:10:13,078 - [CHECKPOINT-Main] 🔚 End of Epoch=3 | Task=Static | Loss=96.47 | SINR=-15.10dB
2025-04-01 13:10:13,225 - [TRAIN-METRIC] Task=Pedestrian | SINR=-14.78 dB | Throughput=0.0472 bps/Hz | Latency=7.50 ms
2025-04-01 13:10:13,262 - [CHECKPOINT-Main] [Epoch 3 | Task=Pedestrian] mean|w|: 0.08584
2025-04-01 13:10:13,262 - [CHECKPOINT-Main] [Epoch 3 | Task=Pedestrian] mean|h|: 0.32560
2025-04-01 13:10:13,262 - [CHECKPOINT-Main] [Epoch 3 | Task=Pedestrian] loss: 172.25603, snr: 0.03323, sinr_db: -14.78
2025-04-01 13:10:13,262 - [CHECKPOINT-Main] 🔚 End of Epoch=3 | Task=Pedestrian | Loss=172.26 | SINR=-14.78dB
2025-04-01 13:10:13,375 - [TRAIN-METRIC] Task=Vehicular | SINR=-14.94 dB | Throughput=0.0456 bps/Hz | Latency=8.29 ms
2025-04-01 13:10:13,411 - [CHECKPOINT-Main] [Epoch 3 | Task=Vehicular] mean|w|: 0.11076
2025-04-01 13:10:13,412 - [CHECKPOINT-Main] [Epoch 3 | Task=Vehicular] mean|h|: 1.81993
2025-04-01 13:10:13,412 - [CHECKPOINT-Main] [Epoch 3 | Task=Vehicular] loss: 227.45578, snr: 0.03209, sinr_db: -14.94
2025-04-01 13:10:13,412 - [CHECKPOINT-Main] 🔚 End of Epoch=3 | Task=Vehicular | Loss=227.46 | SINR=-14.94dB
2025-04-01 13:10:13,524 - [TRAIN-METRIC] Task=Aerial | SINR=-14.99 dB | Throughput=0.0450 bps/Hz | Latency=7.99 ms
2025-04-01 13:10:13,560 - [CHECKPOINT-Main] [Epoch 3 | Task=Aerial] mean|w|: 0.11026
2025-04-01 13:10:13,560 - [CHECKPOINT-Main] [Epoch 3 | Task=Aerial] mean|h|: 1.81258
2025-04-01 13:10:13,560 - [CHECKPOINT-Main] [Epoch 3 | Task=Aerial] loss: 211.38158, snr: 0.03166, sinr_db: -14.99
2025-04-01 13:10:13,560 - [CHECKPOINT-Main] 🔚 End of Epoch=3 | Task=Aerial | Loss=211.38 | SINR=-14.99dB
2025-04-01 13:10:13,560 - [CHECKPOINT-Main] 🔁 Epoch=4 start for noon
2025-04-01 13:10:13,662 - [TRAIN-METRIC] Task=Static | SINR=-15.10 dB | Throughput=0.0439 bps/Hz | Latency=7.07 ms
2025-04-01 13:10:13,665 - [CHECKPOINT-Main] [Epoch 4 | Task=Static] mean|w|: 0.10964
2025-04-01 13:10:13,665 - [CHECKPOINT-Main] [Epoch 4 | Task=Static] mean|h|: 1.66626
2025-04-01 13:10:13,665 - [CHECKPOINT-Main] [Epoch 4 | Task=Static] loss: 96.47508, snr: 0.03092, sinr_db: -15.10
2025-04-01 13:10:13,665 - [CHECKPOINT-Main] 🔚 End of Epoch=4 | Task=Static | Loss=96.48 | SINR=-15.10dB
2025-04-01 13:10:13,801 - [TRAIN-METRIC] Task=Pedestrian | SINR=-14.79 dB | Throughput=0.0471 bps/Hz | Latency=8.12 ms
2025-04-01 13:10:13,837 - [CHECKPOINT-Main] [Epoch 4 | Task=Pedestrian] mean|w|: 0.08584
2025-04-01 13:10:13,837 - [CHECKPOINT-Main] [Epoch 4 | Task=Pedestrian] mean|h|: 0.32560
2025-04-01 13:10:13,837 - [CHECKPOINT-Main] [Epoch 4 | Task=Pedestrian] loss: 172.84106, snr: 0.03317, sinr_db: -14.79
2025-04-01 13:10:13,837 - [CHECKPOINT-Main] 🔚 End of Epoch=4 | Task=Pedestrian | Loss=172.84 | SINR=-14.79dB
2025-04-01 13:10:13,950 - [TRAIN-METRIC] Task=Vehicular | SINR=-14.94 dB | Throughput=0.0456 bps/Hz | Latency=8.64 ms
2025-04-01 13:10:13,986 - [CHECKPOINT-Main] [Epoch 4 | Task=Vehicular] mean|w|: 0.11076
2025-04-01 13:10:13,987 - [CHECKPOINT-Main] [Epoch 4 | Task=Vehicular] mean|h|: 1.81993
2025-04-01 13:10:13,987 - [CHECKPOINT-Main] [Epoch 4 | Task=Vehicular] loss: 228.81412, snr: 0.03209, sinr_db: -14.94
2025-04-01 13:10:13,987 - [CHECKPOINT-Main] 🔚 End of Epoch=4 | Task=Vehicular | Loss=228.81 | SINR=-14.94dB
2025-04-01 13:10:14,099 - [TRAIN-METRIC] Task=Aerial | SINR=-14.99 dB | Throughput=0.0450 bps/Hz | Latency=8.93 ms
2025-04-01 13:10:14,136 - [CHECKPOINT-Main] [Epoch 4 | Task=Aerial] mean|w|: 0.11026
2025-04-01 13:10:14,136 - [CHECKPOINT-Main] [Epoch 4 | Task=Aerial] mean|h|: 1.81258
2025-04-01 13:10:14,136 - [CHECKPOINT-Main] [Epoch 4 | Task=Aerial] loss: 211.64119, snr: 0.03166, sinr_db: -14.99
2025-04-01 13:10:14,136 - [CHECKPOINT-Main] 🔚 End of Epoch=4 | Task=Aerial | Loss=211.64 | SINR=-14.99dB
2025-04-01 13:10:14,136 - [CHECKPOINT-Main] 🔁 Epoch=5 start for noon
2025-04-01 13:10:14,243 - [TRAIN-METRIC] Task=Static | SINR=-15.10 dB | Throughput=0.0439 bps/Hz | Latency=9.71 ms
2025-04-01 13:10:14,245 - [CHECKPOINT-Main] [Epoch 5 | Task=Static] mean|w|: 0.10964
2025-04-01 13:10:14,245 - [CHECKPOINT-Main] [Epoch 5 | Task=Static] mean|h|: 1.66626
2025-04-01 13:10:14,245 - [CHECKPOINT-Main] [Epoch 5 | Task=Static] loss: 96.47507, snr: 0.03092, sinr_db: -15.10
2025-04-01 13:10:14,245 - [CHECKPOINT-Main] 🔚 End of Epoch=5 | Task=Static | Loss=96.48 | SINR=-15.10dB
2025-04-01 13:10:14,383 - [TRAIN-METRIC] Task=Pedestrian | SINR=-14.80 dB | Throughput=0.0470 bps/Hz | Latency=8.98 ms
2025-04-01 13:10:14,419 - [CHECKPOINT-Main] [Epoch 5 | Task=Pedestrian] mean|w|: 0.08584
2025-04-01 13:10:14,419 - [CHECKPOINT-Main] [Epoch 5 | Task=Pedestrian] mean|h|: 0.32560
2025-04-01 13:10:14,419 - [CHECKPOINT-Main] [Epoch 5 | Task=Pedestrian] loss: 172.64801, snr: 0.03309, sinr_db: -14.80
2025-04-01 13:10:14,419 - [CHECKPOINT-Main] 🔚 End of Epoch=5 | Task=Pedestrian | Loss=172.65 | SINR=-14.80dB
2025-04-01 13:10:14,531 - [TRAIN-METRIC] Task=Vehicular | SINR=-14.94 dB | Throughput=0.0456 bps/Hz | Latency=7.22 ms
2025-04-01 13:10:14,567 - [CHECKPOINT-Main] [Epoch 5 | Task=Vehicular] mean|w|: 0.11076
2025-04-01 13:10:14,567 - [CHECKPOINT-Main] [Epoch 5 | Task=Vehicular] mean|h|: 1.81993
2025-04-01 13:10:14,568 - [CHECKPOINT-Main] [Epoch 5 | Task=Vehicular] loss: 228.33383, snr: 0.03209, sinr_db: -14.94
2025-04-01 13:10:14,568 - [CHECKPOINT-Main] 🔚 End of Epoch=5 | Task=Vehicular | Loss=228.33 | SINR=-14.94dB
2025-04-01 13:10:14,680 - [TRAIN-METRIC] Task=Aerial | SINR=-14.99 dB | Throughput=0.0450 bps/Hz | Latency=8.40 ms
2025-04-01 13:10:14,716 - [CHECKPOINT-Main] [Epoch 5 | Task=Aerial] mean|w|: 0.11026
2025-04-01 13:10:14,716 - [CHECKPOINT-Main] [Epoch 5 | Task=Aerial] mean|h|: 1.81258
2025-04-01 13:10:14,716 - [CHECKPOINT-Main] [Epoch 5 | Task=Aerial] loss: 212.46806, snr: 0.03166, sinr_db: -14.99
2025-04-01 13:10:14,716 - [CHECKPOINT-Main] 🔚 End of Epoch=5 | Task=Aerial | Loss=212.47 | SINR=-14.99dB
2025-04-01 13:10:14,716 - [CHECKPOINT-Main] 🔁 Epoch=6 start for noon
2025-04-01 13:10:14,818 - [TRAIN-METRIC] Task=Static | SINR=-15.10 dB | Throughput=0.0439 bps/Hz | Latency=8.21 ms
2025-04-01 13:10:14,821 - [CHECKPOINT-Main] [Epoch 6 | Task=Static] mean|w|: 0.10964
2025-04-01 13:10:14,821 - [CHECKPOINT-Main] [Epoch 6 | Task=Static] mean|h|: 1.66626
2025-04-01 13:10:14,821 - [CHECKPOINT-Main] [Epoch 6 | Task=Static] loss: 96.47498, snr: 0.03092, sinr_db: -15.10
2025-04-01 13:10:14,821 - [CHECKPOINT-Main] 🔚 End of Epoch=6 | Task=Static | Loss=96.47 | SINR=-15.10dB
2025-04-01 13:10:14,957 - [TRAIN-METRIC] Task=Pedestrian | SINR=-14.81 dB | Throughput=0.0469 bps/Hz | Latency=9.01 ms
2025-04-01 13:10:14,993 - [CHECKPOINT-Main] [Epoch 6 | Task=Pedestrian] mean|w|: 0.08584
2025-04-01 13:10:14,993 - [CHECKPOINT-Main] [Epoch 6 | Task=Pedestrian] mean|h|: 0.32560
2025-04-01 13:10:14,993 - [CHECKPOINT-Main] [Epoch 6 | Task=Pedestrian] loss: 173.19937, snr: 0.03301, sinr_db: -14.81
2025-04-01 13:10:14,993 - [CHECKPOINT-Main] 🔚 End of Epoch=6 | Task=Pedestrian | Loss=173.20 | SINR=-14.81dB
2025-04-01 13:10:15,106 - [TRAIN-METRIC] Task=Vehicular | SINR=-14.94 dB | Throughput=0.0456 bps/Hz | Latency=9.33 ms
2025-04-01 13:10:15,142 - [CHECKPOINT-Main] [Epoch 6 | Task=Vehicular] mean|w|: 0.11076
2025-04-01 13:10:15,142 - [CHECKPOINT-Main] [Epoch 6 | Task=Vehicular] mean|h|: 1.81993
2025-04-01 13:10:15,142 - [CHECKPOINT-Main] [Epoch 6 | Task=Vehicular] loss: 227.77975, snr: 0.03209, sinr_db: -14.94
2025-04-01 13:10:15,142 - [CHECKPOINT-Main] 🔚 End of Epoch=6 | Task=Vehicular | Loss=227.78 | SINR=-14.94dB
2025-04-01 13:10:15,254 - [TRAIN-METRIC] Task=Aerial | SINR=-14.99 dB | Throughput=0.0450 bps/Hz | Latency=8.21 ms
2025-04-01 13:10:15,291 - [CHECKPOINT-Main] [Epoch 6 | Task=Aerial] mean|w|: 0.11026
2025-04-01 13:10:15,291 - [CHECKPOINT-Main] [Epoch 6 | Task=Aerial] mean|h|: 1.81258
2025-04-01 13:10:15,291 - [CHECKPOINT-Main] [Epoch 6 | Task=Aerial] loss: 212.24792, snr: 0.03166, sinr_db: -14.99
2025-04-01 13:10:15,291 - [CHECKPOINT-Main] 🔚 End of Epoch=6 | Task=Aerial | Loss=212.25 | SINR=-14.99dB
2025-04-01 13:10:15,291 - [CHECKPOINT-Main] 🔁 Epoch=7 start for noon
2025-04-01 13:10:15,393 - [TRAIN-METRIC] Task=Static | SINR=-15.10 dB | Throughput=0.0439 bps/Hz | Latency=9.45 ms
2025-04-01 13:10:15,396 - [CHECKPOINT-Main] [Epoch 7 | Task=Static] mean|w|: 0.10964
2025-04-01 13:10:15,396 - [CHECKPOINT-Main] [Epoch 7 | Task=Static] mean|h|: 1.66626
2025-04-01 13:10:15,396 - [CHECKPOINT-Main] [Epoch 7 | Task=Static] loss: 96.47494, snr: 0.03092, sinr_db: -15.10
2025-04-01 13:10:15,396 - [CHECKPOINT-Main] 🔚 End of Epoch=7 | Task=Static | Loss=96.47 | SINR=-15.10dB
2025-04-01 13:10:15,533 - [TRAIN-METRIC] Task=Pedestrian | SINR=-14.82 dB | Throughput=0.0467 bps/Hz | Latency=8.60 ms
2025-04-01 13:10:15,569 - [CHECKPOINT-Main] [Epoch 7 | Task=Pedestrian] mean|w|: 0.08584
2025-04-01 13:10:15,570 - [CHECKPOINT-Main] [Epoch 7 | Task=Pedestrian] mean|h|: 0.32560
2025-04-01 13:10:15,570 - [CHECKPOINT-Main] [Epoch 7 | Task=Pedestrian] loss: 172.50189, snr: 0.03293, sinr_db: -14.82
2025-04-01 13:10:15,570 - [CHECKPOINT-Main] 🔚 End of Epoch=7 | Task=Pedestrian | Loss=172.50 | SINR=-14.82dB
2025-04-01 13:10:15,682 - [TRAIN-METRIC] Task=Vehicular | SINR=-14.94 dB | Throughput=0.0456 bps/Hz | Latency=8.20 ms
2025-04-01 13:10:15,718 - [CHECKPOINT-Main] [Epoch 7 | Task=Vehicular] mean|w|: 0.11076
2025-04-01 13:10:15,718 - [CHECKPOINT-Main] [Epoch 7 | Task=Vehicular] mean|h|: 1.81993
2025-04-01 13:10:15,718 - [CHECKPOINT-Main] [Epoch 7 | Task=Vehicular] loss: 227.96872, snr: 0.03209, sinr_db: -14.94
2025-04-01 13:10:15,718 - [CHECKPOINT-Main] 🔚 End of Epoch=7 | Task=Vehicular | Loss=227.97 | SINR=-14.94dB
2025-04-01 13:10:15,830 - [TRAIN-METRIC] Task=Aerial | SINR=-14.99 dB | Throughput=0.0450 bps/Hz | Latency=8.29 ms
2025-04-01 13:10:15,866 - [CHECKPOINT-Main] [Epoch 7 | Task=Aerial] mean|w|: 0.11026
2025-04-01 13:10:15,866 - [CHECKPOINT-Main] [Epoch 7 | Task=Aerial] mean|h|: 1.81258
2025-04-01 13:10:15,866 - [CHECKPOINT-Main] [Epoch 7 | Task=Aerial] loss: 212.18230, snr: 0.03166, sinr_db: -14.99
2025-04-01 13:10:15,866 - [CHECKPOINT-Main] 🔚 End of Epoch=7 | Task=Aerial | Loss=212.18 | SINR=-14.99dB
2025-04-01 13:10:15,867 - [CHECKPOINT-Main] 🔁 Epoch=8 start for noon
2025-04-01 13:10:15,969 - [TRAIN-METRIC] Task=Static | SINR=-15.10 dB | Throughput=0.0439 bps/Hz | Latency=8.05 ms
2025-04-01 13:10:15,971 - [CHECKPOINT-Main] [Epoch 8 | Task=Static] mean|w|: 0.10964
2025-04-01 13:10:15,971 - [CHECKPOINT-Main] [Epoch 8 | Task=Static] mean|h|: 1.66626
2025-04-01 13:10:15,971 - [CHECKPOINT-Main] [Epoch 8 | Task=Static] loss: 96.47478, snr: 0.03092, sinr_db: -15.10
2025-04-01 13:10:15,971 - [CHECKPOINT-Main] 🔚 End of Epoch=8 | Task=Static | Loss=96.47 | SINR=-15.10dB
2025-04-01 13:10:16,114 - [TRAIN-METRIC] Task=Pedestrian | SINR=-14.85 dB | Throughput=0.0465 bps/Hz | Latency=8.79 ms
2025-04-01 13:10:16,150 - [CHECKPOINT-Main] [Epoch 8 | Task=Pedestrian] mean|w|: 0.08585
2025-04-01 13:10:16,150 - [CHECKPOINT-Main] [Epoch 8 | Task=Pedestrian] mean|h|: 0.32560
2025-04-01 13:10:16,150 - [CHECKPOINT-Main] [Epoch 8 | Task=Pedestrian] loss: 173.61874, snr: 0.03272, sinr_db: -14.85
2025-04-01 13:10:16,150 - [CHECKPOINT-Main] 🔚 End of Epoch=8 | Task=Pedestrian | Loss=173.62 | SINR=-14.85dB
2025-04-01 13:10:16,263 - [TRAIN-METRIC] Task=Vehicular | SINR=-14.94 dB | Throughput=0.0456 bps/Hz | Latency=9.81 ms
2025-04-01 13:10:16,299 - [CHECKPOINT-Main] [Epoch 8 | Task=Vehicular] mean|w|: 0.11076
2025-04-01 13:10:16,299 - [CHECKPOINT-Main] [Epoch 8 | Task=Vehicular] mean|h|: 1.81993
2025-04-01 13:10:16,299 - [CHECKPOINT-Main] [Epoch 8 | Task=Vehicular] loss: 227.70657, snr: 0.03209, sinr_db: -14.94
2025-04-01 13:10:16,299 - [CHECKPOINT-Main] 🔚 End of Epoch=8 | Task=Vehicular | Loss=227.71 | SINR=-14.94dB
2025-04-01 13:10:16,412 - [TRAIN-METRIC] Task=Aerial | SINR=-14.99 dB | Throughput=0.0450 bps/Hz | Latency=9.29 ms
2025-04-01 13:10:16,448 - [CHECKPOINT-Main] [Epoch 8 | Task=Aerial] mean|w|: 0.11026
2025-04-01 13:10:16,448 - [CHECKPOINT-Main] [Epoch 8 | Task=Aerial] mean|h|: 1.81258
2025-04-01 13:10:16,448 - [CHECKPOINT-Main] [Epoch 8 | Task=Aerial] loss: 210.76457, snr: 0.03166, sinr_db: -14.99
2025-04-01 13:10:16,448 - [CHECKPOINT-Main] 🔚 End of Epoch=8 | Task=Aerial | Loss=210.76 | SINR=-14.99dB
2025-04-01 13:10:16,448 - [CHECKPOINT-Main] 🔁 Epoch=9 start for noon
2025-04-01 13:10:16,550 - [TRAIN-METRIC] Task=Static | SINR=-15.10 dB | Throughput=0.0439 bps/Hz | Latency=7.88 ms
2025-04-01 13:10:16,553 - [CHECKPOINT-Main] [Epoch 9 | Task=Static] mean|w|: 0.10964
2025-04-01 13:10:16,553 - [CHECKPOINT-Main] [Epoch 9 | Task=Static] mean|h|: 1.66626
2025-04-01 13:10:16,553 - [CHECKPOINT-Main] [Epoch 9 | Task=Static] loss: 96.47477, snr: 0.03092, sinr_db: -15.10
2025-04-01 13:10:16,553 - [CHECKPOINT-Main] 🔚 End of Epoch=9 | Task=Static | Loss=96.47 | SINR=-15.10dB
2025-04-01 13:10:16,690 - [TRAIN-METRIC] Task=Pedestrian | SINR=-14.91 dB | Throughput=0.0458 bps/Hz | Latency=9.64 ms
2025-04-01 13:10:16,726 - [CHECKPOINT-Main] [Epoch 9 | Task=Pedestrian] mean|w|: 0.08586
2025-04-01 13:10:16,726 - [CHECKPOINT-Main] [Epoch 9 | Task=Pedestrian] mean|h|: 0.32560
2025-04-01 13:10:16,726 - [CHECKPOINT-Main] [Epoch 9 | Task=Pedestrian] loss: 173.49144, snr: 0.03227, sinr_db: -14.91
2025-04-01 13:10:16,726 - [CHECKPOINT-Main] 🔚 End of Epoch=9 | Task=Pedestrian | Loss=173.49 | SINR=-14.91dB
2025-04-01 13:10:16,837 - [TRAIN-METRIC] Task=Vehicular | SINR=-14.94 dB | Throughput=0.0456 bps/Hz | Latency=9.75 ms
2025-04-01 13:10:16,873 - [CHECKPOINT-Main] [Epoch 9 | Task=Vehicular] mean|w|: 0.11076
2025-04-01 13:10:16,874 - [CHECKPOINT-Main] [Epoch 9 | Task=Vehicular] mean|h|: 1.81993
2025-04-01 13:10:16,874 - [CHECKPOINT-Main] [Epoch 9 | Task=Vehicular] loss: 228.03328, snr: 0.03209, sinr_db: -14.94
2025-04-01 13:10:16,874 - [CHECKPOINT-Main] 🔚 End of Epoch=9 | Task=Vehicular | Loss=228.03 | SINR=-14.94dB
2025-04-01 13:10:16,987 - [TRAIN-METRIC] Task=Aerial | SINR=-14.99 dB | Throughput=0.0450 bps/Hz | Latency=8.53 ms
2025-04-01 13:10:17,023 - [CHECKPOINT-Main] [Epoch 9 | Task=Aerial] mean|w|: 0.11026
2025-04-01 13:10:17,024 - [CHECKPOINT-Main] [Epoch 9 | Task=Aerial] mean|h|: 1.81258
2025-04-01 13:10:17,024 - [CHECKPOINT-Main] [Epoch 9 | Task=Aerial] loss: 210.81055, snr: 0.03166, sinr_db: -14.99
2025-04-01 13:10:17,024 - [CHECKPOINT-Main] 🔚 End of Epoch=9 | Task=Aerial | Loss=210.81 | SINR=-14.99dB
2025-04-01 13:10:17,024 - [CHECKPOINT-Main] 🔁 Epoch=10 start for noon
2025-04-01 13:10:17,126 - [TRAIN-METRIC] Task=Static | SINR=-15.10 dB | Throughput=0.0439 bps/Hz | Latency=8.30 ms
2025-04-01 13:10:17,128 - [CHECKPOINT-Main] [Epoch 10 | Task=Static] mean|w|: 0.10964
2025-04-01 13:10:17,128 - [CHECKPOINT-Main] [Epoch 10 | Task=Static] mean|h|: 1.66626
2025-04-01 13:10:17,128 - [CHECKPOINT-Main] [Epoch 10 | Task=Static] loss: 96.47501, snr: 0.03092, sinr_db: -15.10
2025-04-01 13:10:17,128 - [CHECKPOINT-Main] 🔚 End of Epoch=10 | Task=Static | Loss=96.48 | SINR=-15.10dB
2025-04-01 13:10:17,264 - [TRAIN-METRIC] Task=Pedestrian | SINR=-14.85 dB | Throughput=0.0464 bps/Hz | Latency=7.52 ms
2025-04-01 13:10:17,300 - [CHECKPOINT-Main] [Epoch 10 | Task=Pedestrian] mean|w|: 0.08591
2025-04-01 13:10:17,301 - [CHECKPOINT-Main] [Epoch 10 | Task=Pedestrian] mean|h|: 0.32560
2025-04-01 13:10:17,301 - [CHECKPOINT-Main] [Epoch 10 | Task=Pedestrian] loss: 173.81065, snr: 0.03271, sinr_db: -14.85
2025-04-01 13:10:17,301 - [CHECKPOINT-Main] 🔚 End of Epoch=10 | Task=Pedestrian | Loss=173.81 | SINR=-14.85dB
2025-04-01 13:10:17,413 - [TRAIN-METRIC] Task=Vehicular | SINR=-14.94 dB | Throughput=0.0456 bps/Hz | Latency=9.83 ms
2025-04-01 13:10:17,449 - [CHECKPOINT-Main] [Epoch 10 | Task=Vehicular] mean|w|: 0.11076
2025-04-01 13:10:17,449 - [CHECKPOINT-Main] [Epoch 10 | Task=Vehicular] mean|h|: 1.81993
2025-04-01 13:10:17,449 - [CHECKPOINT-Main] [Epoch 10 | Task=Vehicular] loss: 228.28323, snr: 0.03209, sinr_db: -14.94
2025-04-01 13:10:17,449 - [CHECKPOINT-Main] 🔚 End of Epoch=10 | Task=Vehicular | Loss=228.28 | SINR=-14.94dB
2025-04-01 13:10:17,561 - [TRAIN-METRIC] Task=Aerial | SINR=-14.99 dB | Throughput=0.0450 bps/Hz | Latency=8.15 ms
2025-04-01 13:10:17,597 - [CHECKPOINT-Main] [Epoch 10 | Task=Aerial] mean|w|: 0.11026
2025-04-01 13:10:17,598 - [CHECKPOINT-Main] [Epoch 10 | Task=Aerial] mean|h|: 1.81258
2025-04-01 13:10:17,598 - [CHECKPOINT-Main] [Epoch 10 | Task=Aerial] loss: 211.55992, snr: 0.03166, sinr_db: -14.99
2025-04-01 13:10:17,598 - [CHECKPOINT-Main] 🔚 End of Epoch=10 | Task=Aerial | Loss=211.56 | SINR=-14.99dB
2025-04-01 13:10:17,598 - [CHECKPOINT-Main] 🕒 Period=evening Start
2025-04-01 13:10:17,598 - [CHECKPOINT-Main] 👥 Users in evening: 32
2025-04-01 13:10:17,936 - [CHECKPOINT-2] Task=Static | Raw |h| mean=0.11111 | shape=(16, 32, 64)
2025-04-01 13:10:17,936 - [CHECKPOINT-3] Task=Static | Normalized |h| mean=0.11111
2025-04-01 13:10:18,283 - [CHECKPOINT-2] Task=Pedestrian | Raw |h| mean=0.04097 | shape=(16, 32, 64)
2025-04-01 13:10:18,283 - [CHECKPOINT-3] Task=Pedestrian | Normalized |h| mean=0.04097
2025-04-01 13:10:18,853 - [CHECKPOINT-2] Task=Vehicular | Raw |h| mean=0.11084 | shape=(16, 32, 64)
2025-04-01 13:10:18,853 - [CHECKPOINT-3] Task=Vehicular | Normalized |h| mean=0.11084
2025-04-01 13:10:19,421 - [CHECKPOINT-2] Task=Aerial | Raw |h| mean=0.11086 | shape=(16, 32, 64)
2025-04-01 13:10:19,421 - [CHECKPOINT-3] Task=Aerial | Normalized |h| mean=0.11086
2025-04-01 13:10:19,650 - [CHECKPOINT-Main] ✅ Channel generation done for all tasks in evening
2025-04-01 13:10:19,650 - [CHECKPOINT-Main] 🔁 Epoch=1 start for evening
2025-04-01 13:10:19,756 - [TRAIN-METRIC] Task=Static | SINR=-14.85 dB | Throughput=0.0465 bps/Hz | Latency=9.67 ms
2025-04-01 13:10:19,759 - [CHECKPOINT-Main] [Epoch 1 | Task=Static] mean|w|: 0.11026
2025-04-01 13:10:19,759 - [CHECKPOINT-Main] [Epoch 1 | Task=Static] mean|h|: 1.71788
2025-04-01 13:10:19,759 - [CHECKPOINT-Main] [Epoch 1 | Task=Static] loss: 96.83212, snr: 0.03277, sinr_db: -14.85
2025-04-01 13:10:19,759 - [CHECKPOINT-Main] 🔚 End of Epoch=1 | Task=Static | Loss=96.83 | SINR=-14.85dB
2025-04-01 13:10:19,903 - [TRAIN-METRIC] Task=Pedestrian | SINR=-14.88 dB | Throughput=0.0461 bps/Hz | Latency=8.21 ms
2025-04-01 13:10:19,940 - [CHECKPOINT-Main] [Epoch 1 | Task=Pedestrian] mean|w|: 0.08639
2025-04-01 13:10:19,940 - [CHECKPOINT-Main] [Epoch 1 | Task=Pedestrian] mean|h|: 0.30509
2025-04-01 13:10:19,940 - [CHECKPOINT-Main] [Epoch 1 | Task=Pedestrian] loss: 169.61055, snr: 0.03250, sinr_db: -14.88
2025-04-01 13:10:19,940 - [CHECKPOINT-Main] 🔚 End of Epoch=1 | Task=Pedestrian | Loss=169.61 | SINR=-14.88dB
2025-04-01 13:10:20,055 - [TRAIN-METRIC] Task=Vehicular | SINR=-14.86 dB | Throughput=0.0464 bps/Hz | Latency=8.96 ms
2025-04-01 13:10:20,091 - [CHECKPOINT-Main] [Epoch 1 | Task=Vehicular] mean|w|: 0.11060
2025-04-01 13:10:20,091 - [CHECKPOINT-Main] [Epoch 1 | Task=Vehicular] mean|h|: 1.79673
2025-04-01 13:10:20,091 - [CHECKPOINT-Main] [Epoch 1 | Task=Vehicular] loss: 225.17860, snr: 0.03267, sinr_db: -14.86
2025-04-01 13:10:20,091 - [CHECKPOINT-Main] 🔚 End of Epoch=1 | Task=Vehicular | Loss=225.18 | SINR=-14.86dB
2025-04-01 13:10:20,204 - [TRAIN-METRIC] Task=Aerial | SINR=-14.87 dB | Throughput=0.0462 bps/Hz | Latency=8.80 ms
2025-04-01 13:10:20,241 - [CHECKPOINT-Main] [Epoch 1 | Task=Aerial] mean|w|: 0.10996
2025-04-01 13:10:20,241 - [CHECKPOINT-Main] [Epoch 1 | Task=Aerial] mean|h|: 1.76091
2025-04-01 13:10:20,241 - [CHECKPOINT-Main] [Epoch 1 | Task=Aerial] loss: 207.01151, snr: 0.03255, sinr_db: -14.87
2025-04-01 13:10:20,241 - [CHECKPOINT-Main] 🔚 End of Epoch=1 | Task=Aerial | Loss=207.01 | SINR=-14.87dB
2025-04-01 13:10:20,241 - [CHECKPOINT-Main] 🔁 Epoch=2 start for evening
2025-04-01 13:10:20,344 - [TRAIN-METRIC] Task=Static | SINR=-14.85 dB | Throughput=0.0465 bps/Hz | Latency=7.83 ms
2025-04-01 13:10:20,346 - [CHECKPOINT-Main] [Epoch 2 | Task=Static] mean|w|: 0.11026
2025-04-01 13:10:20,346 - [CHECKPOINT-Main] [Epoch 2 | Task=Static] mean|h|: 1.71788
2025-04-01 13:10:20,346 - [CHECKPOINT-Main] [Epoch 2 | Task=Static] loss: 96.83184, snr: 0.03277, sinr_db: -14.85
2025-04-01 13:10:20,346 - [CHECKPOINT-Main] 🔚 End of Epoch=2 | Task=Static | Loss=96.83 | SINR=-14.85dB
2025-04-01 13:10:20,484 - [TRAIN-METRIC] Task=Pedestrian | SINR=-14.88 dB | Throughput=0.0461 bps/Hz | Latency=7.23 ms
2025-04-01 13:10:20,521 - [CHECKPOINT-Main] [Epoch 2 | Task=Pedestrian] mean|w|: 0.08639
2025-04-01 13:10:20,521 - [CHECKPOINT-Main] [Epoch 2 | Task=Pedestrian] mean|h|: 0.30509
2025-04-01 13:10:20,521 - [CHECKPOINT-Main] [Epoch 2 | Task=Pedestrian] loss: 172.39905, snr: 0.03248, sinr_db: -14.88
2025-04-01 13:10:20,521 - [CHECKPOINT-Main] 🔚 End of Epoch=2 | Task=Pedestrian | Loss=172.40 | SINR=-14.88dB
2025-04-01 13:10:20,634 - [TRAIN-METRIC] Task=Vehicular | SINR=-14.86 dB | Throughput=0.0464 bps/Hz | Latency=8.01 ms
2025-04-01 13:10:20,670 - [CHECKPOINT-Main] [Epoch 2 | Task=Vehicular] mean|w|: 0.11060
2025-04-01 13:10:20,671 - [CHECKPOINT-Main] [Epoch 2 | Task=Vehicular] mean|h|: 1.79673
2025-04-01 13:10:20,671 - [CHECKPOINT-Main] [Epoch 2 | Task=Vehicular] loss: 228.90819, snr: 0.03267, sinr_db: -14.86
2025-04-01 13:10:20,671 - [CHECKPOINT-Main] 🔚 End of Epoch=2 | Task=Vehicular | Loss=228.91 | SINR=-14.86dB
2025-04-01 13:10:20,783 - [TRAIN-METRIC] Task=Aerial | SINR=-14.87 dB | Throughput=0.0462 bps/Hz | Latency=7.74 ms
2025-04-01 13:10:20,820 - [CHECKPOINT-Main] [Epoch 2 | Task=Aerial] mean|w|: 0.10996
2025-04-01 13:10:20,820 - [CHECKPOINT-Main] [Epoch 2 | Task=Aerial] mean|h|: 1.76091
2025-04-01 13:10:20,820 - [CHECKPOINT-Main] [Epoch 2 | Task=Aerial] loss: 210.79045, snr: 0.03255, sinr_db: -14.87
2025-04-01 13:10:20,820 - [CHECKPOINT-Main] 🔚 End of Epoch=2 | Task=Aerial | Loss=210.79 | SINR=-14.87dB
2025-04-01 13:10:20,820 - [CHECKPOINT-Main] 🔁 Epoch=3 start for evening
2025-04-01 13:10:20,922 - [TRAIN-METRIC] Task=Static | SINR=-14.85 dB | Throughput=0.0465 bps/Hz | Latency=7.61 ms
2025-04-01 13:10:20,925 - [CHECKPOINT-Main] [Epoch 3 | Task=Static] mean|w|: 0.11026
2025-04-01 13:10:20,925 - [CHECKPOINT-Main] [Epoch 3 | Task=Static] mean|h|: 1.71788
2025-04-01 13:10:20,925 - [CHECKPOINT-Main] [Epoch 3 | Task=Static] loss: 96.83174, snr: 0.03277, sinr_db: -14.85
2025-04-01 13:10:20,925 - [CHECKPOINT-Main] 🔚 End of Epoch=3 | Task=Static | Loss=96.83 | SINR=-14.85dB
2025-04-01 13:10:21,062 - [TRAIN-METRIC] Task=Pedestrian | SINR=-14.89 dB | Throughput=0.0460 bps/Hz | Latency=8.65 ms
2025-04-01 13:10:21,098 - [CHECKPOINT-Main] [Epoch 3 | Task=Pedestrian] mean|w|: 0.08639
2025-04-01 13:10:21,098 - [CHECKPOINT-Main] [Epoch 3 | Task=Pedestrian] mean|h|: 0.30509
2025-04-01 13:10:21,099 - [CHECKPOINT-Main] [Epoch 3 | Task=Pedestrian] loss: 172.53136, snr: 0.03242, sinr_db: -14.89
2025-04-01 13:10:21,099 - [CHECKPOINT-Main] 🔚 End of Epoch=3 | Task=Pedestrian | Loss=172.53 | SINR=-14.89dB
2025-04-01 13:10:21,211 - [TRAIN-METRIC] Task=Vehicular | SINR=-14.86 dB | Throughput=0.0464 bps/Hz | Latency=9.32 ms
2025-04-01 13:10:21,248 - [CHECKPOINT-Main] [Epoch 3 | Task=Vehicular] mean|w|: 0.11060
2025-04-01 13:10:21,248 - [CHECKPOINT-Main] [Epoch 3 | Task=Vehicular] mean|h|: 1.79673
2025-04-01 13:10:21,248 - [CHECKPOINT-Main] [Epoch 3 | Task=Vehicular] loss: 229.08548, snr: 0.03267, sinr_db: -14.86
2025-04-01 13:10:21,248 - [CHECKPOINT-Main] 🔚 End of Epoch=3 | Task=Vehicular | Loss=229.09 | SINR=-14.86dB
2025-04-01 13:10:21,361 - [TRAIN-METRIC] Task=Aerial | SINR=-14.87 dB | Throughput=0.0462 bps/Hz | Latency=8.47 ms
2025-04-01 13:10:21,397 - [CHECKPOINT-Main] [Epoch 3 | Task=Aerial] mean|w|: 0.10996
2025-04-01 13:10:21,397 - [CHECKPOINT-Main] [Epoch 3 | Task=Aerial] mean|h|: 1.76091
2025-04-01 13:10:21,397 - [CHECKPOINT-Main] [Epoch 3 | Task=Aerial] loss: 211.22108, snr: 0.03255, sinr_db: -14.87
2025-04-01 13:10:21,397 - [CHECKPOINT-Main] 🔚 End of Epoch=3 | Task=Aerial | Loss=211.22 | SINR=-14.87dB
2025-04-01 13:10:21,397 - [CHECKPOINT-Main] 🔁 Epoch=4 start for evening
2025-04-01 13:10:21,500 - [TRAIN-METRIC] Task=Static | SINR=-14.85 dB | Throughput=0.0465 bps/Hz | Latency=9.14 ms
2025-04-01 13:10:21,502 - [CHECKPOINT-Main] [Epoch 4 | Task=Static] mean|w|: 0.11026
2025-04-01 13:10:21,502 - [CHECKPOINT-Main] [Epoch 4 | Task=Static] mean|h|: 1.71788
2025-04-01 13:10:21,502 - [CHECKPOINT-Main] [Epoch 4 | Task=Static] loss: 96.83170, snr: 0.03277, sinr_db: -14.85
2025-04-01 13:10:21,502 - [CHECKPOINT-Main] 🔚 End of Epoch=4 | Task=Static | Loss=96.83 | SINR=-14.85dB
2025-04-01 13:10:21,640 - [TRAIN-METRIC] Task=Pedestrian | SINR=-14.91 dB | Throughput=0.0459 bps/Hz | Latency=8.50 ms
2025-04-01 13:10:21,676 - [CHECKPOINT-Main] [Epoch 4 | Task=Pedestrian] mean|w|: 0.08639
2025-04-01 13:10:21,676 - [CHECKPOINT-Main] [Epoch 4 | Task=Pedestrian] mean|h|: 0.30509
2025-04-01 13:10:21,677 - [CHECKPOINT-Main] [Epoch 4 | Task=Pedestrian] loss: 172.89667, snr: 0.03231, sinr_db: -14.91
2025-04-01 13:10:21,677 - [CHECKPOINT-Main] 🔚 End of Epoch=4 | Task=Pedestrian | Loss=172.90 | SINR=-14.91dB
2025-04-01 13:10:21,793 - [TRAIN-METRIC] Task=Vehicular | SINR=-14.86 dB | Throughput=0.0464 bps/Hz | Latency=9.59 ms
2025-04-01 13:10:21,830 - [CHECKPOINT-Main] [Epoch 4 | Task=Vehicular] mean|w|: 0.11060
2025-04-01 13:10:21,830 - [CHECKPOINT-Main] [Epoch 4 | Task=Vehicular] mean|h|: 1.79673
2025-04-01 13:10:21,830 - [CHECKPOINT-Main] [Epoch 4 | Task=Vehicular] loss: 229.92445, snr: 0.03267, sinr_db: -14.86
2025-04-01 13:10:21,830 - [CHECKPOINT-Main] 🔚 End of Epoch=4 | Task=Vehicular | Loss=229.92 | SINR=-14.86dB
2025-04-01 13:10:21,943 - [TRAIN-METRIC] Task=Aerial | SINR=-14.87 dB | Throughput=0.0462 bps/Hz | Latency=9.90 ms
2025-04-01 13:10:21,979 - [CHECKPOINT-Main] [Epoch 4 | Task=Aerial] mean|w|: 0.10996
2025-04-01 13:10:21,980 - [CHECKPOINT-Main] [Epoch 4 | Task=Aerial] mean|h|: 1.76091
2025-04-01 13:10:21,980 - [CHECKPOINT-Main] [Epoch 4 | Task=Aerial] loss: 210.61284, snr: 0.03255, sinr_db: -14.87
2025-04-01 13:10:21,980 - [CHECKPOINT-Main] 🔚 End of Epoch=4 | Task=Aerial | Loss=210.61 | SINR=-14.87dB
2025-04-01 13:10:21,980 - [CHECKPOINT-Main] 🔁 Epoch=5 start for evening
2025-04-01 13:10:22,082 - [TRAIN-METRIC] Task=Static | SINR=-14.85 dB | Throughput=0.0465 bps/Hz | Latency=7.70 ms
2025-04-01 13:10:22,085 - [CHECKPOINT-Main] [Epoch 5 | Task=Static] mean|w|: 0.11026
2025-04-01 13:10:22,085 - [CHECKPOINT-Main] [Epoch 5 | Task=Static] mean|h|: 1.71788
2025-04-01 13:10:22,085 - [CHECKPOINT-Main] [Epoch 5 | Task=Static] loss: 96.83163, snr: 0.03277, sinr_db: -14.85
2025-04-01 13:10:22,085 - [CHECKPOINT-Main] 🔚 End of Epoch=5 | Task=Static | Loss=96.83 | SINR=-14.85dB
2025-04-01 13:10:22,222 - [TRAIN-METRIC] Task=Pedestrian | SINR=-14.93 dB | Throughput=0.0456 bps/Hz | Latency=9.70 ms
2025-04-01 13:10:22,259 - [CHECKPOINT-Main] [Epoch 5 | Task=Pedestrian] mean|w|: 0.08639
2025-04-01 13:10:22,259 - [CHECKPOINT-Main] [Epoch 5 | Task=Pedestrian] mean|h|: 0.30509
2025-04-01 13:10:22,259 - [CHECKPOINT-Main] [Epoch 5 | Task=Pedestrian] loss: 175.52258, snr: 0.03210, sinr_db: -14.93
2025-04-01 13:10:22,259 - [CHECKPOINT-Main] 🔚 End of Epoch=5 | Task=Pedestrian | Loss=175.52 | SINR=-14.93dB
2025-04-01 13:10:22,371 - [TRAIN-METRIC] Task=Vehicular | SINR=-14.86 dB | Throughput=0.0464 bps/Hz | Latency=8.66 ms
2025-04-01 13:10:22,408 - [CHECKPOINT-Main] [Epoch 5 | Task=Vehicular] mean|w|: 0.11060
2025-04-01 13:10:22,408 - [CHECKPOINT-Main] [Epoch 5 | Task=Vehicular] mean|h|: 1.79673
2025-04-01 13:10:22,408 - [CHECKPOINT-Main] [Epoch 5 | Task=Vehicular] loss: 228.29709, snr: 0.03267, sinr_db: -14.86
2025-04-01 13:10:22,408 - [CHECKPOINT-Main] 🔚 End of Epoch=5 | Task=Vehicular | Loss=228.30 | SINR=-14.86dB
2025-04-01 13:10:22,520 - [TRAIN-METRIC] Task=Aerial | SINR=-14.87 dB | Throughput=0.0462 bps/Hz | Latency=7.91 ms
2025-04-01 13:10:22,557 - [CHECKPOINT-Main] [Epoch 5 | Task=Aerial] mean|w|: 0.10996
2025-04-01 13:10:22,557 - [CHECKPOINT-Main] [Epoch 5 | Task=Aerial] mean|h|: 1.76091
2025-04-01 13:10:22,557 - [CHECKPOINT-Main] [Epoch 5 | Task=Aerial] loss: 211.07782, snr: 0.03255, sinr_db: -14.87
2025-04-01 13:10:22,557 - [CHECKPOINT-Main] 🔚 End of Epoch=5 | Task=Aerial | Loss=211.08 | SINR=-14.87dB
2025-04-01 13:10:22,557 - [CHECKPOINT-Main] 🔁 Epoch=6 start for evening
2025-04-01 13:10:22,660 - [TRAIN-METRIC] Task=Static | SINR=-14.85 dB | Throughput=0.0465 bps/Hz | Latency=9.29 ms
2025-04-01 13:10:22,662 - [CHECKPOINT-Main] [Epoch 6 | Task=Static] mean|w|: 0.11026
2025-04-01 13:10:22,663 - [CHECKPOINT-Main] [Epoch 6 | Task=Static] mean|h|: 1.71788
2025-04-01 13:10:22,663 - [CHECKPOINT-Main] [Epoch 6 | Task=Static] loss: 96.83147, snr: 0.03277, sinr_db: -14.85
2025-04-01 13:10:22,663 - [CHECKPOINT-Main] 🔚 End of Epoch=6 | Task=Static | Loss=96.83 | SINR=-14.85dB
2025-04-01 13:10:22,800 - [TRAIN-METRIC] Task=Pedestrian | SINR=-14.97 dB | Throughput=0.0453 bps/Hz | Latency=7.92 ms
2025-04-01 13:10:22,836 - [CHECKPOINT-Main] [Epoch 6 | Task=Pedestrian] mean|w|: 0.08639
2025-04-01 13:10:22,836 - [CHECKPOINT-Main] [Epoch 6 | Task=Pedestrian] mean|h|: 0.30509
2025-04-01 13:10:22,836 - [CHECKPOINT-Main] [Epoch 6 | Task=Pedestrian] loss: 173.82031, snr: 0.03188, sinr_db: -14.97
2025-04-01 13:10:22,836 - [CHECKPOINT-Main] 🔚 End of Epoch=6 | Task=Pedestrian | Loss=173.82 | SINR=-14.97dB
2025-04-01 13:10:22,949 - [TRAIN-METRIC] Task=Vehicular | SINR=-14.86 dB | Throughput=0.0464 bps/Hz | Latency=7.14 ms
2025-04-01 13:10:22,985 - [CHECKPOINT-Main] [Epoch 6 | Task=Vehicular] mean|w|: 0.11060
2025-04-01 13:10:22,986 - [CHECKPOINT-Main] [Epoch 6 | Task=Vehicular] mean|h|: 1.79673
2025-04-01 13:10:22,986 - [CHECKPOINT-Main] [Epoch 6 | Task=Vehicular] loss: 227.85646, snr: 0.03267, sinr_db: -14.86
2025-04-01 13:10:22,986 - [CHECKPOINT-Main] 🔚 End of Epoch=6 | Task=Vehicular | Loss=227.86 | SINR=-14.86dB
2025-04-01 13:10:23,098 - [TRAIN-METRIC] Task=Aerial | SINR=-14.87 dB | Throughput=0.0462 bps/Hz | Latency=7.21 ms
2025-04-01 13:10:23,134 - [CHECKPOINT-Main] [Epoch 6 | Task=Aerial] mean|w|: 0.10996
2025-04-01 13:10:23,134 - [CHECKPOINT-Main] [Epoch 6 | Task=Aerial] mean|h|: 1.76091
2025-04-01 13:10:23,134 - [CHECKPOINT-Main] [Epoch 6 | Task=Aerial] loss: 210.69977, snr: 0.03255, sinr_db: -14.87
2025-04-01 13:10:23,134 - [CHECKPOINT-Main] 🔚 End of Epoch=6 | Task=Aerial | Loss=210.70 | SINR=-14.87dB
2025-04-01 13:10:23,134 - [CHECKPOINT-Main] 🔁 Epoch=7 start for evening
2025-04-01 13:10:23,236 - [TRAIN-METRIC] Task=Static | SINR=-14.85 dB | Throughput=0.0465 bps/Hz | Latency=7.59 ms
2025-04-01 13:10:23,239 - [CHECKPOINT-Main] [Epoch 7 | Task=Static] mean|w|: 0.11026
2025-04-01 13:10:23,239 - [CHECKPOINT-Main] [Epoch 7 | Task=Static] mean|h|: 1.71788
2025-04-01 13:10:23,239 - [CHECKPOINT-Main] [Epoch 7 | Task=Static] loss: 96.83144, snr: 0.03277, sinr_db: -14.85
2025-04-01 13:10:23,239 - [CHECKPOINT-Main] 🔚 End of Epoch=7 | Task=Static | Loss=96.83 | SINR=-14.85dB
2025-04-01 13:10:23,377 - [TRAIN-METRIC] Task=Pedestrian | SINR=-15.00 dB | Throughput=0.0449 bps/Hz | Latency=7.27 ms
2025-04-01 13:10:23,413 - [CHECKPOINT-Main] [Epoch 7 | Task=Pedestrian] mean|w|: 0.08639
2025-04-01 13:10:23,413 - [CHECKPOINT-Main] [Epoch 7 | Task=Pedestrian] mean|h|: 0.30509
2025-04-01 13:10:23,413 - [CHECKPOINT-Main] [Epoch 7 | Task=Pedestrian] loss: 173.04845, snr: 0.03164, sinr_db: -15.00
2025-04-01 13:10:23,413 - [CHECKPOINT-Main] 🔚 End of Epoch=7 | Task=Pedestrian | Loss=173.05 | SINR=-15.00dB
2025-04-01 13:10:23,526 - [TRAIN-METRIC] Task=Vehicular | SINR=-14.86 dB | Throughput=0.0464 bps/Hz | Latency=9.09 ms
2025-04-01 13:10:23,563 - [CHECKPOINT-Main] [Epoch 7 | Task=Vehicular] mean|w|: 0.11060
2025-04-01 13:10:23,563 - [CHECKPOINT-Main] [Epoch 7 | Task=Vehicular] mean|h|: 1.79673
2025-04-01 13:10:23,563 - [CHECKPOINT-Main] [Epoch 7 | Task=Vehicular] loss: 229.68489, snr: 0.03267, sinr_db: -14.86
2025-04-01 13:10:23,563 - [CHECKPOINT-Main] 🔚 End of Epoch=7 | Task=Vehicular | Loss=229.68 | SINR=-14.86dB
2025-04-01 13:10:23,679 - [TRAIN-METRIC] Task=Aerial | SINR=-14.87 dB | Throughput=0.0462 bps/Hz | Latency=8.27 ms
2025-04-01 13:10:23,716 - [CHECKPOINT-Main] [Epoch 7 | Task=Aerial] mean|w|: 0.10996
2025-04-01 13:10:23,716 - [CHECKPOINT-Main] [Epoch 7 | Task=Aerial] mean|h|: 1.76091
2025-04-01 13:10:23,716 - [CHECKPOINT-Main] [Epoch 7 | Task=Aerial] loss: 210.32707, snr: 0.03255, sinr_db: -14.87
2025-04-01 13:10:23,716 - [CHECKPOINT-Main] 🔚 End of Epoch=7 | Task=Aerial | Loss=210.33 | SINR=-14.87dB
2025-04-01 13:10:23,716 - [CHECKPOINT-Main] 🔁 Epoch=8 start for evening
2025-04-01 13:10:23,818 - [TRAIN-METRIC] Task=Static | SINR=-14.85 dB | Throughput=0.0465 bps/Hz | Latency=8.62 ms
2025-04-01 13:10:23,821 - [CHECKPOINT-Main] [Epoch 8 | Task=Static] mean|w|: 0.11026
2025-04-01 13:10:23,821 - [CHECKPOINT-Main] [Epoch 8 | Task=Static] mean|h|: 1.71788
2025-04-01 13:10:23,821 - [CHECKPOINT-Main] [Epoch 8 | Task=Static] loss: 96.83141, snr: 0.03277, sinr_db: -14.85
2025-04-01 13:10:23,821 - [CHECKPOINT-Main] 🔚 End of Epoch=8 | Task=Static | Loss=96.83 | SINR=-14.85dB
2025-04-01 13:10:23,958 - [TRAIN-METRIC] Task=Pedestrian | SINR=-15.04 dB | Throughput=0.0445 bps/Hz | Latency=7.44 ms
2025-04-01 13:10:23,994 - [CHECKPOINT-Main] [Epoch 8 | Task=Pedestrian] mean|w|: 0.08639
2025-04-01 13:10:23,995 - [CHECKPOINT-Main] [Epoch 8 | Task=Pedestrian] mean|h|: 0.30509
2025-04-01 13:10:23,995 - [CHECKPOINT-Main] [Epoch 8 | Task=Pedestrian] loss: 173.09502, snr: 0.03134, sinr_db: -15.04
2025-04-01 13:10:23,995 - [CHECKPOINT-Main] 🔚 End of Epoch=8 | Task=Pedestrian | Loss=173.10 | SINR=-15.04dB
2025-04-01 13:10:24,107 - [TRAIN-METRIC] Task=Vehicular | SINR=-14.86 dB | Throughput=0.0464 bps/Hz | Latency=9.63 ms
2025-04-01 13:10:24,144 - [CHECKPOINT-Main] [Epoch 8 | Task=Vehicular] mean|w|: 0.11060
2025-04-01 13:10:24,144 - [CHECKPOINT-Main] [Epoch 8 | Task=Vehicular] mean|h|: 1.79673
2025-04-01 13:10:24,144 - [CHECKPOINT-Main] [Epoch 8 | Task=Vehicular] loss: 228.45828, snr: 0.03267, sinr_db: -14.86
2025-04-01 13:10:24,144 - [CHECKPOINT-Main] 🔚 End of Epoch=8 | Task=Vehicular | Loss=228.46 | SINR=-14.86dB
2025-04-01 13:10:24,257 - [TRAIN-METRIC] Task=Aerial | SINR=-14.87 dB | Throughput=0.0462 bps/Hz | Latency=8.09 ms
2025-04-01 13:10:24,295 - [CHECKPOINT-Main] [Epoch 8 | Task=Aerial] mean|w|: 0.10996
2025-04-01 13:10:24,295 - [CHECKPOINT-Main] [Epoch 8 | Task=Aerial] mean|h|: 1.76091
2025-04-01 13:10:24,295 - [CHECKPOINT-Main] [Epoch 8 | Task=Aerial] loss: 212.86746, snr: 0.03255, sinr_db: -14.87
2025-04-01 13:10:24,295 - [CHECKPOINT-Main] 🔚 End of Epoch=8 | Task=Aerial | Loss=212.87 | SINR=-14.87dB
2025-04-01 13:10:24,295 - [CHECKPOINT-Main] 🔁 Epoch=9 start for evening
2025-04-01 13:10:24,397 - [TRAIN-METRIC] Task=Static | SINR=-14.85 dB | Throughput=0.0465 bps/Hz | Latency=8.06 ms
2025-04-01 13:10:24,400 - [CHECKPOINT-Main] [Epoch 9 | Task=Static] mean|w|: 0.11026
2025-04-01 13:10:24,400 - [CHECKPOINT-Main] [Epoch 9 | Task=Static] mean|h|: 1.71788
2025-04-01 13:10:24,400 - [CHECKPOINT-Main] [Epoch 9 | Task=Static] loss: 96.83134, snr: 0.03277, sinr_db: -14.85
2025-04-01 13:10:24,400 - [CHECKPOINT-Main] 🔚 End of Epoch=9 | Task=Static | Loss=96.83 | SINR=-14.85dB
2025-04-01 13:10:24,538 - [TRAIN-METRIC] Task=Pedestrian | SINR=-15.10 dB | Throughput=0.0439 bps/Hz | Latency=9.03 ms
2025-04-01 13:10:24,574 - [CHECKPOINT-Main] [Epoch 9 | Task=Pedestrian] mean|w|: 0.08639
2025-04-01 13:10:24,575 - [CHECKPOINT-Main] [Epoch 9 | Task=Pedestrian] mean|h|: 0.30509
2025-04-01 13:10:24,575 - [CHECKPOINT-Main] [Epoch 9 | Task=Pedestrian] loss: 173.55702, snr: 0.03088, sinr_db: -15.10
2025-04-01 13:10:24,575 - [CHECKPOINT-Main] 🔚 End of Epoch=9 | Task=Pedestrian | Loss=173.56 | SINR=-15.10dB
2025-04-01 13:10:24,687 - [TRAIN-METRIC] Task=Vehicular | SINR=-14.86 dB | Throughput=0.0464 bps/Hz | Latency=8.92 ms
2025-04-01 13:10:24,723 - [CHECKPOINT-Main] [Epoch 9 | Task=Vehicular] mean|w|: 0.11060
2025-04-01 13:10:24,723 - [CHECKPOINT-Main] [Epoch 9 | Task=Vehicular] mean|h|: 1.79673
2025-04-01 13:10:24,724 - [CHECKPOINT-Main] [Epoch 9 | Task=Vehicular] loss: 228.01636, snr: 0.03267, sinr_db: -14.86
2025-04-01 13:10:24,724 - [CHECKPOINT-Main] 🔚 End of Epoch=9 | Task=Vehicular | Loss=228.02 | SINR=-14.86dB
2025-04-01 13:10:24,836 - [TRAIN-METRIC] Task=Aerial | SINR=-14.87 dB | Throughput=0.0462 bps/Hz | Latency=7.74 ms
2025-04-01 13:10:24,873 - [CHECKPOINT-Main] [Epoch 9 | Task=Aerial] mean|w|: 0.10996
2025-04-01 13:10:24,873 - [CHECKPOINT-Main] [Epoch 9 | Task=Aerial] mean|h|: 1.76091
2025-04-01 13:10:24,873 - [CHECKPOINT-Main] [Epoch 9 | Task=Aerial] loss: 211.22678, snr: 0.03255, sinr_db: -14.87
2025-04-01 13:10:24,873 - [CHECKPOINT-Main] 🔚 End of Epoch=9 | Task=Aerial | Loss=211.23 | SINR=-14.87dB
2025-04-01 13:10:24,873 - [CHECKPOINT-Main] 🔁 Epoch=10 start for evening
2025-04-01 13:10:24,975 - [TRAIN-METRIC] Task=Static | SINR=-14.85 dB | Throughput=0.0465 bps/Hz | Latency=9.22 ms
2025-04-01 13:10:24,978 - [CHECKPOINT-Main] [Epoch 10 | Task=Static] mean|w|: 0.11026
2025-04-01 13:10:24,978 - [CHECKPOINT-Main] [Epoch 10 | Task=Static] mean|h|: 1.71788
2025-04-01 13:10:24,978 - [CHECKPOINT-Main] [Epoch 10 | Task=Static] loss: 96.83145, snr: 0.03277, sinr_db: -14.85
2025-04-01 13:10:24,978 - [CHECKPOINT-Main] 🔚 End of Epoch=10 | Task=Static | Loss=96.83 | SINR=-14.85dB
2025-04-01 13:10:25,115 - [TRAIN-METRIC] Task=Pedestrian | SINR=-15.06 dB | Throughput=0.0443 bps/Hz | Latency=7.71 ms
2025-04-01 13:10:25,151 - [CHECKPOINT-Main] [Epoch 10 | Task=Pedestrian] mean|w|: 0.08641
2025-04-01 13:10:25,151 - [CHECKPOINT-Main] [Epoch 10 | Task=Pedestrian] mean|h|: 0.30509
2025-04-01 13:10:25,151 - [CHECKPOINT-Main] [Epoch 10 | Task=Pedestrian] loss: 174.80644, snr: 0.03120, sinr_db: -15.06
2025-04-01 13:10:25,151 - [CHECKPOINT-Main] 🔚 End of Epoch=10 | Task=Pedestrian | Loss=174.81 | SINR=-15.06dB
2025-04-01 13:10:25,264 - [TRAIN-METRIC] Task=Vehicular | SINR=-14.86 dB | Throughput=0.0464 bps/Hz | Latency=8.88 ms
2025-04-01 13:10:25,301 - [CHECKPOINT-Main] [Epoch 10 | Task=Vehicular] mean|w|: 0.11060
2025-04-01 13:10:25,301 - [CHECKPOINT-Main] [Epoch 10 | Task=Vehicular] mean|h|: 1.79673
2025-04-01 13:10:25,301 - [CHECKPOINT-Main] [Epoch 10 | Task=Vehicular] loss: 228.44675, snr: 0.03267, sinr_db: -14.86
2025-04-01 13:10:25,301 - [CHECKPOINT-Main] 🔚 End of Epoch=10 | Task=Vehicular | Loss=228.45 | SINR=-14.86dB
2025-04-01 13:10:25,413 - [TRAIN-METRIC] Task=Aerial | SINR=-14.87 dB | Throughput=0.0462 bps/Hz | Latency=7.01 ms
2025-04-01 13:10:25,451 - [CHECKPOINT-Main] [Epoch 10 | Task=Aerial] mean|w|: 0.10996
2025-04-01 13:10:25,451 - [CHECKPOINT-Main] [Epoch 10 | Task=Aerial] mean|h|: 1.76091
2025-04-01 13:10:25,451 - [CHECKPOINT-Main] [Epoch 10 | Task=Aerial] loss: 212.01561, snr: 0.03255, sinr_db: -14.87
2025-04-01 13:10:25,451 - [CHECKPOINT-Main] 🔚 End of Epoch=10 | Task=Aerial | Loss=212.02 | SINR=-14.87dB
2025-04-01 13:10:25,475 - [CHECKPOINT-Main] 💾 Weights saved to weights_seed_42.h5
2025-04-01 13:10:25,475 - [CHECKPOINT-Main] ✅ Training completed. Proceeding to inference...
2025-04-01 13:10:26,038 - [CHECKPOINT-2] Task=Static | Raw |h| mean=0.11097 | shape=(16, 32, 64)
2025-04-01 13:10:26,039 - [CHECKPOINT-3] Task=Static | Normalized |h| mean=0.11097
2025-04-01 13:10:26,157 - [CHECKPOINT-1] Inference Iter=1 | Task=Static | Doppler=26.77 Hz | Speed=1.03 km/h
2025-04-01 13:10:26,367 - [CHECKPOINT-2] Task=Pedestrian | Raw |h| mean=0.03858 | shape=(16, 32, 64)
2025-04-01 13:10:26,367 - [CHECKPOINT-3] Task=Pedestrian | Normalized |h| mean=0.03858
2025-04-01 13:10:26,483 - [CHECKPOINT-1] Inference Iter=2 | Task=Pedestrian | Doppler=111.41 Hz | Speed=4.30 km/h
2025-04-01 13:10:27,150 - [CHECKPOINT-2] Task=Static | Raw |h| mean=0.11096 | shape=(16, 32, 64)
2025-04-01 13:10:27,150 - [CHECKPOINT-3] Task=Static | Normalized |h| mean=0.11096
2025-04-01 13:10:27,265 - [CHECKPOINT-1] Inference Iter=3 | Task=Static | Doppler=29.22 Hz | Speed=1.13 km/h
2025-04-01 13:10:27,862 - [CHECKPOINT-2] Task=Vehicular | Raw |h| mean=0.11112 | shape=(16, 32, 64)
2025-04-01 13:10:27,863 - [CHECKPOINT-3] Task=Vehicular | Normalized |h| mean=0.11112
2025-04-01 13:10:27,978 - [CHECKPOINT-1] Inference Iter=4 | Task=Vehicular | Doppler=1337.68 Hz | Speed=51.60 km/h
2025-04-01 13:10:28,575 - [CHECKPOINT-2] Task=Vehicular | Raw |h| mean=0.11095 | shape=(16, 32, 64)
2025-04-01 13:10:28,576 - [CHECKPOINT-3] Task=Vehicular | Normalized |h| mean=0.11095
2025-04-01 13:10:28,691 - [CHECKPOINT-1] Inference Iter=5 | Task=Vehicular | Doppler=1243.99 Hz | Speed=47.98 km/h
2025-04-01 13:10:29,310 - [CHECKPOINT-2] Task=Aerial | Raw |h| mean=0.11096 | shape=(16, 32, 64)
2025-04-01 13:10:29,311 - [CHECKPOINT-3] Task=Aerial | Normalized |h| mean=0.11096
2025-04-01 13:10:29,426 - [CHECKPOINT-1] Inference Iter=6 | Task=Aerial | Doppler=589.63 Hz | Speed=22.74 km/h
2025-04-01 13:10:29,587 - [CHECKPOINT-2] Task=Pedestrian | Raw |h| mean=0.04168 | shape=(16, 32, 64)
2025-04-01 13:10:29,588 - [CHECKPOINT-3] Task=Pedestrian | Normalized |h| mean=0.04168
2025-04-01 13:10:29,702 - [CHECKPOINT-1] Inference Iter=7 | Task=Pedestrian | Doppler=100.06 Hz | Speed=3.86 km/h
2025-04-01 13:10:29,857 - [CHECKPOINT-2] Task=Pedestrian | Raw |h| mean=0.03865 | shape=(16, 32, 64)
2025-04-01 13:10:29,858 - [CHECKPOINT-3] Task=Pedestrian | Normalized |h| mean=0.03865
2025-04-01 13:10:29,973 - [CHECKPOINT-1] Inference Iter=8 | Task=Pedestrian | Doppler=88.06 Hz | Speed=3.40 km/h
2025-04-01 13:10:30,537 - [CHECKPOINT-2] Task=Aerial | Raw |h| mean=0.11104 | shape=(16, 32, 64)
2025-04-01 13:10:30,537 - [CHECKPOINT-3] Task=Aerial | Normalized |h| mean=0.11104
2025-04-01 13:10:30,653 - [CHECKPOINT-1] Inference Iter=9 | Task=Aerial | Doppler=609.34 Hz | Speed=23.50 km/h
2025-04-01 13:10:30,810 - [CHECKPOINT-2] Task=Pedestrian | Raw |h| mean=0.04421 | shape=(16, 32, 64)
2025-04-01 13:10:30,811 - [CHECKPOINT-3] Task=Pedestrian | Normalized |h| mean=0.04421
2025-04-01 13:10:30,927 - [CHECKPOINT-1] Inference Iter=10 | Task=Pedestrian | Doppler=102.22 Hz | Speed=3.94 km/h
2025-04-01 13:10:30,993 - [CHECKPOINT-Main] 📡 Inference (All Tasks): throughput=0.0458, latency=7.35ms, sinr=-14.91dB
2025-04-01 13:10:30,993 - [CHECKPOINT-Main] ⭐ Best SINR across 10 runs: -14.90 dB at run 7
2025-04-01 13:10:30,993 - [CHECKPOINT-Main] 🏁 Simulation finished for seed 42
