2025-03-31 18:34:29,250 - ==================== Run 1 ====================
2025-03-31 18:34:29,730 - Task: Aerial, Doppler: 535.45 Hz, Speed: 20.65 km/h
2025-03-31 18:34:29,730 - Raw |h| mean: 1.00000, std: 0.55576
2025-03-31 18:34:29,867 - Beamforming weights sample [0,0,:5]: [-0.5422803 -0.03046058j -0.45362782+0.27158812j -0.14459215-0.38435802j
 -0.6688624 -1.6388687j   0.24787004-0.05080226j]
2025-03-31 18:34:29,879 - 🧠 **New log***BeamAlignment | Cosine Similarity (User 0): 0.1399
2025-03-31 18:34:29,879 - 🧭 **New log***Angle Offset (rad): -2.3533
2025-03-31 18:34:29,879 - 🔄 **New log***Mean Cross Interference w/ User 0: 9.4721
2025-03-31 18:34:29,880 - ⚙️ **New log***w[0,0] Norm: 8.0000+0.0000j
2025-03-31 18:34:29,880 - ⚙️ **New log***h[0,0] Norm: 8.4742+0.0000j
2025-03-31 18:34:29,883 - Desired Power: 80.47920
2025-03-31 18:34:29,883 - Interference: 2494.84546
2025-03-31 18:34:29,885 - → SINR (dB): -14.9136
2025-03-31 18:34:29,885 - → Throughput (bps/Hz): 0.0458
2025-03-31 18:34:29,886 - ==================== Run 2 ====================
2025-03-31 18:34:30,222 - Task: Aerial, Doppler: 691.25 Hz, Speed: 26.66 km/h
2025-03-31 18:34:30,222 - Raw |h| mean: 1.00000, std: 0.55329
2025-03-31 18:34:30,278 - Beamforming weights sample [0,0,:5]: [-0.5422549 -0.03066721j -0.4533489 +0.27139574j -0.14441061-0.38420793j
 -0.6690438 -1.6389937j   0.2475718 -0.05067457j]
2025-03-31 18:34:30,286 - 🧠 **New log***BeamAlignment | Cosine Similarity (User 0): 0.1651
2025-03-31 18:34:30,286 - 🧭 **New log***Angle Offset (rad): -0.8907
2025-03-31 18:34:30,286 - 🔄 **New log***Mean Cross Interference w/ User 0: 11.6158
2025-03-31 18:34:30,287 - ⚙️ **New log***w[0,0] Norm: 8.0000+0.0000j
2025-03-31 18:34:30,287 - ⚙️ **New log***h[0,0] Norm: 8.7927+0.0000j
2025-03-31 18:34:30,288 - Desired Power: 82.04517
2025-03-31 18:34:30,288 - Interference: 2543.40674
2025-03-31 18:34:30,289 - → SINR (dB): -14.9136
2025-03-31 18:34:30,289 - → Throughput (bps/Hz): 0.0458
2025-03-31 18:34:30,289 - ==================== Run 3 ====================
2025-03-31 18:34:30,622 - Task: Static, Doppler: 29.22 Hz, Speed: 1.13 km/h
2025-03-31 18:34:30,623 - Raw |h| mean: 1.00000, std: 0.63129
2025-03-31 18:34:30,679 - Beamforming weights sample [0,0,:5]: [-0.5646458 -0.3557874j  -0.30038077+0.4742808j   0.03091148-0.5159615j
 -0.6441561 -1.3455528j   0.42665532-0.21411845j]
2025-03-31 18:34:30,687 - 🧠 **New log***BeamAlignment | Cosine Similarity (User 0): 0.0549
2025-03-31 18:34:30,687 - 🧭 **New log***Angle Offset (rad): 0.3308
2025-03-31 18:34:30,687 - 🔄 **New log***Mean Cross Interference w/ User 0: 4.2686
2025-03-31 18:34:30,687 - ⚙️ **New log***w[0,0] Norm: 8.0000+0.0000j
2025-03-31 18:34:30,687 - ⚙️ **New log***h[0,0] Norm: 9.7011+0.0000j
2025-03-31 18:34:30,688 - Desired Power: 96.63907
2025-03-31 18:34:30,688 - Interference: 2995.84888
2025-03-31 18:34:30,690 - → SINR (dB): -14.9137
2025-03-31 18:34:30,690 - → Throughput (bps/Hz): 0.0458
2025-03-31 18:34:30,690 - ==================== Run 4 ====================
2025-03-31 18:34:31,032 - Task: Vehicular, Doppler: 1337.68 Hz, Speed: 51.60 km/h
2025-03-31 18:34:31,032 - Raw |h| mean: 1.00000, std: 0.55366
2025-03-31 18:34:31,087 - Beamforming weights sample [0,0,:5]: [-0.5292946 -0.36939403j -0.26851812+0.41234177j -0.03029493-0.45087704j
 -0.8485873 -1.4397788j   0.32116956-0.14325078j]
2025-03-31 18:34:31,095 - 🧠 **New log***BeamAlignment | Cosine Similarity (User 0): 0.3187
2025-03-31 18:34:31,096 - 🧭 **New log***Angle Offset (rad): -1.1365
2025-03-31 18:34:31,096 - 🔄 **New log***Mean Cross Interference w/ User 0: 22.4484
2025-03-31 18:34:31,096 - ⚙️ **New log***w[0,0] Norm: 8.0000+0.0000j
2025-03-31 18:34:31,096 - ⚙️ **New log***h[0,0] Norm: 8.8077+0.0000j
2025-03-31 18:34:31,097 - Desired Power: 79.38812
2025-03-31 18:34:31,097 - Interference: 2460.72925
2025-03-31 18:34:31,098 - → SINR (dB): -14.9131
2025-03-31 18:34:31,098 - → Throughput (bps/Hz): 0.0458
2025-03-31 18:34:31,098 - ==================== Run 5 ====================
2025-03-31 18:34:31,433 - Task: Static, Doppler: 29.84 Hz, Speed: 1.15 km/h
2025-03-31 18:34:31,433 - Raw |h| mean: 1.00000, std: 0.57714
2025-03-31 18:34:31,488 - Beamforming weights sample [0,0,:5]: [-0.5647344 -0.3557521j  -0.3003644 +0.47434357j  0.0307593 -0.51595235j
 -0.6442207 -1.3455048j   0.42684558-0.21422581j]
2025-03-31 18:34:31,496 - 🧠 **New log***BeamAlignment | Cosine Similarity (User 0): 0.1753
2025-03-31 18:34:31,496 - 🧭 **New log***Angle Offset (rad): -1.3034
2025-03-31 18:34:31,496 - 🔄 **New log***Mean Cross Interference w/ User 0: 13.8851
2025-03-31 18:34:31,496 - ⚙️ **New log***w[0,0] Norm: 8.0000+0.0000j
2025-03-31 18:34:31,496 - ⚙️ **New log***h[0,0] Norm: 9.9190+0.0000j
2025-03-31 18:34:31,497 - Desired Power: 84.09566
2025-03-31 18:34:31,497 - Interference: 2606.92822
2025-03-31 18:34:31,498 - → SINR (dB): -14.9136
2025-03-31 18:34:31,498 - → Throughput (bps/Hz): 0.0458
2025-03-31 18:34:31,499 - ==================== Run 6 ====================
2025-03-31 18:34:31,837 - Task: Aerial, Doppler: 589.63 Hz, Speed: 22.74 km/h
2025-03-31 18:34:31,838 - Raw |h| mean: 1.00000, std: 0.56368
2025-03-31 18:34:31,895 - Beamforming weights sample [0,0,:5]: [-0.5422605 -0.03059207j -0.45342588+0.27142918j -0.14446093-0.38424677j
 -0.6689822 -1.6389556j   0.24765995-0.05071558j]
2025-03-31 18:34:31,904 - 🧠 **New log***BeamAlignment | Cosine Similarity (User 0): 0.0552
2025-03-31 18:34:31,904 - 🧭 **New log***Angle Offset (rad): 0.1015
2025-03-31 18:34:31,904 - 🔄 **New log***Mean Cross Interference w/ User 0: 4.5102
2025-03-31 18:34:31,904 - ⚙️ **New log***w[0,0] Norm: 8.0000+0.0000j
2025-03-31 18:34:31,904 - ⚙️ **New log***h[0,0] Norm: 10.2003+0.0000j
2025-03-31 18:34:31,905 - Desired Power: 81.32426
2025-03-31 18:34:31,905 - Interference: 2521.07031
2025-03-31 18:34:31,906 - → SINR (dB): -14.9136
2025-03-31 18:34:31,906 - → Throughput (bps/Hz): 0.0458
2025-03-31 18:34:31,906 - ==================== Run 7 ====================
2025-03-31 18:34:32,241 - Task: Aerial, Doppler: 600.46 Hz, Speed: 23.16 km/h
2025-03-31 18:34:32,242 - Raw |h| mean: 1.00000, std: 0.56155
2025-03-31 18:34:32,298 - Beamforming weights sample [0,0,:5]: [-0.5422654 -0.03055618j -0.45349768+0.27148846j -0.1444887 -0.38429296j
 -0.66893846-1.6389295j   0.24771795-0.05073817j]
2025-03-31 18:34:32,306 - 🧠 **New log***BeamAlignment | Cosine Similarity (User 0): 0.0722
2025-03-31 18:34:32,306 - 🧭 **New log***Angle Offset (rad): -0.5846
2025-03-31 18:34:32,306 - 🔄 **New log***Mean Cross Interference w/ User 0: 6.2013
2025-03-31 18:34:32,307 - ⚙️ **New log***w[0,0] Norm: 8.0000+0.0000j
2025-03-31 18:34:32,307 - ⚙️ **New log***h[0,0] Norm: 10.7339+0.0000j
2025-03-31 18:34:32,307 - Desired Power: 83.88322
2025-03-31 18:34:32,308 - Interference: 2600.34863
2025-03-31 18:34:32,309 - → SINR (dB): -14.9136
2025-03-31 18:34:32,309 - → Throughput (bps/Hz): 0.0458
2025-03-31 18:34:32,309 - ==================== Run 8 ====================
2025-03-31 18:34:32,643 - Task: Static, Doppler: 25.22 Hz, Speed: 0.97 km/h
2025-03-31 18:34:32,644 - Raw |h| mean: 1.00000, std: 0.60032
2025-03-31 18:34:32,699 - Beamforming weights sample [0,0,:5]: [-0.56454563-0.35585147j -0.30035543+0.47423086j  0.03102352-0.5159719j
 -0.6441632 -1.3455846j   0.42650038-0.21403192j]
2025-03-31 18:34:32,707 - 🧠 **New log***BeamAlignment | Cosine Similarity (User 0): 0.1670
2025-03-31 18:34:32,707 - 🧭 **New log***Angle Offset (rad): -1.3063
2025-03-31 18:34:32,707 - 🔄 **New log***Mean Cross Interference w/ User 0: 11.3514
2025-03-31 18:34:32,707 - ⚙️ **New log***w[0,0] Norm: 8.0000+0.0000j
2025-03-31 18:34:32,707 - ⚙️ **New log***h[0,0] Norm: 8.5157+0.0000j
2025-03-31 18:34:32,708 - Desired Power: 85.43687
2025-03-31 18:34:32,708 - Interference: 2648.79419
2025-03-31 18:34:32,709 - → SINR (dB): -14.9140
2025-03-31 18:34:32,709 - → Throughput (bps/Hz): 0.0458
2025-03-31 18:34:32,710 - ==================== Run 9 ====================
2025-03-31 18:34:33,053 - Task: Vehicular, Doppler: 1267.51 Hz, Speed: 48.89 km/h
2025-03-31 18:34:33,054 - Raw |h| mean: 1.00000, std: 0.54807
2025-03-31 18:34:33,109 - Beamforming weights sample [0,0,:5]: [-0.52926075-0.36935312j -0.2685214 +0.41253483j -0.03046914-0.45099062j
 -0.8486203 -1.4396089j   0.32133758-0.14338525j]
2025-03-31 18:34:33,118 - 🧠 **New log***BeamAlignment | Cosine Similarity (User 0): 0.1478
2025-03-31 18:34:33,118 - 🧭 **New log***Angle Offset (rad): 0.3319
2025-03-31 18:34:33,118 - 🔄 **New log***Mean Cross Interference w/ User 0: 10.8045
2025-03-31 18:34:33,118 - ⚙️ **New log***w[0,0] Norm: 8.0000+0.0000j
2025-03-31 18:34:33,118 - ⚙️ **New log***h[0,0] Norm: 9.1289+0.0000j
2025-03-31 18:34:33,119 - Desired Power: 84.21771
2025-03-31 18:34:33,119 - Interference: 2610.69678
2025-03-31 18:34:33,120 - → SINR (dB): -14.9135
2025-03-31 18:34:33,120 - → Throughput (bps/Hz): 0.0458
2025-03-31 18:34:33,120 - ==================== Run 10 ====================
2025-03-31 18:34:33,463 - Task: Vehicular, Doppler: 1283.37 Hz, Speed: 49.50 km/h
2025-03-31 18:34:33,463 - Raw |h| mean: 1.00000, std: 0.54827
2025-03-31 18:34:33,519 - Beamforming weights sample [0,0,:5]: [-0.52932703-0.3694083j  -0.2685157 +0.41223654j -0.03022793-0.45081225j
 -0.8485812 -1.4398522j   0.3210984 -0.14320579j]
2025-03-31 18:34:33,527 - 🧠 **New log***BeamAlignment | Cosine Similarity (User 0): 0.2357
2025-03-31 18:34:33,527 - 🧭 **New log***Angle Offset (rad): -1.4826
2025-03-31 18:34:33,527 - 🔄 **New log***Mean Cross Interference w/ User 0: 17.7140
2025-03-31 18:34:33,528 - ⚙️ **New log***w[0,0] Norm: 8.0000+0.0000j
2025-03-31 18:34:33,528 - ⚙️ **New log***h[0,0] Norm: 9.4143+0.0000j
2025-03-31 18:34:33,529 - Desired Power: 81.62070
2025-03-31 18:34:33,529 - Interference: 2530.14282
2025-03-31 18:34:33,530 - → SINR (dB): -14.9134
2025-03-31 18:34:33,530 - → Throughput (bps/Hz): 0.0458
