DEBUG:tensorflow:Layer gru will use cuDNN kernels when running on GPU.
DEBUG:tensorflow:Layer gru_1 will use cuDNN kernels when running on GPU.
DEBUG:tensorflow:Layer gru_2 will use cuDNN kernels when running on GPU.
DEBUG:tensorflow:Layer gru_3 will use cuDNN kernels when running on GPU.
DEBUG:tensorflow:Layer gru_4 will use cuDNN kernels when running on GPU.
INFO:checkpoint_logger:[CHECKPOINT-Main] 🚀 Start simulation | Seed=42
INFO:checkpoint_logger:[CHECKPOINT-Traffic] 🚦 Start traffic simulation
INFO:checkpoint_logger:[CHECKPOINT-Traffic] 📅 Period=morning | λ_base=100 | Hours=8
INFO:checkpoint_logger:[CHECKPOINT-Traffic] 🧮 Period=morning completed | Final active users=32
INFO:checkpoint_logger:[CHECKPOINT-Traffic] 📅 Period=noon | λ_base=150 | Hours=4
INFO:checkpoint_logger:[CHECKPOINT-Traffic] 🧮 Period=noon completed | Final active users=32
INFO:checkpoint_logger:[CHECKPOINT-Traffic] 📅 Period=evening | λ_base=120 | Hours=12
INFO:checkpoint_logger:[CHECKPOINT-Traffic] 🧮 Period=evening completed | Final active users=32
INFO:checkpoint_logger:[CHECKPOINT-Traffic] ✅ Simulation done | Simulated TotalTime=24.00 hrs
INFO:checkpoint_logger:[CHECKPOINT-Main] 📊 Traffic simulation completed | total_time=24.00 hrs
INFO:checkpoint_logger:[CHECKPOINT-Main] 🕒 Period=morning Start
INFO:checkpoint_logger:[CHECKPOINT-Main] 👥 Users in morning: 32
INFO:checkpoint_logger:[CHECKPOINT-2] Task=Static | Raw |h| mean=0.01230 | shape=(16, 32, 64)
INFO:checkpoint_logger:[CHECKPOINT-3] Task=Static | Normalized |h| mean=0.99992
INFO:root:[Static] 📏 Normalized |h| mean: 0.99992
INFO:root:[Static] 📊 Std(|h|): 0.57972
INFO:root:[Static] 📐 Shape: (16, 32, 64)
INFO:checkpoint_logger:[CHECKPOINT-2] Task=Pedestrian | Raw |h| mean=0.88757 | shape=(16, 32, 64)
INFO:checkpoint_logger:[CHECKPOINT-3] Task=Pedestrian | Normalized |h| mean=1.00000
INFO:root:[Pedestrian] 📏 Normalized |h| mean: 1.00000
INFO:root:[Pedestrian] 📊 Std(|h|): 0.52261
INFO:root:[Pedestrian] 📐 Shape: (16, 32, 64)
INFO:checkpoint_logger:[CHECKPOINT-2] Task=Vehicular | Raw |h| mean=0.01159 | shape=(16, 32, 64)
INFO:checkpoint_logger:[CHECKPOINT-3] Task=Vehicular | Normalized |h| mean=0.99991
INFO:root:[Vehicular] 📏 Normalized |h| mean: 0.99991
INFO:root:[Vehicular] 📊 Std(|h|): 0.54375
INFO:root:[Vehicular] 📐 Shape: (16, 32, 64)
INFO:checkpoint_logger:[CHECKPOINT-2] Task=Aerial | Raw |h| mean=0.01195 | shape=(16, 32, 64)
INFO:checkpoint_logger:[CHECKPOINT-3] Task=Aerial | Normalized |h| mean=0.99992
INFO:root:[Aerial] 📏 Normalized |h| mean: 0.99992
INFO:root:[Aerial] 📊 Std(|h|): 0.53428
INFO:root:[Aerial] 📐 Shape: (16, 32, 64)
INFO:checkpoint_logger:[CHECKPOINT-Main] ✅ Channel generation done for all tasks in morning
INFO:checkpoint_logger:[CHECKPOINT-Main] 🔁 Epoch=1 start for morning
WARNING:tensorflow:5 out of the last 5 calls to <function _BaseOptimizer._update_step_xla at 0x790d93dd1bd0> triggered tf.function retracing. Tracing is expensive and the excessive number of tracings could be due to (1) creating @tf.function repeatedly in a loop, (2) passing tensors with different shapes, (3) passing Python objects instead of tensors. For (1), please define your @tf.function outside of the loop. For (2), @tf.function has reduce_retracing=True option that can avoid unnecessary retracing. For (3), please refer to https://www.tensorflow.org/guide/function#controlling_retracing and https://www.tensorflow.org/api_docs/python/tf/function for  more details.
WARNING:tensorflow:6 out of the last 6 calls to <function _BaseOptimizer._update_step_xla at 0x790d93dd1bd0> triggered tf.function retracing. Tracing is expensive and the excessive number of tracings could be due to (1) creating @tf.function repeatedly in a loop, (2) passing tensors with different shapes, (3) passing Python objects instead of tensors. For (1), please define your @tf.function outside of the loop. For (2), @tf.function has reduce_retracing=True option that can avoid unnecessary retracing. For (3), please refer to https://www.tensorflow.org/guide/function#controlling_retracing and https://www.tensorflow.org/api_docs/python/tf/function for  more details.
INFO:checkpoint_logger:[CHECKPOINT-Main] [Epoch 1 | Task=Static] mean|w|: 0.11017
INFO:checkpoint_logger:[CHECKPOINT-Main] [Epoch 1 | Task=Static] mean|h|: 1.72485
INFO:checkpoint_logger:[CHECKPOINT-Main] [Epoch 1 | Task=Static] loss: 97.09697, snr: 0.03191, sinr_db: -14.96
INFO:checkpoint_logger:[CHECKPOINT-Main] 🔚 End of Epoch=1 | Task=Static | Loss=97.10 | SINR=-14.96dB
INFO:checkpoint_logger:[CHECKPOINT-Main] [Epoch 1 | Task=Pedestrian] mean|w|: 0.11056
INFO:checkpoint_logger:[CHECKPOINT-Main] [Epoch 1 | Task=Pedestrian] mean|h|: 1.91346
INFO:checkpoint_logger:[CHECKPOINT-Main] [Epoch 1 | Task=Pedestrian] loss: 99.37860, snr: 0.03317, sinr_db: -14.79
INFO:checkpoint_logger:[CHECKPOINT-Main] 🔚 End of Epoch=1 | Task=Pedestrian | Loss=99.38 | SINR=-14.79dB
INFO:checkpoint_logger:[CHECKPOINT-Main] [Epoch 1 | Task=Vehicular] mean|w|: 0.10964
INFO:checkpoint_logger:[CHECKPOINT-Main] [Epoch 1 | Task=Vehicular] mean|h|: 1.83892
INFO:checkpoint_logger:[CHECKPOINT-Main] [Epoch 1 | Task=Vehicular] loss: 141.26741, snr: 0.03189, sinr_db: -14.96
INFO:checkpoint_logger:[CHECKPOINT-Main] 🔚 End of Epoch=1 | Task=Vehicular | Loss=141.27 | SINR=-14.96dB
INFO:checkpoint_logger:[CHECKPOINT-Main] [Epoch 1 | Task=Aerial] mean|w|: 0.11034
INFO:checkpoint_logger:[CHECKPOINT-Main] [Epoch 1 | Task=Aerial] mean|h|: 1.87146
INFO:checkpoint_logger:[CHECKPOINT-Main] [Epoch 1 | Task=Aerial] loss: 124.40533, snr: 0.03218, sinr_db: -14.92
INFO:checkpoint_logger:[CHECKPOINT-Main] 🔚 End of Epoch=1 | Task=Aerial | Loss=124.41 | SINR=-14.92dB
INFO:checkpoint_logger:[CHECKPOINT-Main] 🔁 Epoch=2 start for morning
INFO:checkpoint_logger:[CHECKPOINT-Main] [Epoch 2 | Task=Static] mean|w|: 0.11017
INFO:checkpoint_logger:[CHECKPOINT-Main] [Epoch 2 | Task=Static] mean|h|: 1.72485
INFO:checkpoint_logger:[CHECKPOINT-Main] [Epoch 2 | Task=Static] loss: 184.07866, snr: 0.03191, sinr_db: -14.96
INFO:checkpoint_logger:[CHECKPOINT-Main] 🔚 End of Epoch=2 | Task=Static | Loss=184.08 | SINR=-14.96dB
INFO:checkpoint_logger:[CHECKPOINT-Main] [Epoch 2 | Task=Pedestrian] mean|w|: 0.11056
INFO:checkpoint_logger:[CHECKPOINT-Main] [Epoch 2 | Task=Pedestrian] mean|h|: 1.91346
INFO:checkpoint_logger:[CHECKPOINT-Main] [Epoch 2 | Task=Pedestrian] loss: 187.01328, snr: 0.03317, sinr_db: -14.79
INFO:checkpoint_logger:[CHECKPOINT-Main] 🔚 End of Epoch=2 | Task=Pedestrian | Loss=187.01 | SINR=-14.79dB
INFO:checkpoint_logger:[CHECKPOINT-Main] [Epoch 2 | Task=Vehicular] mean|w|: 0.10964
INFO:checkpoint_logger:[CHECKPOINT-Main] [Epoch 2 | Task=Vehicular] mean|h|: 1.83892
INFO:checkpoint_logger:[CHECKPOINT-Main] [Epoch 2 | Task=Vehicular] loss: 228.80865, snr: 0.03189, sinr_db: -14.96
INFO:checkpoint_logger:[CHECKPOINT-Main] 🔚 End of Epoch=2 | Task=Vehicular | Loss=228.81 | SINR=-14.96dB
INFO:checkpoint_logger:[CHECKPOINT-Main] [Epoch 2 | Task=Aerial] mean|w|: 0.11034
INFO:checkpoint_logger:[CHECKPOINT-Main] [Epoch 2 | Task=Aerial] mean|h|: 1.87146
INFO:checkpoint_logger:[CHECKPOINT-Main] [Epoch 2 | Task=Aerial] loss: 213.09460, snr: 0.03218, sinr_db: -14.92
INFO:checkpoint_logger:[CHECKPOINT-Main] 🔚 End of Epoch=2 | Task=Aerial | Loss=213.09 | SINR=-14.92dB
INFO:checkpoint_logger:[CHECKPOINT-Main] 🔁 Epoch=3 start for morning
INFO:checkpoint_logger:[CHECKPOINT-Main] [Epoch 3 | Task=Static] mean|w|: 0.11017
INFO:checkpoint_logger:[CHECKPOINT-Main] [Epoch 3 | Task=Static] mean|h|: 1.72485
INFO:checkpoint_logger:[CHECKPOINT-Main] [Epoch 3 | Task=Static] loss: 187.26135, snr: 0.03191, sinr_db: -14.96
INFO:checkpoint_logger:[CHECKPOINT-Main] 🔚 End of Epoch=3 | Task=Static | Loss=187.26 | SINR=-14.96dB
INFO:checkpoint_logger:[CHECKPOINT-Main] [Epoch 3 | Task=Pedestrian] mean|w|: 0.11056
INFO:checkpoint_logger:[CHECKPOINT-Main] [Epoch 3 | Task=Pedestrian] mean|h|: 1.91346
INFO:checkpoint_logger:[CHECKPOINT-Main] [Epoch 3 | Task=Pedestrian] loss: 188.50063, snr: 0.03317, sinr_db: -14.79
INFO:checkpoint_logger:[CHECKPOINT-Main] 🔚 End of Epoch=3 | Task=Pedestrian | Loss=188.50 | SINR=-14.79dB
INFO:checkpoint_logger:[CHECKPOINT-Main] [Epoch 3 | Task=Vehicular] mean|w|: 0.10964
INFO:checkpoint_logger:[CHECKPOINT-Main] [Epoch 3 | Task=Vehicular] mean|h|: 1.83892
INFO:checkpoint_logger:[CHECKPOINT-Main] [Epoch 3 | Task=Vehicular] loss: 230.96149, snr: 0.03189, sinr_db: -14.96
INFO:checkpoint_logger:[CHECKPOINT-Main] 🔚 End of Epoch=3 | Task=Vehicular | Loss=230.96 | SINR=-14.96dB
INFO:checkpoint_logger:[CHECKPOINT-Main] [Epoch 3 | Task=Aerial] mean|w|: 0.11034
INFO:checkpoint_logger:[CHECKPOINT-Main] [Epoch 3 | Task=Aerial] mean|h|: 1.87146
INFO:checkpoint_logger:[CHECKPOINT-Main] [Epoch 3 | Task=Aerial] loss: 214.71291, snr: 0.03218, sinr_db: -14.92
INFO:checkpoint_logger:[CHECKPOINT-Main] 🔚 End of Epoch=3 | Task=Aerial | Loss=214.71 | SINR=-14.92dB
INFO:checkpoint_logger:[CHECKPOINT-Main] 🔁 Epoch=4 start for morning
INFO:checkpoint_logger:[CHECKPOINT-Main] [Epoch 4 | Task=Static] mean|w|: 0.11017
INFO:checkpoint_logger:[CHECKPOINT-Main] [Epoch 4 | Task=Static] mean|h|: 1.72485
INFO:checkpoint_logger:[CHECKPOINT-Main] [Epoch 4 | Task=Static] loss: 185.98666, snr: 0.03191, sinr_db: -14.96
INFO:checkpoint_logger:[CHECKPOINT-Main] 🔚 End of Epoch=4 | Task=Static | Loss=185.99 | SINR=-14.96dB
INFO:checkpoint_logger:[CHECKPOINT-Main] [Epoch 4 | Task=Pedestrian] mean|w|: 0.11056
INFO:checkpoint_logger:[CHECKPOINT-Main] [Epoch 4 | Task=Pedestrian] mean|h|: 1.91346
INFO:checkpoint_logger:[CHECKPOINT-Main] [Epoch 4 | Task=Pedestrian] loss: 188.60371, snr: 0.03317, sinr_db: -14.79
INFO:checkpoint_logger:[CHECKPOINT-Main] 🔚 End of Epoch=4 | Task=Pedestrian | Loss=188.60 | SINR=-14.79dB
INFO:checkpoint_logger:[CHECKPOINT-Main] [Epoch 4 | Task=Vehicular] mean|w|: 0.10964
INFO:checkpoint_logger:[CHECKPOINT-Main] [Epoch 4 | Task=Vehicular] mean|h|: 1.83892
INFO:checkpoint_logger:[CHECKPOINT-Main] [Epoch 4 | Task=Vehicular] loss: 231.20248, snr: 0.03189, sinr_db: -14.96
INFO:checkpoint_logger:[CHECKPOINT-Main] 🔚 End of Epoch=4 | Task=Vehicular | Loss=231.20 | SINR=-14.96dB
INFO:checkpoint_logger:[CHECKPOINT-Main] [Epoch 4 | Task=Aerial] mean|w|: 0.11034
INFO:checkpoint_logger:[CHECKPOINT-Main] [Epoch 4 | Task=Aerial] mean|h|: 1.87146
INFO:checkpoint_logger:[CHECKPOINT-Main] [Epoch 4 | Task=Aerial] loss: 215.41180, snr: 0.03218, sinr_db: -14.92
INFO:checkpoint_logger:[CHECKPOINT-Main] 🔚 End of Epoch=4 | Task=Aerial | Loss=215.41 | SINR=-14.92dB
INFO:checkpoint_logger:[CHECKPOINT-Main] 🔁 Epoch=5 start for morning
INFO:checkpoint_logger:[CHECKPOINT-Main] [Epoch 5 | Task=Static] mean|w|: 0.11017
INFO:checkpoint_logger:[CHECKPOINT-Main] [Epoch 5 | Task=Static] mean|h|: 1.72485
INFO:checkpoint_logger:[CHECKPOINT-Main] [Epoch 5 | Task=Static] loss: 187.26208, snr: 0.03191, sinr_db: -14.96
INFO:checkpoint_logger:[CHECKPOINT-Main] 🔚 End of Epoch=5 | Task=Static | Loss=187.26 | SINR=-14.96dB
INFO:checkpoint_logger:[CHECKPOINT-Main] [Epoch 5 | Task=Pedestrian] mean|w|: 0.11056
INFO:checkpoint_logger:[CHECKPOINT-Main] [Epoch 5 | Task=Pedestrian] mean|h|: 1.91346
INFO:checkpoint_logger:[CHECKPOINT-Main] [Epoch 5 | Task=Pedestrian] loss: 189.31277, snr: 0.03317, sinr_db: -14.79
INFO:checkpoint_logger:[CHECKPOINT-Main] 🔚 End of Epoch=5 | Task=Pedestrian | Loss=189.31 | SINR=-14.79dB
INFO:checkpoint_logger:[CHECKPOINT-Main] [Epoch 5 | Task=Vehicular] mean|w|: 0.10964
INFO:checkpoint_logger:[CHECKPOINT-Main] [Epoch 5 | Task=Vehicular] mean|h|: 1.83892
INFO:checkpoint_logger:[CHECKPOINT-Main] [Epoch 5 | Task=Vehicular] loss: 231.37274, snr: 0.03189, sinr_db: -14.96
INFO:checkpoint_logger:[CHECKPOINT-Main] 🔚 End of Epoch=5 | Task=Vehicular | Loss=231.37 | SINR=-14.96dB
INFO:checkpoint_logger:[CHECKPOINT-Main] [Epoch 5 | Task=Aerial] mean|w|: 0.11034
INFO:checkpoint_logger:[CHECKPOINT-Main] [Epoch 5 | Task=Aerial] mean|h|: 1.87146
INFO:checkpoint_logger:[CHECKPOINT-Main] [Epoch 5 | Task=Aerial] loss: 214.01245, snr: 0.03218, sinr_db: -14.92
INFO:checkpoint_logger:[CHECKPOINT-Main] 🔚 End of Epoch=5 | Task=Aerial | Loss=214.01 | SINR=-14.92dB
INFO:checkpoint_logger:[CHECKPOINT-Main] 🔁 Epoch=6 start for morning
INFO:checkpoint_logger:[CHECKPOINT-Main] [Epoch 6 | Task=Static] mean|w|: 0.11017
INFO:checkpoint_logger:[CHECKPOINT-Main] [Epoch 6 | Task=Static] mean|h|: 1.72485
INFO:checkpoint_logger:[CHECKPOINT-Main] [Epoch 6 | Task=Static] loss: 187.20525, snr: 0.03191, sinr_db: -14.96
INFO:checkpoint_logger:[CHECKPOINT-Main] 🔚 End of Epoch=6 | Task=Static | Loss=187.21 | SINR=-14.96dB
INFO:checkpoint_logger:[CHECKPOINT-Main] [Epoch 6 | Task=Pedestrian] mean|w|: 0.11056
INFO:checkpoint_logger:[CHECKPOINT-Main] [Epoch 6 | Task=Pedestrian] mean|h|: 1.91346
INFO:checkpoint_logger:[CHECKPOINT-Main] [Epoch 6 | Task=Pedestrian] loss: 190.78119, snr: 0.03317, sinr_db: -14.79
INFO:checkpoint_logger:[CHECKPOINT-Main] 🔚 End of Epoch=6 | Task=Pedestrian | Loss=190.78 | SINR=-14.79dB
INFO:checkpoint_logger:[CHECKPOINT-Main] [Epoch 6 | Task=Vehicular] mean|w|: 0.10964
INFO:checkpoint_logger:[CHECKPOINT-Main] [Epoch 6 | Task=Vehicular] mean|h|: 1.83892
INFO:checkpoint_logger:[CHECKPOINT-Main] [Epoch 6 | Task=Vehicular] loss: 231.01320, snr: 0.03189, sinr_db: -14.96
INFO:checkpoint_logger:[CHECKPOINT-Main] 🔚 End of Epoch=6 | Task=Vehicular | Loss=231.01 | SINR=-14.96dB
INFO:checkpoint_logger:[CHECKPOINT-Main] [Epoch 6 | Task=Aerial] mean|w|: 0.11034
INFO:checkpoint_logger:[CHECKPOINT-Main] [Epoch 6 | Task=Aerial] mean|h|: 1.87146
INFO:checkpoint_logger:[CHECKPOINT-Main] [Epoch 6 | Task=Aerial] loss: 214.20850, snr: 0.03218, sinr_db: -14.92
INFO:checkpoint_logger:[CHECKPOINT-Main] 🔚 End of Epoch=6 | Task=Aerial | Loss=214.21 | SINR=-14.92dB
INFO:checkpoint_logger:[CHECKPOINT-Main] 🔁 Epoch=7 start for morning
INFO:checkpoint_logger:[CHECKPOINT-Main] [Epoch 7 | Task=Static] mean|w|: 0.11017
INFO:checkpoint_logger:[CHECKPOINT-Main] [Epoch 7 | Task=Static] mean|h|: 1.72485
INFO:checkpoint_logger:[CHECKPOINT-Main] [Epoch 7 | Task=Static] loss: 186.67245, snr: 0.03191, sinr_db: -14.96
INFO:checkpoint_logger:[CHECKPOINT-Main] 🔚 End of Epoch=7 | Task=Static | Loss=186.67 | SINR=-14.96dB
INFO:checkpoint_logger:[CHECKPOINT-Main] [Epoch 7 | Task=Pedestrian] mean|w|: 0.11056
INFO:checkpoint_logger:[CHECKPOINT-Main] [Epoch 7 | Task=Pedestrian] mean|h|: 1.91346
INFO:checkpoint_logger:[CHECKPOINT-Main] [Epoch 7 | Task=Pedestrian] loss: 189.19151, snr: 0.03317, sinr_db: -14.79
INFO:checkpoint_logger:[CHECKPOINT-Main] 🔚 End of Epoch=7 | Task=Pedestrian | Loss=189.19 | SINR=-14.79dB
INFO:checkpoint_logger:[CHECKPOINT-Main] [Epoch 7 | Task=Vehicular] mean|w|: 0.10964
INFO:checkpoint_logger:[CHECKPOINT-Main] [Epoch 7 | Task=Vehicular] mean|h|: 1.83892
INFO:checkpoint_logger:[CHECKPOINT-Main] [Epoch 7 | Task=Vehicular] loss: 231.34541, snr: 0.03189, sinr_db: -14.96
INFO:checkpoint_logger:[CHECKPOINT-Main] 🔚 End of Epoch=7 | Task=Vehicular | Loss=231.35 | SINR=-14.96dB
INFO:checkpoint_logger:[CHECKPOINT-Main] [Epoch 7 | Task=Aerial] mean|w|: 0.11034
INFO:checkpoint_logger:[CHECKPOINT-Main] [Epoch 7 | Task=Aerial] mean|h|: 1.87146
INFO:checkpoint_logger:[CHECKPOINT-Main] [Epoch 7 | Task=Aerial] loss: 213.70807, snr: 0.03218, sinr_db: -14.92
INFO:checkpoint_logger:[CHECKPOINT-Main] 🔚 End of Epoch=7 | Task=Aerial | Loss=213.71 | SINR=-14.92dB
INFO:checkpoint_logger:[CHECKPOINT-Main] 🔁 Epoch=8 start for morning
INFO:checkpoint_logger:[CHECKPOINT-Main] [Epoch 8 | Task=Static] mean|w|: 0.11017
INFO:checkpoint_logger:[CHECKPOINT-Main] [Epoch 8 | Task=Static] mean|h|: 1.72485
INFO:checkpoint_logger:[CHECKPOINT-Main] [Epoch 8 | Task=Static] loss: 187.03165, snr: 0.03191, sinr_db: -14.96
INFO:checkpoint_logger:[CHECKPOINT-Main] 🔚 End of Epoch=8 | Task=Static | Loss=187.03 | SINR=-14.96dB
INFO:checkpoint_logger:[CHECKPOINT-Main] [Epoch 8 | Task=Pedestrian] mean|w|: 0.11056
INFO:checkpoint_logger:[CHECKPOINT-Main] [Epoch 8 | Task=Pedestrian] mean|h|: 1.91346
INFO:checkpoint_logger:[CHECKPOINT-Main] [Epoch 8 | Task=Pedestrian] loss: 189.56735, snr: 0.03317, sinr_db: -14.79
INFO:checkpoint_logger:[CHECKPOINT-Main] 🔚 End of Epoch=8 | Task=Pedestrian | Loss=189.57 | SINR=-14.79dB
INFO:checkpoint_logger:[CHECKPOINT-Main] [Epoch 8 | Task=Vehicular] mean|w|: 0.10964
INFO:checkpoint_logger:[CHECKPOINT-Main] [Epoch 8 | Task=Vehicular] mean|h|: 1.83892
INFO:checkpoint_logger:[CHECKPOINT-Main] [Epoch 8 | Task=Vehicular] loss: 231.78622, snr: 0.03189, sinr_db: -14.96
INFO:checkpoint_logger:[CHECKPOINT-Main] 🔚 End of Epoch=8 | Task=Vehicular | Loss=231.79 | SINR=-14.96dB
INFO:checkpoint_logger:[CHECKPOINT-Main] [Epoch 8 | Task=Aerial] mean|w|: 0.11034
INFO:checkpoint_logger:[CHECKPOINT-Main] [Epoch 8 | Task=Aerial] mean|h|: 1.87146
INFO:checkpoint_logger:[CHECKPOINT-Main] [Epoch 8 | Task=Aerial] loss: 214.20580, snr: 0.03218, sinr_db: -14.92
INFO:checkpoint_logger:[CHECKPOINT-Main] 🔚 End of Epoch=8 | Task=Aerial | Loss=214.21 | SINR=-14.92dB
INFO:checkpoint_logger:[CHECKPOINT-Main] 🔁 Epoch=9 start for morning
INFO:checkpoint_logger:[CHECKPOINT-Main] [Epoch 9 | Task=Static] mean|w|: 0.11017
INFO:checkpoint_logger:[CHECKPOINT-Main] [Epoch 9 | Task=Static] mean|h|: 1.72485
INFO:checkpoint_logger:[CHECKPOINT-Main] [Epoch 9 | Task=Static] loss: 187.36418, snr: 0.03191, sinr_db: -14.96
INFO:checkpoint_logger:[CHECKPOINT-Main] 🔚 End of Epoch=9 | Task=Static | Loss=187.36 | SINR=-14.96dB
INFO:checkpoint_logger:[CHECKPOINT-Main] [Epoch 9 | Task=Pedestrian] mean|w|: 0.11056
INFO:checkpoint_logger:[CHECKPOINT-Main] [Epoch 9 | Task=Pedestrian] mean|h|: 1.91346
INFO:checkpoint_logger:[CHECKPOINT-Main] [Epoch 9 | Task=Pedestrian] loss: 189.43425, snr: 0.03317, sinr_db: -14.79
INFO:checkpoint_logger:[CHECKPOINT-Main] 🔚 End of Epoch=9 | Task=Pedestrian | Loss=189.43 | SINR=-14.79dB
INFO:checkpoint_logger:[CHECKPOINT-Main] [Epoch 9 | Task=Vehicular] mean|w|: 0.10964
INFO:checkpoint_logger:[CHECKPOINT-Main] [Epoch 9 | Task=Vehicular] mean|h|: 1.83892
INFO:checkpoint_logger:[CHECKPOINT-Main] [Epoch 9 | Task=Vehicular] loss: 231.07968, snr: 0.03189, sinr_db: -14.96
INFO:checkpoint_logger:[CHECKPOINT-Main] 🔚 End of Epoch=9 | Task=Vehicular | Loss=231.08 | SINR=-14.96dB
INFO:checkpoint_logger:[CHECKPOINT-Main] [Epoch 9 | Task=Aerial] mean|w|: 0.11034
INFO:checkpoint_logger:[CHECKPOINT-Main] [Epoch 9 | Task=Aerial] mean|h|: 1.87146
INFO:checkpoint_logger:[CHECKPOINT-Main] [Epoch 9 | Task=Aerial] loss: 214.44382, snr: 0.03218, sinr_db: -14.92
INFO:checkpoint_logger:[CHECKPOINT-Main] 🔚 End of Epoch=9 | Task=Aerial | Loss=214.44 | SINR=-14.92dB
INFO:checkpoint_logger:[CHECKPOINT-Main] 🔁 Epoch=10 start for morning
INFO:checkpoint_logger:[CHECKPOINT-Main] [Epoch 10 | Task=Static] mean|w|: 0.11017
INFO:checkpoint_logger:[CHECKPOINT-Main] [Epoch 10 | Task=Static] mean|h|: 1.72485
INFO:checkpoint_logger:[CHECKPOINT-Main] [Epoch 10 | Task=Static] loss: 186.62488, snr: 0.03191, sinr_db: -14.96
INFO:checkpoint_logger:[CHECKPOINT-Main] 🔚 End of Epoch=10 | Task=Static | Loss=186.62 | SINR=-14.96dB
INFO:checkpoint_logger:[CHECKPOINT-Main] [Epoch 10 | Task=Pedestrian] mean|w|: 0.11056
INFO:checkpoint_logger:[CHECKPOINT-Main] [Epoch 10 | Task=Pedestrian] mean|h|: 1.91346
INFO:checkpoint_logger:[CHECKPOINT-Main] [Epoch 10 | Task=Pedestrian] loss: 189.13873, snr: 0.03317, sinr_db: -14.79
INFO:checkpoint_logger:[CHECKPOINT-Main] 🔚 End of Epoch=10 | Task=Pedestrian | Loss=189.14 | SINR=-14.79dB
INFO:checkpoint_logger:[CHECKPOINT-Main] [Epoch 10 | Task=Vehicular] mean|w|: 0.10964
INFO:checkpoint_logger:[CHECKPOINT-Main] [Epoch 10 | Task=Vehicular] mean|h|: 1.83892
INFO:checkpoint_logger:[CHECKPOINT-Main] [Epoch 10 | Task=Vehicular] loss: 230.85336, snr: 0.03189, sinr_db: -14.96
INFO:checkpoint_logger:[CHECKPOINT-Main] 🔚 End of Epoch=10 | Task=Vehicular | Loss=230.85 | SINR=-14.96dB
INFO:checkpoint_logger:[CHECKPOINT-Main] [Epoch 10 | Task=Aerial] mean|w|: 0.11034
INFO:checkpoint_logger:[CHECKPOINT-Main] [Epoch 10 | Task=Aerial] mean|h|: 1.87146
INFO:checkpoint_logger:[CHECKPOINT-Main] [Epoch 10 | Task=Aerial] loss: 214.14839, snr: 0.03218, sinr_db: -14.92
INFO:checkpoint_logger:[CHECKPOINT-Main] 🔚 End of Epoch=10 | Task=Aerial | Loss=214.15 | SINR=-14.92dB
INFO:checkpoint_logger:[CHECKPOINT-Main] 🕒 Period=noon Start
INFO:checkpoint_logger:[CHECKPOINT-Main] 👥 Users in noon: 32
INFO:checkpoint_logger:[CHECKPOINT-2] Task=Static | Raw |h| mean=0.01240 | shape=(16, 32, 64)
INFO:checkpoint_logger:[CHECKPOINT-3] Task=Static | Normalized |h| mean=0.99992
INFO:root:[Static] 📏 Normalized |h| mean: 0.99992
INFO:root:[Static] 📊 Std(|h|): 0.59378
INFO:root:[Static] 📐 Shape: (16, 32, 64)
INFO:checkpoint_logger:[CHECKPOINT-2] Task=Pedestrian | Raw |h| mean=0.88753 | shape=(16, 32, 64)
INFO:checkpoint_logger:[CHECKPOINT-3] Task=Pedestrian | Normalized |h| mean=1.00000
INFO:root:[Pedestrian] 📏 Normalized |h| mean: 1.00000
INFO:root:[Pedestrian] 📊 Std(|h|): 0.52396
INFO:root:[Pedestrian] 📐 Shape: (16, 32, 64)
INFO:checkpoint_logger:[CHECKPOINT-2] Task=Vehicular | Raw |h| mean=0.01165 | shape=(16, 32, 64)
INFO:checkpoint_logger:[CHECKPOINT-3] Task=Vehicular | Normalized |h| mean=0.99991
INFO:root:[Vehicular] 📏 Normalized |h| mean: 0.99991
INFO:root:[Vehicular] 📊 Std(|h|): 0.55443
INFO:root:[Vehicular] 📐 Shape: (16, 32, 64)
INFO:checkpoint_logger:[CHECKPOINT-2] Task=Aerial | Raw |h| mean=0.01199 | shape=(16, 32, 64)
INFO:checkpoint_logger:[CHECKPOINT-3] Task=Aerial | Normalized |h| mean=0.99992
INFO:root:[Aerial] 📏 Normalized |h| mean: 0.99992
INFO:root:[Aerial] 📊 Std(|h|): 0.53960
INFO:root:[Aerial] 📐 Shape: (16, 32, 64)
INFO:checkpoint_logger:[CHECKPOINT-Main] ✅ Channel generation done for all tasks in noon
INFO:checkpoint_logger:[CHECKPOINT-Main] 🔁 Epoch=1 start for noon
INFO:checkpoint_logger:[CHECKPOINT-Main] [Epoch 1 | Task=Static] mean|w|: 0.11053
INFO:checkpoint_logger:[CHECKPOINT-Main] [Epoch 1 | Task=Static] mean|h|: 1.68395
INFO:checkpoint_logger:[CHECKPOINT-Main] [Epoch 1 | Task=Static] loss: 96.00906, snr: 0.03302, sinr_db: -14.81
INFO:checkpoint_logger:[CHECKPOINT-Main] 🔚 End of Epoch=1 | Task=Static | Loss=96.01 | SINR=-14.81dB
INFO:checkpoint_logger:[CHECKPOINT-Main] [Epoch 1 | Task=Pedestrian] mean|w|: 0.11040
INFO:checkpoint_logger:[CHECKPOINT-Main] [Epoch 1 | Task=Pedestrian] mean|h|: 1.90850
INFO:checkpoint_logger:[CHECKPOINT-Main] [Epoch 1 | Task=Pedestrian] loss: 99.72522, snr: 0.03218, sinr_db: -14.92
INFO:checkpoint_logger:[CHECKPOINT-Main] 🔚 End of Epoch=1 | Task=Pedestrian | Loss=99.73 | SINR=-14.92dB
INFO:checkpoint_logger:[CHECKPOINT-Main] [Epoch 1 | Task=Vehicular] mean|w|: 0.11112
INFO:checkpoint_logger:[CHECKPOINT-Main] [Epoch 1 | Task=Vehicular] mean|h|: 1.80346
INFO:checkpoint_logger:[CHECKPOINT-Main] [Epoch 1 | Task=Vehicular] loss: 139.61951, snr: 0.03386, sinr_db: -14.70
INFO:checkpoint_logger:[CHECKPOINT-Main] 🔚 End of Epoch=1 | Task=Vehicular | Loss=139.62 | SINR=-14.70dB
INFO:checkpoint_logger:[CHECKPOINT-Main] [Epoch 1 | Task=Aerial] mean|w|: 0.11011
INFO:checkpoint_logger:[CHECKPOINT-Main] [Epoch 1 | Task=Aerial] mean|h|: 1.85307
INFO:checkpoint_logger:[CHECKPOINT-Main] [Epoch 1 | Task=Aerial] loss: 124.16363, snr: 0.03099, sinr_db: -15.09
INFO:checkpoint_logger:[CHECKPOINT-Main] 🔚 End of Epoch=1 | Task=Aerial | Loss=124.16 | SINR=-15.09dB
INFO:checkpoint_logger:[CHECKPOINT-Main] 🔁 Epoch=2 start for noon
INFO:checkpoint_logger:[CHECKPOINT-Main] [Epoch 2 | Task=Static] mean|w|: 0.11053
INFO:checkpoint_logger:[CHECKPOINT-Main] [Epoch 2 | Task=Static] mean|h|: 1.68395
INFO:checkpoint_logger:[CHECKPOINT-Main] [Epoch 2 | Task=Static] loss: 183.96532, snr: 0.03302, sinr_db: -14.81
INFO:checkpoint_logger:[CHECKPOINT-Main] 🔚 End of Epoch=2 | Task=Static | Loss=183.97 | SINR=-14.81dB
INFO:checkpoint_logger:[CHECKPOINT-Main] [Epoch 2 | Task=Pedestrian] mean|w|: 0.11040
INFO:checkpoint_logger:[CHECKPOINT-Main] [Epoch 2 | Task=Pedestrian] mean|h|: 1.90850
INFO:checkpoint_logger:[CHECKPOINT-Main] [Epoch 2 | Task=Pedestrian] loss: 187.85300, snr: 0.03218, sinr_db: -14.92
INFO:checkpoint_logger:[CHECKPOINT-Main] 🔚 End of Epoch=2 | Task=Pedestrian | Loss=187.85 | SINR=-14.92dB
INFO:checkpoint_logger:[CHECKPOINT-Main] [Epoch 2 | Task=Vehicular] mean|w|: 0.11112
INFO:checkpoint_logger:[CHECKPOINT-Main] [Epoch 2 | Task=Vehicular] mean|h|: 1.80346
INFO:checkpoint_logger:[CHECKPOINT-Main] [Epoch 2 | Task=Vehicular] loss: 225.34613, snr: 0.03386, sinr_db: -14.70
INFO:checkpoint_logger:[CHECKPOINT-Main] 🔚 End of Epoch=2 | Task=Vehicular | Loss=225.35 | SINR=-14.70dB
INFO:checkpoint_logger:[CHECKPOINT-Main] [Epoch 2 | Task=Aerial] mean|w|: 0.11011
INFO:checkpoint_logger:[CHECKPOINT-Main] [Epoch 2 | Task=Aerial] mean|h|: 1.85307
INFO:checkpoint_logger:[CHECKPOINT-Main] [Epoch 2 | Task=Aerial] loss: 213.74358, snr: 0.03099, sinr_db: -15.09
INFO:checkpoint_logger:[CHECKPOINT-Main] 🔚 End of Epoch=2 | Task=Aerial | Loss=213.74 | SINR=-15.09dB
INFO:checkpoint_logger:[CHECKPOINT-Main] 🔁 Epoch=3 start for noon
INFO:checkpoint_logger:[CHECKPOINT-Main] [Epoch 3 | Task=Static] mean|w|: 0.11053
INFO:checkpoint_logger:[CHECKPOINT-Main] [Epoch 3 | Task=Static] mean|h|: 1.68395
INFO:checkpoint_logger:[CHECKPOINT-Main] [Epoch 3 | Task=Static] loss: 184.92464, snr: 0.03302, sinr_db: -14.81
INFO:checkpoint_logger:[CHECKPOINT-Main] 🔚 End of Epoch=3 | Task=Static | Loss=184.92 | SINR=-14.81dB
INFO:checkpoint_logger:[CHECKPOINT-Main] [Epoch 3 | Task=Pedestrian] mean|w|: 0.11040
INFO:checkpoint_logger:[CHECKPOINT-Main] [Epoch 3 | Task=Pedestrian] mean|h|: 1.90850
INFO:checkpoint_logger:[CHECKPOINT-Main] [Epoch 3 | Task=Pedestrian] loss: 189.72018, snr: 0.03218, sinr_db: -14.92
INFO:checkpoint_logger:[CHECKPOINT-Main] 🔚 End of Epoch=3 | Task=Pedestrian | Loss=189.72 | SINR=-14.92dB
INFO:checkpoint_logger:[CHECKPOINT-Main] [Epoch 3 | Task=Vehicular] mean|w|: 0.11112
INFO:checkpoint_logger:[CHECKPOINT-Main] [Epoch 3 | Task=Vehicular] mean|h|: 1.80346
INFO:checkpoint_logger:[CHECKPOINT-Main] [Epoch 3 | Task=Vehicular] loss: 229.14258, snr: 0.03386, sinr_db: -14.70
INFO:checkpoint_logger:[CHECKPOINT-Main] 🔚 End of Epoch=3 | Task=Vehicular | Loss=229.14 | SINR=-14.70dB
INFO:checkpoint_logger:[CHECKPOINT-Main] [Epoch 3 | Task=Aerial] mean|w|: 0.11011
INFO:checkpoint_logger:[CHECKPOINT-Main] [Epoch 3 | Task=Aerial] mean|h|: 1.85307
INFO:checkpoint_logger:[CHECKPOINT-Main] [Epoch 3 | Task=Aerial] loss: 215.13303, snr: 0.03099, sinr_db: -15.09
INFO:checkpoint_logger:[CHECKPOINT-Main] 🔚 End of Epoch=3 | Task=Aerial | Loss=215.13 | SINR=-15.09dB
INFO:checkpoint_logger:[CHECKPOINT-Main] 🔁 Epoch=4 start for noon
INFO:checkpoint_logger:[CHECKPOINT-Main] [Epoch 4 | Task=Static] mean|w|: 0.11053
INFO:checkpoint_logger:[CHECKPOINT-Main] [Epoch 4 | Task=Static] mean|h|: 1.68395
INFO:checkpoint_logger:[CHECKPOINT-Main] [Epoch 4 | Task=Static] loss: 184.85065, snr: 0.03302, sinr_db: -14.81
INFO:checkpoint_logger:[CHECKPOINT-Main] 🔚 End of Epoch=4 | Task=Static | Loss=184.85 | SINR=-14.81dB
INFO:checkpoint_logger:[CHECKPOINT-Main] [Epoch 4 | Task=Pedestrian] mean|w|: 0.11040
INFO:checkpoint_logger:[CHECKPOINT-Main] [Epoch 4 | Task=Pedestrian] mean|h|: 1.90850
INFO:checkpoint_logger:[CHECKPOINT-Main] [Epoch 4 | Task=Pedestrian] loss: 189.60732, snr: 0.03218, sinr_db: -14.92
INFO:checkpoint_logger:[CHECKPOINT-Main] 🔚 End of Epoch=4 | Task=Pedestrian | Loss=189.61 | SINR=-14.92dB
INFO:checkpoint_logger:[CHECKPOINT-Main] [Epoch 4 | Task=Vehicular] mean|w|: 0.11112
INFO:checkpoint_logger:[CHECKPOINT-Main] [Epoch 4 | Task=Vehicular] mean|h|: 1.80346
INFO:checkpoint_logger:[CHECKPOINT-Main] [Epoch 4 | Task=Vehicular] loss: 229.11859, snr: 0.03386, sinr_db: -14.70
INFO:checkpoint_logger:[CHECKPOINT-Main] 🔚 End of Epoch=4 | Task=Vehicular | Loss=229.12 | SINR=-14.70dB
INFO:checkpoint_logger:[CHECKPOINT-Main] [Epoch 4 | Task=Aerial] mean|w|: 0.11011
INFO:checkpoint_logger:[CHECKPOINT-Main] [Epoch 4 | Task=Aerial] mean|h|: 1.85307
INFO:checkpoint_logger:[CHECKPOINT-Main] [Epoch 4 | Task=Aerial] loss: 213.34488, snr: 0.03099, sinr_db: -15.09
INFO:checkpoint_logger:[CHECKPOINT-Main] 🔚 End of Epoch=4 | Task=Aerial | Loss=213.34 | SINR=-15.09dB
INFO:checkpoint_logger:[CHECKPOINT-Main] 🔁 Epoch=5 start for noon
INFO:checkpoint_logger:[CHECKPOINT-Main] [Epoch 5 | Task=Static] mean|w|: 0.11053
INFO:checkpoint_logger:[CHECKPOINT-Main] [Epoch 5 | Task=Static] mean|h|: 1.68395
INFO:checkpoint_logger:[CHECKPOINT-Main] [Epoch 5 | Task=Static] loss: 185.65787, snr: 0.03302, sinr_db: -14.81
INFO:checkpoint_logger:[CHECKPOINT-Main] 🔚 End of Epoch=5 | Task=Static | Loss=185.66 | SINR=-14.81dB
INFO:checkpoint_logger:[CHECKPOINT-Main] [Epoch 5 | Task=Pedestrian] mean|w|: 0.11040
INFO:checkpoint_logger:[CHECKPOINT-Main] [Epoch 5 | Task=Pedestrian] mean|h|: 1.90850
INFO:checkpoint_logger:[CHECKPOINT-Main] [Epoch 5 | Task=Pedestrian] loss: 190.00418, snr: 0.03218, sinr_db: -14.92
INFO:checkpoint_logger:[CHECKPOINT-Main] 🔚 End of Epoch=5 | Task=Pedestrian | Loss=190.00 | SINR=-14.92dB
INFO:checkpoint_logger:[CHECKPOINT-Main] [Epoch 5 | Task=Vehicular] mean|w|: 0.11112
INFO:checkpoint_logger:[CHECKPOINT-Main] [Epoch 5 | Task=Vehicular] mean|h|: 1.80346
INFO:checkpoint_logger:[CHECKPOINT-Main] [Epoch 5 | Task=Vehicular] loss: 230.08002, snr: 0.03386, sinr_db: -14.70
INFO:checkpoint_logger:[CHECKPOINT-Main] 🔚 End of Epoch=5 | Task=Vehicular | Loss=230.08 | SINR=-14.70dB
INFO:checkpoint_logger:[CHECKPOINT-Main] [Epoch 5 | Task=Aerial] mean|w|: 0.11011
INFO:checkpoint_logger:[CHECKPOINT-Main] [Epoch 5 | Task=Aerial] mean|h|: 1.85307
INFO:checkpoint_logger:[CHECKPOINT-Main] [Epoch 5 | Task=Aerial] loss: 213.70523, snr: 0.03099, sinr_db: -15.09
INFO:checkpoint_logger:[CHECKPOINT-Main] 🔚 End of Epoch=5 | Task=Aerial | Loss=213.71 | SINR=-15.09dB
INFO:checkpoint_logger:[CHECKPOINT-Main] 🔁 Epoch=6 start for noon
INFO:checkpoint_logger:[CHECKPOINT-Main] [Epoch 6 | Task=Static] mean|w|: 0.11053
INFO:checkpoint_logger:[CHECKPOINT-Main] [Epoch 6 | Task=Static] mean|h|: 1.68395
INFO:checkpoint_logger:[CHECKPOINT-Main] [Epoch 6 | Task=Static] loss: 185.62778, snr: 0.03302, sinr_db: -14.81
INFO:checkpoint_logger:[CHECKPOINT-Main] 🔚 End of Epoch=6 | Task=Static | Loss=185.63 | SINR=-14.81dB
INFO:checkpoint_logger:[CHECKPOINT-Main] [Epoch 6 | Task=Pedestrian] mean|w|: 0.11040
INFO:checkpoint_logger:[CHECKPOINT-Main] [Epoch 6 | Task=Pedestrian] mean|h|: 1.90850
INFO:checkpoint_logger:[CHECKPOINT-Main] [Epoch 6 | Task=Pedestrian] loss: 189.42398, snr: 0.03218, sinr_db: -14.92
INFO:checkpoint_logger:[CHECKPOINT-Main] 🔚 End of Epoch=6 | Task=Pedestrian | Loss=189.42 | SINR=-14.92dB
INFO:checkpoint_logger:[CHECKPOINT-Main] [Epoch 6 | Task=Vehicular] mean|w|: 0.11112
INFO:checkpoint_logger:[CHECKPOINT-Main] [Epoch 6 | Task=Vehicular] mean|h|: 1.80346
INFO:checkpoint_logger:[CHECKPOINT-Main] [Epoch 6 | Task=Vehicular] loss: 229.83289, snr: 0.03386, sinr_db: -14.70
INFO:checkpoint_logger:[CHECKPOINT-Main] 🔚 End of Epoch=6 | Task=Vehicular | Loss=229.83 | SINR=-14.70dB
INFO:checkpoint_logger:[CHECKPOINT-Main] [Epoch 6 | Task=Aerial] mean|w|: 0.11011
INFO:checkpoint_logger:[CHECKPOINT-Main] [Epoch 6 | Task=Aerial] mean|h|: 1.85307
INFO:checkpoint_logger:[CHECKPOINT-Main] [Epoch 6 | Task=Aerial] loss: 214.73705, snr: 0.03099, sinr_db: -15.09
INFO:checkpoint_logger:[CHECKPOINT-Main] 🔚 End of Epoch=6 | Task=Aerial | Loss=214.74 | SINR=-15.09dB
INFO:checkpoint_logger:[CHECKPOINT-Main] 🔁 Epoch=7 start for noon
INFO:checkpoint_logger:[CHECKPOINT-Main] [Epoch 7 | Task=Static] mean|w|: 0.11053
INFO:checkpoint_logger:[CHECKPOINT-Main] [Epoch 7 | Task=Static] mean|h|: 1.68395
INFO:checkpoint_logger:[CHECKPOINT-Main] [Epoch 7 | Task=Static] loss: 186.30141, snr: 0.03302, sinr_db: -14.81
INFO:checkpoint_logger:[CHECKPOINT-Main] 🔚 End of Epoch=7 | Task=Static | Loss=186.30 | SINR=-14.81dB
INFO:checkpoint_logger:[CHECKPOINT-Main] [Epoch 7 | Task=Pedestrian] mean|w|: 0.11040
INFO:checkpoint_logger:[CHECKPOINT-Main] [Epoch 7 | Task=Pedestrian] mean|h|: 1.90850
INFO:checkpoint_logger:[CHECKPOINT-Main] [Epoch 7 | Task=Pedestrian] loss: 190.55807, snr: 0.03218, sinr_db: -14.92
INFO:checkpoint_logger:[CHECKPOINT-Main] 🔚 End of Epoch=7 | Task=Pedestrian | Loss=190.56 | SINR=-14.92dB
INFO:checkpoint_logger:[CHECKPOINT-Main] [Epoch 7 | Task=Vehicular] mean|w|: 0.11112
INFO:checkpoint_logger:[CHECKPOINT-Main] [Epoch 7 | Task=Vehicular] mean|h|: 1.80346
INFO:checkpoint_logger:[CHECKPOINT-Main] [Epoch 7 | Task=Vehicular] loss: 229.59557, snr: 0.03386, sinr_db: -14.70
INFO:checkpoint_logger:[CHECKPOINT-Main] 🔚 End of Epoch=7 | Task=Vehicular | Loss=229.60 | SINR=-14.70dB
INFO:checkpoint_logger:[CHECKPOINT-Main] [Epoch 7 | Task=Aerial] mean|w|: 0.11011
INFO:checkpoint_logger:[CHECKPOINT-Main] [Epoch 7 | Task=Aerial] mean|h|: 1.85307
INFO:checkpoint_logger:[CHECKPOINT-Main] [Epoch 7 | Task=Aerial] loss: 213.86230, snr: 0.03099, sinr_db: -15.09
INFO:checkpoint_logger:[CHECKPOINT-Main] 🔚 End of Epoch=7 | Task=Aerial | Loss=213.86 | SINR=-15.09dB
INFO:checkpoint_logger:[CHECKPOINT-Main] 🔁 Epoch=8 start for noon
INFO:checkpoint_logger:[CHECKPOINT-Main] [Epoch 8 | Task=Static] mean|w|: 0.11053
INFO:checkpoint_logger:[CHECKPOINT-Main] [Epoch 8 | Task=Static] mean|h|: 1.68395
INFO:checkpoint_logger:[CHECKPOINT-Main] [Epoch 8 | Task=Static] loss: 185.70514, snr: 0.03302, sinr_db: -14.81
INFO:checkpoint_logger:[CHECKPOINT-Main] 🔚 End of Epoch=8 | Task=Static | Loss=185.71 | SINR=-14.81dB
INFO:checkpoint_logger:[CHECKPOINT-Main] [Epoch 8 | Task=Pedestrian] mean|w|: 0.11040
INFO:checkpoint_logger:[CHECKPOINT-Main] [Epoch 8 | Task=Pedestrian] mean|h|: 1.90850
INFO:checkpoint_logger:[CHECKPOINT-Main] [Epoch 8 | Task=Pedestrian] loss: 189.45880, snr: 0.03218, sinr_db: -14.92
INFO:checkpoint_logger:[CHECKPOINT-Main] 🔚 End of Epoch=8 | Task=Pedestrian | Loss=189.46 | SINR=-14.92dB
INFO:checkpoint_logger:[CHECKPOINT-Main] [Epoch 8 | Task=Vehicular] mean|w|: 0.11112
INFO:checkpoint_logger:[CHECKPOINT-Main] [Epoch 8 | Task=Vehicular] mean|h|: 1.80346
INFO:checkpoint_logger:[CHECKPOINT-Main] [Epoch 8 | Task=Vehicular] loss: 229.60007, snr: 0.03386, sinr_db: -14.70
INFO:checkpoint_logger:[CHECKPOINT-Main] 🔚 End of Epoch=8 | Task=Vehicular | Loss=229.60 | SINR=-14.70dB
INFO:checkpoint_logger:[CHECKPOINT-Main] [Epoch 8 | Task=Aerial] mean|w|: 0.11011
INFO:checkpoint_logger:[CHECKPOINT-Main] [Epoch 8 | Task=Aerial] mean|h|: 1.85307
INFO:checkpoint_logger:[CHECKPOINT-Main] [Epoch 8 | Task=Aerial] loss: 213.89139, snr: 0.03099, sinr_db: -15.09
INFO:checkpoint_logger:[CHECKPOINT-Main] 🔚 End of Epoch=8 | Task=Aerial | Loss=213.89 | SINR=-15.09dB
INFO:checkpoint_logger:[CHECKPOINT-Main] 🔁 Epoch=9 start for noon
INFO:checkpoint_logger:[CHECKPOINT-Main] [Epoch 9 | Task=Static] mean|w|: 0.11053
INFO:checkpoint_logger:[CHECKPOINT-Main] [Epoch 9 | Task=Static] mean|h|: 1.68395
INFO:checkpoint_logger:[CHECKPOINT-Main] [Epoch 9 | Task=Static] loss: 186.08217, snr: 0.03302, sinr_db: -14.81
INFO:checkpoint_logger:[CHECKPOINT-Main] 🔚 End of Epoch=9 | Task=Static | Loss=186.08 | SINR=-14.81dB
INFO:checkpoint_logger:[CHECKPOINT-Main] [Epoch 9 | Task=Pedestrian] mean|w|: 0.11040
INFO:checkpoint_logger:[CHECKPOINT-Main] [Epoch 9 | Task=Pedestrian] mean|h|: 1.90850
INFO:checkpoint_logger:[CHECKPOINT-Main] [Epoch 9 | Task=Pedestrian] loss: 189.51718, snr: 0.03218, sinr_db: -14.92
INFO:checkpoint_logger:[CHECKPOINT-Main] 🔚 End of Epoch=9 | Task=Pedestrian | Loss=189.52 | SINR=-14.92dB
INFO:checkpoint_logger:[CHECKPOINT-Main] [Epoch 9 | Task=Vehicular] mean|w|: 0.11112
INFO:checkpoint_logger:[CHECKPOINT-Main] [Epoch 9 | Task=Vehicular] mean|h|: 1.80346
INFO:checkpoint_logger:[CHECKPOINT-Main] [Epoch 9 | Task=Vehicular] loss: 229.09554, snr: 0.03386, sinr_db: -14.70
INFO:checkpoint_logger:[CHECKPOINT-Main] 🔚 End of Epoch=9 | Task=Vehicular | Loss=229.10 | SINR=-14.70dB
INFO:checkpoint_logger:[CHECKPOINT-Main] [Epoch 9 | Task=Aerial] mean|w|: 0.11011
INFO:checkpoint_logger:[CHECKPOINT-Main] [Epoch 9 | Task=Aerial] mean|h|: 1.85307
INFO:checkpoint_logger:[CHECKPOINT-Main] [Epoch 9 | Task=Aerial] loss: 213.76740, snr: 0.03099, sinr_db: -15.09
INFO:checkpoint_logger:[CHECKPOINT-Main] 🔚 End of Epoch=9 | Task=Aerial | Loss=213.77 | SINR=-15.09dB
INFO:checkpoint_logger:[CHECKPOINT-Main] 🔁 Epoch=10 start for noon
INFO:checkpoint_logger:[CHECKPOINT-Main] [Epoch 10 | Task=Static] mean|w|: 0.11053
INFO:checkpoint_logger:[CHECKPOINT-Main] [Epoch 10 | Task=Static] mean|h|: 1.68395
INFO:checkpoint_logger:[CHECKPOINT-Main] [Epoch 10 | Task=Static] loss: 185.55164, snr: 0.03302, sinr_db: -14.81
INFO:checkpoint_logger:[CHECKPOINT-Main] 🔚 End of Epoch=10 | Task=Static | Loss=185.55 | SINR=-14.81dB
INFO:checkpoint_logger:[CHECKPOINT-Main] [Epoch 10 | Task=Pedestrian] mean|w|: 0.11040
INFO:checkpoint_logger:[CHECKPOINT-Main] [Epoch 10 | Task=Pedestrian] mean|h|: 1.90850
INFO:checkpoint_logger:[CHECKPOINT-Main] [Epoch 10 | Task=Pedestrian] loss: 189.07190, snr: 0.03218, sinr_db: -14.92
INFO:checkpoint_logger:[CHECKPOINT-Main] 🔚 End of Epoch=10 | Task=Pedestrian | Loss=189.07 | SINR=-14.92dB
INFO:checkpoint_logger:[CHECKPOINT-Main] [Epoch 10 | Task=Vehicular] mean|w|: 0.11112
INFO:checkpoint_logger:[CHECKPOINT-Main] [Epoch 10 | Task=Vehicular] mean|h|: 1.80346
INFO:checkpoint_logger:[CHECKPOINT-Main] [Epoch 10 | Task=Vehicular] loss: 229.62811, snr: 0.03386, sinr_db: -14.70
INFO:checkpoint_logger:[CHECKPOINT-Main] 🔚 End of Epoch=10 | Task=Vehicular | Loss=229.63 | SINR=-14.70dB
INFO:checkpoint_logger:[CHECKPOINT-Main] [Epoch 10 | Task=Aerial] mean|w|: 0.11011
INFO:checkpoint_logger:[CHECKPOINT-Main] [Epoch 10 | Task=Aerial] mean|h|: 1.85307
INFO:checkpoint_logger:[CHECKPOINT-Main] [Epoch 10 | Task=Aerial] loss: 213.91548, snr: 0.03099, sinr_db: -15.09
INFO:checkpoint_logger:[CHECKPOINT-Main] 🔚 End of Epoch=10 | Task=Aerial | Loss=213.92 | SINR=-15.09dB
INFO:checkpoint_logger:[CHECKPOINT-Main] 🕒 Period=evening Start
INFO:checkpoint_logger:[CHECKPOINT-Main] 👥 Users in evening: 32
INFO:checkpoint_logger:[CHECKPOINT-2] Task=Static | Raw |h| mean=0.01234 | shape=(16, 32, 64)
INFO:checkpoint_logger:[CHECKPOINT-3] Task=Static | Normalized |h| mean=0.99992
INFO:root:[Static] 📏 Normalized |h| mean: 0.99992
INFO:root:[Static] 📊 Std(|h|): 0.59873
INFO:root:[Static] 📐 Shape: (16, 32, 64)
INFO:checkpoint_logger:[CHECKPOINT-2] Task=Pedestrian | Raw |h| mean=0.88952 | shape=(16, 32, 64)
INFO:checkpoint_logger:[CHECKPOINT-3] Task=Pedestrian | Normalized |h| mean=1.00000
INFO:root:[Pedestrian] 📏 Normalized |h| mean: 1.00000
INFO:root:[Pedestrian] 📊 Std(|h|): 0.52684
INFO:root:[Pedestrian] 📐 Shape: (16, 32, 64)
INFO:checkpoint_logger:[CHECKPOINT-2] Task=Vehicular | Raw |h| mean=0.01132 | shape=(16, 32, 64)
INFO:checkpoint_logger:[CHECKPOINT-3] Task=Vehicular | Normalized |h| mean=0.99991
INFO:root:[Vehicular] 📏 Normalized |h| mean: 0.99991
INFO:root:[Vehicular] 📊 Std(|h|): 0.54463
INFO:root:[Vehicular] 📐 Shape: (16, 32, 64)
INFO:checkpoint_logger:[CHECKPOINT-2] Task=Aerial | Raw |h| mean=0.01214 | shape=(16, 32, 64)
INFO:checkpoint_logger:[CHECKPOINT-3] Task=Aerial | Normalized |h| mean=0.99992
INFO:root:[Aerial] 📏 Normalized |h| mean: 0.99992
INFO:root:[Aerial] 📊 Std(|h|): 0.55512
INFO:root:[Aerial] 📐 Shape: (16, 32, 64)
INFO:checkpoint_logger:[CHECKPOINT-Main] ✅ Channel generation done for all tasks in evening
INFO:checkpoint_logger:[CHECKPOINT-Main] 🔁 Epoch=1 start for evening
INFO:checkpoint_logger:[CHECKPOINT-Main] [Epoch 1 | Task=Static] mean|w|: 0.11076
INFO:checkpoint_logger:[CHECKPOINT-Main] [Epoch 1 | Task=Static] mean|h|: 1.67007
INFO:checkpoint_logger:[CHECKPOINT-Main] [Epoch 1 | Task=Static] loss: 96.20097, snr: 0.03328, sinr_db: -14.78
INFO:checkpoint_logger:[CHECKPOINT-Main] 🔚 End of Epoch=1 | Task=Static | Loss=96.20 | SINR=-14.78dB
INFO:checkpoint_logger:[CHECKPOINT-Main] [Epoch 1 | Task=Pedestrian] mean|w|: 0.11075
INFO:checkpoint_logger:[CHECKPOINT-Main] [Epoch 1 | Task=Pedestrian] mean|h|: 1.89808
INFO:checkpoint_logger:[CHECKPOINT-Main] [Epoch 1 | Task=Pedestrian] loss: 99.20667, snr: 0.03133, sinr_db: -15.04
INFO:checkpoint_logger:[CHECKPOINT-Main] 🔚 End of Epoch=1 | Task=Pedestrian | Loss=99.21 | SINR=-15.04dB
INFO:checkpoint_logger:[CHECKPOINT-Main] [Epoch 1 | Task=Vehicular] mean|w|: 0.11032
INFO:checkpoint_logger:[CHECKPOINT-Main] [Epoch 1 | Task=Vehicular] mean|h|: 1.83594
INFO:checkpoint_logger:[CHECKPOINT-Main] [Epoch 1 | Task=Vehicular] loss: 140.45741, snr: 0.03241, sinr_db: -14.89
INFO:checkpoint_logger:[CHECKPOINT-Main] 🔚 End of Epoch=1 | Task=Vehicular | Loss=140.46 | SINR=-14.89dB
INFO:checkpoint_logger:[CHECKPOINT-Main] [Epoch 1 | Task=Aerial] mean|w|: 0.11068
INFO:checkpoint_logger:[CHECKPOINT-Main] [Epoch 1 | Task=Aerial] mean|h|: 1.80128
INFO:checkpoint_logger:[CHECKPOINT-Main] [Epoch 1 | Task=Aerial] loss: 123.83784, snr: 0.03191, sinr_db: -14.96
INFO:checkpoint_logger:[CHECKPOINT-Main] 🔚 End of Epoch=1 | Task=Aerial | Loss=123.84 | SINR=-14.96dB
INFO:checkpoint_logger:[CHECKPOINT-Main] 🔁 Epoch=2 start for evening
INFO:checkpoint_logger:[CHECKPOINT-Main] [Epoch 2 | Task=Static] mean|w|: 0.11076
INFO:checkpoint_logger:[CHECKPOINT-Main] [Epoch 2 | Task=Static] mean|h|: 1.67007
INFO:checkpoint_logger:[CHECKPOINT-Main] [Epoch 2 | Task=Static] loss: 183.51489, snr: 0.03328, sinr_db: -14.78
INFO:checkpoint_logger:[CHECKPOINT-Main] 🔚 End of Epoch=2 | Task=Static | Loss=183.51 | SINR=-14.78dB
INFO:checkpoint_logger:[CHECKPOINT-Main] [Epoch 2 | Task=Pedestrian] mean|w|: 0.11075
INFO:checkpoint_logger:[CHECKPOINT-Main] [Epoch 2 | Task=Pedestrian] mean|h|: 1.89808
INFO:checkpoint_logger:[CHECKPOINT-Main] [Epoch 2 | Task=Pedestrian] loss: 185.84961, snr: 0.03133, sinr_db: -15.04
INFO:checkpoint_logger:[CHECKPOINT-Main] 🔚 End of Epoch=2 | Task=Pedestrian | Loss=185.85 | SINR=-15.04dB
INFO:checkpoint_logger:[CHECKPOINT-Main] [Epoch 2 | Task=Vehicular] mean|w|: 0.11032
INFO:checkpoint_logger:[CHECKPOINT-Main] [Epoch 2 | Task=Vehicular] mean|h|: 1.83594
INFO:checkpoint_logger:[CHECKPOINT-Main] [Epoch 2 | Task=Vehicular] loss: 228.81116, snr: 0.03241, sinr_db: -14.89
INFO:checkpoint_logger:[CHECKPOINT-Main] 🔚 End of Epoch=2 | Task=Vehicular | Loss=228.81 | SINR=-14.89dB
INFO:checkpoint_logger:[CHECKPOINT-Main] [Epoch 2 | Task=Aerial] mean|w|: 0.11068
INFO:checkpoint_logger:[CHECKPOINT-Main] [Epoch 2 | Task=Aerial] mean|h|: 1.80128
INFO:checkpoint_logger:[CHECKPOINT-Main] [Epoch 2 | Task=Aerial] loss: 212.47073, snr: 0.03191, sinr_db: -14.96
INFO:checkpoint_logger:[CHECKPOINT-Main] 🔚 End of Epoch=2 | Task=Aerial | Loss=212.47 | SINR=-14.96dB
INFO:checkpoint_logger:[CHECKPOINT-Main] 🔁 Epoch=3 start for evening
INFO:checkpoint_logger:[CHECKPOINT-Main] [Epoch 3 | Task=Static] mean|w|: 0.11076
INFO:checkpoint_logger:[CHECKPOINT-Main] [Epoch 3 | Task=Static] mean|h|: 1.67007
INFO:checkpoint_logger:[CHECKPOINT-Main] [Epoch 3 | Task=Static] loss: 186.56609, snr: 0.03328, sinr_db: -14.78
INFO:checkpoint_logger:[CHECKPOINT-Main] 🔚 End of Epoch=3 | Task=Static | Loss=186.57 | SINR=-14.78dB
INFO:checkpoint_logger:[CHECKPOINT-Main] [Epoch 3 | Task=Pedestrian] mean|w|: 0.11075
INFO:checkpoint_logger:[CHECKPOINT-Main] [Epoch 3 | Task=Pedestrian] mean|h|: 1.89808
INFO:checkpoint_logger:[CHECKPOINT-Main] [Epoch 3 | Task=Pedestrian] loss: 188.57152, snr: 0.03133, sinr_db: -15.04
INFO:checkpoint_logger:[CHECKPOINT-Main] 🔚 End of Epoch=3 | Task=Pedestrian | Loss=188.57 | SINR=-15.04dB
INFO:checkpoint_logger:[CHECKPOINT-Main] [Epoch 3 | Task=Vehicular] mean|w|: 0.11032
INFO:checkpoint_logger:[CHECKPOINT-Main] [Epoch 3 | Task=Vehicular] mean|h|: 1.83594
INFO:checkpoint_logger:[CHECKPOINT-Main] [Epoch 3 | Task=Vehicular] loss: 230.19263, snr: 0.03241, sinr_db: -14.89
INFO:checkpoint_logger:[CHECKPOINT-Main] 🔚 End of Epoch=3 | Task=Vehicular | Loss=230.19 | SINR=-14.89dB
INFO:checkpoint_logger:[CHECKPOINT-Main] [Epoch 3 | Task=Aerial] mean|w|: 0.11068
INFO:checkpoint_logger:[CHECKPOINT-Main] [Epoch 3 | Task=Aerial] mean|h|: 1.80128
INFO:checkpoint_logger:[CHECKPOINT-Main] [Epoch 3 | Task=Aerial] loss: 212.94659, snr: 0.03191, sinr_db: -14.96
INFO:checkpoint_logger:[CHECKPOINT-Main] 🔚 End of Epoch=3 | Task=Aerial | Loss=212.95 | SINR=-14.96dB
INFO:checkpoint_logger:[CHECKPOINT-Main] 🔁 Epoch=4 start for evening
INFO:checkpoint_logger:[CHECKPOINT-Main] [Epoch 4 | Task=Static] mean|w|: 0.11076
INFO:checkpoint_logger:[CHECKPOINT-Main] [Epoch 4 | Task=Static] mean|h|: 1.67007
INFO:checkpoint_logger:[CHECKPOINT-Main] [Epoch 4 | Task=Static] loss: 186.64044, snr: 0.03328, sinr_db: -14.78
INFO:checkpoint_logger:[CHECKPOINT-Main] 🔚 End of Epoch=4 | Task=Static | Loss=186.64 | SINR=-14.78dB
INFO:checkpoint_logger:[CHECKPOINT-Main] [Epoch 4 | Task=Pedestrian] mean|w|: 0.11075
INFO:checkpoint_logger:[CHECKPOINT-Main] [Epoch 4 | Task=Pedestrian] mean|h|: 1.89808
INFO:checkpoint_logger:[CHECKPOINT-Main] [Epoch 4 | Task=Pedestrian] loss: 188.83450, snr: 0.03133, sinr_db: -15.04
INFO:checkpoint_logger:[CHECKPOINT-Main] 🔚 End of Epoch=4 | Task=Pedestrian | Loss=188.83 | SINR=-15.04dB
INFO:checkpoint_logger:[CHECKPOINT-Main] [Epoch 4 | Task=Vehicular] mean|w|: 0.11032
INFO:checkpoint_logger:[CHECKPOINT-Main] [Epoch 4 | Task=Vehicular] mean|h|: 1.83594
INFO:checkpoint_logger:[CHECKPOINT-Main] [Epoch 4 | Task=Vehicular] loss: 229.79828, snr: 0.03241, sinr_db: -14.89
INFO:checkpoint_logger:[CHECKPOINT-Main] 🔚 End of Epoch=4 | Task=Vehicular | Loss=229.80 | SINR=-14.89dB
INFO:checkpoint_logger:[CHECKPOINT-Main] [Epoch 4 | Task=Aerial] mean|w|: 0.11068
INFO:checkpoint_logger:[CHECKPOINT-Main] [Epoch 4 | Task=Aerial] mean|h|: 1.80128
INFO:checkpoint_logger:[CHECKPOINT-Main] [Epoch 4 | Task=Aerial] loss: 213.51202, snr: 0.03191, sinr_db: -14.96
INFO:checkpoint_logger:[CHECKPOINT-Main] 🔚 End of Epoch=4 | Task=Aerial | Loss=213.51 | SINR=-14.96dB
INFO:checkpoint_logger:[CHECKPOINT-Main] 🔁 Epoch=5 start for evening
INFO:checkpoint_logger:[CHECKPOINT-Main] [Epoch 5 | Task=Static] mean|w|: 0.11076
INFO:checkpoint_logger:[CHECKPOINT-Main] [Epoch 5 | Task=Static] mean|h|: 1.67007
INFO:checkpoint_logger:[CHECKPOINT-Main] [Epoch 5 | Task=Static] loss: 186.37685, snr: 0.03328, sinr_db: -14.78
INFO:checkpoint_logger:[CHECKPOINT-Main] 🔚 End of Epoch=5 | Task=Static | Loss=186.38 | SINR=-14.78dB
INFO:checkpoint_logger:[CHECKPOINT-Main] [Epoch 5 | Task=Pedestrian] mean|w|: 0.11075
INFO:checkpoint_logger:[CHECKPOINT-Main] [Epoch 5 | Task=Pedestrian] mean|h|: 1.89808
INFO:checkpoint_logger:[CHECKPOINT-Main] [Epoch 5 | Task=Pedestrian] loss: 188.79025, snr: 0.03133, sinr_db: -15.04
INFO:checkpoint_logger:[CHECKPOINT-Main] 🔚 End of Epoch=5 | Task=Pedestrian | Loss=188.79 | SINR=-15.04dB
INFO:checkpoint_logger:[CHECKPOINT-Main] [Epoch 5 | Task=Vehicular] mean|w|: 0.11032
INFO:checkpoint_logger:[CHECKPOINT-Main] [Epoch 5 | Task=Vehicular] mean|h|: 1.83594
INFO:checkpoint_logger:[CHECKPOINT-Main] [Epoch 5 | Task=Vehicular] loss: 229.95546, snr: 0.03241, sinr_db: -14.89
INFO:checkpoint_logger:[CHECKPOINT-Main] 🔚 End of Epoch=5 | Task=Vehicular | Loss=229.96 | SINR=-14.89dB
INFO:checkpoint_logger:[CHECKPOINT-Main] [Epoch 5 | Task=Aerial] mean|w|: 0.11068
INFO:checkpoint_logger:[CHECKPOINT-Main] [Epoch 5 | Task=Aerial] mean|h|: 1.80128
INFO:checkpoint_logger:[CHECKPOINT-Main] [Epoch 5 | Task=Aerial] loss: 213.62874, snr: 0.03191, sinr_db: -14.96
INFO:checkpoint_logger:[CHECKPOINT-Main] 🔚 End of Epoch=5 | Task=Aerial | Loss=213.63 | SINR=-14.96dB
INFO:checkpoint_logger:[CHECKPOINT-Main] 🔁 Epoch=6 start for evening
INFO:checkpoint_logger:[CHECKPOINT-Main] [Epoch 6 | Task=Static] mean|w|: 0.11076
INFO:checkpoint_logger:[CHECKPOINT-Main] [Epoch 6 | Task=Static] mean|h|: 1.67007
INFO:checkpoint_logger:[CHECKPOINT-Main] [Epoch 6 | Task=Static] loss: 186.02316, snr: 0.03328, sinr_db: -14.78
INFO:checkpoint_logger:[CHECKPOINT-Main] 🔚 End of Epoch=6 | Task=Static | Loss=186.02 | SINR=-14.78dB
INFO:checkpoint_logger:[CHECKPOINT-Main] [Epoch 6 | Task=Pedestrian] mean|w|: 0.11075
INFO:checkpoint_logger:[CHECKPOINT-Main] [Epoch 6 | Task=Pedestrian] mean|h|: 1.89808
INFO:checkpoint_logger:[CHECKPOINT-Main] [Epoch 6 | Task=Pedestrian] loss: 189.17714, snr: 0.03133, sinr_db: -15.04
INFO:checkpoint_logger:[CHECKPOINT-Main] 🔚 End of Epoch=6 | Task=Pedestrian | Loss=189.18 | SINR=-15.04dB
INFO:checkpoint_logger:[CHECKPOINT-Main] [Epoch 6 | Task=Vehicular] mean|w|: 0.11032
INFO:checkpoint_logger:[CHECKPOINT-Main] [Epoch 6 | Task=Vehicular] mean|h|: 1.83594
INFO:checkpoint_logger:[CHECKPOINT-Main] [Epoch 6 | Task=Vehicular] loss: 230.57645, snr: 0.03241, sinr_db: -14.89
INFO:checkpoint_logger:[CHECKPOINT-Main] 🔚 End of Epoch=6 | Task=Vehicular | Loss=230.58 | SINR=-14.89dB
INFO:checkpoint_logger:[CHECKPOINT-Main] [Epoch 6 | Task=Aerial] mean|w|: 0.11068
INFO:checkpoint_logger:[CHECKPOINT-Main] [Epoch 6 | Task=Aerial] mean|h|: 1.80128
INFO:checkpoint_logger:[CHECKPOINT-Main] [Epoch 6 | Task=Aerial] loss: 213.93997, snr: 0.03191, sinr_db: -14.96
INFO:checkpoint_logger:[CHECKPOINT-Main] 🔚 End of Epoch=6 | Task=Aerial | Loss=213.94 | SINR=-14.96dB
INFO:checkpoint_logger:[CHECKPOINT-Main] 🔁 Epoch=7 start for evening
INFO:checkpoint_logger:[CHECKPOINT-Main] [Epoch 7 | Task=Static] mean|w|: 0.11076
INFO:checkpoint_logger:[CHECKPOINT-Main] [Epoch 7 | Task=Static] mean|h|: 1.67007
INFO:checkpoint_logger:[CHECKPOINT-Main] [Epoch 7 | Task=Static] loss: 186.09686, snr: 0.03328, sinr_db: -14.78
INFO:checkpoint_logger:[CHECKPOINT-Main] 🔚 End of Epoch=7 | Task=Static | Loss=186.10 | SINR=-14.78dB
INFO:checkpoint_logger:[CHECKPOINT-Main] [Epoch 7 | Task=Pedestrian] mean|w|: 0.11075
INFO:checkpoint_logger:[CHECKPOINT-Main] [Epoch 7 | Task=Pedestrian] mean|h|: 1.89808
INFO:checkpoint_logger:[CHECKPOINT-Main] [Epoch 7 | Task=Pedestrian] loss: 189.13983, snr: 0.03133, sinr_db: -15.04
INFO:checkpoint_logger:[CHECKPOINT-Main] 🔚 End of Epoch=7 | Task=Pedestrian | Loss=189.14 | SINR=-15.04dB
INFO:checkpoint_logger:[CHECKPOINT-Main] [Epoch 7 | Task=Vehicular] mean|w|: 0.11032
INFO:checkpoint_logger:[CHECKPOINT-Main] [Epoch 7 | Task=Vehicular] mean|h|: 1.83594
INFO:checkpoint_logger:[CHECKPOINT-Main] [Epoch 7 | Task=Vehicular] loss: 230.39217, snr: 0.03241, sinr_db: -14.89
INFO:checkpoint_logger:[CHECKPOINT-Main] 🔚 End of Epoch=7 | Task=Vehicular | Loss=230.39 | SINR=-14.89dB
INFO:checkpoint_logger:[CHECKPOINT-Main] [Epoch 7 | Task=Aerial] mean|w|: 0.11068
INFO:checkpoint_logger:[CHECKPOINT-Main] [Epoch 7 | Task=Aerial] mean|h|: 1.80128
INFO:checkpoint_logger:[CHECKPOINT-Main] [Epoch 7 | Task=Aerial] loss: 214.20129, snr: 0.03191, sinr_db: -14.96
INFO:checkpoint_logger:[CHECKPOINT-Main] 🔚 End of Epoch=7 | Task=Aerial | Loss=214.20 | SINR=-14.96dB
INFO:checkpoint_logger:[CHECKPOINT-Main] 🔁 Epoch=8 start for evening
INFO:checkpoint_logger:[CHECKPOINT-Main] [Epoch 8 | Task=Static] mean|w|: 0.11076
INFO:checkpoint_logger:[CHECKPOINT-Main] [Epoch 8 | Task=Static] mean|h|: 1.67007
INFO:checkpoint_logger:[CHECKPOINT-Main] [Epoch 8 | Task=Static] loss: 186.03920, snr: 0.03328, sinr_db: -14.78
INFO:checkpoint_logger:[CHECKPOINT-Main] 🔚 End of Epoch=8 | Task=Static | Loss=186.04 | SINR=-14.78dB
INFO:checkpoint_logger:[CHECKPOINT-Main] [Epoch 8 | Task=Pedestrian] mean|w|: 0.11075
INFO:checkpoint_logger:[CHECKPOINT-Main] [Epoch 8 | Task=Pedestrian] mean|h|: 1.89808
INFO:checkpoint_logger:[CHECKPOINT-Main] [Epoch 8 | Task=Pedestrian] loss: 189.10129, snr: 0.03133, sinr_db: -15.04
INFO:checkpoint_logger:[CHECKPOINT-Main] 🔚 End of Epoch=8 | Task=Pedestrian | Loss=189.10 | SINR=-15.04dB
INFO:checkpoint_logger:[CHECKPOINT-Main] [Epoch 8 | Task=Vehicular] mean|w|: 0.11032
INFO:checkpoint_logger:[CHECKPOINT-Main] [Epoch 8 | Task=Vehicular] mean|h|: 1.83594
INFO:checkpoint_logger:[CHECKPOINT-Main] [Epoch 8 | Task=Vehicular] loss: 230.13156, snr: 0.03241, sinr_db: -14.89
INFO:checkpoint_logger:[CHECKPOINT-Main] 🔚 End of Epoch=8 | Task=Vehicular | Loss=230.13 | SINR=-14.89dB
INFO:checkpoint_logger:[CHECKPOINT-Main] [Epoch 8 | Task=Aerial] mean|w|: 0.11068
INFO:checkpoint_logger:[CHECKPOINT-Main] [Epoch 8 | Task=Aerial] mean|h|: 1.80128
INFO:checkpoint_logger:[CHECKPOINT-Main] [Epoch 8 | Task=Aerial] loss: 213.53247, snr: 0.03191, sinr_db: -14.96
INFO:checkpoint_logger:[CHECKPOINT-Main] 🔚 End of Epoch=8 | Task=Aerial | Loss=213.53 | SINR=-14.96dB
INFO:checkpoint_logger:[CHECKPOINT-Main] 🔁 Epoch=9 start for evening
INFO:checkpoint_logger:[CHECKPOINT-Main] [Epoch 9 | Task=Static] mean|w|: 0.11076
INFO:checkpoint_logger:[CHECKPOINT-Main] [Epoch 9 | Task=Static] mean|h|: 1.67007
INFO:checkpoint_logger:[CHECKPOINT-Main] [Epoch 9 | Task=Static] loss: 186.04547, snr: 0.03328, sinr_db: -14.78
INFO:checkpoint_logger:[CHECKPOINT-Main] 🔚 End of Epoch=9 | Task=Static | Loss=186.05 | SINR=-14.78dB
INFO:checkpoint_logger:[CHECKPOINT-Main] [Epoch 9 | Task=Pedestrian] mean|w|: 0.11075
INFO:checkpoint_logger:[CHECKPOINT-Main] [Epoch 9 | Task=Pedestrian] mean|h|: 1.89808
INFO:checkpoint_logger:[CHECKPOINT-Main] [Epoch 9 | Task=Pedestrian] loss: 189.12701, snr: 0.03133, sinr_db: -15.04
INFO:checkpoint_logger:[CHECKPOINT-Main] 🔚 End of Epoch=9 | Task=Pedestrian | Loss=189.13 | SINR=-15.04dB
INFO:checkpoint_logger:[CHECKPOINT-Main] [Epoch 9 | Task=Vehicular] mean|w|: 0.11032
INFO:checkpoint_logger:[CHECKPOINT-Main] [Epoch 9 | Task=Vehicular] mean|h|: 1.83594
INFO:checkpoint_logger:[CHECKPOINT-Main] [Epoch 9 | Task=Vehicular] loss: 230.17152, snr: 0.03241, sinr_db: -14.89
INFO:checkpoint_logger:[CHECKPOINT-Main] 🔚 End of Epoch=9 | Task=Vehicular | Loss=230.17 | SINR=-14.89dB
INFO:checkpoint_logger:[CHECKPOINT-Main] [Epoch 9 | Task=Aerial] mean|w|: 0.11068
INFO:checkpoint_logger:[CHECKPOINT-Main] [Epoch 9 | Task=Aerial] mean|h|: 1.80128
INFO:checkpoint_logger:[CHECKPOINT-Main] [Epoch 9 | Task=Aerial] loss: 213.80527, snr: 0.03191, sinr_db: -14.96
INFO:checkpoint_logger:[CHECKPOINT-Main] 🔚 End of Epoch=9 | Task=Aerial | Loss=213.81 | SINR=-14.96dB
INFO:checkpoint_logger:[CHECKPOINT-Main] 🔁 Epoch=10 start for evening
INFO:checkpoint_logger:[CHECKPOINT-Main] [Epoch 10 | Task=Static] mean|w|: 0.11076
INFO:checkpoint_logger:[CHECKPOINT-Main] [Epoch 10 | Task=Static] mean|h|: 1.67007
INFO:checkpoint_logger:[CHECKPOINT-Main] [Epoch 10 | Task=Static] loss: 185.87749, snr: 0.03328, sinr_db: -14.78
INFO:checkpoint_logger:[CHECKPOINT-Main] 🔚 End of Epoch=10 | Task=Static | Loss=185.88 | SINR=-14.78dB
INFO:checkpoint_logger:[CHECKPOINT-Main] [Epoch 10 | Task=Pedestrian] mean|w|: 0.11075
INFO:checkpoint_logger:[CHECKPOINT-Main] [Epoch 10 | Task=Pedestrian] mean|h|: 1.89808
INFO:checkpoint_logger:[CHECKPOINT-Main] [Epoch 10 | Task=Pedestrian] loss: 188.76425, snr: 0.03133, sinr_db: -15.04
INFO:checkpoint_logger:[CHECKPOINT-Main] 🔚 End of Epoch=10 | Task=Pedestrian | Loss=188.76 | SINR=-15.04dB
INFO:checkpoint_logger:[CHECKPOINT-Main] [Epoch 10 | Task=Vehicular] mean|w|: 0.11032
INFO:checkpoint_logger:[CHECKPOINT-Main] [Epoch 10 | Task=Vehicular] mean|h|: 1.83594
INFO:checkpoint_logger:[CHECKPOINT-Main] [Epoch 10 | Task=Vehicular] loss: 230.13394, snr: 0.03241, sinr_db: -14.89
INFO:checkpoint_logger:[CHECKPOINT-Main] 🔚 End of Epoch=10 | Task=Vehicular | Loss=230.13 | SINR=-14.89dB
INFO:checkpoint_logger:[CHECKPOINT-Main] [Epoch 10 | Task=Aerial] mean|w|: 0.11068
INFO:checkpoint_logger:[CHECKPOINT-Main] [Epoch 10 | Task=Aerial] mean|h|: 1.80128
INFO:checkpoint_logger:[CHECKPOINT-Main] [Epoch 10 | Task=Aerial] loss: 213.87642, snr: 0.03191, sinr_db: -14.96
INFO:checkpoint_logger:[CHECKPOINT-Main] 🔚 End of Epoch=10 | Task=Aerial | Loss=213.88 | SINR=-14.96dB
DEBUG:h5py._conv:Creating converter from 5 to 3
INFO:checkpoint_logger:[CHECKPOINT-Main] 💾 Weights saved to weights_seed_42.h5
INFO:checkpoint_logger:[CHECKPOINT-Main] ✅ Training completed. Proceeding to inference...
INFO:checkpoint_logger:[CHECKPOINT-2] Task=Mixed | Raw |h| mean=0.88443 | shape=(16, 32, 64)
INFO:checkpoint_logger:[CHECKPOINT-3] Task=Mixed | Normalized |h| mean=1.00000
INFO:root:[Mixed] 📏 Normalized |h| mean: 1.00000
INFO:root:[Mixed] 📊 Std(|h|): 0.52467
INFO:root:[Mixed] 📐 Shape: (16, 32, 64)
INFO:checkpoint_logger:[CHECKPOINT-1] Task=Mixed | Inference Iter=1 | Doppler=353.24 Hz | MeanSpeed=13.63 km/h
INFO:checkpoint_logger:[CHECKPOINT-2] Task=Mixed | Raw |h| mean=0.01216 | shape=(16, 32, 64)
INFO:checkpoint_logger:[CHECKPOINT-3] Task=Mixed | Normalized |h| mean=0.99992
INFO:root:[Mixed] 📏 Normalized |h| mean: 0.99992
INFO:root:[Mixed] 📊 Std(|h|): 0.54062
INFO:root:[Mixed] 📐 Shape: (16, 32, 64)
INFO:checkpoint_logger:[CHECKPOINT-1] Task=Mixed | Inference Iter=2 | Doppler=290.97 Hz | MeanSpeed=11.22 km/h
INFO:checkpoint_logger:[CHECKPOINT-2] Task=Mixed | Raw |h| mean=0.89340 | shape=(16, 32, 64)
INFO:checkpoint_logger:[CHECKPOINT-3] Task=Mixed | Normalized |h| mean=1.00000
INFO:root:[Mixed] 📏 Normalized |h| mean: 1.00000
INFO:root:[Mixed] 📊 Std(|h|): 0.51914
INFO:root:[Mixed] 📐 Shape: (16, 32, 64)
INFO:checkpoint_logger:[CHECKPOINT-1] Task=Mixed | Inference Iter=3 | Doppler=293.85 Hz | MeanSpeed=11.33 km/h
INFO:checkpoint_logger:[CHECKPOINT-2] Task=Mixed | Raw |h| mean=0.01187 | shape=(16, 32, 64)
INFO:checkpoint_logger:[CHECKPOINT-3] Task=Mixed | Normalized |h| mean=0.99992
INFO:root:[Mixed] 📏 Normalized |h| mean: 0.99992
INFO:root:[Mixed] 📊 Std(|h|): 0.61795
INFO:root:[Mixed] 📐 Shape: (16, 32, 64)
INFO:checkpoint_logger:[CHECKPOINT-1] Task=Mixed | Inference Iter=4 | Doppler=239.73 Hz | MeanSpeed=9.25 km/h
INFO:checkpoint_logger:[CHECKPOINT-2] Task=Mixed | Raw |h| mean=0.88837 | shape=(16, 32, 64)
INFO:checkpoint_logger:[CHECKPOINT-3] Task=Mixed | Normalized |h| mean=1.00000
INFO:root:[Mixed] 📏 Normalized |h| mean: 1.00000
INFO:root:[Mixed] 📊 Std(|h|): 0.52160
INFO:root:[Mixed] 📐 Shape: (16, 32, 64)
INFO:checkpoint_logger:[CHECKPOINT-1] Task=Mixed | Inference Iter=5 | Doppler=244.97 Hz | MeanSpeed=9.45 km/h
INFO:checkpoint_logger:[CHECKPOINT-2] Task=Mixed | Raw |h| mean=0.88704 | shape=(16, 32, 64)
INFO:checkpoint_logger:[CHECKPOINT-3] Task=Mixed | Normalized |h| mean=1.00000
INFO:root:[Mixed] 📏 Normalized |h| mean: 1.00000
INFO:root:[Mixed] 📊 Std(|h|): 0.52239
INFO:root:[Mixed] 📐 Shape: (16, 32, 64)
INFO:checkpoint_logger:[CHECKPOINT-1] Task=Mixed | Inference Iter=6 | Doppler=267.46 Hz | MeanSpeed=10.32 km/h
INFO:checkpoint_logger:[CHECKPOINT-2] Task=Mixed | Raw |h| mean=0.88358 | shape=(16, 32, 64)
INFO:checkpoint_logger:[CHECKPOINT-3] Task=Mixed | Normalized |h| mean=1.00000
INFO:root:[Mixed] 📏 Normalized |h| mean: 1.00000
INFO:root:[Mixed] 📊 Std(|h|): 0.52378
INFO:root:[Mixed] 📐 Shape: (16, 32, 64)
INFO:checkpoint_logger:[CHECKPOINT-1] Task=Mixed | Inference Iter=7 | Doppler=312.31 Hz | MeanSpeed=12.05 km/h
INFO:checkpoint_logger:[CHECKPOINT-2] Task=Mixed | Raw |h| mean=0.88347 | shape=(16, 32, 64)
INFO:checkpoint_logger:[CHECKPOINT-3] Task=Mixed | Normalized |h| mean=1.00000
INFO:root:[Mixed] 📏 Normalized |h| mean: 1.00000
INFO:root:[Mixed] 📊 Std(|h|): 0.52401
INFO:root:[Mixed] 📐 Shape: (16, 32, 64)
INFO:checkpoint_logger:[CHECKPOINT-1] Task=Mixed | Inference Iter=8 | Doppler=315.29 Hz | MeanSpeed=12.16 km/h
INFO:checkpoint_logger:[CHECKPOINT-2] Task=Mixed | Raw |h| mean=0.88974 | shape=(16, 32, 64)
INFO:checkpoint_logger:[CHECKPOINT-3] Task=Mixed | Normalized |h| mean=1.00000
INFO:root:[Mixed] 📏 Normalized |h| mean: 1.00000
INFO:root:[Mixed] 📊 Std(|h|): 0.52037
INFO:root:[Mixed] 📐 Shape: (16, 32, 64)
INFO:checkpoint_logger:[CHECKPOINT-1] Task=Mixed | Inference Iter=9 | Doppler=295.00 Hz | MeanSpeed=11.38 km/h
INFO:checkpoint_logger:[CHECKPOINT-2] Task=Mixed | Raw |h| mean=0.88942 | shape=(16, 32, 64)
INFO:checkpoint_logger:[CHECKPOINT-3] Task=Mixed | Normalized |h| mean=1.00000
INFO:root:[Mixed] 📏 Normalized |h| mean: 1.00000
INFO:root:[Mixed] 📊 Std(|h|): 0.52103
INFO:root:[Mixed] 📐 Shape: (16, 32, 64)
INFO:checkpoint_logger:[CHECKPOINT-1] Task=Mixed | Inference Iter=10 | Doppler=298.63 Hz | MeanSpeed=11.52 km/h
INFO:checkpoint_logger:[CHECKPOINT-Main] 📡 Inference (Mixed): throughput=0.0458, latency=7.82ms, sinr=-14.91dB
INFO:checkpoint_logger:[CHECKPOINT-Main] ⭐ Best SINR across 10 runs: -14.91 dB at run 4
INFO:checkpoint_logger:[CHECKPOINT-Main] 🏁 Simulation finished for seed 42
INFO:root:Simulation completed for seed 42
